#
# There is insufficient memory for the Java Runtime Environment to continue.
# Native memory allocation (mmap) failed to map 58720256 bytes for Failed to commit area from 0x0000000091400000 to 0x0000000094c00000 of length 58720256.
# Possible reasons:
#   The system is out of physical RAM or swap space
#   The process is running with CompressedOops enabled, and the Java Heap may be blocking the growth of the native heap
# Possible solutions:
#   Reduce memory load on the system
#   Increase physical memory or swap space
#   Check if swap backing store is full
#   Decrease Java heap size (-Xmx/-Xms)
#   Decrease number of Java threads
#   Decrease Java thread stack sizes (-Xss)
#   Set larger code cache with -XX:ReservedCodeCacheSize=
#   JVM is running with Unscaled Compressed Oops mode in which the Java heap is
#     placed in the first 4GB address space. The Java Heap base address is the
#     maximum limit for the native heap growth. Please use -XX:HeapBaseMinAddress
#     to set the Java Heap base and to place the Java Heap above 4GB virtual address.
# This output file may be truncated or incomplete.
#
#  Out of Memory Error (./src/hotspot/os/windows/os_windows.cpp:3301), pid=21488, tid=3392
#
# JRE version: OpenJDK Runtime Environment (11.0.10) (build 11.0.10+0-b96-7249189)
# Java VM: OpenJDK 64-Bit Server VM (11.0.10+0-b96-7249189, mixed mode, tiered, compressed oops, g1 gc, windows-amd64)
# No core dump will be written. Minidumps are not enabled by default on client versions of Windows
#

---------------  S U M M A R Y ------------

Command Line: --add-opens=java.base/java.util=ALL-UNNAMED --add-opens=java.base/java.lang=ALL-UNNAMED --add-opens=java.base/java.lang.invoke=ALL-UNNAMED --add-opens=java.base/java.util=ALL-UNNAMED --add-opens=java.prefs/java.util.prefs=ALL-UNNAMED --add-opens=java.prefs/java.util.prefs=ALL-UNNAMED --add-opens=java.base/java.nio.charset=ALL-UNNAMED --add-opens=java.base/java.net=ALL-UNNAMED --add-opens=java.base/java.util.concurrent.atomic=ALL-UNNAMED -Xmx2048m -Dfile.encoding=UTF-8 -Duser.country=US -Duser.language=en -Duser.variant org.gradle.launcher.daemon.bootstrap.GradleDaemon 7.0.2

Host: Intel(R) Core(TM) i5-8265U CPU @ 1.60GHz, 8 cores, 7G,  Windows 10 , 64 bit Build 22000 (10.0.22000.318)
Time: Sun Dec 26 22:02:09 2021 SE Asia Standard Time elapsed time: 31.819788 seconds (0d 0h 0m 31s)

---------------  T H R E A D  ---------------

Current thread (0x00000236b29ca000):  VMThread "VM Thread" [stack: 0x000000d93a600000,0x000000d93a700000] [id=3392]

Stack: [0x000000d93a600000,0x000000d93a700000]
[error occurred during error reporting (printing stack bounds), id 0xc0000005, EXCEPTION_ACCESS_VIOLATION (0xc0000005) at pc=0x000002369c040f2d]

Native frames: (J=compiled Java code, j=interpreted, Vv=VM code, C=native code)
V  [jvm.dll+0x5ecfaa]
V  [jvm.dll+0x722bd5]
V  [jvm.dll+0x72412d]
V  [jvm.dll+0x724745]
V  [jvm.dll+0x7246fb]
V  [jvm.dll+0x5ec348]
V  [jvm.dll+0x5ecad8]
C  [ntdll.dll+0xa82ff]
C  [ntdll.dll+0x35a0a]
C  [ntdll.dll+0xa730e]
C  0x000002369c040f2d

VM_Operation (0x000000d93daf87a0): G1CollectForAllocation, mode: safepoint, requested by thread 0x00000236b8b54800


---------------  P R O C E S S  ---------------

Threads class SMR info:
_java_thread_list=0x00000236bbe51620, length=65, elements={
0x0000023698557800, 0x00000236b29cc000, 0x00000236b29d7000, 0x00000236b3384800,
0x00000236b3386000, 0x00000236b3387000, 0x00000236b3392000, 0x00000236b29ea800,
0x00000236b29ee800, 0x00000236b350c000, 0x00000236b531e000, 0x00000236b35e2800,
0x00000236b376d000, 0x00000236b566b800, 0x00000236b4bbe800, 0x00000236b63be800,
0x00000236b60ae000, 0x00000236b6424000, 0x00000236b51a4800, 0x00000236b5667800,
0x00000236b5668000, 0x00000236b5669000, 0x00000236b566a000, 0x00000236b584a000,
0x00000236b604b800, 0x00000236b604b000, 0x00000236b604c800, 0x00000236b604d800,
0x00000236b604e000, 0x00000236b6049000, 0x00000236b604f000, 0x00000236b7088000,
0x00000236b604a000, 0x00000236b6055800, 0x00000236b6056000, 0x00000236b6050800,
0x00000236b6057000, 0x00000236b6052000, 0x00000236b6058000, 0x00000236b6053000,
0x00000236b6054800, 0x00000236b6054000, 0x00000236b8b54800, 0x00000236b8b56000,
0x00000236b8b59800, 0x00000236b8b57000, 0x00000236b8b58000, 0x00000236b8b5a000,
0x00000236b8b58800, 0x00000236b8b5b000, 0x00000236b8b55800, 0x00000236b8b5f000,
0x00000236b8b60800, 0x00000236b8b5c000, 0x00000236b8b62800, 0x00000236b8b5c800,
0x00000236b8b63000, 0x00000236b8b5d800, 0x00000236b8b5e800, 0x00000236b95cf000,
0x00000236b95d0000, 0x00000236b95d3000, 0x00000236b95cd800, 0x00000236b95d2000,
0x00000236b95d0800
}

Java Threads: ( => current thread )
  0x0000023698557800 JavaThread "main" [_thread_blocked, id=15076, stack(0x000000d93a000000,0x000000d93a100000)]
  0x00000236b29cc000 JavaThread "Reference Handler" daemon [_thread_blocked, id=6700, stack(0x000000d93a700000,0x000000d93a800000)]
  0x00000236b29d7000 JavaThread "Finalizer" daemon [_thread_blocked, id=11964, stack(0x000000d93a800000,0x000000d93a900000)]
  0x00000236b3384800 JavaThread "Signal Dispatcher" daemon [_thread_blocked, id=1668, stack(0x000000d93a900000,0x000000d93aa00000)]
  0x00000236b3386000 JavaThread "Attach Listener" daemon [_thread_blocked, id=9984, stack(0x000000d93aa00000,0x000000d93ab00000)]
  0x00000236b3387000 JavaThread "Service Thread" daemon [_thread_blocked, id=23008, stack(0x000000d93ab00000,0x000000d93ac00000)]
  0x00000236b3392000 JavaThread "C2 CompilerThread0" daemon [_thread_blocked, id=19072, stack(0x000000d93ac00000,0x000000d93ad00000)]
  0x00000236b29ea800 JavaThread "C1 CompilerThread0" daemon [_thread_blocked, id=17584, stack(0x000000d93ad00000,0x000000d93ae00000)]
  0x00000236b29ee800 JavaThread "Sweeper thread" daemon [_thread_blocked, id=2920, stack(0x000000d93ae00000,0x000000d93af00000)]
  0x00000236b350c000 JavaThread "Common-Cleaner" daemon [_thread_blocked, id=11892, stack(0x000000d93af00000,0x000000d93b000000)]
  0x00000236b531e000 JavaThread "Daemon health stats" [_thread_blocked, id=19864, stack(0x000000d93b500000,0x000000d93b600000)]
  0x00000236b35e2800 JavaThread "Incoming local TCP Connector on port 63576" [_thread_in_native, id=9456, stack(0x000000d93b100000,0x000000d93b200000)]
  0x00000236b376d000 JavaThread "Daemon periodic checks" [_thread_blocked, id=15772, stack(0x000000d93b200000,0x000000d93b300000)]
  0x00000236b566b800 JavaThread "Daemon" [_thread_blocked, id=23200, stack(0x000000d93b600000,0x000000d93b700000)]
  0x00000236b4bbe800 JavaThread "Handler for socket connection from /127.0.0.1:63576 to /127.0.0.1:63577" [_thread_in_native, id=16564, stack(0x000000d93b700000,0x000000d93b800000)]
  0x00000236b63be800 JavaThread "Cancel handler" [_thread_blocked, id=10836, stack(0x000000d93b800000,0x000000d93b900000)]
  0x00000236b60ae000 JavaThread "Daemon worker" [_thread_blocked, id=20024, stack(0x000000d93b900000,0x000000d93ba00000)]
  0x00000236b6424000 JavaThread "Asynchronous log dispatcher for DefaultDaemonConnection: socket connection from /127.0.0.1:63576 to /127.0.0.1:63577" [_thread_blocked, id=9824, stack(0x000000d93ba00000,0x000000d93bb00000)]
  0x00000236b51a4800 JavaThread "Stdin handler" [_thread_blocked, id=3772, stack(0x000000d93bb00000,0x000000d93bc00000)]
  0x00000236b5667800 JavaThread "Daemon client event forwarder" [_thread_blocked, id=19732, stack(0x000000d93bc00000,0x000000d93bd00000)]
  0x00000236b5668000 JavaThread "Cache worker for file hash cache (D:\caches\7.0.2\fileHashes)" [_thread_blocked, id=19784, stack(0x000000d93c300000,0x000000d93c400000)]
  0x00000236b5669000 JavaThread "File lock request listener" [_thread_in_native, id=12248, stack(0x000000d93c400000,0x000000d93c500000)]
  0x00000236b566a000 JavaThread "Cache worker for journal cache (D:\caches\journal-1)" [_thread_blocked, id=20272, stack(0x000000d93c600000,0x000000d93c700000)]
  0x00000236b584a000 JavaThread "C2 CompilerThread1" daemon [_thread_in_native, id=22720, stack(0x000000d93c700000,0x000000d93c800000)]
  0x00000236b604b800 JavaThread "Cache worker for file hash cache (C:\Users\PC\AndroidStudioProjects\MyApplication5\.gradle\7.0.2\fileHashes)" [_thread_blocked, id=16500, stack(0x000000d93c800000,0x000000d93c900000)]
  0x00000236b604b000 JavaThread "File watcher server" daemon [_thread_blocked, id=17080, stack(0x000000d93c900000,0x000000d93ca00000)]
  0x00000236b604c800 JavaThread "File watcher consumer" daemon [_thread_blocked, id=8732, stack(0x000000d93ca00000,0x000000d93cb00000)]
  0x00000236b604d800 JavaThread "Cache worker for checksums cache (C:\Users\PC\AndroidStudioProjects\MyApplication5\.gradle\checksums)" [_thread_blocked, id=19552, stack(0x000000d93cb00000,0x000000d93cc00000)]
  0x00000236b604e000 JavaThread "Cache worker for cache directory md-supplier (D:\caches\7.0.2\md-supplier)" [_thread_blocked, id=22548, stack(0x000000d93cc00000,0x000000d93cd00000)]
  0x00000236b6049000 JavaThread "Cache worker for cache directory md-rule (D:\caches\7.0.2\md-rule)" [_thread_blocked, id=20384, stack(0x000000d93cd00000,0x000000d93ce00000)]
  0x00000236b604f000 JavaThread "Cache worker for execution history cache (D:\caches\7.0.2\executionHistory)" [_thread_blocked, id=3052, stack(0x000000d93ce00000,0x000000d93cf00000)]
  0x00000236b7088000 JavaThread "C2 CompilerThread2" daemon [_thread_in_native, id=5632, stack(0x000000d93cf00000,0x000000d93d000000)]
  0x00000236b604a000 JavaThread "jar transforms" [_thread_blocked, id=23508, stack(0x000000d93d000000,0x000000d93d100000)]
  0x00000236b6055800 JavaThread "jar transforms Thread 2" [_thread_blocked, id=15092, stack(0x000000d93d100000,0x000000d93d200000)]
  0x00000236b6056000 JavaThread "Cache worker for file content cache (D:\caches\7.0.2\fileContent)" [_thread_blocked, id=3640, stack(0x000000d93d200000,0x000000d93d300000)]
  0x00000236b6050800 JavaThread "Cache worker for dependencies-accessors (C:\Users\PC\AndroidStudioProjects\MyApplication5\.gradle\7.0.2\dependencies-accessors)" [_thread_blocked, id=10216, stack(0x000000d93d300000,0x000000d93d400000)]
  0x00000236b6057000 JavaThread "jar transforms Thread 3" [_thread_blocked, id=8540, stack(0x000000d93d400000,0x000000d93d500000)]
  0x00000236b6052000 JavaThread "Cache worker for Build Output Cleanup Cache (C:\Users\PC\AndroidStudioProjects\MyApplication5\.gradle\buildOutputCleanup)" [_thread_blocked, id=20856, stack(0x000000d93d500000,0x000000d93d600000)]
  0x00000236b6058000 JavaThread "Build operations" [_thread_blocked, id=23116, stack(0x000000d93d600000,0x000000d93d700000)]
  0x00000236b6053000 JavaThread "Build operations Thread 2" [_thread_blocked, id=6344, stack(0x000000d93d700000,0x000000d93d800000)]
  0x00000236b6054800 JavaThread "Build operations Thread 3" [_thread_blocked, id=18272, stack(0x000000d93d800000,0x000000d93d900000)]
  0x00000236b6054000 JavaThread "Build operations Thread 4" [_thread_blocked, id=15852, stack(0x000000d93d900000,0x000000d93da00000)]
  0x00000236b8b54800 JavaThread "Build operations Thread 5" [_thread_blocked, id=5028, stack(0x000000d93da00000,0x000000d93db00000)]
  0x00000236b8b56000 JavaThread "Build operations Thread 6" [_thread_blocked, id=13576, stack(0x000000d93db00000,0x000000d93dc00000)]
  0x00000236b8b59800 JavaThread "Build operations Thread 7" [_thread_blocked, id=11628, stack(0x000000d93dc00000,0x000000d93dd00000)]
  0x00000236b8b57000 JavaThread "Build operations Thread 8" [_thread_blocked, id=10336, stack(0x000000d93dd00000,0x000000d93de00000)]
  0x00000236b8b58000 JavaThread "jar transforms Thread 4" [_thread_blocked, id=20832, stack(0x000000d93de00000,0x000000d93df00000)]
  0x00000236b8b5a000 JavaThread "jar transforms Thread 5" [_thread_blocked, id=4660, stack(0x000000d93df00000,0x000000d93e000000)]
  0x00000236b8b58800 JavaThread "jar transforms Thread 6" [_thread_blocked, id=1920, stack(0x000000d93e000000,0x000000d93e100000)]
  0x00000236b8b5b000 JavaThread "jar transforms Thread 7" [_thread_blocked, id=8036, stack(0x000000d93e100000,0x000000d93e200000)]
  0x00000236b8b55800 JavaThread "jar transforms Thread 8" [_thread_blocked, id=6680, stack(0x000000d93e200000,0x000000d93e300000)]
  0x00000236b8b5f000 JavaThread "Memory manager" [_thread_blocked, id=13112, stack(0x000000d93e300000,0x000000d93e400000)]
  0x00000236b8b60800 JavaThread "build event listener" [_thread_blocked, id=19264, stack(0x000000d93e400000,0x000000d93e500000)]
  0x00000236b8b5c000 JavaThread "pool-3-thread-1" [_thread_blocked, id=13548, stack(0x000000d93e500000,0x000000d93e600000)]
  0x00000236b8b62800 JavaThread "build event listener" [_thread_blocked, id=10804, stack(0x000000d93e600000,0x000000d93e700000)]
  0x00000236b8b5c800 JavaThread "Execution worker for ':'" [_thread_blocked, id=22596, stack(0x000000d93e700000,0x000000d93e800000)]
  0x00000236b8b63000 JavaThread "Execution worker for ':' Thread 2" [_thread_blocked, id=18496, stack(0x000000d93e800000,0x000000d93e900000)]
  0x00000236b8b5d800 JavaThread "Execution worker for ':' Thread 3" [_thread_blocked, id=7676, stack(0x000000d93e900000,0x000000d93ea00000)]
  0x00000236b8b5e800 JavaThread "Execution worker for ':' Thread 4" [_thread_blocked, id=23208, stack(0x000000d93ea00000,0x000000d93eb00000)]
  0x00000236b95cf000 JavaThread "Execution worker for ':' Thread 5" [_thread_blocked, id=15008, stack(0x000000d93eb00000,0x000000d93ec00000)]
  0x00000236b95d0000 JavaThread "Execution worker for ':' Thread 6" [_thread_blocked, id=7936, stack(0x000000d93ec00000,0x000000d93ed00000)]
  0x00000236b95d3000 JavaThread "Execution worker for ':' Thread 7" [_thread_blocked, id=10968, stack(0x000000d93ed00000,0x000000d93ee00000)]
  0x00000236b95cd800 JavaThread "Cache worker for execution history cache (C:\Users\PC\AndroidStudioProjects\MyApplication5\.gradle\7.0.2\executionHistory)" [_thread_blocked, id=16016, stack(0x000000d93ee00000,0x000000d93ef00000)]
  0x00000236b95d2000 JavaThread "WorkerExecutor Queue" [_thread_blocked, id=15636, stack(0x000000d93ef00000,0x000000d93f000000)]
  0x00000236b95d0800 JavaThread "WorkerExecutor Queue Thread 2" [_thread_blocked, id=2932, stack(0x000000d93f000000,0x000000d93f100000)]

Other Threads:
=>0x00000236b29ca000 VMThread "VM Thread" [stack: 0x000000d93a600000,0x000000d93a700000] [id=3392]
  0x00000236b3512000 WatcherThread [stack: 0x000000d93b000000,0x000000d93b100000] [id=12940]
  0x0000023698570000 GCTaskThread "GC Thread#0" [stack: 0x000000d93a100000,0x000000d93a200000] [id=9140]
  0x00000236b405e000 GCTaskThread "GC Thread#1" [stack: 0x000000d93b300000,0x000000d93b400000] [id=3436]
  0x00000236b4247000 GCTaskThread "GC Thread#2" [stack: 0x000000d93b400000,0x000000d93b500000] [id=18088]
  0x00000236b5af3800 GCTaskThread "GC Thread#3" [stack: 0x000000d93bd00000,0x000000d93be00000] [id=23040]
  0x00000236b5af4000 GCTaskThread "GC Thread#4" [stack: 0x000000d93be00000,0x000000d93bf00000] [id=22612]
  0x00000236b5831000 GCTaskThread "GC Thread#5" [stack: 0x000000d93bf00000,0x000000d93c000000] [id=23424]
  0x00000236b5831800 GCTaskThread "GC Thread#6" [stack: 0x000000d93c000000,0x000000d93c100000] [id=13248]
  0x00000236b42ea000 GCTaskThread "GC Thread#7" [stack: 0x000000d93c100000,0x000000d93c200000] [id=10912]
  0x00000236985a3000 ConcurrentGCThread "G1 Main Marker" [stack: 0x000000d93a200000,0x000000d93a300000] [id=20476]
  0x00000236985a4000 ConcurrentGCThread "G1 Conc#0" [stack: 0x000000d93a300000,0x000000d93a400000] [id=14640]
  0x00000236b44e6800 ConcurrentGCThread "G1 Conc#1" [stack: 0x000000d93c500000,0x000000d93c600000] [id=18104]
  0x00000236b2816800 ConcurrentGCThread "G1 Refine#0" [stack: 0x000000d93a400000,0x000000d93a500000] [id=496]
  0x00000236b479a000 ConcurrentGCThread "G1 Refine#1" [stack: 0x000000d93c200000,0x000000d93c300000] [id=2996]
  0x00000236b2818800 ConcurrentGCThread "G1 Young RemSet Sampling" [stack: 0x000000d93a500000,0x000000d93a600000] [id=15308]

Threads with active compile tasks:
C2 CompilerThread0  31872 15449       4       com.android.tools.r8.internal.Mv::a (1305 bytes)
C2 CompilerThread1  31872 15428       4       com.android.tools.r8.internal.X4::a (1165 bytes)
C2 CompilerThread2  31872 14684 %     4       com.android.tools.r8.ir.regalloc.a::a @ 1578 (3985 bytes)

VM state:at safepoint (normal execution)

VM Mutex/Monitor currently owned by a thread:  ([mutex/lock_event])
[0x0000023698553300] Threads_lock - owner thread: 0x00000236b29ca000
[0x0000023698552610] Heap_lock - owner thread: 0x00000236b8b54800

Heap address: 0x0000000080000000, size: 2048 MB, Compressed Oops mode: 32-bit
Narrow klass base: 0x0000000000000000, Narrow klass shift: 3
Compressed class space size: 1073741824 Address: 0x0000000100000000

Heap:
 garbage-first heap   total 339968K, used 135958K [0x0000000080000000, 0x0000000100000000)
  region size 1024K, 9 young (9216K), 9 survivors (9216K)
 Metaspace       used 102270K, capacity 104883K, committed 105036K, reserved 1140736K
  class space    used 13102K, capacity 14067K, committed 14156K, reserved 1048576K
Heap Regions: E=young(eden), S=young(survivor), O=old, HS=humongous(starts), HC=humongous(continues), CS=collection set, F=free, A=archive, TAMS=top-at-mark-start (previous, next)
|   0|0x0000000080000000, 0x0000000080100000, 0x0000000080100000|100%| O|  |TAMS 0x0000000080100000, 0x0000000080000000| Untracked 
|   1|0x0000000080100000, 0x0000000080200000, 0x0000000080200000|100%| O|  |TAMS 0x0000000080200000, 0x0000000080100000| Untracked 
|   2|0x0000000080200000, 0x0000000080300000, 0x0000000080300000|100%| O|  |TAMS 0x0000000080300000, 0x0000000080200000| Untracked 
|   3|0x0000000080300000, 0x0000000080400000, 0x0000000080400000|100%|HS|  |TAMS 0x0000000080400000, 0x0000000080300000| Complete 
|   4|0x0000000080400000, 0x0000000080500000, 0x0000000080500000|100%|HC|  |TAMS 0x0000000080500000, 0x0000000080400000| Complete 
|   5|0x0000000080500000, 0x0000000080600000, 0x0000000080600000|100%|HC|  |TAMS 0x0000000080600000, 0x0000000080500000| Complete 
|   6|0x0000000080600000, 0x0000000080700000, 0x0000000080700000|100%| O|  |TAMS 0x0000000080700000, 0x0000000080600000| Untracked 
|   7|0x0000000080700000, 0x0000000080800000, 0x0000000080800000|100%| O|  |TAMS 0x0000000080800000, 0x0000000080700000| Untracked 
|   8|0x0000000080800000, 0x0000000080900000, 0x0000000080900000|100%| O|  |TAMS 0x0000000080900000, 0x0000000080800000| Untracked 
|   9|0x0000000080900000, 0x0000000080a00000, 0x0000000080a00000|100%| O|  |TAMS 0x0000000080a00000, 0x0000000080900000| Untracked 
|  10|0x0000000080a00000, 0x0000000080b00000, 0x0000000080b00000|100%| O|  |TAMS 0x0000000080b00000, 0x0000000080a00000| Untracked 
|  11|0x0000000080b00000, 0x0000000080c00000, 0x0000000080c00000|100%| O|  |TAMS 0x0000000080c00000, 0x0000000080b00000| Untracked 
|  12|0x0000000080c00000, 0x0000000080d00000, 0x0000000080d00000|100%| O|  |TAMS 0x0000000080d00000, 0x0000000080c00000| Untracked 
|  13|0x0000000080d00000, 0x0000000080e00000, 0x0000000080e00000|100%| O|  |TAMS 0x0000000080e00000, 0x0000000080d00000| Untracked 
|  14|0x0000000080e00000, 0x0000000080f00000, 0x0000000080f00000|100%| O|  |TAMS 0x0000000080f00000, 0x0000000080e00000| Untracked 
|  15|0x0000000080f00000, 0x0000000081000000, 0x0000000081000000|100%| O|  |TAMS 0x0000000081000000, 0x0000000080f00000| Untracked 
|  16|0x0000000081000000, 0x0000000081100000, 0x0000000081100000|100%| O|  |TAMS 0x0000000081100000, 0x0000000081000000| Untracked 
|  17|0x0000000081100000, 0x0000000081200000, 0x0000000081200000|100%| O|  |TAMS 0x0000000081200000, 0x0000000081100000| Untracked 
|  18|0x0000000081200000, 0x0000000081300000, 0x0000000081300000|100%| O|  |TAMS 0x0000000081300000, 0x0000000081200000| Untracked 
|  19|0x0000000081300000, 0x0000000081400000, 0x0000000081400000|100%| O|  |TAMS 0x0000000081400000, 0x0000000081300000| Untracked 
|  20|0x0000000081400000, 0x0000000081500000, 0x0000000081500000|100%| O|  |TAMS 0x0000000081500000, 0x0000000081400000| Untracked 
|  21|0x0000000081500000, 0x0000000081600000, 0x0000000081600000|100%| O|  |TAMS 0x0000000081600000, 0x0000000081500000| Untracked 
|  22|0x0000000081600000, 0x0000000081700000, 0x0000000081700000|100%| O|  |TAMS 0x0000000081700000, 0x0000000081600000| Untracked 
|  23|0x0000000081700000, 0x0000000081800000, 0x0000000081800000|100%| O|  |TAMS 0x0000000081800000, 0x0000000081700000| Untracked 
|  24|0x0000000081800000, 0x0000000081900000, 0x0000000081900000|100%| O|  |TAMS 0x0000000081900000, 0x0000000081800000| Untracked 
|  25|0x0000000081900000, 0x0000000081a00000, 0x0000000081a00000|100%| O|  |TAMS 0x0000000081a00000, 0x0000000081900000| Untracked 
|  26|0x0000000081a00000, 0x0000000081b00000, 0x0000000081b00000|100%|HS|  |TAMS 0x0000000081b00000, 0x0000000081a00000| Complete 
|  27|0x0000000081b00000, 0x0000000081c00000, 0x0000000081c00000|100%|HS|  |TAMS 0x0000000081c00000, 0x0000000081b00000| Complete 
|  28|0x0000000081c00000, 0x0000000081d00000, 0x0000000081d00000|100%|HS|  |TAMS 0x0000000081d00000, 0x0000000081c00000| Complete 
|  29|0x0000000081d00000, 0x0000000081e00000, 0x0000000081e00000|100%|HC|  |TAMS 0x0000000081e00000, 0x0000000081d00000| Complete 
|  30|0x0000000081e00000, 0x0000000081f00000, 0x0000000081f00000|100%| O|  |TAMS 0x0000000081f00000, 0x0000000081e00000| Untracked 
|  31|0x0000000081f00000, 0x0000000082000000, 0x0000000082000000|100%| O|  |TAMS 0x0000000082000000, 0x0000000081f00000| Untracked 
|  32|0x0000000082000000, 0x0000000082100000, 0x0000000082100000|100%| O|  |TAMS 0x0000000082100000, 0x0000000082000000| Untracked 
|  33|0x0000000082100000, 0x0000000082200000, 0x0000000082200000|100%| O|  |TAMS 0x0000000082200000, 0x0000000082100000| Untracked 
|  34|0x0000000082200000, 0x0000000082300000, 0x0000000082300000|100%| O|  |TAMS 0x0000000082300000, 0x0000000082200000| Untracked 
|  35|0x0000000082300000, 0x0000000082400000, 0x0000000082400000|100%| O|  |TAMS 0x0000000082400000, 0x0000000082300000| Untracked 
|  36|0x0000000082400000, 0x0000000082500000, 0x0000000082500000|100%| O|  |TAMS 0x0000000082500000, 0x0000000082400000| Untracked 
|  37|0x0000000082500000, 0x0000000082600000, 0x0000000082600000|100%| O|  |TAMS 0x0000000082600000, 0x0000000082500000| Untracked 
|  38|0x0000000082600000, 0x0000000082700000, 0x0000000082700000|100%| O|  |TAMS 0x0000000082700000, 0x0000000082600000| Untracked 
|  39|0x0000000082700000, 0x0000000082800000, 0x0000000082800000|100%| O|  |TAMS 0x0000000082800000, 0x0000000082700000| Untracked 
|  40|0x0000000082800000, 0x0000000082900000, 0x0000000082900000|100%| O|  |TAMS 0x0000000082900000, 0x0000000082800000| Untracked 
|  41|0x0000000082900000, 0x0000000082a00000, 0x0000000082a00000|100%| O|  |TAMS 0x0000000082a00000, 0x0000000082900000| Untracked 
|  42|0x0000000082a00000, 0x0000000082b00000, 0x0000000082b00000|100%| O|  |TAMS 0x0000000082b00000, 0x0000000082a00000| Untracked 
|  43|0x0000000082b00000, 0x0000000082c00000, 0x0000000082c00000|100%| O|  |TAMS 0x0000000082c00000, 0x0000000082b00000| Untracked 
|  44|0x0000000082c00000, 0x0000000082d00000, 0x0000000082d00000|100%| O|  |TAMS 0x0000000082d00000, 0x0000000082c00000| Untracked 
|  45|0x0000000082d00000, 0x0000000082e00000, 0x0000000082e00000|100%| O|  |TAMS 0x0000000082e00000, 0x0000000082d00000| Untracked 
|  46|0x0000000082e00000, 0x0000000082f00000, 0x0000000082f00000|100%| O|  |TAMS 0x0000000082f00000, 0x0000000082e00000| Untracked 
|  47|0x0000000082f00000, 0x0000000083000000, 0x0000000083000000|100%| O|  |TAMS 0x0000000083000000, 0x0000000082f00000| Untracked 
|  48|0x0000000083000000, 0x0000000083100000, 0x0000000083100000|100%| O|  |TAMS 0x0000000083100000, 0x0000000083000000| Untracked 
|  49|0x0000000083100000, 0x0000000083200000, 0x0000000083200000|100%| O|  |TAMS 0x0000000083200000, 0x0000000083100000| Untracked 
|  50|0x0000000083200000, 0x0000000083300000, 0x0000000083300000|100%| O|  |TAMS 0x0000000083300000, 0x0000000083200000| Untracked 
|  51|0x0000000083300000, 0x0000000083400000, 0x0000000083400000|100%| O|  |TAMS 0x0000000083400000, 0x0000000083300000| Untracked 
|  52|0x0000000083400000, 0x0000000083500000, 0x0000000083500000|100%| O|  |TAMS 0x0000000083400000, 0x0000000083400000| Untracked 
|  53|0x0000000083500000, 0x0000000083600000, 0x0000000083600000|100%| O|  |TAMS 0x0000000083600000, 0x0000000083500000| Untracked 
|  54|0x0000000083600000, 0x0000000083700000, 0x0000000083700000|100%| O|  |TAMS 0x0000000083700000, 0x0000000083600000| Untracked 
|  55|0x0000000083700000, 0x0000000083800000, 0x0000000083800000|100%| O|  |TAMS 0x0000000083800000, 0x0000000083700000| Untracked 
|  56|0x0000000083800000, 0x0000000083900000, 0x0000000083900000|100%| O|  |TAMS 0x0000000083900000, 0x0000000083800000| Untracked 
|  57|0x0000000083900000, 0x0000000083a00000, 0x0000000083a00000|100%| O|  |TAMS 0x0000000083a00000, 0x0000000083900000| Untracked 
|  58|0x0000000083a00000, 0x0000000083b00000, 0x0000000083b00000|100%| O|  |TAMS 0x0000000083b00000, 0x0000000083a00000| Untracked 
|  59|0x0000000083b00000, 0x0000000083c00000, 0x0000000083c00000|100%| O|  |TAMS 0x0000000083c00000, 0x0000000083b00000| Untracked 
|  60|0x0000000083c00000, 0x0000000083d00000, 0x0000000083d00000|100%| O|  |TAMS 0x0000000083d00000, 0x0000000083c00000| Untracked 
|  61|0x0000000083d00000, 0x0000000083e00000, 0x0000000083e00000|100%| O|  |TAMS 0x0000000083e00000, 0x0000000083d00000| Untracked 
|  62|0x0000000083e00000, 0x0000000083f00000, 0x0000000083f00000|100%| O|  |TAMS 0x0000000083f00000, 0x0000000083e00000| Untracked 
|  63|0x0000000083f00000, 0x0000000084000000, 0x0000000084000000|100%| O|  |TAMS 0x0000000084000000, 0x0000000083f00000| Untracked 
|  64|0x0000000084000000, 0x0000000084100000, 0x0000000084100000|100%| O|  |TAMS 0x0000000084100000, 0x0000000084000000| Untracked 
|  65|0x0000000084100000, 0x0000000084200000, 0x0000000084200000|100%| O|  |TAMS 0x0000000084200000, 0x0000000084100000| Untracked 
|  66|0x0000000084200000, 0x0000000084300000, 0x0000000084300000|100%| O|  |TAMS 0x0000000084300000, 0x0000000084200000| Untracked 
|  67|0x0000000084300000, 0x0000000084400000, 0x0000000084400000|100%| O|  |TAMS 0x0000000084400000, 0x0000000084300000| Untracked 
|  68|0x0000000084400000, 0x0000000084500000, 0x0000000084500000|100%| O|  |TAMS 0x0000000084500000, 0x0000000084400000| Untracked 
|  69|0x0000000084500000, 0x0000000084600000, 0x0000000084600000|100%| O|  |TAMS 0x0000000084600000, 0x0000000084500000| Untracked 
|  70|0x0000000084600000, 0x0000000084600000, 0x0000000084700000|  0%| F|  |TAMS 0x0000000084600000, 0x0000000084600000| Untracked 
|  71|0x0000000084700000, 0x0000000084800000, 0x0000000084800000|100%| O|  |TAMS 0x0000000084800000, 0x0000000084700000| Untracked 
|  72|0x0000000084800000, 0x0000000084900000, 0x0000000084900000|100%| O|  |TAMS 0x0000000084900000, 0x0000000084800000| Untracked 
|  73|0x0000000084900000, 0x0000000084a00000, 0x0000000084a00000|100%| O|  |TAMS 0x0000000084a00000, 0x0000000084900000| Untracked 
|  74|0x0000000084a00000, 0x0000000084b00000, 0x0000000084b00000|100%| O|  |TAMS 0x0000000084b00000, 0x0000000084a00000| Untracked 
|  75|0x0000000084b00000, 0x0000000084c00000, 0x0000000084c00000|100%| O|  |TAMS 0x0000000084c00000, 0x0000000084b00000| Untracked 
|  76|0x0000000084c00000, 0x0000000084d00000, 0x0000000084d00000|100%| O|  |TAMS 0x0000000084d00000, 0x0000000084c00000| Untracked 
|  77|0x0000000084d00000, 0x0000000084e00000, 0x0000000084e00000|100%| O|  |TAMS 0x0000000084e00000, 0x0000000084d00000| Untracked 
|  78|0x0000000084e00000, 0x0000000084f00000, 0x0000000084f00000|100%| O|  |TAMS 0x0000000084f00000, 0x0000000084e00000| Untracked 
|  79|0x0000000084f00000, 0x0000000084f00000, 0x0000000085000000|  0%| F|  |TAMS 0x0000000084f00000, 0x0000000084f00000| Untracked 
|  80|0x0000000085000000, 0x0000000085100000, 0x0000000085100000|100%| O|  |TAMS 0x0000000085000000, 0x0000000085000000| Untracked 
|  81|0x0000000085100000, 0x0000000085200000, 0x0000000085200000|100%| O|  |TAMS 0x0000000085200000, 0x0000000085100000| Untracked 
|  82|0x0000000085200000, 0x0000000085300000, 0x0000000085300000|100%| O|  |TAMS 0x0000000085300000, 0x0000000085200000| Untracked 
|  83|0x0000000085300000, 0x0000000085400000, 0x0000000085400000|100%| O|  |TAMS 0x0000000085400000, 0x0000000085300000| Untracked 
|  84|0x0000000085400000, 0x0000000085500000, 0x0000000085500000|100%| O|  |TAMS 0x0000000085500000, 0x0000000085400000| Untracked 
|  85|0x0000000085500000, 0x0000000085571e00, 0x0000000085600000| 44%| O|  |TAMS 0x0000000085500000, 0x0000000085500000| Untracked 
|  86|0x0000000085600000, 0x0000000085700000, 0x0000000085700000|100%| O|  |TAMS 0x0000000085700000, 0x0000000085600000| Untracked 
|  87|0x0000000085700000, 0x0000000085800000, 0x0000000085800000|100%| O|  |TAMS 0x0000000085800000, 0x0000000085700000| Untracked 
|  88|0x0000000085800000, 0x0000000085900000, 0x0000000085900000|100%| O|  |TAMS 0x0000000085900000, 0x0000000085800000| Untracked 
|  89|0x0000000085900000, 0x0000000085a00000, 0x0000000085a00000|100%| O|  |TAMS 0x00000000859f8200, 0x0000000085900000| Untracked 
|  90|0x0000000085a00000, 0x0000000085b00000, 0x0000000085b00000|100%| O|  |TAMS 0x0000000085b00000, 0x0000000085a00000| Untracked 
|  91|0x0000000085b00000, 0x0000000085c00000, 0x0000000085c00000|100%| O|  |TAMS 0x0000000085c00000, 0x0000000085b00000| Untracked 
|  92|0x0000000085c00000, 0x0000000085d00000, 0x0000000085d00000|100%| O|  |TAMS 0x0000000085d00000, 0x0000000085c00000| Untracked 
|  93|0x0000000085d00000, 0x0000000085e00000, 0x0000000085e00000|100%| O|  |TAMS 0x0000000085e00000, 0x0000000085d00000| Untracked 
|  94|0x0000000085e00000, 0x0000000085f00000, 0x0000000085f00000|100%| O|  |TAMS 0x0000000085f00000, 0x0000000085e00000| Untracked 
|  95|0x0000000085f00000, 0x0000000086000000, 0x0000000086000000|100%| O|  |TAMS 0x0000000086000000, 0x0000000085f00000| Untracked 
|  96|0x0000000086000000, 0x0000000086100000, 0x0000000086100000|100%| O|  |TAMS 0x0000000086100000, 0x0000000086000000| Untracked 
|  97|0x0000000086100000, 0x0000000086200000, 0x0000000086200000|100%| O|  |TAMS 0x0000000086200000, 0x0000000086100000| Untracked 
|  98|0x0000000086200000, 0x0000000086300000, 0x0000000086300000|100%| O|  |TAMS 0x0000000086300000, 0x0000000086200000| Untracked 
|  99|0x0000000086300000, 0x0000000086400000, 0x0000000086400000|100%| O|  |TAMS 0x0000000086400000, 0x0000000086300000| Untracked 
| 100|0x0000000086400000, 0x0000000086500000, 0x0000000086500000|100%| O|  |TAMS 0x0000000086500000, 0x0000000086400000| Untracked 
| 101|0x0000000086500000, 0x0000000086600000, 0x0000000086600000|100%| O|  |TAMS 0x0000000086600000, 0x0000000086500000| Untracked 
| 102|0x0000000086600000, 0x0000000086700000, 0x0000000086700000|100%| O|  |TAMS 0x0000000086700000, 0x0000000086600000| Untracked 
| 103|0x0000000086700000, 0x0000000086800000, 0x0000000086800000|100%| O|  |TAMS 0x0000000086800000, 0x0000000086700000| Untracked 
| 104|0x0000000086800000, 0x0000000086900000, 0x0000000086900000|100%| O|  |TAMS 0x0000000086900000, 0x0000000086800000| Untracked 
| 105|0x0000000086900000, 0x0000000086a00000, 0x0000000086a00000|100%| O|  |TAMS 0x0000000086a00000, 0x0000000086900000| Untracked 
| 106|0x0000000086a00000, 0x0000000086b00000, 0x0000000086b00000|100%| O|  |TAMS 0x0000000086b00000, 0x0000000086a00000| Untracked 
| 107|0x0000000086b00000, 0x0000000086c00000, 0x0000000086c00000|100%| O|  |TAMS 0x0000000086c00000, 0x0000000086b00000| Untracked 
| 108|0x0000000086c00000, 0x0000000086d00000, 0x0000000086d00000|100%| O|  |TAMS 0x0000000086d00000, 0x0000000086c00000| Untracked 
| 109|0x0000000086d00000, 0x0000000086e00000, 0x0000000086e00000|100%| O|  |TAMS 0x0000000086e00000, 0x0000000086d00000| Untracked 
| 110|0x0000000086e00000, 0x0000000086e00000, 0x0000000086f00000|  0%| F|  |TAMS 0x0000000086e00000, 0x0000000086e00000| Untracked 
| 111|0x0000000086f00000, 0x0000000087000000, 0x0000000087000000|100%| O|  |TAMS 0x0000000087000000, 0x0000000086f00000| Untracked 
| 112|0x0000000087000000, 0x0000000087100000, 0x0000000087100000|100%| O|  |TAMS 0x0000000087100000, 0x0000000087000000| Untracked 
| 113|0x0000000087100000, 0x0000000087200000, 0x0000000087200000|100%| O|  |TAMS 0x0000000087200000, 0x0000000087100000| Untracked 
| 114|0x0000000087200000, 0x0000000087300000, 0x0000000087300000|100%| O|  |TAMS 0x0000000087300000, 0x0000000087200000| Untracked 
| 115|0x0000000087300000, 0x0000000087400000, 0x0000000087400000|100%| O|  |TAMS 0x0000000087400000, 0x0000000087300000| Untracked 
| 116|0x0000000087400000, 0x0000000087500000, 0x0000000087500000|100%| O|  |TAMS 0x0000000087500000, 0x0000000087400000| Untracked 
| 117|0x0000000087500000, 0x0000000087500000, 0x0000000087600000|  0%| F|  |TAMS 0x0000000087500000, 0x0000000087500000| Untracked 
| 118|0x0000000087600000, 0x0000000087700000, 0x0000000087700000|100%| O|  |TAMS 0x0000000087700000, 0x0000000087600000| Untracked 
| 119|0x0000000087700000, 0x0000000087800000, 0x0000000087800000|100%| O|  |TAMS 0x0000000087800000, 0x0000000087700000| Untracked 
| 120|0x0000000087800000, 0x0000000087900000, 0x0000000087900000|100%| O|  |TAMS 0x0000000087900000, 0x0000000087800000| Untracked 
| 121|0x0000000087900000, 0x0000000087a00000, 0x0000000087a00000|100%| O|  |TAMS 0x0000000087a00000, 0x0000000087900000| Untracked 
| 122|0x0000000087a00000, 0x0000000087b00000, 0x0000000087b00000|100%| O|  |TAMS 0x0000000087b00000, 0x0000000087a00000| Untracked 
| 123|0x0000000087b00000, 0x0000000087c00000, 0x0000000087c00000|100%| O|  |TAMS 0x0000000087c00000, 0x0000000087b00000| Untracked 
| 124|0x0000000087c00000, 0x0000000087d00000, 0x0000000087d00000|100%| O|  |TAMS 0x0000000087d00000, 0x0000000087c00000| Untracked 
| 125|0x0000000087d00000, 0x0000000087e00000, 0x0000000087e00000|100%| O|  |TAMS 0x0000000087e00000, 0x0000000087d00000| Untracked 
| 126|0x0000000087e00000, 0x0000000087e00000, 0x0000000087f00000|  0%| F|  |TAMS 0x0000000087e00000, 0x0000000087e00000| Untracked 
| 127|0x0000000087f00000, 0x0000000088000000, 0x0000000088000000|100%| O|  |TAMS 0x0000000088000000, 0x0000000087f00000| Untracked 
| 128|0x0000000088000000, 0x0000000088100000, 0x0000000088100000|100%| O|  |TAMS 0x0000000088100000, 0x0000000088000000| Untracked 
| 129|0x0000000088100000, 0x0000000088200000, 0x0000000088200000|100%| O|  |TAMS 0x0000000088200000, 0x0000000088100000| Untracked 
| 130|0x0000000088200000, 0x0000000088200000, 0x0000000088300000|  0%| F|  |TAMS 0x0000000088200000, 0x0000000088200000| Untracked 
| 131|0x0000000088300000, 0x0000000088300000, 0x0000000088400000|  0%| F|  |TAMS 0x0000000088300000, 0x0000000088300000| Untracked 
| 132|0x0000000088400000, 0x0000000088400000, 0x0000000088500000|  0%| F|  |TAMS 0x0000000088400000, 0x0000000088400000| Untracked 
| 133|0x0000000088500000, 0x0000000088500000, 0x0000000088600000|  0%| F|  |TAMS 0x0000000088500000, 0x0000000088500000| Untracked 
| 134|0x0000000088600000, 0x0000000088600000, 0x0000000088700000|  0%| F|  |TAMS 0x0000000088600000, 0x0000000088600000| Untracked 
| 135|0x0000000088700000, 0x0000000088700000, 0x0000000088800000|  0%| F|  |TAMS 0x0000000088700000, 0x0000000088700000| Untracked 
| 136|0x0000000088800000, 0x0000000088800000, 0x0000000088900000|  0%| F|  |TAMS 0x0000000088800000, 0x0000000088800000| Untracked 
| 137|0x0000000088900000, 0x0000000088900000, 0x0000000088a00000|  0%| F|  |TAMS 0x0000000088900000, 0x0000000088900000| Untracked 
| 138|0x0000000088a00000, 0x0000000088a00000, 0x0000000088b00000|  0%| F|  |TAMS 0x0000000088a00000, 0x0000000088a00000| Untracked 
| 139|0x0000000088b00000, 0x0000000088b00000, 0x0000000088c00000|  0%| F|  |TAMS 0x0000000088b00000, 0x0000000088b00000| Untracked 
| 140|0x0000000088c00000, 0x0000000088c00000, 0x0000000088d00000|  0%| F|  |TAMS 0x0000000088c00000, 0x0000000088c00000| Untracked 
| 141|0x0000000088d00000, 0x0000000088d00000, 0x0000000088e00000|  0%| F|  |TAMS 0x0000000088d00000, 0x0000000088d00000| Untracked 
| 142|0x0000000088e00000, 0x0000000088e00000, 0x0000000088f00000|  0%| F|  |TAMS 0x0000000088e00000, 0x0000000088e00000| Untracked 
| 143|0x0000000088f00000, 0x0000000088f00000, 0x0000000089000000|  0%| F|  |TAMS 0x0000000088f00000, 0x0000000088f00000| Untracked 
| 144|0x0000000089000000, 0x0000000089000000, 0x0000000089100000|  0%| F|  |TAMS 0x0000000089000000, 0x0000000089000000| Untracked 
| 145|0x0000000089100000, 0x0000000089100000, 0x0000000089200000|  0%| F|  |TAMS 0x0000000089100000, 0x0000000089100000| Untracked 
| 146|0x0000000089200000, 0x0000000089200000, 0x0000000089300000|  0%| F|  |TAMS 0x0000000089200000, 0x0000000089200000| Untracked 
| 147|0x0000000089300000, 0x0000000089300000, 0x0000000089400000|  0%| F|  |TAMS 0x0000000089300000, 0x0000000089300000| Untracked 
| 148|0x0000000089400000, 0x0000000089400000, 0x0000000089500000|  0%| F|  |TAMS 0x0000000089400000, 0x0000000089400000| Untracked 
| 149|0x0000000089500000, 0x0000000089500000, 0x0000000089600000|  0%| F|  |TAMS 0x0000000089500000, 0x0000000089500000| Untracked 
| 150|0x0000000089600000, 0x0000000089600000, 0x0000000089700000|  0%| F|  |TAMS 0x0000000089600000, 0x0000000089600000| Untracked 
| 151|0x0000000089700000, 0x0000000089700000, 0x0000000089800000|  0%| F|  |TAMS 0x0000000089700000, 0x0000000089700000| Untracked 
| 152|0x0000000089800000, 0x0000000089853b70, 0x0000000089900000| 32%| S|CS|TAMS 0x0000000089800000, 0x0000000089800000| Complete 
| 153|0x0000000089900000, 0x0000000089a00000, 0x0000000089a00000|100%| S|CS|TAMS 0x0000000089900000, 0x0000000089900000| Complete 
| 154|0x0000000089a00000, 0x0000000089b00000, 0x0000000089b00000|100%| S|CS|TAMS 0x0000000089a00000, 0x0000000089a00000| Complete 
| 155|0x0000000089b00000, 0x0000000089c00000, 0x0000000089c00000|100%| S|CS|TAMS 0x0000000089b00000, 0x0000000089b00000| Complete 
| 156|0x0000000089c00000, 0x0000000089d00000, 0x0000000089d00000|100%| S|CS|TAMS 0x0000000089c00000, 0x0000000089c00000| Complete 
| 157|0x0000000089d00000, 0x0000000089e00000, 0x0000000089e00000|100%| S|CS|TAMS 0x0000000089d00000, 0x0000000089d00000| Complete 
| 158|0x0000000089e00000, 0x0000000089f00000, 0x0000000089f00000|100%| S|CS|TAMS 0x0000000089e00000, 0x0000000089e00000| Complete 
| 159|0x0000000089f00000, 0x000000008a000000, 0x000000008a000000|100%| S|CS|TAMS 0x0000000089f00000, 0x0000000089f00000| Complete 
| 160|0x000000008a000000, 0x000000008a100000, 0x000000008a100000|100%| S|CS|TAMS 0x000000008a000000, 0x000000008a000000| Complete 
| 161|0x000000008a100000, 0x000000008a100000, 0x000000008a200000|  0%| F|  |TAMS 0x000000008a100000, 0x000000008a100000| Untracked 
| 162|0x000000008a200000, 0x000000008a200000, 0x000000008a300000|  0%| F|  |TAMS 0x000000008a200000, 0x000000008a200000| Untracked 
| 163|0x000000008a300000, 0x000000008a300000, 0x000000008a400000|  0%| F|  |TAMS 0x000000008a300000, 0x000000008a300000| Untracked 
| 164|0x000000008a400000, 0x000000008a400000, 0x000000008a500000|  0%| F|  |TAMS 0x000000008a400000, 0x000000008a400000| Untracked 
| 165|0x000000008a500000, 0x000000008a500000, 0x000000008a600000|  0%| F|  |TAMS 0x000000008a500000, 0x000000008a500000| Untracked 
| 166|0x000000008a600000, 0x000000008a600000, 0x000000008a700000|  0%| F|  |TAMS 0x000000008a600000, 0x000000008a600000| Untracked 
| 167|0x000000008a700000, 0x000000008a700000, 0x000000008a800000|  0%| F|  |TAMS 0x000000008a700000, 0x000000008a700000| Untracked 
| 168|0x000000008a800000, 0x000000008a800000, 0x000000008a900000|  0%| F|  |TAMS 0x000000008a800000, 0x000000008a800000| Untracked 
| 169|0x000000008a900000, 0x000000008a900000, 0x000000008aa00000|  0%| F|  |TAMS 0x000000008a900000, 0x000000008a900000| Untracked 
| 170|0x000000008aa00000, 0x000000008aa00000, 0x000000008ab00000|  0%| F|  |TAMS 0x000000008aa00000, 0x000000008aa00000| Untracked 
| 171|0x000000008ab00000, 0x000000008ab00000, 0x000000008ac00000|  0%| F|  |TAMS 0x000000008ab00000, 0x000000008ab00000| Untracked 
| 172|0x000000008ac00000, 0x000000008ac00000, 0x000000008ad00000|  0%| F|  |TAMS 0x000000008ac00000, 0x000000008ac00000| Untracked 
| 173|0x000000008ad00000, 0x000000008ad00000, 0x000000008ae00000|  0%| F|  |TAMS 0x000000008ad00000, 0x000000008ad00000| Untracked 
| 174|0x000000008ae00000, 0x000000008ae00000, 0x000000008af00000|  0%| F|  |TAMS 0x000000008ae00000, 0x000000008ae00000| Untracked 
| 175|0x000000008af00000, 0x000000008af00000, 0x000000008b000000|  0%| F|  |TAMS 0x000000008af00000, 0x000000008af00000| Untracked 
| 176|0x000000008b000000, 0x000000008b000000, 0x000000008b100000|  0%| F|  |TAMS 0x000000008b000000, 0x000000008b000000| Untracked 
| 177|0x000000008b100000, 0x000000008b100000, 0x000000008b200000|  0%| F|  |TAMS 0x000000008b100000, 0x000000008b100000| Untracked 
| 178|0x000000008b200000, 0x000000008b200000, 0x000000008b300000|  0%| F|  |TAMS 0x000000008b200000, 0x000000008b200000| Untracked 
| 179|0x000000008b300000, 0x000000008b300000, 0x000000008b400000|  0%| F|  |TAMS 0x000000008b300000, 0x000000008b300000| Untracked 
| 180|0x000000008b400000, 0x000000008b400000, 0x000000008b500000|  0%| F|  |TAMS 0x000000008b400000, 0x000000008b400000| Untracked 
| 181|0x000000008b500000, 0x000000008b500000, 0x000000008b600000|  0%| F|  |TAMS 0x000000008b500000, 0x000000008b500000| Untracked 
| 182|0x000000008b600000, 0x000000008b600000, 0x000000008b700000|  0%| F|  |TAMS 0x000000008b600000, 0x000000008b600000| Untracked 
| 183|0x000000008b700000, 0x000000008b700000, 0x000000008b800000|  0%| F|  |TAMS 0x000000008b700000, 0x000000008b700000| Untracked 
| 184|0x000000008b800000, 0x000000008b800000, 0x000000008b900000|  0%| F|  |TAMS 0x000000008b800000, 0x000000008b800000| Untracked 
| 185|0x000000008b900000, 0x000000008b900000, 0x000000008ba00000|  0%| F|  |TAMS 0x000000008b900000, 0x000000008b900000| Untracked 
| 186|0x000000008ba00000, 0x000000008ba00000, 0x000000008bb00000|  0%| F|  |TAMS 0x000000008ba00000, 0x000000008ba00000| Untracked 
| 187|0x000000008bb00000, 0x000000008bb00000, 0x000000008bc00000|  0%| F|  |TAMS 0x000000008bb00000, 0x000000008bb00000| Untracked 
| 188|0x000000008bc00000, 0x000000008bc00000, 0x000000008bd00000|  0%| F|  |TAMS 0x000000008bc00000, 0x000000008bc00000| Untracked 
| 189|0x000000008bd00000, 0x000000008bd00000, 0x000000008be00000|  0%| F|  |TAMS 0x000000008bd00000, 0x000000008bd00000| Untracked 
| 190|0x000000008be00000, 0x000000008be00000, 0x000000008bf00000|  0%| F|  |TAMS 0x000000008be00000, 0x000000008be00000| Untracked 
| 191|0x000000008bf00000, 0x000000008bf00000, 0x000000008c000000|  0%| F|  |TAMS 0x000000008bf00000, 0x000000008bf00000| Untracked 
| 192|0x000000008c000000, 0x000000008c000000, 0x000000008c100000|  0%| F|  |TAMS 0x000000008c000000, 0x000000008c000000| Untracked 
| 193|0x000000008c100000, 0x000000008c100000, 0x000000008c200000|  0%| F|  |TAMS 0x000000008c100000, 0x000000008c100000| Untracked 
| 194|0x000000008c200000, 0x000000008c200000, 0x000000008c300000|  0%| F|  |TAMS 0x000000008c200000, 0x000000008c200000| Untracked 
| 195|0x000000008c300000, 0x000000008c300000, 0x000000008c400000|  0%| F|  |TAMS 0x000000008c300000, 0x000000008c300000| Untracked 
| 196|0x000000008c400000, 0x000000008c400000, 0x000000008c500000|  0%| F|  |TAMS 0x000000008c400000, 0x000000008c400000| Untracked 
| 197|0x000000008c500000, 0x000000008c500000, 0x000000008c600000|  0%| F|  |TAMS 0x000000008c500000, 0x000000008c500000| Untracked 
| 198|0x000000008c600000, 0x000000008c600000, 0x000000008c700000|  0%| F|  |TAMS 0x000000008c600000, 0x000000008c600000| Untracked 
| 199|0x000000008c700000, 0x000000008c700000, 0x000000008c800000|  0%| F|  |TAMS 0x000000008c700000, 0x000000008c700000| Untracked 
| 200|0x000000008c800000, 0x000000008c800000, 0x000000008c900000|  0%| F|  |TAMS 0x000000008c800000, 0x000000008c800000| Untracked 
| 201|0x000000008c900000, 0x000000008c900000, 0x000000008ca00000|  0%| F|  |TAMS 0x000000008c900000, 0x000000008c900000| Untracked 
| 202|0x000000008ca00000, 0x000000008ca00000, 0x000000008cb00000|  0%| F|  |TAMS 0x000000008ca00000, 0x000000008ca00000| Untracked 
| 203|0x000000008cb00000, 0x000000008cb00000, 0x000000008cc00000|  0%| F|  |TAMS 0x000000008cb00000, 0x000000008cb00000| Untracked 
| 204|0x000000008cc00000, 0x000000008cc00000, 0x000000008cd00000|  0%| F|  |TAMS 0x000000008cc00000, 0x000000008cc00000| Untracked 
| 205|0x000000008cd00000, 0x000000008cd00000, 0x000000008ce00000|  0%| F|  |TAMS 0x000000008cd00000, 0x000000008cd00000| Untracked 
| 206|0x000000008ce00000, 0x000000008ce00000, 0x000000008cf00000|  0%| F|  |TAMS 0x000000008ce00000, 0x000000008ce00000| Untracked 
| 207|0x000000008cf00000, 0x000000008cf00000, 0x000000008d000000|  0%| F|  |TAMS 0x000000008cf00000, 0x000000008cf00000| Untracked 
| 208|0x000000008d000000, 0x000000008d000000, 0x000000008d100000|  0%| F|  |TAMS 0x000000008d000000, 0x000000008d000000| Untracked 
| 209|0x000000008d100000, 0x000000008d100000, 0x000000008d200000|  0%| F|  |TAMS 0x000000008d100000, 0x000000008d100000| Untracked 
| 210|0x000000008d200000, 0x000000008d200000, 0x000000008d300000|  0%| F|  |TAMS 0x000000008d200000, 0x000000008d200000| Untracked 
| 211|0x000000008d300000, 0x000000008d300000, 0x000000008d400000|  0%| F|  |TAMS 0x000000008d300000, 0x000000008d300000| Untracked 
| 212|0x000000008d400000, 0x000000008d400000, 0x000000008d500000|  0%| F|  |TAMS 0x000000008d400000, 0x000000008d400000| Untracked 
| 213|0x000000008d500000, 0x000000008d500000, 0x000000008d600000|  0%| F|  |TAMS 0x000000008d500000, 0x000000008d500000| Untracked 
| 214|0x000000008d600000, 0x000000008d600000, 0x000000008d700000|  0%| F|  |TAMS 0x000000008d600000, 0x000000008d600000| Untracked 
| 215|0x000000008d700000, 0x000000008d700000, 0x000000008d800000|  0%| F|  |TAMS 0x000000008d700000, 0x000000008d700000| Untracked 
| 216|0x000000008d800000, 0x000000008d800000, 0x000000008d900000|  0%| F|  |TAMS 0x000000008d800000, 0x000000008d800000| Untracked 
| 217|0x000000008d900000, 0x000000008d900000, 0x000000008da00000|  0%| F|  |TAMS 0x000000008d900000, 0x000000008d900000| Untracked 
| 218|0x000000008da00000, 0x000000008da00000, 0x000000008db00000|  0%| F|  |TAMS 0x000000008da00000, 0x000000008da00000| Untracked 
| 219|0x000000008db00000, 0x000000008db00000, 0x000000008dc00000|  0%| F|  |TAMS 0x000000008db00000, 0x000000008db00000| Untracked 
| 220|0x000000008dc00000, 0x000000008dc00000, 0x000000008dd00000|  0%| F|  |TAMS 0x000000008dc00000, 0x000000008dc00000| Untracked 
| 221|0x000000008dd00000, 0x000000008dd00000, 0x000000008de00000|  0%| F|  |TAMS 0x000000008dd00000, 0x000000008dd00000| Untracked 
| 222|0x000000008de00000, 0x000000008de00000, 0x000000008df00000|  0%| F|  |TAMS 0x000000008de00000, 0x000000008de00000| Untracked 
| 223|0x000000008df00000, 0x000000008df00000, 0x000000008e000000|  0%| F|  |TAMS 0x000000008df00000, 0x000000008df00000| Untracked 
| 224|0x000000008e000000, 0x000000008e000000, 0x000000008e100000|  0%| F|  |TAMS 0x000000008e000000, 0x000000008e000000| Untracked 
| 225|0x000000008e100000, 0x000000008e100000, 0x000000008e200000|  0%| F|  |TAMS 0x000000008e100000, 0x000000008e100000| Untracked 
| 226|0x000000008e200000, 0x000000008e200000, 0x000000008e300000|  0%| F|  |TAMS 0x000000008e200000, 0x000000008e200000| Untracked 
| 227|0x000000008e300000, 0x000000008e300000, 0x000000008e400000|  0%| F|  |TAMS 0x000000008e300000, 0x000000008e300000| Untracked 
| 228|0x000000008e400000, 0x000000008e400000, 0x000000008e500000|  0%| F|  |TAMS 0x000000008e400000, 0x000000008e400000| Untracked 
| 229|0x000000008e500000, 0x000000008e500000, 0x000000008e600000|  0%| F|  |TAMS 0x000000008e500000, 0x000000008e500000| Untracked 
| 230|0x000000008e600000, 0x000000008e600000, 0x000000008e700000|  0%| F|  |TAMS 0x000000008e600000, 0x000000008e600000| Untracked 
| 231|0x000000008e700000, 0x000000008e700000, 0x000000008e800000|  0%| F|  |TAMS 0x000000008e700000, 0x000000008e700000| Untracked 
| 232|0x000000008e800000, 0x000000008e800000, 0x000000008e900000|  0%| F|  |TAMS 0x000000008e800000, 0x000000008e800000| Untracked 
| 233|0x000000008e900000, 0x000000008e900000, 0x000000008ea00000|  0%| F|  |TAMS 0x000000008e900000, 0x000000008e900000| Untracked 
| 234|0x000000008ea00000, 0x000000008ea00000, 0x000000008eb00000|  0%| F|  |TAMS 0x000000008ea00000, 0x000000008ea00000| Untracked 
| 235|0x000000008eb00000, 0x000000008eb00000, 0x000000008ec00000|  0%| F|  |TAMS 0x000000008eb00000, 0x000000008eb00000| Untracked 
| 236|0x000000008ec00000, 0x000000008ec00000, 0x000000008ed00000|  0%| F|  |TAMS 0x000000008ec00000, 0x000000008ec00000| Untracked 
| 237|0x000000008ed00000, 0x000000008ed00000, 0x000000008ee00000|  0%| F|  |TAMS 0x000000008ed00000, 0x000000008ed00000| Untracked 
| 238|0x000000008ee00000, 0x000000008ee00000, 0x000000008ef00000|  0%| F|  |TAMS 0x000000008ee00000, 0x000000008ee00000| Untracked 
| 239|0x000000008ef00000, 0x000000008ef00000, 0x000000008f000000|  0%| F|  |TAMS 0x000000008ef00000, 0x000000008ef00000| Untracked 
| 240|0x000000008f000000, 0x000000008f000000, 0x000000008f100000|  0%| F|  |TAMS 0x000000008f000000, 0x000000008f000000| Untracked 
| 241|0x000000008f100000, 0x000000008f100000, 0x000000008f200000|  0%| F|  |TAMS 0x000000008f100000, 0x000000008f100000| Untracked 
| 242|0x000000008f200000, 0x000000008f200000, 0x000000008f300000|  0%| F|  |TAMS 0x000000008f200000, 0x000000008f200000| Untracked 
| 243|0x000000008f300000, 0x000000008f300000, 0x000000008f400000|  0%| F|  |TAMS 0x000000008f300000, 0x000000008f300000| Untracked 
| 244|0x000000008f400000, 0x000000008f400000, 0x000000008f500000|  0%| F|  |TAMS 0x000000008f400000, 0x000000008f400000| Untracked 
| 245|0x000000008f500000, 0x000000008f500000, 0x000000008f600000|  0%| F|  |TAMS 0x000000008f500000, 0x000000008f500000| Untracked 
| 246|0x000000008f600000, 0x000000008f600000, 0x000000008f700000|  0%| F|  |TAMS 0x000000008f600000, 0x000000008f600000| Untracked 
| 247|0x000000008f700000, 0x000000008f700000, 0x000000008f800000|  0%| F|  |TAMS 0x000000008f700000, 0x000000008f700000| Untracked 
| 248|0x000000008f800000, 0x000000008f800000, 0x000000008f900000|  0%| F|  |TAMS 0x000000008f800000, 0x000000008f800000| Untracked 
| 249|0x000000008f900000, 0x000000008f900000, 0x000000008fa00000|  0%| F|  |TAMS 0x000000008f900000, 0x000000008f900000| Untracked 
| 250|0x000000008fa00000, 0x000000008fa00000, 0x000000008fb00000|  0%| F|  |TAMS 0x000000008fa00000, 0x000000008fa00000| Untracked 
| 251|0x000000008fb00000, 0x000000008fb00000, 0x000000008fc00000|  0%| F|  |TAMS 0x000000008fb00000, 0x000000008fb00000| Untracked 
| 252|0x000000008fc00000, 0x000000008fc00000, 0x000000008fd00000|  0%| F|  |TAMS 0x000000008fc00000, 0x000000008fc00000| Untracked 
| 253|0x000000008fd00000, 0x000000008fd00000, 0x000000008fe00000|  0%| F|  |TAMS 0x000000008fd00000, 0x000000008fd00000| Untracked 
| 254|0x000000008fe00000, 0x000000008fe00000, 0x000000008ff00000|  0%| F|  |TAMS 0x000000008fe00000, 0x000000008fe00000| Untracked 
| 255|0x000000008ff00000, 0x000000008ff00000, 0x0000000090000000|  0%| F|  |TAMS 0x000000008ff00000, 0x000000008ff00000| Untracked 
| 256|0x0000000090000000, 0x0000000090000000, 0x0000000090100000|  0%| F|  |TAMS 0x0000000090000000, 0x0000000090000000| Untracked 
| 257|0x0000000090100000, 0x0000000090100000, 0x0000000090200000|  0%| F|  |TAMS 0x0000000090100000, 0x0000000090100000| Untracked 
| 258|0x0000000090200000, 0x0000000090200000, 0x0000000090300000|  0%| F|  |TAMS 0x0000000090200000, 0x0000000090200000| Untracked 
| 259|0x0000000090300000, 0x0000000090300000, 0x0000000090400000|  0%| F|  |TAMS 0x0000000090300000, 0x0000000090300000| Untracked 
| 260|0x0000000090400000, 0x0000000090400000, 0x0000000090500000|  0%| F|  |TAMS 0x0000000090400000, 0x0000000090400000| Untracked 
| 261|0x0000000090500000, 0x0000000090500000, 0x0000000090600000|  0%| F|  |TAMS 0x0000000090500000, 0x0000000090500000| Untracked 
| 262|0x0000000090600000, 0x0000000090600000, 0x0000000090700000|  0%| F|  |TAMS 0x0000000090600000, 0x0000000090600000| Untracked 
| 263|0x0000000090700000, 0x0000000090700000, 0x0000000090800000|  0%| F|  |TAMS 0x0000000090700000, 0x0000000090700000| Untracked 
| 264|0x0000000090800000, 0x0000000090800000, 0x0000000090900000|  0%| F|  |TAMS 0x0000000090800000, 0x0000000090800000| Untracked 
| 265|0x0000000090900000, 0x0000000090900000, 0x0000000090a00000|  0%| F|  |TAMS 0x0000000090900000, 0x0000000090900000| Untracked 
| 266|0x0000000090a00000, 0x0000000090a00000, 0x0000000090b00000|  0%| F|  |TAMS 0x0000000090a00000, 0x0000000090a00000| Untracked 
| 267|0x0000000090b00000, 0x0000000090b00000, 0x0000000090c00000|  0%| F|  |TAMS 0x0000000090b00000, 0x0000000090b00000| Untracked 
| 268|0x0000000090c00000, 0x0000000090c00000, 0x0000000090d00000|  0%| F|  |TAMS 0x0000000090c00000, 0x0000000090c00000| Untracked 
| 269|0x0000000090d00000, 0x0000000090d00000, 0x0000000090e00000|  0%| F|  |TAMS 0x0000000090d00000, 0x0000000090d00000| Untracked 
| 270|0x0000000090e00000, 0x0000000090e00000, 0x0000000090f00000|  0%| F|  |TAMS 0x0000000090e00000, 0x0000000090e00000| Untracked 
| 271|0x0000000090f00000, 0x0000000090f00000, 0x0000000091000000|  0%| F|  |TAMS 0x0000000090f00000, 0x0000000090f00000| Untracked 
| 272|0x0000000091000000, 0x0000000091000000, 0x0000000091100000|  0%| F|  |TAMS 0x0000000091000000, 0x0000000091000000| Untracked 
| 273|0x0000000091100000, 0x0000000091100000, 0x0000000091200000|  0%| F|  |TAMS 0x0000000091100000, 0x0000000091100000| Untracked 
| 274|0x0000000091200000, 0x0000000091200000, 0x0000000091300000|  0%| F|  |TAMS 0x0000000091200000, 0x0000000091200000| Untracked 
| 275|0x0000000091300000, 0x0000000091300000, 0x0000000091400000|  0%| F|  |TAMS 0x0000000091300000, 0x0000000091300000| Untracked 

Card table byte_map: [0x00000236ab770000,0x00000236abb70000] _byte_map_base: 0x00000236ab370000

Marking Bits (Prev, Next): (CMBitMap*) 0x0000023698599fe8, (CMBitMap*) 0x000002369859a020
 Prev Bits: [0x00000236abf70000, 0x00000236adf70000)
 Next Bits: [0x00000236adf70000, 0x00000236aff70000)

Polling page: 0x0000023697d30000

Metaspace:

Usage:
  Non-class:     88.69 MB capacity,    87.08 MB ( 98%) used,     1.30 MB (  1%) free+waste,   315.56 KB ( <1%) overhead. 
      Class:     13.74 MB capacity,    12.80 MB ( 93%) used,   825.43 KB (  6%) free+waste,   139.31 KB ( <1%) overhead. 
       Both:    102.42 MB capacity,    99.87 MB ( 98%) used,     2.11 MB (  2%) free+waste,   454.88 KB ( <1%) overhead. 

Virtual space:
  Non-class space:       90.00 MB reserved,      88.75 MB ( 99%) committed 
      Class space:        1.00 GB reserved,      13.82 MB (  1%) committed 
             Both:        1.09 GB reserved,     102.57 MB (  9%) committed 

Chunk freelists:
   Non-Class:  0 bytes
       Class:  13.00 KB
        Both:  13.00 KB

MaxMetaspaceSize: 17179869184.00 GB
CompressedClassSpaceSize: 1.00 GB

CodeHeap 'non-profiled nmethods': size=120000Kb used=9125Kb max_used=9125Kb free=110874Kb
 bounds [0x00000236a3b10000, 0x00000236a4400000, 0x00000236ab040000]
CodeHeap 'profiled nmethods': size=120000Kb used=37342Kb max_used=37342Kb free=82657Kb
 bounds [0x000002369c5e0000, 0x000002369ea60000, 0x00000236a3b10000]
CodeHeap 'non-nmethods': size=5760Kb used=2312Kb max_used=2381Kb free=3447Kb
 bounds [0x000002369c040000, 0x000002369c2b0000, 0x000002369c5e0000]
 total_blobs=16040 nmethods=15120 adapters=829
 compilation: enabled
              stopped_count=0, restarted_count=0
 full_count=0

Compilation events (20 events):
Event: 31.581 Thread 0x00000236b29ea800 15591       2       sun.management.spi.PlatformMBeanProvider$PlatformComponent$$Lambda$66/0x0000000100184c40::apply (9 bytes)
Event: 31.581 Thread 0x00000236b29ea800 nmethod 15591 0x000002369ea4df10 code [0x000002369ea4e0e0, 0x000002369ea4e2f8]
Event: 31.603 Thread 0x00000236b29ea800 15593 %     3       com.android.tools.r8.ir.conversion.k::a @ 302 (388 bytes)
Event: 31.609 Thread 0x00000236b29ea800 nmethod 15593% 0x000002369ea4e410 code [0x000002369ea4ea40, 0x000002369ea52038]
Event: 31.618 Thread 0x00000236b29ea800 15594       2       com.android.tools.r8.internal.i0$b::size (8 bytes)
Event: 31.618 Thread 0x00000236b29ea800 nmethod 15594 0x000002369ea53190 code [0x000002369ea53340, 0x000002369ea53468]
Event: 31.618 Thread 0x00000236b29ea800 15595       2       com.android.tools.r8.internal.b0::b (10 bytes)
Event: 31.618 Thread 0x00000236b29ea800 nmethod 15595 0x000002369ea53510 code [0x000002369ea536c0, 0x000002369ea537e8]
Event: 31.618 Thread 0x00000236b29ea800 15596       2       com.android.tools.r8.internal.Qf::c (8 bytes)
Event: 31.619 Thread 0x00000236b29ea800 nmethod 15596 0x000002369ea53890 code [0x000002369ea53a60, 0x000002369ea53ca8]
Event: 31.619 Thread 0x00000236b29ea800 15597       2       com.android.tools.r8.internal.Of::a (21 bytes)
Event: 31.619 Thread 0x00000236b29ea800 nmethod 15597 0x000002369ea53d90 code [0x000002369ea53f40, 0x000002369ea540c8]
Event: 31.619 Thread 0x00000236b29ea800 15598       2       com.android.tools.r8.internal.Qf::e (9 bytes)
Event: 31.620 Thread 0x00000236b29ea800 nmethod 15598 0x000002369ea54190 code [0x000002369ea54340, 0x000002369ea544d8]
Event: 31.620 Thread 0x00000236b29ea800 15599       2       com.android.tools.r8.internal.Pf::<init> (10 bytes)
Event: 31.620 Thread 0x00000236b29ea800 nmethod 15599 0x000002369ea54590 code [0x000002369ea54740, 0x000002369ea54878]
Event: 31.644 Thread 0x00000236b29ea800 15600       2       com.android.tools.r8.internal.FA$a::<init> (10 bytes)
Event: 31.644 Thread 0x00000236b29ea800 nmethod 15600 0x000002369ea54910 code [0x000002369ea54ac0, 0x000002369ea54bf8]
Event: 31.757 Thread 0x00000236b29ea800 15601       3       java.util.TimSort::mergeLo (659 bytes)
Event: 31.760 Thread 0x00000236b29ea800 nmethod 15601 0x000002369ea54c90 code [0x000002369ea55020, 0x000002369ea573d8]

GC Heap History (20 events):
Event: 27.824 GC heap after
{Heap after GC invocations=46 (full 0):
 garbage-first heap   total 282624K, used 130112K [0x0000000080000000, 0x0000000100000000)
  region size 1024K, 2 young (2048K), 2 survivors (2048K)
 Metaspace       used 100562K, capacity 102981K, committed 103372K, reserved 1138688K
  class space    used 12897K, capacity 13816K, committed 14028K, reserved 1048576K
}
Event: 28.402 GC heap before
{Heap before GC invocations=47 (full 0):
 garbage-first heap   total 282624K, used 240704K [0x0000000080000000, 0x0000000100000000)
  region size 1024K, 110 young (112640K), 2 survivors (2048K)
 Metaspace       used 100607K, capacity 103049K, committed 103628K, reserved 1138688K
  class space    used 12904K, capacity 13817K, committed 14028K, reserved 1048576K
}
Event: 28.407 GC heap after
{Heap after GC invocations=48 (full 0):
 garbage-first heap   total 282624K, used 131149K [0x0000000080000000, 0x0000000100000000)
  region size 1024K, 3 young (3072K), 3 survivors (3072K)
 Metaspace       used 100607K, capacity 103049K, committed 103628K, reserved 1138688K
  class space    used 12904K, capacity 13817K, committed 14028K, reserved 1048576K
}
Event: 28.435 GC heap before
{Heap before GC invocations=48 (full 0):
 garbage-first heap   total 282624K, used 141389K [0x0000000080000000, 0x0000000100000000)
  region size 1024K, 13 young (13312K), 3 survivors (3072K)
 Metaspace       used 100607K, capacity 103049K, committed 103628K, reserved 1138688K
  class space    used 12904K, capacity 13817K, committed 14028K, reserved 1048576K
}
Event: 28.441 GC heap after
{Heap after GC invocations=49 (full 0):
 garbage-first heap   total 282624K, used 128021K [0x0000000080000000, 0x0000000100000000)
  region size 1024K, 1 young (1024K), 1 survivors (1024K)
 Metaspace       used 100607K, capacity 103049K, committed 103628K, reserved 1138688K
  class space    used 12904K, capacity 13817K, committed 14028K, reserved 1048576K
}
Event: 28.839 GC heap before
{Heap before GC invocations=49 (full 0):
 garbage-first heap   total 282624K, used 242709K [0x0000000080000000, 0x0000000100000000)
  region size 1024K, 113 young (115712K), 1 survivors (1024K)
 Metaspace       used 100622K, capacity 103049K, committed 103628K, reserved 1138688K
  class space    used 12904K, capacity 13817K, committed 14028K, reserved 1048576K
}
Event: 28.844 GC heap after
{Heap after GC invocations=50 (full 0):
 garbage-first heap   total 282624K, used 128455K [0x0000000080000000, 0x0000000100000000)
  region size 1024K, 1 young (1024K), 1 survivors (1024K)
 Metaspace       used 100622K, capacity 103049K, committed 103628K, reserved 1138688K
  class space    used 12904K, capacity 13817K, committed 14028K, reserved 1048576K
}
Event: 29.302 GC heap before
{Heap before GC invocations=50 (full 0):
 garbage-first heap   total 282624K, used 244167K [0x0000000080000000, 0x0000000100000000)
  region size 1024K, 114 young (116736K), 1 survivors (1024K)
 Metaspace       used 101237K, capacity 103737K, committed 104012K, reserved 1138688K
  class space    used 12990K, capacity 13939K, committed 14156K, reserved 1048576K
}
Event: 29.307 GC heap after
{Heap after GC invocations=51 (full 0):
 garbage-first heap   total 282624K, used 128858K [0x0000000080000000, 0x0000000100000000)
  region size 1024K, 2 young (2048K), 2 survivors (2048K)
 Metaspace       used 101237K, capacity 103737K, committed 104012K, reserved 1138688K
  class space    used 12990K, capacity 13939K, committed 14156K, reserved 1048576K
}
Event: 29.918 GC heap before
{Heap before GC invocations=51 (full 0):
 garbage-first heap   total 282624K, used 244570K [0x0000000080000000, 0x0000000100000000)
  region size 1024K, 114 young (116736K), 2 survivors (2048K)
 Metaspace       used 102097K, capacity 104645K, committed 104780K, reserved 1140736K
  class space    used 13091K, capacity 14055K, committed 14156K, reserved 1048576K
}
Event: 29.925 GC heap after
{Heap after GC invocations=52 (full 0):
 garbage-first heap   total 282624K, used 131290K [0x0000000080000000, 0x0000000100000000)
  region size 1024K, 3 young (3072K), 3 survivors (3072K)
 Metaspace       used 102097K, capacity 104645K, committed 104780K, reserved 1140736K
  class space    used 13091K, capacity 14055K, committed 14156K, reserved 1048576K
}
Event: 30.344 GC heap before
{Heap before GC invocations=52 (full 0):
 garbage-first heap   total 282624K, used 244954K [0x0000000080000000, 0x0000000100000000)
  region size 1024K, 115 young (117760K), 3 survivors (3072K)
 Metaspace       used 102189K, capacity 104799K, committed 105036K, reserved 1140736K
  class space    used 13099K, capacity 14062K, committed 14156K, reserved 1048576K
}
Event: 30.356 GC heap after
{Heap after GC invocations=53 (full 0):
 garbage-first heap   total 282624K, used 134173K [0x0000000080000000, 0x0000000100000000)
  region size 1024K, 7 young (7168K), 7 survivors (7168K)
 Metaspace       used 102189K, capacity 104799K, committed 105036K, reserved 1140736K
  class space    used 13099K, capacity 14062K, committed 14156K, reserved 1048576K
}
Event: 30.709 GC heap before
{Heap before GC invocations=53 (full 0):
 garbage-first heap   total 282624K, used 243741K [0x0000000080000000, 0x0000000100000000)
  region size 1024K, 114 young (116736K), 7 survivors (7168K)
 Metaspace       used 102212K, capacity 104812K, committed 105036K, reserved 1140736K
  class space    used 13101K, capacity 14066K, committed 14156K, reserved 1048576K
}
Event: 30.720 GC heap after
{Heap after GC invocations=54 (full 0):
 garbage-first heap   total 282624K, used 133835K [0x0000000080000000, 0x0000000100000000)
  region size 1024K, 7 young (7168K), 7 survivors (7168K)
 Metaspace       used 102212K, capacity 104812K, committed 105036K, reserved 1140736K
  class space    used 13101K, capacity 14066K, committed 14156K, reserved 1048576K
}
Event: 31.005 GC heap before
{Heap before GC invocations=54 (full 0):
 garbage-first heap   total 282624K, used 244427K [0x0000000080000000, 0x0000000100000000)
  region size 1024K, 115 young (117760K), 7 survivors (7168K)
 Metaspace       used 102246K, capacity 104817K, committed 105036K, reserved 1140736K
  class space    used 13102K, capacity 14067K, committed 14156K, reserved 1048576K
}
Event: 31.021 GC heap after
{Heap after GC invocations=55 (full 0):
 garbage-first heap   total 282624K, used 135318K [0x0000000080000000, 0x0000000100000000)
  region size 1024K, 8 young (8192K), 8 survivors (8192K)
 Metaspace       used 102246K, capacity 104817K, committed 105036K, reserved 1140736K
  class space    used 13102K, capacity 14067K, committed 14156K, reserved 1048576K
}
Event: 31.398 GC heap before
{Heap before GC invocations=55 (full 0):
 garbage-first heap   total 282624K, used 243862K [0x0000000080000000, 0x0000000100000000)
  region size 1024K, 115 young (117760K), 8 survivors (8192K)
 Metaspace       used 102263K, capacity 104883K, committed 105036K, reserved 1140736K
  class space    used 13102K, capacity 14067K, committed 14156K, reserved 1048576K
}
Event: 31.411 GC heap after
{Heap after GC invocations=56 (full 0):
 garbage-first heap   total 282624K, used 134478K [0x0000000080000000, 0x0000000100000000)
  region size 1024K, 7 young (7168K), 7 survivors (7168K)
 Metaspace       used 102263K, capacity 104883K, committed 105036K, reserved 1140736K
  class space    used 13102K, capacity 14067K, committed 14156K, reserved 1048576K
}
Event: 31.795 GC heap before
{Heap before GC invocations=56 (full 0):
 garbage-first heap   total 282624K, used 245070K [0x0000000080000000, 0x0000000100000000)
  region size 1024K, 115 young (117760K), 7 survivors (7168K)
 Metaspace       used 102270K, capacity 104883K, committed 105036K, reserved 1140736K
  class space    used 13102K, capacity 14067K, committed 14156K, reserved 1048576K
}

Deoptimization events (20 events):
Event: 30.773 Thread 0x00000236b6054000 Uncommon trap: trap_request=0xffffffde fr.pc=0x00000236a4238e08 relative=0x00000000000008e8
Event: 30.773 Thread 0x00000236b6054000 Uncommon trap: reason=class_check action=maybe_recompile pc=0x00000236a4238e08 method=com.android.tools.r8.internal.Jj.hasNext()Z @ 27 c2
Event: 30.773 Thread 0x00000236b6054000 DEOPT PACKING pc=0x00000236a4238e08 sp=0x000000d93d9fb2a0
Event: 30.773 Thread 0x00000236b6054000 DEOPT UNPACKING pc=0x000002369c0678af sp=0x000000d93d9fb270 mode 2
Event: 30.773 Thread 0x00000236b6054000 Uncommon trap: trap_request=0xffffffde fr.pc=0x00000236a4238e08 relative=0x00000000000008e8
Event: 30.773 Thread 0x00000236b6054000 Uncommon trap: reason=class_check action=maybe_recompile pc=0x00000236a4238e08 method=com.android.tools.r8.internal.Jj.hasNext()Z @ 27 c2
Event: 30.773 Thread 0x00000236b6054000 DEOPT PACKING pc=0x00000236a4238e08 sp=0x000000d93d9fb2b0
Event: 30.774 Thread 0x00000236b6054000 DEOPT UNPACKING pc=0x000002369c0678af sp=0x000000d93d9fb280 mode 2
Event: 30.777 Thread 0x00000236b6054000 DEOPT PACKING pc=0x000002369e9115c8 sp=0x000000d93d9facf0
Event: 30.777 Thread 0x00000236b6054000 DEOPT UNPACKING pc=0x000002369c0676ce sp=0x000000d93d9fa230 mode 0
Event: 30.964 Thread 0x00000236b6053000 DEOPT PACKING pc=0x000002369dfa59e9 sp=0x000000d93d7f9060
Event: 30.964 Thread 0x00000236b6053000 DEOPT UNPACKING pc=0x000002369c0676ce sp=0x000000d93d7f8510 mode 0
Event: 31.231 Thread 0x00000236b8b57000 DEOPT PACKING pc=0x000002369dfdc7b1 sp=0x000000d93ddf8d20
Event: 31.231 Thread 0x00000236b8b57000 DEOPT UNPACKING pc=0x000002369c0676ce sp=0x000000d93ddf8130 mode 0
Event: 31.289 Thread 0x00000236b6054000 DEOPT PACKING pc=0x000002369e97200b sp=0x000000d93d9fa6d0
Event: 31.289 Thread 0x00000236b6054000 DEOPT UNPACKING pc=0x000002369c0676ce sp=0x000000d93d9f9ba8 mode 0
Event: 31.452 Thread 0x00000236b6053000 DEOPT PACKING pc=0x000002369df79276 sp=0x000000d93d7f9070
Event: 31.452 Thread 0x00000236b6053000 DEOPT UNPACKING pc=0x000002369c0676ce sp=0x000000d93d7f8588 mode 0
Event: 31.760 Thread 0x00000236b8b56000 DEOPT PACKING pc=0x000002369e733abb sp=0x000000d93dbf8e80
Event: 31.760 Thread 0x00000236b8b56000 DEOPT UNPACKING pc=0x000002369c0676ce sp=0x000000d93dbf8368 mode 0

Classes redefined (0 events):
No events

Internal exceptions (20 events):
Event: 27.763 Thread 0x00000236b6053000 Implicit null exception at 0x00000236a43610e4 to 0x00000236a4361c8c
Event: 27.763 Thread 0x00000236b8b54800 Implicit null exception at 0x00000236a43610e4 to 0x00000236a4361c8c
Event: 28.334 Thread 0x00000236b8b54800 Implicit null exception at 0x00000236a4366ea0 to 0x00000236a4367080
Event: 28.962 Thread 0x00000236b6053000 Implicit null exception at 0x00000236a43258c4 to 0x00000236a4326b8c
Event: 29.111 Thread 0x00000236b8b57000 Implicit null exception at 0x00000236a439b3c0 to 0x00000236a43a00cc
Event: 29.140 Thread 0x00000236b6054000 Exception <a 'java/lang/NoSuchMethodError'{0x000000008c8599b0}: 'void java.lang.invoke.DirectMethodHandle$Holder.invokeSpecial(java.lang.Object, java.lang.Object, int, java.lang.Object, java.lang.Object, java.lang.Object, java.lang.Object)'> (0x000000008c8599b0) thrown at [./src/hotspot/share/interpreter/linkResolver.cpp, line 773]
Event: 29.142 Thread 0x00000236b6054000 Exception <a 'java/lang/NoSuchMethodError'{0x000000008c8655b0}: 'java.lang.Object java.lang.invoke.Invokers$Holder.linkToTargetMethod(java.lang.Object, int, java.lang.Object, java.lang.Object, java.lang.Object, java.lang.Object)'> (0x000000008c8655b0) thrown at [./src/hotspot/share/interpreter/linkResolver.cpp, line 773]
Event: 29.143 Thread 0x00000236b6054000 Exception <a 'java/lang/NoSuchMethodError'{0x000000008c869a60}: 'void java.lang.invoke.DirectMethodHandle$Holder.invokeSpecial(java.lang.Object, java.lang.Object, java.lang.Object, java.lang.Object, java.lang.Object, java.lang.Object, java.lang.Object, java.lang.Object, java.lang.Object)'> (0x000000008c869a60) thrown at [./src/hotspot/share/interpreter/linkResolver.cpp, line 773]
Event: 29.147 Thread 0x00000236b6054000 Exception <a 'java/lang/NoSuchMethodError'{0x000000008c579cb8}: 'void java.lang.invoke.DirectMethodHandle$Holder.invokeStatic(java.lang.Object, java.lang.Object, java.lang.Object, java.lang.Object, java.lang.Object, java.lang.Object, java.lang.Object, java.lang.Object)'> (0x000000008c579cb8) thrown at [./src/hotspot/share/interpreter/linkResolver.cpp, line 773]
Event: 29.474 Thread 0x00000236b6054000 Exception <a 'java/lang/IncompatibleClassChangeError'{0x000000008f56c970}: Found class java.lang.Object, but interface was expected> (0x000000008f56c970) thrown at [./src/hotspot/share/interpreter/linkResolver.cpp, line 839]
Event: 29.772 Thread 0x00000236b6054000 Exception <a 'java/lang/NoSuchMethodError'{0x000000008b73f330}: 'void java.lang.invoke.DirectMethodHandle$Holder.invokeVirtual(java.lang.Object, java.lang.Object, int)'> (0x000000008b73f330) thrown at [./src/hotspot/share/interpreter/linkResolver.cpp, line 773]
Event: 29.926 Thread 0x00000236b6054000 Implicit null exception at 0x00000236a3da518c to 0x00000236a3da9d50
Event: 29.926 Thread 0x00000236b6054000 Implicit null exception at 0x00000236a3d7b3a0 to 0x00000236a3d7b5c0
Event: 29.940 Thread 0x00000236b6054000 Exception <a 'sun/nio/fs/WindowsException'{0x0000000091325ac0}> (0x0000000091325ac0) thrown at [./src/hotspot/share/prims/jni.cpp, line 615]
Event: 30.077 Thread 0x00000236b6054000 Exception <a 'sun/nio/fs/WindowsException'{0x000000008f6e7b08}> (0x000000008f6e7b08) thrown at [./src/hotspot/share/prims/jni.cpp, line 615]
Event: 30.096 Thread 0x00000236b8b56000 Exception <a 'sun/nio/fs/WindowsException'{0x000000008f3d9cf0}> (0x000000008f3d9cf0) thrown at [./src/hotspot/share/prims/jni.cpp, line 615]
Event: 30.799 Thread 0x00000236b6054000 Exception <a 'sun/nio/fs/WindowsException'{0x000000008f5f8a68}> (0x000000008f5f8a68) thrown at [./src/hotspot/share/prims/jni.cpp, line 615]
Event: 30.852 Thread 0x00000236b6054000 Exception <a 'sun/nio/fs/WindowsException'{0x000000008e31ff28}> (0x000000008e31ff28) thrown at [./src/hotspot/share/prims/jni.cpp, line 615]
Event: 31.293 Thread 0x00000236b6054000 Exception <a 'sun/nio/fs/WindowsException'{0x000000008bee0908}> (0x000000008bee0908) thrown at [./src/hotspot/share/prims/jni.cpp, line 615]
Event: 31.378 Thread 0x00000236b6054000 Exception <a 'sun/nio/fs/WindowsException'{0x000000008ad5ab68}> (0x000000008ad5ab68) thrown at [./src/hotspot/share/prims/jni.cpp, line 615]

Events (20 events):
Event: 30.437 loading class com/android/tools/r8/code/G0 done
Event: 30.438 loading class com/android/tools/r8/internal/GE
Event: 30.438 loading class com/android/tools/r8/internal/GE done
Event: 30.438 loading class com/android/tools/r8/code/G0
Event: 30.438 loading class com/android/tools/r8/code/G0 done
Event: 30.439 loading class com/android/tools/r8/code/G0
Event: 30.439 loading class com/android/tools/r8/code/G0 done
Event: 30.439 loading class com/android/tools/r8/code/G0
Event: 30.439 loading class com/android/tools/r8/code/G0 done
Event: 30.706 Executing VM operation: G1CollectForAllocation
Event: 30.720 Executing VM operation: G1CollectForAllocation done
Event: 30.763 loading class com/android/tools/r8/code/G0
Event: 30.763 loading class com/android/tools/r8/code/G0 done
Event: 30.763 loading class com/android/tools/r8/code/G0
Event: 30.763 loading class com/android/tools/r8/code/G0 done
Event: 31.002 Executing VM operation: G1CollectForAllocation
Event: 31.021 Executing VM operation: G1CollectForAllocation done
Event: 31.398 Executing VM operation: G1CollectForAllocation
Event: 31.411 Executing VM operation: G1CollectForAllocation done
Event: 31.794 Executing VM operation: G1CollectForAllocation


Dynamic libraries:
0x00007ff6b8950000 - 0x00007ff6b895a000 	D:\PC1\jre\bin\java.exe
0x00007ffc34e40000 - 0x00007ffc35047000 	C:\WINDOWS\SYSTEM32\ntdll.dll
0x00007ffc1bb40000 - 0x00007ffc1bb56000 	C:\Program Files\AVG\Antivirus\aswhook.dll
0x00007ffc34740000 - 0x00007ffc347fd000 	C:\WINDOWS\System32\KERNEL32.DLL
0x00007ffc32320000 - 0x00007ffc32694000 	C:\WINDOWS\System32\KERNELBASE.dll
0x00007ffc32b80000 - 0x00007ffc32c91000 	C:\WINDOWS\System32\ucrtbase.dll
0x00007ffc230c0000 - 0x00007ffc230d9000 	D:\PC1\jre\bin\jli.dll
0x00007ffc230a0000 - 0x00007ffc230b7000 	D:\PC1\jre\bin\VCRUNTIME140.dll
0x00007ffc348c0000 - 0x00007ffc34a6c000 	C:\WINDOWS\System32\USER32.dll
0x00007ffc32ca0000 - 0x00007ffc32cc6000 	C:\WINDOWS\System32\win32u.dll
0x00007ffc1e580000 - 0x00007ffc1e825000 	C:\WINDOWS\WinSxS\amd64_microsoft.windows.common-controls_6595b64144ccf1df_6.0.22000.120_none_9d947278b86cc467\COMCTL32.dll
0x00007ffc34ca0000 - 0x00007ffc34cc9000 	C:\WINDOWS\System32\GDI32.dll
0x00007ffc33e50000 - 0x00007ffc33ef3000 	C:\WINDOWS\System32\msvcrt.dll
0x00007ffc32a60000 - 0x00007ffc32b72000 	C:\WINDOWS\System32\gdi32full.dll
0x00007ffc327d0000 - 0x00007ffc3286d000 	C:\WINDOWS\System32\msvcp_win.dll
0x00007ffc32db0000 - 0x00007ffc32de1000 	C:\WINDOWS\System32\IMM32.DLL
0x00007ffc23000000 - 0x00007ffc2309d000 	D:\PC1\jre\bin\msvcp140.dll
0x00007ffbb17b0000 - 0x00007ffbb227f000 	D:\PC1\jre\bin\server\jvm.dll
0x00007ffc34810000 - 0x00007ffc348bc000 	C:\WINDOWS\System32\ADVAPI32.dll
0x00007ffc32cf0000 - 0x00007ffc32d8d000 	C:\WINDOWS\System32\sechost.dll
0x00007ffc34cd0000 - 0x00007ffc34df1000 	C:\WINDOWS\System32\RPCRT4.dll
0x00007ffc32d90000 - 0x00007ffc32d98000 	C:\WINDOWS\System32\PSAPI.DLL
0x00007ffc2a090000 - 0x00007ffc2a0c3000 	C:\WINDOWS\SYSTEM32\WINMM.dll
0x00007ffc25860000 - 0x00007ffc25869000 	C:\WINDOWS\SYSTEM32\WSOCK32.dll
0x00007ffc29a20000 - 0x00007ffc29a2a000 	C:\WINDOWS\SYSTEM32\VERSION.dll
0x00007ffc34c30000 - 0x00007ffc34c9f000 	C:\WINDOWS\System32\WS2_32.dll
0x00007ffc314b0000 - 0x00007ffc314c8000 	C:\WINDOWS\SYSTEM32\kernel.appcore.dll
0x00007ffc28af0000 - 0x00007ffc28b01000 	D:\PC1\jre\bin\verify.dll
0x00007ffc2ff70000 - 0x00007ffc30191000 	C:\WINDOWS\SYSTEM32\DBGHELP.DLL
0x00007ffc288d0000 - 0x00007ffc28901000 	C:\WINDOWS\SYSTEM32\dbgcore.DLL
0x00007ffc329e0000 - 0x00007ffc32a5f000 	C:\WINDOWS\System32\bcryptPrimitives.dll
0x00007ffc24880000 - 0x00007ffc248a9000 	D:\PC1\jre\bin\java.dll
0x00007ffc2db00000 - 0x00007ffc2db0b000 	D:\PC1\jre\bin\jimage.dll
0x00007ffc27ee0000 - 0x00007ffc27ef8000 	D:\PC1\jre\bin\zip.dll
0x00007ffc33270000 - 0x00007ffc33a1e000 	C:\WINDOWS\System32\SHELL32.dll
0x00007ffc304c0000 - 0x00007ffc30d27000 	C:\WINDOWS\SYSTEM32\windows.storage.dll
0x00007ffc32e80000 - 0x00007ffc331f8000 	C:\WINDOWS\System32\combase.dll
0x00007ffc30350000 - 0x00007ffc304b6000 	C:\WINDOWS\SYSTEM32\wintypes.dll
0x00007ffc33ce0000 - 0x00007ffc33dca000 	C:\WINDOWS\System32\SHCORE.dll
0x00007ffc34bd0000 - 0x00007ffc34c2d000 	C:\WINDOWS\System32\shlwapi.dll
0x00007ffc32250000 - 0x00007ffc32271000 	C:\WINDOWS\SYSTEM32\profapi.dll
0x00007ffc26f20000 - 0x00007ffc26f3a000 	D:\PC1\jre\bin\net.dll
0x00007ffc297a0000 - 0x00007ffc298ac000 	C:\WINDOWS\SYSTEM32\WINHTTP.dll
0x00007ffc318c0000 - 0x00007ffc31927000 	C:\WINDOWS\system32\mswsock.dll
0x00007ffc20180000 - 0x00007ffc20194000 	D:\PC1\jre\bin\nio.dll
0x00007ffc1d0b0000 - 0x00007ffc1d0d7000 	D:\native\8bec1ad78214c89d9ad589b4d07fe93259594b29d510b10fafb7a158f7737e5d\windows-amd64\native-platform.dll
0x00007ffbf51a0000 - 0x00007ffbf52dd000 	D:\native\53dbd7edfb1c66fb8903c78663c9afc45aea4f116125fa6feffd364cf09443e8\windows-amd64\native-platform-file-events.dll
0x00007ffc2d930000 - 0x00007ffc2d93a000 	D:\PC1\jre\bin\management.dll
0x00007ffc2cfa0000 - 0x00007ffc2cfac000 	D:\PC1\jre\bin\management_ext.dll
0x00007ffc31b90000 - 0x00007ffc31ba8000 	C:\WINDOWS\SYSTEM32\CRYPTSP.dll
0x00007ffc31410000 - 0x00007ffc31445000 	C:\WINDOWS\system32\rsaenh.dll
0x00007ffc319e0000 - 0x00007ffc31a09000 	C:\WINDOWS\SYSTEM32\USERENV.dll
0x00007ffc31d00000 - 0x00007ffc31d27000 	C:\WINDOWS\SYSTEM32\bcrypt.dll
0x00007ffc31b80000 - 0x00007ffc31b8c000 	C:\WINDOWS\SYSTEM32\CRYPTBASE.dll
0x00007ffc30f80000 - 0x00007ffc30fad000 	C:\WINDOWS\SYSTEM32\IPHLPAPI.DLL
0x00007ffc32da0000 - 0x00007ffc32da9000 	C:\WINDOWS\System32\NSI.dll
0x00007ffc29370000 - 0x00007ffc29389000 	C:\WINDOWS\SYSTEM32\dhcpcsvc6.DLL
0x00007ffc29d90000 - 0x00007ffc29dae000 	C:\WINDOWS\SYSTEM32\dhcpcsvc.DLL
0x00007ffc30ff0000 - 0x00007ffc310d7000 	C:\WINDOWS\SYSTEM32\DNSAPI.dll

dbghelp: loaded successfully - version: 4.0.5 - missing functions: none
symbol engine: initialized successfully - sym options: 0x614 - pdb path: .;D:\PC1\jre\bin;C:\WINDOWS\SYSTEM32;C:\Program Files\AVG\Antivirus;C:\WINDOWS\WinSxS\amd64_microsoft.windows.common-controls_6595b64144ccf1df_6.0.22000.120_none_9d947278b86cc467;D:\PC1\jre\bin\server;D:\native\8bec1ad78214c89d9ad589b4d07fe93259594b29d510b10fafb7a158f7737e5d\windows-amd64;D:\native\53dbd7edfb1c66fb8903c78663c9afc45aea4f116125fa6feffd364cf09443e8\windows-amd64

VM Arguments:
jvm_args: --add-opens=java.base/java.util=ALL-UNNAMED --add-opens=java.base/java.lang=ALL-UNNAMED --add-opens=java.base/java.lang.invoke=ALL-UNNAMED --add-opens=java.base/java.util=ALL-UNNAMED --add-opens=java.prefs/java.util.prefs=ALL-UNNAMED --add-opens=java.prefs/java.util.prefs=ALL-UNNAMED --add-opens=java.base/java.nio.charset=ALL-UNNAMED --add-opens=java.base/java.net=ALL-UNNAMED --add-opens=java.base/java.util.concurrent.atomic=ALL-UNNAMED -Xmx2048m -Dfile.encoding=UTF-8 -Duser.country=US -Duser.language=en -Duser.variant 
java_command: org.gradle.launcher.daemon.bootstrap.GradleDaemon 7.0.2
java_class_path (initial): D:\wrapper\dists\gradle-7.0.2-bin\857tjihv64xamwrf0h14cai3r\gradle-7.0.2\lib\gradle-launcher-7.0.2.jar
Launcher Type: SUN_STANDARD

[Global flags]
     intx CICompilerCount                          = 4                                         {product} {ergonomic}
     uint ConcGCThreads                            = 2                                         {product} {ergonomic}
     uint G1ConcRefinementThreads                  = 8                                         {product} {ergonomic}
   size_t G1HeapRegionSize                         = 1048576                                   {product} {ergonomic}
    uintx GCDrainStackTargetSize                   = 64                                        {product} {ergonomic}
   size_t InitialHeapSize                          = 132120576                                 {product} {ergonomic}
   size_t MarkStackSize                            = 4194304                                   {product} {ergonomic}
   size_t MaxHeapSize                              = 2147483648                                {product} {command line}
   size_t MaxNewSize                               = 1287651328                                {product} {ergonomic}
   size_t MinHeapDeltaBytes                        = 1048576                                   {product} {ergonomic}
    uintx NonNMethodCodeHeapSize                   = 5836300                                {pd product} {ergonomic}
    uintx NonProfiledCodeHeapSize                  = 122910970                              {pd product} {ergonomic}
    uintx ProfiledCodeHeapSize                     = 122910970                              {pd product} {ergonomic}
    uintx ReservedCodeCacheSize                    = 251658240                              {pd product} {ergonomic}
     bool SegmentedCodeCache                       = true                                      {product} {ergonomic}
     bool UseCompressedClassPointers               = true                                 {lp64_product} {ergonomic}
     bool UseCompressedOops                        = true                                 {lp64_product} {ergonomic}
     bool UseG1GC                                  = true                                      {product} {ergonomic}
     bool UseLargePagesIndividualAllocation        = false                                  {pd product} {ergonomic}

Logging:
Log output configuration:
 #0: stdout all=warning uptime,level,tags
 #1: stderr all=off uptime,level,tags

Environment Variables:
PATH=C:\Program Files\Common Files\Oracle\Java\javapath;C:\Program Files (x86)\Common Files\Oracle\Java\javapath;C:\WINDOWS\system32;C:\WINDOWS;C:\WINDOWS\System32\Wbem;C:\WINDOWS\System32\WindowsPowerShell\v1.0\;C:\WINDOWS\System32\OpenSSH\;C:\Program Files\Intel\WiFi\bin\;C:\Program Files\Common Files\Intel\WirelessCommon\;C:\Program Files\dotnet\;c:\Program Files (x86)\Microsoft SQL Server\110\Tools\Binn\;c:\Program Files\Microsoft SQL Server\110\Tools\Binn\;c:\Program Files\Microsoft SQL Server\110\DTS\Binn\;C:\Program Files (x86)\Microsoft SQL Server\110\Tools\Binn\ManagementStudio\;C:\Program Files (x86)\Microsoft Visual Studio 10.0\Common7\IDE\PrivateAssemblies\;C:\Program Files (x86)\Microsoft SQL Server\110\DTS\Binn\;C:\Program Files\Microsoft SQL Server\130\Tools\Binn\;C:\Program Files\Microsoft SQL Server\Client SDK\ODBC\170\Tools\Binn\;C:\Users\PC\Downloads eclipse.java.juno-SR2-win32\eclipsejre\bin\javaw.exe;C:\Program Files\nodejs\;C:\Program Files\Git\cmd;C:\Users\PC\AppData\Local\Programs\Python\Python38-32\Scripts\;C:\Users\PC\AppData\Local\Programs\Python\Python38-32\;C:\Users\PC\AppData\Local\Programs\Python\Python38\Scripts\;C:\Users\PC\AppData\Local\Programs\Python\Python38\;C:\Users\PC\AppData\Local\Microsoft\WindowsApps;C:\Users\PC\.dotnet\tools;C:\Users\PC\AppData\Roaming\npm
USERNAME=PC
OS=Windows_NT
PROCESSOR_IDENTIFIER=Intel64 Family 6 Model 142 Stepping 11, GenuineIntel



---------------  S Y S T E M  ---------------

OS: Windows 10 , 64 bit Build 22000 (10.0.22000.318)
OS uptime: 8 days 8:36 hours

CPU:total 8 (initial active 8) (4 cores per cpu, 2 threads per core) family 6 model 142 stepping 11 microcode 0xde, cmov, cx8, fxsr, mmx, sse, sse2, sse3, ssse3, sse4.1, sse4.2, popcnt, avx, avx2, aes, clmul, erms, 3dnowpref, lzcnt, ht, tsc, tscinvbit, bmi1, bmi2, adx, fma

Memory: 4k page, system-wide physical 8043M (361M free)
TotalPageFile size 17059M (AvailPageFile size 13M)
current process WorkingSet (physical memory assigned to process): 642M, peak: 650M
current process commit charge ("private bytes"): 702M, peak: 755M

vm_info: OpenJDK 64-Bit Server VM (11.0.10+0-b96-7249189) for windows-amd64 JRE (11.0.10+0-b96-7249189), built on Mar 31 2021 21:44:00 by "builder" with MS VC++ 14.0 (VS2015)

END.
