#
# There is insufficient memory for the Java Runtime Environment to continue.
# Native memory allocation (mmap) failed to map 55574528 bytes for Failed to commit area from 0x0000000090800000 to 0x0000000093d00000 of length 55574528.
# Possible reasons:
#   The system is out of physical RAM or swap space
#   The process is running with CompressedOops enabled, and the Java Heap may be blocking the growth of the native heap
# Possible solutions:
#   Reduce memory load on the system
#   Increase physical memory or swap space
#   Check if swap backing store is full
#   Decrease Java heap size (-Xmx/-Xms)
#   Decrease number of Java threads
#   Decrease Java thread stack sizes (-Xss)
#   Set larger code cache with -XX:ReservedCodeCacheSize=
#   JVM is running with Unscaled Compressed Oops mode in which the Java heap is
#     placed in the first 4GB address space. The Java Heap base address is the
#     maximum limit for the native heap growth. Please use -XX:HeapBaseMinAddress
#     to set the Java Heap base and to place the Java Heap above 4GB virtual address.
# This output file may be truncated or incomplete.
#
#  Out of Memory Error (./src/hotspot/os/windows/os_windows.cpp:3301), pid=20136, tid=17892
#
# JRE version: OpenJDK Runtime Environment (11.0.10) (build 11.0.10+0-b96-7249189)
# Java VM: OpenJDK 64-Bit Server VM (11.0.10+0-b96-7249189, mixed mode, tiered, compressed oops, g1 gc, windows-amd64)
# No core dump will be written. Minidumps are not enabled by default on client versions of Windows
#

---------------  S U M M A R Y ------------

Command Line: --add-opens=java.base/java.util=ALL-UNNAMED --add-opens=java.base/java.lang=ALL-UNNAMED --add-opens=java.base/java.lang.invoke=ALL-UNNAMED --add-opens=java.base/java.util=ALL-UNNAMED --add-opens=java.prefs/java.util.prefs=ALL-UNNAMED --add-opens=java.prefs/java.util.prefs=ALL-UNNAMED --add-opens=java.base/java.nio.charset=ALL-UNNAMED --add-opens=java.base/java.net=ALL-UNNAMED --add-opens=java.base/java.util.concurrent.atomic=ALL-UNNAMED -Xmx2048m -Dfile.encoding=UTF-8 -Duser.country=US -Duser.language=en -Duser.variant org.gradle.launcher.daemon.bootstrap.GradleDaemon 7.0.2

Host: Intel(R) Core(TM) i5-8265U CPU @ 1.60GHz, 8 cores, 7G,  Windows 10 , 64 bit Build 22000 (10.0.22000.318)
Time: Sun Dec 26 21:52:22 2021 SE Asia Standard Time elapsed time: 31.494847 seconds (0d 0h 0m 31s)

---------------  T H R E A D  ---------------

Current thread (0x0000022136c78800):  VMThread "VM Thread" [stack: 0x000000d1c5100000,0x000000d1c5200000] [id=17892]

Stack: [0x000000d1c5100000,0x000000d1c5200000]
[error occurred during error reporting (printing stack bounds), id 0xc0000005, EXCEPTION_ACCESS_VIOLATION (0xc0000005) at pc=0x0000022120300f2d]

Native frames: (J=compiled Java code, j=interpreted, Vv=VM code, C=native code)
V  [jvm.dll+0x5ecfaa]
V  [jvm.dll+0x722bd5]
V  [jvm.dll+0x72412d]
V  [jvm.dll+0x724745]
V  [jvm.dll+0x7246fb]
V  [jvm.dll+0x5ec348]
V  [jvm.dll+0x5ecad8]
C  [ntdll.dll+0xa82ff]
C  [ntdll.dll+0x35a0a]
C  [ntdll.dll+0xa730e]
C  0x0000022120300f2d

VM_Operation (0x000000d1c83f6390): G1CollectForAllocation, mode: safepoint, requested by thread 0x000002213b2ee000


---------------  P R O C E S S  ---------------

Threads class SMR info:
_java_thread_list=0x000002213ab9bf10, length=71, elements={
0x000002211c816000, 0x0000022136c7c000, 0x0000022136c85000, 0x0000022136c98800,
0x0000022136c99800, 0x0000022136c9a800, 0x0000022136c9e000, 0x0000022136ca2800,
0x00000221375fc800, 0x0000022137747800, 0x00000221396b1000, 0x00000221379d0800,
0x0000022139408000, 0x0000022138f8b800, 0x0000022139aae000, 0x000002213a98f800,
0x000002213a9ae800, 0x000002213a21f000, 0x0000022139a95000, 0x000002213a585000,
0x000002213a589000, 0x000002213a589800, 0x000002213a584000, 0x000002213a586800,
0x000002213a58a800, 0x000002213a587000, 0x000002213a588000, 0x000002213a585800,
0x000002213a7f6800, 0x000002213a7f3000, 0x000002213a6c8800, 0x00000221390eb000,
0x000002213a7f5800, 0x000002213a7f4000, 0x000002213a7f8000, 0x000002213b2eb800,
0x000002213b2eb000, 0x000002213b2e7800, 0x000002213b2ec800, 0x000002213b2e8800,
0x000002213b2e7000, 0x000002213b2ee000, 0x000002213b2ed800, 0x000002213b2ef000,
0x000002213b2e9800, 0x000002213b2f0000, 0x000002213b2ea000, 0x000002213b2f3000,
0x000002213b2f4000, 0x000002213b2f0800, 0x000002213b2f1800, 0x000002213b2f4800,
0x000002213b2f5800, 0x00000221376ce000, 0x00000221376cc000, 0x00000221376ca000,
0x00000221376ca800, 0x00000221376cb800, 0x00000221376cd000, 0x00000221376c8000,
0x00000221376ce800, 0x00000221376c9000, 0x00000221389d1000, 0x00000221389d2000,
0x00000221389ce000, 0x00000221389ce800, 0x00000221389d5000, 0x00000221389cf800,
0x00000221389d6000, 0x00000221389d0800, 0x00000221389d2800
}

Java Threads: ( => current thread )
  0x000002211c816000 JavaThread "main" [_thread_blocked, id=13836, stack(0x000000d1c4b00000,0x000000d1c4c00000)]
  0x0000022136c7c000 JavaThread "Reference Handler" daemon [_thread_blocked, id=6796, stack(0x000000d1c5200000,0x000000d1c5300000)]
  0x0000022136c85000 JavaThread "Finalizer" daemon [_thread_blocked, id=22640, stack(0x000000d1c5300000,0x000000d1c5400000)]
  0x0000022136c98800 JavaThread "Signal Dispatcher" daemon [_thread_blocked, id=14108, stack(0x000000d1c5400000,0x000000d1c5500000)]
  0x0000022136c99800 JavaThread "Attach Listener" daemon [_thread_blocked, id=17032, stack(0x000000d1c5500000,0x000000d1c5600000)]
  0x0000022136c9a800 JavaThread "Service Thread" daemon [_thread_blocked, id=3616, stack(0x000000d1c5600000,0x000000d1c5700000)]
  0x0000022136c9e000 JavaThread "C2 CompilerThread0" daemon [_thread_blocked, id=12868, stack(0x000000d1c5700000,0x000000d1c5800000)]
  0x0000022136ca2800 JavaThread "C1 CompilerThread0" daemon [_thread_blocked, id=18968, stack(0x000000d1c5800000,0x000000d1c5900000)]
  0x00000221375fc800 JavaThread "Sweeper thread" daemon [_thread_blocked, id=23020, stack(0x000000d1c5900000,0x000000d1c5a00000)]
  0x0000022137747800 JavaThread "Common-Cleaner" daemon [_thread_blocked, id=22600, stack(0x000000d1c5a00000,0x000000d1c5b00000)]
  0x00000221396b1000 JavaThread "Daemon health stats" [_thread_blocked, id=22548, stack(0x000000d1c6000000,0x000000d1c6100000)]
  0x00000221379d0800 JavaThread "Incoming local TCP Connector on port 63418" [_thread_in_native, id=20160, stack(0x000000d1c5c00000,0x000000d1c5d00000)]
  0x0000022139408000 JavaThread "Daemon periodic checks" [_thread_blocked, id=3528, stack(0x000000d1c6100000,0x000000d1c6200000)]
  0x0000022138f8b800 JavaThread "Daemon" [_thread_blocked, id=17356, stack(0x000000d1c6200000,0x000000d1c6300000)]
  0x0000022139aae000 JavaThread "Handler for socket connection from /127.0.0.1:63418 to /127.0.0.1:63419" [_thread_in_native, id=5524, stack(0x000000d1c6300000,0x000000d1c6400000)]
  0x000002213a98f800 JavaThread "Cancel handler" [_thread_blocked, id=18892, stack(0x000000d1c6400000,0x000000d1c6500000)]
  0x000002213a9ae800 JavaThread "Daemon worker" [_thread_blocked, id=3052, stack(0x000000d1c6500000,0x000000d1c6600000)]
  0x000002213a21f000 JavaThread "Asynchronous log dispatcher for DefaultDaemonConnection: socket connection from /127.0.0.1:63418 to /127.0.0.1:63419" [_thread_blocked, id=10836, stack(0x000000d1c6600000,0x000000d1c6700000)]
  0x0000022139a95000 JavaThread "Stdin handler" [_thread_blocked, id=16632, stack(0x000000d1c6700000,0x000000d1c6800000)]
  0x000002213a585000 JavaThread "Daemon client event forwarder" [_thread_blocked, id=15820, stack(0x000000d1c6800000,0x000000d1c6900000)]
  0x000002213a589000 JavaThread "Cache worker for file hash cache (D:\caches\7.0.2\fileHashes)" [_thread_blocked, id=11932, stack(0x000000d1c5d00000,0x000000d1c5e00000)]
  0x000002213a589800 JavaThread "File lock request listener" [_thread_in_native, id=22248, stack(0x000000d1c6e00000,0x000000d1c6f00000)]
  0x000002213a584000 JavaThread "Cache worker for journal cache (D:\caches\journal-1)" [_thread_blocked, id=11188, stack(0x000000d1c7000000,0x000000d1c7100000)]
  0x000002213a586800 JavaThread "Cache worker for file hash cache (C:\Users\PC\AndroidStudioProjects\MyApplication5\.gradle\7.0.2\fileHashes)" [_thread_blocked, id=12884, stack(0x000000d1c7200000,0x000000d1c7300000)]
  0x000002213a58a800 JavaThread "File watcher server" daemon [_thread_blocked, id=14704, stack(0x000000d1c7300000,0x000000d1c7400000)]
  0x000002213a587000 JavaThread "File watcher consumer" daemon [_thread_blocked, id=9116, stack(0x000000d1c7400000,0x000000d1c7500000)]
  0x000002213a588000 JavaThread "Cache worker for checksums cache (C:\Users\PC\AndroidStudioProjects\MyApplication5\.gradle\checksums)" [_thread_blocked, id=2956, stack(0x000000d1c7500000,0x000000d1c7600000)]
  0x000002213a585800 JavaThread "Cache worker for cache directory md-supplier (D:\caches\7.0.2\md-supplier)" [_thread_blocked, id=19712, stack(0x000000d1c7600000,0x000000d1c7700000)]
  0x000002213a7f6800 JavaThread "Cache worker for cache directory md-rule (D:\caches\7.0.2\md-rule)" [_thread_blocked, id=11472, stack(0x000000d1c7800000,0x000000d1c7900000)]
  0x000002213a7f3000 JavaThread "Cache worker for execution history cache (D:\caches\7.0.2\executionHistory)" [_thread_blocked, id=19768, stack(0x000000d1c7900000,0x000000d1c7a00000)]
  0x000002213a6c8800 JavaThread "C2 CompilerThread1" daemon [_thread_in_native, id=18956, stack(0x000000d1c7100000,0x000000d1c7200000)]
  0x00000221390eb000 JavaThread "C2 CompilerThread2" daemon [_thread_in_native, id=15640, stack(0x000000d1c7700000,0x000000d1c7800000)]
  0x000002213a7f5800 JavaThread "jar transforms" [_thread_blocked, id=17152, stack(0x000000d1c7a00000,0x000000d1c7b00000)]
  0x000002213a7f4000 JavaThread "jar transforms Thread 2" [_thread_blocked, id=17452, stack(0x000000d1c7b00000,0x000000d1c7c00000)]
  0x000002213a7f8000 JavaThread "Cache worker for file content cache (D:\caches\7.0.2\fileContent)" [_thread_blocked, id=22840, stack(0x000000d1c7c00000,0x000000d1c7d00000)]
  0x000002213b2eb800 JavaThread "Cache worker for dependencies-accessors (C:\Users\PC\AndroidStudioProjects\MyApplication5\.gradle\7.0.2\dependencies-accessors)" [_thread_blocked, id=1632, stack(0x000000d1c7d00000,0x000000d1c7e00000)]
  0x000002213b2eb000 JavaThread "jar transforms Thread 3" [_thread_blocked, id=7568, stack(0x000000d1c7e00000,0x000000d1c7f00000)]
  0x000002213b2e7800 JavaThread "Cache worker for Build Output Cleanup Cache (C:\Users\PC\AndroidStudioProjects\MyApplication5\.gradle\buildOutputCleanup)" [_thread_blocked, id=13728, stack(0x000000d1c7f00000,0x000000d1c8000000)]
  0x000002213b2ec800 JavaThread "Build operations" [_thread_blocked, id=2488, stack(0x000000d1c8000000,0x000000d1c8100000)]
  0x000002213b2e8800 JavaThread "Build operations Thread 2" [_thread_blocked, id=11888, stack(0x000000d1c8100000,0x000000d1c8200000)]
  0x000002213b2e7000 JavaThread "Build operations Thread 3" [_thread_blocked, id=22944, stack(0x000000d1c8200000,0x000000d1c8300000)]
  0x000002213b2ee000 JavaThread "Build operations Thread 4" [_thread_blocked, id=18092, stack(0x000000d1c8300000,0x000000d1c8400000)]
  0x000002213b2ed800 JavaThread "Build operations Thread 5" [_thread_blocked, id=23200, stack(0x000000d1c8400000,0x000000d1c8500000)]
  0x000002213b2ef000 JavaThread "Build operations Thread 6" [_thread_blocked, id=12704, stack(0x000000d1c8500000,0x000000d1c8600000)]
  0x000002213b2e9800 JavaThread "Build operations Thread 7" [_thread_blocked, id=23048, stack(0x000000d1c8600000,0x000000d1c8700000)]
  0x000002213b2f0000 JavaThread "Build operations Thread 8" [_thread_blocked, id=3972, stack(0x000000d1c8700000,0x000000d1c8800000)]
  0x000002213b2ea000 JavaThread "jar transforms Thread 4" [_thread_blocked, id=20964, stack(0x000000d1c8800000,0x000000d1c8900000)]
  0x000002213b2f3000 JavaThread "jar transforms Thread 5" [_thread_blocked, id=23176, stack(0x000000d1c8900000,0x000000d1c8a00000)]
  0x000002213b2f4000 JavaThread "jar transforms Thread 6" [_thread_blocked, id=12916, stack(0x000000d1c8a00000,0x000000d1c8b00000)]
  0x000002213b2f0800 JavaThread "jar transforms Thread 7" [_thread_blocked, id=9792, stack(0x000000d1c8b00000,0x000000d1c8c00000)]
  0x000002213b2f1800 JavaThread "jar transforms Thread 8" [_thread_blocked, id=1608, stack(0x000000d1c8c00000,0x000000d1c8d00000)]
  0x000002213b2f4800 JavaThread "Memory manager" [_thread_blocked, id=10768, stack(0x000000d1c8d00000,0x000000d1c8e00000)]
  0x000002213b2f5800 JavaThread "build event listener" [_thread_blocked, id=23280, stack(0x000000d1c8e00000,0x000000d1c8f00000)]
  0x00000221376ce000 JavaThread "pool-3-thread-1" [_thread_blocked, id=22060, stack(0x000000d1c8f00000,0x000000d1c9000000)]
  0x00000221376cc000 JavaThread "build event listener" [_thread_blocked, id=21676, stack(0x000000d1c9000000,0x000000d1c9100000)]
  0x00000221376ca000 JavaThread "Execution worker for ':'" [_thread_blocked, id=13152, stack(0x000000d1c9100000,0x000000d1c9200000)]
  0x00000221376ca800 JavaThread "Execution worker for ':' Thread 2" [_thread_blocked, id=23136, stack(0x000000d1c9200000,0x000000d1c9300000)]
  0x00000221376cb800 JavaThread "Execution worker for ':' Thread 3" [_thread_blocked, id=16564, stack(0x000000d1c9300000,0x000000d1c9400000)]
  0x00000221376cd000 JavaThread "Execution worker for ':' Thread 4" [_thread_blocked, id=4312, stack(0x000000d1c9400000,0x000000d1c9500000)]
  0x00000221376c8000 JavaThread "Execution worker for ':' Thread 5" [_thread_blocked, id=19112, stack(0x000000d1c9500000,0x000000d1c9600000)]
  0x00000221376ce800 JavaThread "Execution worker for ':' Thread 6" [_thread_blocked, id=9420, stack(0x000000d1c9600000,0x000000d1c9700000)]
  0x00000221376c9000 JavaThread "Execution worker for ':' Thread 7" [_thread_blocked, id=21100, stack(0x000000d1c9700000,0x000000d1c9800000)]
  0x00000221389d1000 JavaThread "Cache worker for execution history cache (C:\Users\PC\AndroidStudioProjects\MyApplication5\.gradle\7.0.2\executionHistory)" [_thread_blocked, id=23320, stack(0x000000d1c9800000,0x000000d1c9900000)]
  0x00000221389d2000 JavaThread "WorkerExecutor Queue" [_thread_blocked, id=12232, stack(0x000000d1c9900000,0x000000d1c9a00000)]
  0x00000221389ce000 JavaThread "WorkerExecutor Queue Thread 2" [_thread_blocked, id=18016, stack(0x000000d1c9a00000,0x000000d1c9b00000)]
  0x00000221389ce800 JavaThread "WorkerExecutor Queue Thread 3" [_thread_blocked, id=13928, stack(0x000000d1c9b00000,0x000000d1c9c00000)]
  0x00000221389d5000 JavaThread "WorkerExecutor Queue Thread 4" [_thread_blocked, id=9072, stack(0x000000d1c9c00000,0x000000d1c9d00000)]
  0x00000221389cf800 JavaThread "WorkerExecutor Queue Thread 5" [_thread_blocked, id=15668, stack(0x000000d1c9d00000,0x000000d1c9e00000)]
  0x00000221389d6000 JavaThread "WorkerExecutor Queue Thread 6" [_thread_blocked, id=3796, stack(0x000000d1c9e00000,0x000000d1c9f00000)]
  0x00000221389d0800 JavaThread "WorkerExecutor Queue Thread 7" [_thread_blocked, id=8024, stack(0x000000d1c9f00000,0x000000d1ca000000)]
  0x00000221389d2800 JavaThread "WorkerExecutor Queue Thread 8" [_thread_blocked, id=12048, stack(0x000000d1ca000000,0x000000d1ca100000)]

Other Threads:
=>0x0000022136c78800 VMThread "VM Thread" [stack: 0x000000d1c5100000,0x000000d1c5200000] [id=17892]
  0x0000022137760000 WatcherThread [stack: 0x000000d1c5b00000,0x000000d1c5c00000] [id=20100]
  0x000002211c82f000 GCTaskThread "GC Thread#0" [stack: 0x000000d1c4c00000,0x000000d1c4d00000] [id=14472]
  0x0000022137ee6000 GCTaskThread "GC Thread#1" [stack: 0x000000d1c5e00000,0x000000d1c5f00000] [id=3552]
  0x00000221382ad800 GCTaskThread "GC Thread#2" [stack: 0x000000d1c5f00000,0x000000d1c6000000] [id=328]
  0x000002213a797800 GCTaskThread "GC Thread#3" [stack: 0x000000d1c6900000,0x000000d1c6a00000] [id=7904]
  0x000002213a798000 GCTaskThread "GC Thread#4" [stack: 0x000000d1c6a00000,0x000000d1c6b00000] [id=23524]
  0x000002213aa08800 GCTaskThread "GC Thread#5" [stack: 0x000000d1c6b00000,0x000000d1c6c00000] [id=15508]
  0x000002213aa09800 GCTaskThread "GC Thread#6" [stack: 0x000000d1c6c00000,0x000000d1c6d00000] [id=10500]
  0x0000022139998800 GCTaskThread "GC Thread#7" [stack: 0x000000d1c6d00000,0x000000d1c6e00000] [id=21688]
  0x000002211c861800 ConcurrentGCThread "G1 Main Marker" [stack: 0x000000d1c4d00000,0x000000d1c4e00000] [id=20024]
  0x000002211c863000 ConcurrentGCThread "G1 Conc#0" [stack: 0x000000d1c4e00000,0x000000d1c4f00000] [id=22200]
  0x000002213a275000 ConcurrentGCThread "G1 Conc#1" [stack: 0x000000d1c6f00000,0x000000d1c7000000] [id=10796]
  0x000002211c8ed800 ConcurrentGCThread "G1 Refine#0" [stack: 0x000000d1c4f00000,0x000000d1c5000000] [id=3608]
  0x000002213a23a800 ConcurrentGCThread "G1 Refine#1" [stack: 0x000000d1ca100000,0x000000d1ca200000] [id=22664]
  0x000002211c8ee800 ConcurrentGCThread "G1 Young RemSet Sampling" [stack: 0x000000d1c5000000,0x000000d1c5100000] [id=16616]

Threads with active compile tasks:
C2 CompilerThread0  31555 16187       4       com.android.tools.r8.ir.regalloc.a::a (261 bytes)
C1 CompilerThread0  31555 16332       2       com.android.tools.r8.dex.z$g::b (38 bytes)
C2 CompilerThread1  31556 16144       4       com.android.tools.r8.internal.Nv::a (455 bytes)
C2 CompilerThread2  31556 16016       4       com.android.tools.r8.internal.Me::a (1137 bytes)

VM state:at safepoint (normal execution)

VM Mutex/Monitor currently owned by a thread:  ([mutex/lock_event])
[0x000002211c811830] Threads_lock - owner thread: 0x0000022136c78800
[0x000002211c8107e0] Heap_lock - owner thread: 0x000002213b2ee000

Heap address: 0x0000000080000000, size: 2048 MB, Compressed Oops mode: 32-bit
Narrow klass base: 0x0000000000000000, Narrow klass shift: 3
Compressed class space size: 1073741824 Address: 0x0000000100000000

Heap:
 garbage-first heap   total 324608K, used 136428K [0x0000000080000000, 0x0000000100000000)
  region size 1024K, 2 young (2048K), 2 survivors (2048K)
 Metaspace       used 106883K, capacity 109499K, committed 110028K, reserved 1144832K
  class space    used 13517K, capacity 14506K, committed 14796K, reserved 1048576K
Heap Regions: E=young(eden), S=young(survivor), O=old, HS=humongous(starts), HC=humongous(continues), CS=collection set, F=free, A=archive, TAMS=top-at-mark-start (previous, next)
|   0|0x0000000080000000, 0x0000000080100000, 0x0000000080100000|100%| O|  |TAMS 0x0000000080100000, 0x0000000080000000| Untracked 
|   1|0x0000000080100000, 0x0000000080200000, 0x0000000080200000|100%| O|  |TAMS 0x0000000080200000, 0x0000000080100000| Untracked 
|   2|0x0000000080200000, 0x0000000080300000, 0x0000000080300000|100%| O|  |TAMS 0x0000000080300000, 0x0000000080200000| Untracked 
|   3|0x0000000080300000, 0x0000000080400000, 0x0000000080400000|100%|HS|  |TAMS 0x0000000080400000, 0x0000000080300000| Complete 
|   4|0x0000000080400000, 0x0000000080500000, 0x0000000080500000|100%|HC|  |TAMS 0x0000000080500000, 0x0000000080400000| Complete 
|   5|0x0000000080500000, 0x0000000080600000, 0x0000000080600000|100%|HC|  |TAMS 0x0000000080600000, 0x0000000080500000| Complete 
|   6|0x0000000080600000, 0x0000000080700000, 0x0000000080700000|100%| O|  |TAMS 0x0000000080700000, 0x0000000080600000| Untracked 
|   7|0x0000000080700000, 0x0000000080800000, 0x0000000080800000|100%| O|  |TAMS 0x0000000080800000, 0x0000000080700000| Untracked 
|   8|0x0000000080800000, 0x0000000080900000, 0x0000000080900000|100%| O|  |TAMS 0x0000000080900000, 0x0000000080800000| Complete 
|   9|0x0000000080900000, 0x0000000080a00000, 0x0000000080a00000|100%| O|  |TAMS 0x0000000080a00000, 0x0000000080900000| Untracked 
|  10|0x0000000080a00000, 0x0000000080b00000, 0x0000000080b00000|100%| O|  |TAMS 0x0000000080b00000, 0x0000000080a00000| Untracked 
|  11|0x0000000080b00000, 0x0000000080c00000, 0x0000000080c00000|100%| O|  |TAMS 0x0000000080c00000, 0x0000000080b00000| Untracked 
|  12|0x0000000080c00000, 0x0000000080d00000, 0x0000000080d00000|100%| O|  |TAMS 0x0000000080d00000, 0x0000000080c00000| Untracked 
|  13|0x0000000080d00000, 0x0000000080e00000, 0x0000000080e00000|100%| O|  |TAMS 0x0000000080e00000, 0x0000000080d00000| Untracked 
|  14|0x0000000080e00000, 0x0000000080f00000, 0x0000000080f00000|100%| O|  |TAMS 0x0000000080f00000, 0x0000000080e00000| Untracked 
|  15|0x0000000080f00000, 0x0000000081000000, 0x0000000081000000|100%| O|  |TAMS 0x0000000081000000, 0x0000000080f00000| Untracked 
|  16|0x0000000081000000, 0x0000000081100000, 0x0000000081100000|100%|HS|  |TAMS 0x0000000081100000, 0x0000000081000000| Complete 
|  17|0x0000000081100000, 0x0000000081200000, 0x0000000081200000|100%| O|  |TAMS 0x0000000081200000, 0x0000000081100000| Untracked 
|  18|0x0000000081200000, 0x0000000081300000, 0x0000000081300000|100%| O|  |TAMS 0x0000000081300000, 0x0000000081200000| Untracked 
|  19|0x0000000081300000, 0x0000000081400000, 0x0000000081400000|100%| O|  |TAMS 0x0000000081400000, 0x0000000081300000| Untracked 
|  20|0x0000000081400000, 0x0000000081500000, 0x0000000081500000|100%| O|  |TAMS 0x0000000081500000, 0x0000000081400000| Complete 
|  21|0x0000000081500000, 0x0000000081600000, 0x0000000081600000|100%| O|  |TAMS 0x0000000081600000, 0x0000000081500000| Complete 
|  22|0x0000000081600000, 0x0000000081700000, 0x0000000081700000|100%| O|  |TAMS 0x0000000081700000, 0x0000000081600000| Untracked 
|  23|0x0000000081700000, 0x0000000081800000, 0x0000000081800000|100%|HS|  |TAMS 0x0000000081800000, 0x0000000081700000| Complete 
|  24|0x0000000081800000, 0x0000000081900000, 0x0000000081900000|100%| O|  |TAMS 0x0000000081900000, 0x0000000081800000| Untracked 
|  25|0x0000000081900000, 0x0000000081a00000, 0x0000000081a00000|100%| O|  |TAMS 0x0000000081a00000, 0x0000000081900000| Untracked 
|  26|0x0000000081a00000, 0x0000000081b00000, 0x0000000081b00000|100%| O|  |TAMS 0x0000000081b00000, 0x0000000081a00000| Untracked 
|  27|0x0000000081b00000, 0x0000000081c00000, 0x0000000081c00000|100%| O|  |TAMS 0x0000000081c00000, 0x0000000081b00000| Complete 
|  28|0x0000000081c00000, 0x0000000081d00000, 0x0000000081d00000|100%|HS|  |TAMS 0x0000000081d00000, 0x0000000081c00000| Complete 
|  29|0x0000000081d00000, 0x0000000081e00000, 0x0000000081e00000|100%|HC|  |TAMS 0x0000000081e00000, 0x0000000081d00000| Complete 
|  30|0x0000000081e00000, 0x0000000081f00000, 0x0000000081f00000|100%| O|  |TAMS 0x0000000081f00000, 0x0000000081e00000| Untracked 
|  31|0x0000000081f00000, 0x0000000082000000, 0x0000000082000000|100%| O|  |TAMS 0x0000000082000000, 0x0000000081f00000| Untracked 
|  32|0x0000000082000000, 0x0000000082100000, 0x0000000082100000|100%| O|  |TAMS 0x0000000082100000, 0x0000000082000000| Untracked 
|  33|0x0000000082100000, 0x0000000082200000, 0x0000000082200000|100%| O|  |TAMS 0x0000000082200000, 0x0000000082100000| Complete 
|  34|0x0000000082200000, 0x0000000082300000, 0x0000000082300000|100%| O|  |TAMS 0x0000000082300000, 0x0000000082200000| Untracked 
|  35|0x0000000082300000, 0x0000000082400000, 0x0000000082400000|100%| O|  |TAMS 0x0000000082400000, 0x0000000082300000| Untracked 
|  36|0x0000000082400000, 0x0000000082500000, 0x0000000082500000|100%| O|  |TAMS 0x0000000082500000, 0x0000000082400000| Complete 
|  37|0x0000000082500000, 0x0000000082600000, 0x0000000082600000|100%| O|  |TAMS 0x0000000082600000, 0x0000000082500000| Complete 
|  38|0x0000000082600000, 0x0000000082700000, 0x0000000082700000|100%| O|  |TAMS 0x0000000082700000, 0x0000000082600000| Untracked 
|  39|0x0000000082700000, 0x0000000082800000, 0x0000000082800000|100%| O|  |TAMS 0x0000000082800000, 0x0000000082700000| Untracked 
|  40|0x0000000082800000, 0x0000000082900000, 0x0000000082900000|100%| O|  |TAMS 0x0000000082900000, 0x0000000082800000| Untracked 
|  41|0x0000000082900000, 0x0000000082a00000, 0x0000000082a00000|100%| O|  |TAMS 0x0000000082a00000, 0x0000000082900000| Untracked 
|  42|0x0000000082a00000, 0x0000000082b00000, 0x0000000082b00000|100%| O|  |TAMS 0x0000000082b00000, 0x0000000082a00000| Complete 
|  43|0x0000000082b00000, 0x0000000082c00000, 0x0000000082c00000|100%| O|  |TAMS 0x0000000082c00000, 0x0000000082b00000| Untracked 
|  44|0x0000000082c00000, 0x0000000082d00000, 0x0000000082d00000|100%| O|  |TAMS 0x0000000082d00000, 0x0000000082c00000| Untracked 
|  45|0x0000000082d00000, 0x0000000082e00000, 0x0000000082e00000|100%| O|  |TAMS 0x0000000082e00000, 0x0000000082d00000| Untracked 
|  46|0x0000000082e00000, 0x0000000082f00000, 0x0000000082f00000|100%| O|  |TAMS 0x0000000082f00000, 0x0000000082e00000| Untracked 
|  47|0x0000000082f00000, 0x0000000083000000, 0x0000000083000000|100%| O|  |TAMS 0x0000000083000000, 0x0000000082f00000| Untracked 
|  48|0x0000000083000000, 0x0000000083100000, 0x0000000083100000|100%| O|  |TAMS 0x0000000083100000, 0x0000000083000000| Untracked 
|  49|0x0000000083100000, 0x0000000083200000, 0x0000000083200000|100%| O|  |TAMS 0x0000000083200000, 0x0000000083100000| Untracked 
|  50|0x0000000083200000, 0x0000000083300000, 0x0000000083300000|100%| O|  |TAMS 0x0000000083300000, 0x0000000083200000| Untracked 
|  51|0x0000000083300000, 0x0000000083400000, 0x0000000083400000|100%| O|  |TAMS 0x0000000083400000, 0x0000000083300000| Untracked 
|  52|0x0000000083400000, 0x0000000083500000, 0x0000000083500000|100%| O|  |TAMS 0x0000000083500000, 0x0000000083400000| Untracked 
|  53|0x0000000083500000, 0x0000000083600000, 0x0000000083600000|100%| O|  |TAMS 0x0000000083600000, 0x0000000083500000| Complete 
|  54|0x0000000083600000, 0x0000000083700000, 0x0000000083700000|100%| O|  |TAMS 0x0000000083700000, 0x0000000083600000| Untracked 
|  55|0x0000000083700000, 0x0000000083800000, 0x0000000083800000|100%| O|  |TAMS 0x0000000083800000, 0x0000000083700000| Untracked 
|  56|0x0000000083800000, 0x0000000083900000, 0x0000000083900000|100%| O|  |TAMS 0x0000000083900000, 0x0000000083800000| Untracked 
|  57|0x0000000083900000, 0x0000000083a00000, 0x0000000083a00000|100%| O|  |TAMS 0x0000000083a00000, 0x0000000083900000| Untracked 
|  58|0x0000000083a00000, 0x0000000083b00000, 0x0000000083b00000|100%| O|  |TAMS 0x0000000083b00000, 0x0000000083a00000| Untracked 
|  59|0x0000000083b00000, 0x0000000083c00000, 0x0000000083c00000|100%| O|  |TAMS 0x0000000083c00000, 0x0000000083b00000| Untracked 
|  60|0x0000000083c00000, 0x0000000083d00000, 0x0000000083d00000|100%| O|  |TAMS 0x0000000083d00000, 0x0000000083c00000| Untracked 
|  61|0x0000000083d00000, 0x0000000083e00000, 0x0000000083e00000|100%| O|  |TAMS 0x0000000083e00000, 0x0000000083d00000| Untracked 
|  62|0x0000000083e00000, 0x0000000083f00000, 0x0000000083f00000|100%| O|  |TAMS 0x0000000083f00000, 0x0000000083e00000| Complete 
|  63|0x0000000083f00000, 0x0000000083f00000, 0x0000000084000000|  0%| F|  |TAMS 0x0000000083f00000, 0x0000000083f00000| Untracked 
|  64|0x0000000084000000, 0x0000000084100000, 0x0000000084100000|100%| O|  |TAMS 0x0000000084100000, 0x0000000084000000| Untracked 
|  65|0x0000000084100000, 0x0000000084200000, 0x0000000084200000|100%| O|  |TAMS 0x0000000084200000, 0x0000000084100000| Complete 
|  66|0x0000000084200000, 0x0000000084300000, 0x0000000084300000|100%| O|  |TAMS 0x0000000084300000, 0x0000000084200000| Complete 
|  67|0x0000000084300000, 0x0000000084400000, 0x0000000084400000|100%| O|  |TAMS 0x0000000084400000, 0x0000000084300000| Complete 
|  68|0x0000000084400000, 0x0000000084500000, 0x0000000084500000|100%| O|  |TAMS 0x0000000084500000, 0x0000000084400000| Untracked 
|  69|0x0000000084500000, 0x0000000084600000, 0x0000000084600000|100%| O|  |TAMS 0x0000000084600000, 0x0000000084500000| Untracked 
|  70|0x0000000084600000, 0x0000000084700000, 0x0000000084700000|100%| O|  |TAMS 0x0000000084700000, 0x0000000084600000| Complete 
|  71|0x0000000084700000, 0x0000000084800000, 0x0000000084800000|100%| O|  |TAMS 0x0000000084800000, 0x0000000084700000| Complete 
|  72|0x0000000084800000, 0x0000000084900000, 0x0000000084900000|100%| O|  |TAMS 0x0000000084900000, 0x0000000084800000| Complete 
|  73|0x0000000084900000, 0x0000000084a00000, 0x0000000084a00000|100%| O|  |TAMS 0x0000000084a00000, 0x0000000084900000| Complete 
|  74|0x0000000084a00000, 0x0000000084b00000, 0x0000000084b00000|100%| O|  |TAMS 0x0000000084b00000, 0x0000000084a00000| Complete 
|  75|0x0000000084b00000, 0x0000000084c00000, 0x0000000084c00000|100%| O|  |TAMS 0x0000000084c00000, 0x0000000084b00000| Complete 
|  76|0x0000000084c00000, 0x0000000084d00000, 0x0000000084d00000|100%| O|  |TAMS 0x0000000084d00000, 0x0000000084c00000| Untracked 
|  77|0x0000000084d00000, 0x0000000084e00000, 0x0000000084e00000|100%| O|  |TAMS 0x0000000084e00000, 0x0000000084d00000| Untracked 
|  78|0x0000000084e00000, 0x0000000084f00000, 0x0000000084f00000|100%| O|  |TAMS 0x0000000084f00000, 0x0000000084e00000| Untracked 
|  79|0x0000000084f00000, 0x0000000085000000, 0x0000000085000000|100%| O|  |TAMS 0x0000000085000000, 0x0000000084f00000| Complete 
|  80|0x0000000085000000, 0x000000008507c200, 0x0000000085100000| 48%| O|  |TAMS 0x000000008507c200, 0x0000000085000000| Untracked 
|  81|0x0000000085100000, 0x0000000085200000, 0x0000000085200000|100%| O|  |TAMS 0x0000000085200000, 0x0000000085100000| Complete 
|  82|0x0000000085200000, 0x0000000085300000, 0x0000000085300000|100%| O|  |TAMS 0x0000000085300000, 0x0000000085200000| Untracked 
|  83|0x0000000085300000, 0x0000000085400000, 0x0000000085400000|100%| O|  |TAMS 0x0000000085400000, 0x0000000085300000| Untracked 
|  84|0x0000000085400000, 0x0000000085500000, 0x0000000085500000|100%| O|  |TAMS 0x0000000085500000, 0x0000000085400000| Untracked 
|  85|0x0000000085500000, 0x0000000085600000, 0x0000000085600000|100%| O|  |TAMS 0x0000000085600000, 0x0000000085500000| Complete 
|  86|0x0000000085600000, 0x0000000085700000, 0x0000000085700000|100%| O|  |TAMS 0x0000000085700000, 0x0000000085600000| Complete 
|  87|0x0000000085700000, 0x0000000085700000, 0x0000000085800000|  0%| F|  |TAMS 0x0000000085700000, 0x0000000085700000| Untracked 
|  88|0x0000000085800000, 0x00000000858ffff8, 0x0000000085900000| 99%| O|  |TAMS 0x00000000858ffff8, 0x0000000085800000| Complete 
|  89|0x0000000085900000, 0x0000000085a00000, 0x0000000085a00000|100%| O|  |TAMS 0x0000000085a00000, 0x0000000085900000| Untracked 
|  90|0x0000000085a00000, 0x0000000085b00000, 0x0000000085b00000|100%| O|  |TAMS 0x0000000085b00000, 0x0000000085a00000| Untracked 
|  91|0x0000000085b00000, 0x0000000085c00000, 0x0000000085c00000|100%| O|  |TAMS 0x0000000085c00000, 0x0000000085b00000| Untracked 
|  92|0x0000000085c00000, 0x0000000085d00000, 0x0000000085d00000|100%| O|  |TAMS 0x0000000085d00000, 0x0000000085c00000| Untracked 
|  93|0x0000000085d00000, 0x0000000085e00000, 0x0000000085e00000|100%| O|  |TAMS 0x0000000085e00000, 0x0000000085d00000| Complete 
|  94|0x0000000085e00000, 0x0000000085f00000, 0x0000000085f00000|100%| O|  |TAMS 0x0000000085f00000, 0x0000000085e00000| Complete 
|  95|0x0000000085f00000, 0x0000000086000000, 0x0000000086000000|100%| O|  |TAMS 0x0000000086000000, 0x0000000085f00000| Untracked 
|  96|0x0000000086000000, 0x0000000086100000, 0x0000000086100000|100%| O|  |TAMS 0x0000000086100000, 0x0000000086000000| Untracked 
|  97|0x0000000086100000, 0x0000000086200000, 0x0000000086200000|100%| O|  |TAMS 0x0000000086200000, 0x0000000086100000| Untracked 
|  98|0x0000000086200000, 0x0000000086300000, 0x0000000086300000|100%| O|  |TAMS 0x0000000086300000, 0x0000000086200000| Untracked 
|  99|0x0000000086300000, 0x0000000086400000, 0x0000000086400000|100%| O|  |TAMS 0x0000000086400000, 0x0000000086300000| Untracked 
| 100|0x0000000086400000, 0x0000000086500000, 0x0000000086500000|100%| O|  |TAMS 0x0000000086500000, 0x0000000086400000| Untracked 
| 101|0x0000000086500000, 0x0000000086600000, 0x0000000086600000|100%| O|  |TAMS 0x0000000086600000, 0x0000000086500000| Untracked 
| 102|0x0000000086600000, 0x0000000086700000, 0x0000000086700000|100%| O|  |TAMS 0x0000000086700000, 0x0000000086600000| Untracked 
| 103|0x0000000086700000, 0x0000000086800000, 0x0000000086800000|100%| O|  |TAMS 0x0000000086800000, 0x0000000086700000| Untracked 
| 104|0x0000000086800000, 0x0000000086900000, 0x0000000086900000|100%| O|  |TAMS 0x0000000086900000, 0x0000000086800000| Untracked 
| 105|0x0000000086900000, 0x0000000086a00000, 0x0000000086a00000|100%| O|  |TAMS 0x0000000086a00000, 0x0000000086900000| Untracked 
| 106|0x0000000086a00000, 0x0000000086b00000, 0x0000000086b00000|100%| O|  |TAMS 0x0000000086b00000, 0x0000000086a00000| Complete 
| 107|0x0000000086b00000, 0x0000000086c00000, 0x0000000086c00000|100%| O|  |TAMS 0x0000000086c00000, 0x0000000086b00000| Complete 
| 108|0x0000000086c00000, 0x0000000086d00000, 0x0000000086d00000|100%| O|  |TAMS 0x0000000086d00000, 0x0000000086c00000| Untracked 
| 109|0x0000000086d00000, 0x0000000086e00000, 0x0000000086e00000|100%| O|  |TAMS 0x0000000086e00000, 0x0000000086d00000| Complete 
| 110|0x0000000086e00000, 0x0000000086f00000, 0x0000000086f00000|100%| O|  |TAMS 0x0000000086f00000, 0x0000000086e00000| Untracked 
| 111|0x0000000086f00000, 0x0000000087000000, 0x0000000087000000|100%| O|  |TAMS 0x0000000087000000, 0x0000000086f00000| Untracked 
| 112|0x0000000087000000, 0x0000000087100000, 0x0000000087100000|100%| O|  |TAMS 0x0000000087100000, 0x0000000087000000| Untracked 
| 113|0x0000000087100000, 0x0000000087200000, 0x0000000087200000|100%| O|  |TAMS 0x0000000087200000, 0x0000000087100000| Untracked 
| 114|0x0000000087200000, 0x0000000087300000, 0x0000000087300000|100%| O|  |TAMS 0x0000000087300000, 0x0000000087200000| Untracked 
| 115|0x0000000087300000, 0x0000000087400000, 0x0000000087400000|100%| O|  |TAMS 0x0000000087400000, 0x0000000087300000| Complete 
| 116|0x0000000087400000, 0x0000000087500000, 0x0000000087500000|100%| O|  |TAMS 0x0000000087500000, 0x0000000087400000| Complete 
| 117|0x0000000087500000, 0x0000000087600000, 0x0000000087600000|100%| O|  |TAMS 0x0000000087600000, 0x0000000087500000| Complete 
| 118|0x0000000087600000, 0x0000000087700000, 0x0000000087700000|100%| O|  |TAMS 0x0000000087700000, 0x0000000087600000| Complete 
| 119|0x0000000087700000, 0x0000000087800000, 0x0000000087800000|100%| O|  |TAMS 0x0000000087800000, 0x0000000087700000| Untracked 
| 120|0x0000000087800000, 0x0000000087900000, 0x0000000087900000|100%| O|  |TAMS 0x0000000087900000, 0x0000000087800000| Untracked 
| 121|0x0000000087900000, 0x0000000087a00000, 0x0000000087a00000|100%| O|  |TAMS 0x0000000087a00000, 0x0000000087900000| Untracked 
| 122|0x0000000087a00000, 0x0000000087b00000, 0x0000000087b00000|100%| O|  |TAMS 0x0000000087b00000, 0x0000000087a00000| Untracked 
| 123|0x0000000087b00000, 0x0000000087c00000, 0x0000000087c00000|100%| O|  |TAMS 0x0000000087c00000, 0x0000000087b00000| Untracked 
| 124|0x0000000087c00000, 0x0000000087d00000, 0x0000000087d00000|100%| O|  |TAMS 0x0000000087d00000, 0x0000000087c00000| Untracked 
| 125|0x0000000087d00000, 0x0000000087e00000, 0x0000000087e00000|100%| O|  |TAMS 0x0000000087e00000, 0x0000000087d00000| Untracked 
| 126|0x0000000087e00000, 0x0000000087f00000, 0x0000000087f00000|100%| O|  |TAMS 0x0000000087f00000, 0x0000000087e00000| Complete 
| 127|0x0000000087f00000, 0x0000000088000000, 0x0000000088000000|100%| O|  |TAMS 0x0000000088000000, 0x0000000087f00000| Complete 
| 128|0x0000000088000000, 0x0000000088100000, 0x0000000088100000|100%| O|  |TAMS 0x0000000088100000, 0x0000000088000000| Untracked 
| 129|0x0000000088100000, 0x0000000088200000, 0x0000000088200000|100%| O|  |TAMS 0x0000000088200000, 0x0000000088100000| Untracked 
| 130|0x0000000088200000, 0x0000000088300000, 0x0000000088300000|100%| O|  |TAMS 0x0000000088300000, 0x0000000088200000| Untracked 
| 131|0x0000000088300000, 0x0000000088400000, 0x0000000088400000|100%| O|  |TAMS 0x0000000088400000, 0x0000000088300000| Untracked 
| 132|0x0000000088400000, 0x0000000088500000, 0x0000000088500000|100%| O|  |TAMS 0x0000000088500000, 0x0000000088400000| Untracked 
| 133|0x0000000088500000, 0x0000000088600000, 0x0000000088600000|100%| O|  |TAMS 0x0000000088600000, 0x0000000088500000| Complete 
| 134|0x0000000088600000, 0x0000000088600000, 0x0000000088700000|  0%| F|  |TAMS 0x0000000088600000, 0x0000000088600000| Untracked 
| 135|0x0000000088700000, 0x0000000088700000, 0x0000000088800000|  0%| F|  |TAMS 0x0000000088700000, 0x0000000088700000| Untracked 
| 136|0x0000000088800000, 0x0000000088800000, 0x0000000088900000|  0%| F|  |TAMS 0x0000000088800000, 0x0000000088800000| Untracked 
| 137|0x0000000088900000, 0x0000000088900000, 0x0000000088a00000|  0%| F|  |TAMS 0x0000000088900000, 0x0000000088900000| Untracked 
| 138|0x0000000088a00000, 0x0000000088a00000, 0x0000000088b00000|  0%| F|  |TAMS 0x0000000088a00000, 0x0000000088a00000| Untracked 
| 139|0x0000000088b00000, 0x0000000088b00000, 0x0000000088c00000|  0%| F|  |TAMS 0x0000000088b00000, 0x0000000088b00000| Untracked 
| 140|0x0000000088c00000, 0x0000000088c00000, 0x0000000088d00000|  0%| F|  |TAMS 0x0000000088c00000, 0x0000000088c00000| Untracked 
| 141|0x0000000088d00000, 0x0000000088d00000, 0x0000000088e00000|  0%| F|  |TAMS 0x0000000088d00000, 0x0000000088d00000| Untracked 
| 142|0x0000000088e00000, 0x0000000088e00000, 0x0000000088f00000|  0%| F|  |TAMS 0x0000000088e00000, 0x0000000088e00000| Untracked 
| 143|0x0000000088f00000, 0x0000000088f00000, 0x0000000089000000|  0%| F|  |TAMS 0x0000000088f00000, 0x0000000088f00000| Untracked 
| 144|0x0000000089000000, 0x0000000089000000, 0x0000000089100000|  0%| F|  |TAMS 0x0000000089000000, 0x0000000089000000| Untracked 
| 145|0x0000000089100000, 0x0000000089100000, 0x0000000089200000|  0%| F|  |TAMS 0x0000000089100000, 0x0000000089100000| Untracked 
| 146|0x0000000089200000, 0x0000000089200000, 0x0000000089300000|  0%| F|  |TAMS 0x0000000089200000, 0x0000000089200000| Untracked 
| 147|0x0000000089300000, 0x0000000089300000, 0x0000000089400000|  0%| F|  |TAMS 0x0000000089300000, 0x0000000089300000| Untracked 
| 148|0x0000000089400000, 0x0000000089400000, 0x0000000089500000|  0%| F|  |TAMS 0x0000000089400000, 0x0000000089400000| Untracked 
| 149|0x0000000089500000, 0x0000000089500000, 0x0000000089600000|  0%| F|  |TAMS 0x0000000089500000, 0x0000000089500000| Untracked 
| 150|0x0000000089600000, 0x0000000089600000, 0x0000000089700000|  0%| F|  |TAMS 0x0000000089600000, 0x0000000089600000| Untracked 
| 151|0x0000000089700000, 0x0000000089700000, 0x0000000089800000|  0%| F|  |TAMS 0x0000000089700000, 0x0000000089700000| Untracked 
| 152|0x0000000089800000, 0x0000000089800000, 0x0000000089900000|  0%| F|  |TAMS 0x0000000089800000, 0x0000000089800000| Untracked 
| 153|0x0000000089900000, 0x0000000089900000, 0x0000000089a00000|  0%| F|  |TAMS 0x0000000089900000, 0x0000000089900000| Untracked 
| 154|0x0000000089a00000, 0x0000000089a00000, 0x0000000089b00000|  0%| F|  |TAMS 0x0000000089a00000, 0x0000000089a00000| Untracked 
| 155|0x0000000089b00000, 0x0000000089b00000, 0x0000000089c00000|  0%| F|  |TAMS 0x0000000089b00000, 0x0000000089b00000| Untracked 
| 156|0x0000000089c00000, 0x0000000089c00000, 0x0000000089d00000|  0%| F|  |TAMS 0x0000000089c00000, 0x0000000089c00000| Untracked 
| 157|0x0000000089d00000, 0x0000000089d00000, 0x0000000089e00000|  0%| F|  |TAMS 0x0000000089d00000, 0x0000000089d00000| Untracked 
| 158|0x0000000089e00000, 0x0000000089e00000, 0x0000000089f00000|  0%| F|  |TAMS 0x0000000089e00000, 0x0000000089e00000| Untracked 
| 159|0x0000000089f00000, 0x0000000089f00000, 0x000000008a000000|  0%| F|  |TAMS 0x0000000089f00000, 0x0000000089f00000| Untracked 
| 160|0x000000008a000000, 0x000000008a000000, 0x000000008a100000|  0%| F|  |TAMS 0x000000008a000000, 0x000000008a000000| Untracked 
| 161|0x000000008a100000, 0x000000008a100000, 0x000000008a200000|  0%| F|  |TAMS 0x000000008a100000, 0x000000008a100000| Untracked 
| 162|0x000000008a200000, 0x000000008a200000, 0x000000008a300000|  0%| F|  |TAMS 0x000000008a200000, 0x000000008a200000| Untracked 
| 163|0x000000008a300000, 0x000000008a300000, 0x000000008a400000|  0%| F|  |TAMS 0x000000008a300000, 0x000000008a300000| Untracked 
| 164|0x000000008a400000, 0x000000008a400000, 0x000000008a500000|  0%| F|  |TAMS 0x000000008a400000, 0x000000008a400000| Untracked 
| 165|0x000000008a500000, 0x000000008a500000, 0x000000008a600000|  0%| F|  |TAMS 0x000000008a500000, 0x000000008a500000| Untracked 
| 166|0x000000008a600000, 0x000000008a600000, 0x000000008a700000|  0%| F|  |TAMS 0x000000008a600000, 0x000000008a600000| Untracked 
| 167|0x000000008a700000, 0x000000008a700000, 0x000000008a800000|  0%| F|  |TAMS 0x000000008a700000, 0x000000008a700000| Untracked 
| 168|0x000000008a800000, 0x000000008a800000, 0x000000008a900000|  0%| F|  |TAMS 0x000000008a800000, 0x000000008a800000| Untracked 
| 169|0x000000008a900000, 0x000000008a900000, 0x000000008aa00000|  0%| F|  |TAMS 0x000000008a900000, 0x000000008a900000| Untracked 
| 170|0x000000008aa00000, 0x000000008aa00000, 0x000000008ab00000|  0%| F|  |TAMS 0x000000008aa00000, 0x000000008aa00000| Untracked 
| 171|0x000000008ab00000, 0x000000008ab00000, 0x000000008ac00000|  0%| F|  |TAMS 0x000000008ab00000, 0x000000008ab00000| Untracked 
| 172|0x000000008ac00000, 0x000000008ac00000, 0x000000008ad00000|  0%| F|  |TAMS 0x000000008ac00000, 0x000000008ac00000| Untracked 
| 173|0x000000008ad00000, 0x000000008ad00000, 0x000000008ae00000|  0%| F|  |TAMS 0x000000008ad00000, 0x000000008ad00000| Untracked 
| 174|0x000000008ae00000, 0x000000008ae00000, 0x000000008af00000|  0%| F|  |TAMS 0x000000008ae00000, 0x000000008ae00000| Untracked 
| 175|0x000000008af00000, 0x000000008af00000, 0x000000008b000000|  0%| F|  |TAMS 0x000000008af00000, 0x000000008af00000| Untracked 
| 176|0x000000008b000000, 0x000000008b000000, 0x000000008b100000|  0%| F|  |TAMS 0x000000008b000000, 0x000000008b000000| Untracked 
| 177|0x000000008b100000, 0x000000008b100000, 0x000000008b200000|  0%| F|  |TAMS 0x000000008b100000, 0x000000008b100000| Untracked 
| 178|0x000000008b200000, 0x000000008b200000, 0x000000008b300000|  0%| F|  |TAMS 0x000000008b200000, 0x000000008b200000| Untracked 
| 179|0x000000008b300000, 0x000000008b300000, 0x000000008b400000|  0%| F|  |TAMS 0x000000008b300000, 0x000000008b300000| Untracked 
| 180|0x000000008b400000, 0x000000008b400000, 0x000000008b500000|  0%| F|  |TAMS 0x000000008b400000, 0x000000008b400000| Untracked 
| 181|0x000000008b500000, 0x000000008b500000, 0x000000008b600000|  0%| F|  |TAMS 0x000000008b500000, 0x000000008b500000| Untracked 
| 182|0x000000008b600000, 0x000000008b600000, 0x000000008b700000|  0%| F|  |TAMS 0x000000008b600000, 0x000000008b600000| Untracked 
| 183|0x000000008b700000, 0x000000008b700000, 0x000000008b800000|  0%| F|  |TAMS 0x000000008b700000, 0x000000008b700000| Untracked 
| 184|0x000000008b800000, 0x000000008b800000, 0x000000008b900000|  0%| F|  |TAMS 0x000000008b800000, 0x000000008b800000| Untracked 
| 185|0x000000008b900000, 0x000000008b900000, 0x000000008ba00000|  0%| F|  |TAMS 0x000000008b900000, 0x000000008b900000| Untracked 
| 186|0x000000008ba00000, 0x000000008ba00000, 0x000000008bb00000|  0%| F|  |TAMS 0x000000008ba00000, 0x000000008ba00000| Untracked 
| 187|0x000000008bb00000, 0x000000008bbbf1d8, 0x000000008bc00000| 74%| S|CS|TAMS 0x000000008bb00000, 0x000000008bb00000| Complete 
| 188|0x000000008bc00000, 0x000000008bd00000, 0x000000008bd00000|100%| S|CS|TAMS 0x000000008bc00000, 0x000000008bc00000| Complete 
| 189|0x000000008bd00000, 0x000000008bd00000, 0x000000008be00000|  0%| F|  |TAMS 0x000000008bd00000, 0x000000008bd00000| Untracked 
| 190|0x000000008be00000, 0x000000008be00000, 0x000000008bf00000|  0%| F|  |TAMS 0x000000008be00000, 0x000000008be00000| Untracked 
| 191|0x000000008bf00000, 0x000000008bf00000, 0x000000008c000000|  0%| F|  |TAMS 0x000000008bf00000, 0x000000008bf00000| Untracked 
| 192|0x000000008c000000, 0x000000008c000000, 0x000000008c100000|  0%| F|  |TAMS 0x000000008c000000, 0x000000008c000000| Untracked 
| 193|0x000000008c100000, 0x000000008c100000, 0x000000008c200000|  0%| F|  |TAMS 0x000000008c100000, 0x000000008c100000| Untracked 
| 194|0x000000008c200000, 0x000000008c200000, 0x000000008c300000|  0%| F|  |TAMS 0x000000008c200000, 0x000000008c200000| Untracked 
| 195|0x000000008c300000, 0x000000008c300000, 0x000000008c400000|  0%| F|  |TAMS 0x000000008c300000, 0x000000008c300000| Untracked 
| 196|0x000000008c400000, 0x000000008c400000, 0x000000008c500000|  0%| F|  |TAMS 0x000000008c400000, 0x000000008c400000| Untracked 
| 197|0x000000008c500000, 0x000000008c500000, 0x000000008c600000|  0%| F|  |TAMS 0x000000008c500000, 0x000000008c500000| Untracked 
| 198|0x000000008c600000, 0x000000008c600000, 0x000000008c700000|  0%| F|  |TAMS 0x000000008c600000, 0x000000008c600000| Untracked 
| 199|0x000000008c700000, 0x000000008c700000, 0x000000008c800000|  0%| F|  |TAMS 0x000000008c700000, 0x000000008c700000| Untracked 
| 200|0x000000008c800000, 0x000000008c800000, 0x000000008c900000|  0%| F|  |TAMS 0x000000008c800000, 0x000000008c800000| Untracked 
| 201|0x000000008c900000, 0x000000008c900000, 0x000000008ca00000|  0%| F|  |TAMS 0x000000008c900000, 0x000000008c900000| Untracked 
| 202|0x000000008ca00000, 0x000000008ca00000, 0x000000008cb00000|  0%| F|  |TAMS 0x000000008ca00000, 0x000000008ca00000| Untracked 
| 203|0x000000008cb00000, 0x000000008cb00000, 0x000000008cc00000|  0%| F|  |TAMS 0x000000008cb00000, 0x000000008cb00000| Untracked 
| 204|0x000000008cc00000, 0x000000008cc00000, 0x000000008cd00000|  0%| F|  |TAMS 0x000000008cc00000, 0x000000008cc00000| Untracked 
| 205|0x000000008cd00000, 0x000000008cd00000, 0x000000008ce00000|  0%| F|  |TAMS 0x000000008cd00000, 0x000000008cd00000| Untracked 
| 206|0x000000008ce00000, 0x000000008ce00000, 0x000000008cf00000|  0%| F|  |TAMS 0x000000008ce00000, 0x000000008ce00000| Untracked 
| 207|0x000000008cf00000, 0x000000008cf00000, 0x000000008d000000|  0%| F|  |TAMS 0x000000008cf00000, 0x000000008cf00000| Untracked 
| 208|0x000000008d000000, 0x000000008d000000, 0x000000008d100000|  0%| F|  |TAMS 0x000000008d000000, 0x000000008d000000| Untracked 
| 209|0x000000008d100000, 0x000000008d100000, 0x000000008d200000|  0%| F|  |TAMS 0x000000008d100000, 0x000000008d100000| Untracked 
| 210|0x000000008d200000, 0x000000008d200000, 0x000000008d300000|  0%| F|  |TAMS 0x000000008d200000, 0x000000008d200000| Untracked 
| 211|0x000000008d300000, 0x000000008d300000, 0x000000008d400000|  0%| F|  |TAMS 0x000000008d300000, 0x000000008d300000| Untracked 
| 212|0x000000008d400000, 0x000000008d400000, 0x000000008d500000|  0%| F|  |TAMS 0x000000008d400000, 0x000000008d400000| Untracked 
| 213|0x000000008d500000, 0x000000008d500000, 0x000000008d600000|  0%| F|  |TAMS 0x000000008d500000, 0x000000008d500000| Untracked 
| 214|0x000000008d600000, 0x000000008d600000, 0x000000008d700000|  0%| F|  |TAMS 0x000000008d600000, 0x000000008d600000| Untracked 
| 215|0x000000008d700000, 0x000000008d700000, 0x000000008d800000|  0%| F|  |TAMS 0x000000008d700000, 0x000000008d700000| Untracked 
| 216|0x000000008d800000, 0x000000008d800000, 0x000000008d900000|  0%| F|  |TAMS 0x000000008d800000, 0x000000008d800000| Untracked 
| 217|0x000000008d900000, 0x000000008d900000, 0x000000008da00000|  0%| F|  |TAMS 0x000000008d900000, 0x000000008d900000| Untracked 
| 218|0x000000008da00000, 0x000000008da00000, 0x000000008db00000|  0%| F|  |TAMS 0x000000008da00000, 0x000000008da00000| Untracked 
| 219|0x000000008db00000, 0x000000008db00000, 0x000000008dc00000|  0%| F|  |TAMS 0x000000008db00000, 0x000000008db00000| Untracked 
| 220|0x000000008dc00000, 0x000000008dc00000, 0x000000008dd00000|  0%| F|  |TAMS 0x000000008dc00000, 0x000000008dc00000| Untracked 
| 221|0x000000008dd00000, 0x000000008dd00000, 0x000000008de00000|  0%| F|  |TAMS 0x000000008dd00000, 0x000000008dd00000| Untracked 
| 222|0x000000008de00000, 0x000000008de00000, 0x000000008df00000|  0%| F|  |TAMS 0x000000008de00000, 0x000000008de00000| Untracked 
| 223|0x000000008df00000, 0x000000008df00000, 0x000000008e000000|  0%| F|  |TAMS 0x000000008df00000, 0x000000008df00000| Untracked 
| 224|0x000000008e000000, 0x000000008e000000, 0x000000008e100000|  0%| F|  |TAMS 0x000000008e000000, 0x000000008e000000| Untracked 
| 225|0x000000008e100000, 0x000000008e100000, 0x000000008e200000|  0%| F|  |TAMS 0x000000008e100000, 0x000000008e100000| Untracked 
| 226|0x000000008e200000, 0x000000008e200000, 0x000000008e300000|  0%| F|  |TAMS 0x000000008e200000, 0x000000008e200000| Untracked 
| 227|0x000000008e300000, 0x000000008e300000, 0x000000008e400000|  0%| F|  |TAMS 0x000000008e300000, 0x000000008e300000| Untracked 
| 228|0x000000008e400000, 0x000000008e400000, 0x000000008e500000|  0%| F|  |TAMS 0x000000008e400000, 0x000000008e400000| Untracked 
| 229|0x000000008e500000, 0x000000008e500000, 0x000000008e600000|  0%| F|  |TAMS 0x000000008e500000, 0x000000008e500000| Untracked 
| 230|0x000000008e600000, 0x000000008e600000, 0x000000008e700000|  0%| F|  |TAMS 0x000000008e600000, 0x000000008e600000| Untracked 
| 231|0x000000008e700000, 0x000000008e700000, 0x000000008e800000|  0%| F|  |TAMS 0x000000008e700000, 0x000000008e700000| Untracked 
| 232|0x000000008e800000, 0x000000008e800000, 0x000000008e900000|  0%| F|  |TAMS 0x000000008e800000, 0x000000008e800000| Untracked 
| 233|0x000000008e900000, 0x000000008e900000, 0x000000008ea00000|  0%| F|  |TAMS 0x000000008e900000, 0x000000008e900000| Untracked 
| 234|0x000000008ea00000, 0x000000008ea00000, 0x000000008eb00000|  0%| F|  |TAMS 0x000000008ea00000, 0x000000008ea00000| Untracked 
| 235|0x000000008eb00000, 0x000000008eb00000, 0x000000008ec00000|  0%| F|  |TAMS 0x000000008eb00000, 0x000000008eb00000| Untracked 
| 236|0x000000008ec00000, 0x000000008ec00000, 0x000000008ed00000|  0%| F|  |TAMS 0x000000008ec00000, 0x000000008ec00000| Untracked 
| 237|0x000000008ed00000, 0x000000008ed00000, 0x000000008ee00000|  0%| F|  |TAMS 0x000000008ed00000, 0x000000008ed00000| Untracked 
| 238|0x000000008ee00000, 0x000000008ee00000, 0x000000008ef00000|  0%| F|  |TAMS 0x000000008ee00000, 0x000000008ee00000| Untracked 
| 239|0x000000008ef00000, 0x000000008ef00000, 0x000000008f000000|  0%| F|  |TAMS 0x000000008ef00000, 0x000000008ef00000| Untracked 
| 240|0x000000008f000000, 0x000000008f000000, 0x000000008f100000|  0%| F|  |TAMS 0x000000008f000000, 0x000000008f000000| Untracked 
| 241|0x000000008f100000, 0x000000008f100000, 0x000000008f200000|  0%| F|  |TAMS 0x000000008f100000, 0x000000008f100000| Untracked 
| 242|0x000000008f200000, 0x000000008f200000, 0x000000008f300000|  0%| F|  |TAMS 0x000000008f200000, 0x000000008f200000| Untracked 
| 243|0x000000008f300000, 0x000000008f300000, 0x000000008f400000|  0%| F|  |TAMS 0x000000008f300000, 0x000000008f300000| Untracked 
| 244|0x000000008f400000, 0x000000008f400000, 0x000000008f500000|  0%| F|  |TAMS 0x000000008f400000, 0x000000008f400000| Untracked 
| 245|0x000000008f500000, 0x000000008f500000, 0x000000008f600000|  0%| F|  |TAMS 0x000000008f500000, 0x000000008f500000| Untracked 
| 246|0x000000008f600000, 0x000000008f600000, 0x000000008f700000|  0%| F|  |TAMS 0x000000008f600000, 0x000000008f600000| Untracked 
| 247|0x000000008f700000, 0x000000008f700000, 0x000000008f800000|  0%| F|  |TAMS 0x000000008f700000, 0x000000008f700000| Untracked 
| 248|0x000000008f800000, 0x000000008f800000, 0x000000008f900000|  0%| F|  |TAMS 0x000000008f800000, 0x000000008f800000| Untracked 
| 249|0x000000008f900000, 0x000000008f900000, 0x000000008fa00000|  0%| F|  |TAMS 0x000000008f900000, 0x000000008f900000| Untracked 
| 250|0x000000008fa00000, 0x000000008fa00000, 0x000000008fb00000|  0%| F|  |TAMS 0x000000008fa00000, 0x000000008fa00000| Untracked 
| 251|0x000000008fb00000, 0x000000008fb00000, 0x000000008fc00000|  0%| F|  |TAMS 0x000000008fb00000, 0x000000008fb00000| Untracked 
| 252|0x000000008fc00000, 0x000000008fc00000, 0x000000008fd00000|  0%| F|  |TAMS 0x000000008fc00000, 0x000000008fc00000| Untracked 
| 253|0x000000008fd00000, 0x000000008fd00000, 0x000000008fe00000|  0%| F|  |TAMS 0x000000008fd00000, 0x000000008fd00000| Untracked 
| 254|0x000000008fe00000, 0x000000008fe00000, 0x000000008ff00000|  0%| F|  |TAMS 0x000000008fe00000, 0x000000008fe00000| Untracked 
| 255|0x000000008ff00000, 0x000000008ff00000, 0x0000000090000000|  0%| F|  |TAMS 0x000000008ff00000, 0x000000008ff00000| Untracked 
| 256|0x0000000090000000, 0x0000000090000000, 0x0000000090100000|  0%| F|  |TAMS 0x0000000090000000, 0x0000000090000000| Untracked 
| 257|0x0000000090100000, 0x0000000090100000, 0x0000000090200000|  0%| F|  |TAMS 0x0000000090100000, 0x0000000090100000| Untracked 
| 258|0x0000000090200000, 0x0000000090200000, 0x0000000090300000|  0%| F|  |TAMS 0x0000000090200000, 0x0000000090200000| Untracked 
| 259|0x0000000090300000, 0x0000000090300000, 0x0000000090400000|  0%| F|  |TAMS 0x0000000090300000, 0x0000000090300000| Untracked 
| 260|0x0000000090400000, 0x0000000090400000, 0x0000000090500000|  0%| F|  |TAMS 0x0000000090400000, 0x0000000090400000| Untracked 
| 261|0x0000000090500000, 0x0000000090500000, 0x0000000090600000|  0%| F|  |TAMS 0x0000000090500000, 0x0000000090500000| Untracked 
| 262|0x0000000090600000, 0x0000000090600000, 0x0000000090700000|  0%| F|  |TAMS 0x0000000090600000, 0x0000000090600000| Untracked 
| 263|0x0000000090700000, 0x0000000090700000, 0x0000000090800000|  0%| F|  |TAMS 0x0000000090700000, 0x0000000090700000| Untracked 

Card table byte_map: [0x000002212fa30000,0x000002212fe30000] _byte_map_base: 0x000002212f630000

Marking Bits (Prev, Next): (CMBitMap*) 0x000002211c858cb8, (CMBitMap*) 0x000002211c858cf0
 Prev Bits: [0x0000022130230000, 0x0000022132230000)
 Next Bits: [0x0000022132230000, 0x0000022134230000)

Polling page: 0x000002211a7d0000

Metaspace:

Usage:
  Non-class:     92.77 MB capacity,    91.18 MB ( 98%) used,     1.28 MB (  1%) free+waste,   317.94 KB ( <1%) overhead. 
      Class:     14.17 MB capacity,    13.20 MB ( 93%) used,   847.02 KB (  6%) free+waste,   141.56 KB ( <1%) overhead. 
       Both:    106.93 MB capacity,   104.38 MB ( 98%) used,     2.11 MB (  2%) free+waste,   459.50 KB ( <1%) overhead. 

Virtual space:
  Non-class space:       94.00 MB reserved,      93.00 MB ( 99%) committed 
      Class space:        1.00 GB reserved,      14.45 MB (  1%) committed 
             Both:        1.09 GB reserved,     107.45 MB ( 10%) committed 

Chunk freelists:
   Non-Class:  239.00 KB
       Class:  182.00 KB
        Both:  421.00 KB

MaxMetaspaceSize: 17179869184.00 GB
CompressedClassSpaceSize: 1.00 GB

CodeHeap 'non-profiled nmethods': size=120000Kb used=9658Kb max_used=9658Kb free=110341Kb
 bounds [0x0000022127dd0000, 0x0000022128740000, 0x000002212f300000]
CodeHeap 'profiled nmethods': size=120000Kb used=37012Kb max_used=37012Kb free=82987Kb
 bounds [0x00000221208a0000, 0x0000022122cd0000, 0x0000022127dd0000]
CodeHeap 'non-nmethods': size=5760Kb used=2316Kb max_used=2391Kb free=3443Kb
 bounds [0x0000022120300000, 0x0000022120570000, 0x00000221208a0000]
 total_blobs=16779 nmethods=15849 adapters=840
 compilation: enabled
              stopped_count=0, restarted_count=0
 full_count=0

Compilation events (20 events):
Event: 31.445 Thread 0x0000022136ca2800 nmethod 16309 0x000002212873e410 code [0x000002212873e5c0, 0x000002212873e678]
Event: 31.445 Thread 0x0000022136ca2800 16293       2       com.android.tools.r8.code.r1::<init> (8 bytes)
Event: 31.445 Thread 0x0000022136ca2800 nmethod 16293 0x0000022122cc0590 code [0x0000022122cc0740, 0x0000022122cc0848]
Event: 31.445 Thread 0x0000022136ca2800 16243       2       com.android.tools.r8.code.L0::<init> (78 bytes)
Event: 31.446 Thread 0x0000022136ca2800 nmethod 16243 0x0000022122cc0910 code [0x0000022122cc0ac0, 0x0000022122cc0c18]
Event: 31.446 Thread 0x0000022136ca2800 16163       2       com.android.tools.r8.internal.zg::a (243 bytes)
Event: 31.473 Thread 0x0000022136ca2800 nmethod 16163 0x0000022122cc0c90 code [0x0000022122cc0f80, 0x0000022122cc1aa8]
Event: 31.473 Thread 0x0000022136ca2800 16321       2       com.android.tools.r8.internal.Xv::a (43 bytes)
Event: 31.475 Thread 0x0000022136ca2800 nmethod 16321 0x0000022122cc2210 code [0x0000022122cc2440, 0x0000022122cc28c8]
Event: 31.475 Thread 0x0000022136ca2800 16325       3       com.android.tools.r8.internal.g9::b (108 bytes)
Event: 31.476 Thread 0x0000022136ca2800 nmethod 16325 0x0000022122cc2b10 code [0x0000022122cc2da0, 0x0000022122cc3a88]
Event: 31.476 Thread 0x0000022136ca2800 16311       2       com.android.tools.r8.internal.qf::indexOf (50 bytes)
Event: 31.476 Thread 0x0000022136ca2800 nmethod 16311 0x0000022122cc3d90 code [0x0000022122cc3f60, 0x0000022122cc41e8]
Event: 31.477 Thread 0x0000022136ca2800 16313       2       com.android.tools.r8.internal.Ne::z (63 bytes)
Event: 31.478 Thread 0x0000022136ca2800 nmethod 16313 0x0000022122cc4390 code [0x0000022122cc4580, 0x0000022122cc4998]
Event: 31.478 Thread 0x0000022136ca2800 16314       2       com.android.tools.r8.internal.Ah::remove (97 bytes)
Event: 31.479 Thread 0x0000022136ca2800 nmethod 16314 0x0000022122cc4c10 code [0x0000022122cc4e00, 0x0000022122cc50c8]
Event: 31.479 Thread 0x0000022136ca2800 16324       1       com.android.tools.r8.code.v1::m (2 bytes)
Event: 31.479 Thread 0x0000022136ca2800 nmethod 16324 0x000002212873e710 code [0x000002212873e8c0, 0x000002212873e978]
Event: 31.479 Thread 0x0000022136ca2800 16332       2       com.android.tools.r8.dex.z$g::b (38 bytes)

GC Heap History (20 events):
Event: 27.604 GC heap after
{Heap after GC invocations=36 (full 0):
 garbage-first heap   total 225280K, used 97279K [0x0000000080000000, 0x0000000100000000)
  region size 1024K, 9 young (9216K), 9 survivors (9216K)
 Metaspace       used 98869K, capacity 101352K, committed 101452K, reserved 1136640K
  class space    used 12414K, capacity 13327K, committed 13388K, reserved 1048576K
}
Event: 28.162 GC heap before
{Heap before GC invocations=36 (full 0):
 garbage-first heap   total 225280K, used 171007K [0x0000000080000000, 0x0000000100000000)
  region size 1024K, 82 young (83968K), 9 survivors (9216K)
 Metaspace       used 101354K, capacity 103938K, committed 104140K, reserved 1140736K
  class space    used 12743K, capacity 13696K, committed 13772K, reserved 1048576K
}
Event: 28.185 GC heap after
{Heap after GC invocations=37 (full 0):
 garbage-first heap   total 225280K, used 107952K [0x0000000080000000, 0x0000000100000000)
  region size 1024K, 11 young (11264K), 11 survivors (11264K)
 Metaspace       used 101354K, capacity 103938K, committed 104140K, reserved 1140736K
  class space    used 12743K, capacity 13696K, committed 13772K, reserved 1048576K
}
Event: 28.400 GC heap before
{Heap before GC invocations=37 (full 0):
 garbage-first heap   total 225280K, used 173488K [0x0000000080000000, 0x0000000100000000)
  region size 1024K, 75 young (76800K), 11 survivors (11264K)
 Metaspace       used 102163K, capacity 104831K, committed 105164K, reserved 1140736K
  class space    used 12885K, capacity 13898K, committed 14028K, reserved 1048576K
}
Event: 28.425 GC heap after
{Heap after GC invocations=38 (full 0):
 garbage-first heap   total 225280K, used 120170K [0x0000000080000000, 0x0000000100000000)
  region size 1024K, 10 young (10240K), 10 survivors (10240K)
 Metaspace       used 102163K, capacity 104831K, committed 105164K, reserved 1140736K
  class space    used 12885K, capacity 13898K, committed 14028K, reserved 1048576K
}
Event: 28.562 GC heap before
{Heap before GC invocations=38 (full 0):
 garbage-first heap   total 225280K, used 175466K [0x0000000080000000, 0x0000000100000000)
  region size 1024K, 65 young (66560K), 10 survivors (10240K)
 Metaspace       used 103067K, capacity 105779K, committed 106060K, reserved 1140736K
  class space    used 13084K, capacity 14116K, committed 14156K, reserved 1048576K
}
Event: 28.585 GC heap after
{Heap after GC invocations=39 (full 0):
 garbage-first heap   total 225280K, used 130607K [0x0000000080000000, 0x0000000100000000)
  region size 1024K, 9 young (9216K), 9 survivors (9216K)
 Metaspace       used 103067K, capacity 105779K, committed 106060K, reserved 1140736K
  class space    used 13084K, capacity 14116K, committed 14156K, reserved 1048576K
}
Event: 29.022 GC heap before
{Heap before GC invocations=40 (full 0):
 garbage-first heap   total 225280K, used 180783K [0x0000000080000000, 0x0000000100000000)
  region size 1024K, 58 young (59392K), 9 survivors (9216K)
 Metaspace       used 104845K, capacity 107463K, committed 108236K, reserved 1142784K
  class space    used 13321K, capacity 14301K, committed 14540K, reserved 1048576K
}
Event: 29.042 GC heap after
{Heap after GC invocations=41 (full 0):
 garbage-first heap   total 270336K, used 137449K [0x0000000080000000, 0x0000000100000000)
  region size 1024K, 7 young (7168K), 7 survivors (7168K)
 Metaspace       used 104845K, capacity 107463K, committed 108236K, reserved 1142784K
  class space    used 13321K, capacity 14301K, committed 14540K, reserved 1048576K
}
Event: 29.074 GC heap before
{Heap before GC invocations=41 (full 0):
 garbage-first heap   total 270336K, used 143593K [0x0000000080000000, 0x0000000100000000)
  region size 1024K, 13 young (13312K), 7 survivors (7168K)
 Metaspace       used 104918K, capacity 107561K, committed 108236K, reserved 1142784K
  class space    used 13335K, capacity 14333K, committed 14540K, reserved 1048576K
}
Event: 29.087 GC heap after
{Heap after GC invocations=42 (full 0):
 garbage-first heap   total 270336K, used 135008K [0x0000000080000000, 0x0000000100000000)
  region size 1024K, 2 young (2048K), 2 survivors (2048K)
 Metaspace       used 104918K, capacity 107561K, committed 108236K, reserved 1142784K
  class space    used 13335K, capacity 14333K, committed 14540K, reserved 1048576K
}
Event: 29.670 GC heap before
{Heap before GC invocations=42 (full 0):
 garbage-first heap   total 270336K, used 199520K [0x0000000080000000, 0x0000000100000000)
  region size 1024K, 65 young (66560K), 2 survivors (2048K)
 Metaspace       used 105693K, capacity 108340K, committed 108876K, reserved 1142784K
  class space    used 13423K, capacity 14414K, committed 14668K, reserved 1048576K
}
Event: 29.685 GC heap after
{Heap after GC invocations=43 (full 0):
 garbage-first heap   total 270336K, used 136130K [0x0000000080000000, 0x0000000100000000)
  region size 1024K, 3 young (3072K), 3 survivors (3072K)
 Metaspace       used 105693K, capacity 108340K, committed 108876K, reserved 1142784K
  class space    used 13423K, capacity 14414K, committed 14668K, reserved 1048576K
}
Event: 30.342 GC heap before
{Heap before GC invocations=44 (full 0):
 garbage-first heap   total 270336K, used 203714K [0x0000000080000000, 0x0000000100000000)
  region size 1024K, 69 young (70656K), 3 survivors (3072K)
 Metaspace       used 105844K, capacity 108396K, committed 109132K, reserved 1144832K
  class space    used 13382K, capacity 14354K, committed 14668K, reserved 1048576K
}
Event: 30.353 GC heap after
{Heap after GC invocations=45 (full 0):
 garbage-first heap   total 270336K, used 136523K [0x0000000080000000, 0x0000000100000000)
  region size 1024K, 3 young (3072K), 3 survivors (3072K)
 Metaspace       used 105844K, capacity 108396K, committed 109132K, reserved 1144832K
  class space    used 13382K, capacity 14354K, committed 14668K, reserved 1048576K
}
Event: 30.384 GC heap before
{Heap before GC invocations=45 (full 0):
 garbage-first heap   total 270336K, used 146763K [0x0000000080000000, 0x0000000100000000)
  region size 1024K, 13 young (13312K), 3 survivors (3072K)
 Metaspace       used 105845K, capacity 108396K, committed 109132K, reserved 1144832K
  class space    used 13382K, capacity 14354K, committed 14668K, reserved 1048576K
}
Event: 30.389 GC heap after
{Heap after GC invocations=46 (full 0):
 garbage-first heap   total 270336K, used 135434K [0x0000000080000000, 0x0000000100000000)
  region size 1024K, 1 young (1024K), 1 survivors (1024K)
 Metaspace       used 105845K, capacity 108396K, committed 109132K, reserved 1144832K
  class space    used 13382K, capacity 14354K, committed 14668K, reserved 1048576K
}
Event: 30.758 GC heap before
{Heap before GC invocations=46 (full 0):
 garbage-first heap   total 270336K, used 207114K [0x0000000080000000, 0x0000000100000000)
  region size 1024K, 71 young (72704K), 1 survivors (1024K)
 Metaspace       used 105924K, capacity 108506K, committed 109388K, reserved 1144832K
  class space    used 13405K, capacity 14370K, committed 14668K, reserved 1048576K
}
Event: 30.766 GC heap after
{Heap after GC invocations=47 (full 0):
 garbage-first heap   total 270336K, used 135983K [0x0000000080000000, 0x0000000100000000)
  region size 1024K, 2 young (2048K), 2 survivors (2048K)
 Metaspace       used 105924K, capacity 108506K, committed 109388K, reserved 1144832K
  class space    used 13405K, capacity 14370K, committed 14668K, reserved 1048576K
}
Event: 31.480 GC heap before
{Heap before GC invocations=48 (full 0):
 garbage-first heap   total 270336K, used 210735K [0x0000000080000000, 0x0000000100000000)
  region size 1024K, 75 young (76800K), 2 survivors (2048K)
 Metaspace       used 106883K, capacity 109499K, committed 110028K, reserved 1144832K
  class space    used 13517K, capacity 14506K, committed 14796K, reserved 1048576K
}

Deoptimization events (20 events):
Event: 31.439 Thread 0x000002213b2ee000 DEOPT PACKING pc=0x00000221286b8ca0 sp=0x000000d1c83fa1f0
Event: 31.439 Thread 0x000002213b2ee000 DEOPT UNPACKING pc=0x00000221203278af sp=0x000000d1c83fa190 mode 2
Event: 31.439 Thread 0x000002213b2ee000 Uncommon trap: trap_request=0xffffff4d fr.pc=0x000002212869c5c8 relative=0x0000000000000208
Event: 31.439 Thread 0x000002213b2ee000 Uncommon trap: reason=unstable_if action=reinterpret pc=0x000002212869c5c8 method=com.android.tools.r8.graph.c0.a(Lcom/android/tools/r8/graph/c0;)I @ 39 c2
Event: 31.439 Thread 0x000002213b2ee000 DEOPT PACKING pc=0x000002212869c5c8 sp=0x000000d1c83fa0f0
Event: 31.439 Thread 0x000002213b2ee000 DEOPT UNPACKING pc=0x00000221203278af sp=0x000000d1c83fa018 mode 2
Event: 31.440 Thread 0x000002213b2ee000 Uncommon trap: trap_request=0xffffffde fr.pc=0x00000221286b8ca0 relative=0x0000000000000260
Event: 31.440 Thread 0x000002213b2ee000 Uncommon trap: reason=class_check action=maybe_recompile pc=0x00000221286b8ca0 method=com.android.tools.r8.graph.d0.a(Lcom/android/tools/r8/internal/EE;Lcom/android/tools/r8/internal/f8;)I @ 6 c2
Event: 31.440 Thread 0x000002213b2ee000 DEOPT PACKING pc=0x00000221286b8ca0 sp=0x000000d1c83fa1f0
Event: 31.440 Thread 0x000002213b2ee000 DEOPT UNPACKING pc=0x00000221203278af sp=0x000000d1c83fa190 mode 2
Event: 31.440 Thread 0x000002213b2ee000 Uncommon trap: trap_request=0xffffffde fr.pc=0x00000221286b8ca0 relative=0x0000000000000260
Event: 31.440 Thread 0x000002213b2ee000 Uncommon trap: reason=class_check action=maybe_recompile pc=0x00000221286b8ca0 method=com.android.tools.r8.graph.d0.a(Lcom/android/tools/r8/internal/EE;Lcom/android/tools/r8/internal/f8;)I @ 6 c2
Event: 31.440 Thread 0x000002213b2ee000 DEOPT PACKING pc=0x00000221286b8ca0 sp=0x000000d1c83fa1f0
Event: 31.440 Thread 0x000002213b2ee000 DEOPT UNPACKING pc=0x00000221203278af sp=0x000000d1c83fa190 mode 2
Event: 31.441 Thread 0x000002213b2ee000 Uncommon trap: trap_request=0xffffffde fr.pc=0x00000221286b8ca0 relative=0x0000000000000260
Event: 31.441 Thread 0x000002213b2ee000 Uncommon trap: reason=class_check action=maybe_recompile pc=0x00000221286b8ca0 method=com.android.tools.r8.graph.d0.a(Lcom/android/tools/r8/internal/EE;Lcom/android/tools/r8/internal/f8;)I @ 6 c2
Event: 31.441 Thread 0x000002213b2ee000 DEOPT PACKING pc=0x00000221286b8ca0 sp=0x000000d1c83fa5f0
Event: 31.441 Thread 0x000002213b2ee000 DEOPT UNPACKING pc=0x00000221203278af sp=0x000000d1c83fa590 mode 2
Event: 31.458 Thread 0x000002213b2ed800 DEOPT PACKING pc=0x000002212871975c sp=0x000000d1c84f91c0
Event: 31.458 Thread 0x000002213b2ed800 DEOPT UNPACKING pc=0x00000221203276ce sp=0x000000d1c84f80c0 mode 0

Classes redefined (0 events):
No events

Internal exceptions (20 events):
Event: 28.322 Thread 0x000002213b2ef000 Exception <a 'java/lang/NoSuchMethodError'{0x000000008bbbca48}: 'java.lang.Object java.lang.invoke.Invokers$Holder.linkToTargetMethod(java.lang.Object, java.lang.Object, java.lang.Object, java.lang.Object, java.lang.Object, java.lang.Object, java.lang.Object)'> (0x000000008bbbca48) thrown at [./src/hotspot/share/interpreter/linkResolver.cpp, line 773]
Event: 28.468 Thread 0x000002213b2e9800 Exception <a 'java/lang/NoSuchMethodError'{0x000000008ca6fe30}: 'java.lang.Object java.lang.invoke.DirectMethodHandle$Holder.invokeVirtual(java.lang.Object, java.lang.Object, int, java.lang.Object)'> (0x000000008ca6fe30) thrown at [./src/hotspot/share/interpreter/linkResolver.cpp, line 773]
Event: 28.468 Thread 0x000002213b2ee000 Exception <a 'java/lang/NoSuchMethodError'{0x000000008cae8d60}: 'java.lang.Object java.lang.invoke.DirectMethodHandle$Holder.invokeVirtual(java.lang.Object, java.lang.Object, int, java.lang.Object)'> (0x000000008cae8d60) thrown at [./src/hotspot/share/interpreter/linkResolver.cpp, line 773]
Event: 28.524 Thread 0x000002213b2ee000 Exception <a 'java/lang/IncompatibleClassChangeError'{0x000000008b2a77d8}: Found class java.lang.Object, but interface was expected> (0x000000008b2a77d8) thrown at [./src/hotspot/share/interpreter/linkResolver.cpp, line 839]
Event: 28.524 Thread 0x000002213b2ef000 Exception <a 'java/lang/IncompatibleClassChangeError'{0x000000008b2376b0}: Found class java.lang.Object, but interface was expected> (0x000000008b2376b0) thrown at [./src/hotspot/share/interpreter/linkResolver.cpp, line 839]
Event: 28.525 Thread 0x000002213b2ee000 Exception <a 'java/lang/IncompatibleClassChangeError'{0x000000008b2ea160}: Found class java.lang.Object, but interface was expected> (0x000000008b2ea160) thrown at [./src/hotspot/share/interpreter/linkResolver.cpp, line 839]
Event: 28.548 Thread 0x000002213b2ef000 Exception <a 'java/lang/NoSuchMethodError'{0x000000008b071460}: 'void java.lang.invoke.DirectMethodHandle$Holder.invokeVirtual(java.lang.Object, java.lang.Object, int, java.lang.Object)'> (0x000000008b071460) thrown at [./src/hotspot/share/interpreter/linkResolver.cpp, line 773]
Event: 28.548 Thread 0x000002213b2ec800 Exception <a 'java/lang/NoSuchMethodError'{0x000000008acffcf8}: 'void java.lang.invoke.DirectMethodHandle$Holder.invokeVirtual(java.lang.Object, java.lang.Object, int, java.lang.Object)'> (0x000000008acffcf8) thrown at [./src/hotspot/share/interpreter/linkResolver.cpp, line 773]
Event: 28.548 Thread 0x000002213b2ee000 Exception <a 'java/lang/NoSuchMethodError'{0x000000008ae2fc80}: 'void java.lang.invoke.DirectMethodHandle$Holder.invokeVirtual(java.lang.Object, java.lang.Object, int, java.lang.Object)'> (0x000000008ae2fc80) thrown at [./src/hotspot/share/interpreter/linkResolver.cpp, line 773]
Event: 28.682 Thread 0x000002213b2f0000 Exception <a 'java/lang/NoSuchMethodError'{0x000000008cdee528}: 'int java.lang.invoke.DirectMethodHandle$Holder.invokeSpecial(java.lang.Object, java.lang.Object, java.lang.Object, int, java.lang.Object)'> (0x000000008cdee528) thrown at [./src/hotspot/share/interpreter/linkResolver.cpp, line 773]
Event: 28.702 Thread 0x000002213b2ee000 Exception <a 'java/lang/NoSuchMethodError'{0x000000008c94ebc0}: 'java.lang.Object java.lang.invoke.DirectMethodHandle$Holder.newInvokeSpecial(java.lang.Object, int)'> (0x000000008c94ebc0) thrown at [./src/hotspot/share/interpreter/linkResolver.cpp, line 773]
Event: 28.702 Thread 0x000002213b2f0000 Exception <a 'java/lang/NoSuchMethodError'{0x000000008cdf4d08}: 'java.lang.Object java.lang.invoke.DirectMethodHandle$Holder.newInvokeSpecial(java.lang.Object, int)'> (0x000000008cdf4d08) thrown at [./src/hotspot/share/interpreter/linkResolver.cpp, line 773]
Event: 28.702 Thread 0x000002213b2ec800 Exception <a 'java/lang/NoSuchMethodError'{0x000000008cb4af70}: 'java.lang.Object java.lang.invoke.DirectMethodHandle$Holder.newInvokeSpecial(java.lang.Object, int)'> (0x000000008cb4af70) thrown at [./src/hotspot/share/interpreter/linkResolver.cpp, line 773]
Event: 28.794 Thread 0x000002213b2ef000 Exception <a 'java/lang/NoSuchMethodError'{0x000000008bf1e178}: 'java.lang.Object java.lang.invoke.DirectMethodHandle$Holder.invokeInterface(java.lang.Object, java.lang.Object, int)'> (0x000000008bf1e178) thrown at [./src/hotspot/share/interpreter/linkResolver.cpp, line 773]
Event: 30.400 Thread 0x000002213b2e8800 Exception <a 'java/lang/NoSuchMethodError'{0x0000000090404fc0}: 'int java.lang.invoke.DirectMethodHandle$Holder.invokeInterface(java.lang.Object, java.lang.Object, int)'> (0x0000000090404fc0) thrown at [./src/hotspot/share/interpreter/linkResolver.cpp, line 773]
Event: 30.993 Thread 0x000002213b2ee000 Exception <a 'java/lang/NoSuchMethodError'{0x000000008ec29ad8}: 'void java.lang.invoke.DirectMethodHandle$Holder.invokeSpecial(java.lang.Object, java.lang.Object, int, java.lang.Object, java.lang.Object, java.lang.Object, java.lang.Object)'> (0x000000008ec29ad8) thrown at [./src/hotspot/share/interpreter/linkResolver.cpp, line 773]
Event: 30.994 Thread 0x000002213b2ee000 Exception <a 'java/lang/NoSuchMethodError'{0x000000008ec8f3f8}: 'java.lang.Object java.lang.invoke.Invokers$Holder.linkToTargetMethod(java.lang.Object, int, java.lang.Object, java.lang.Object, java.lang.Object, java.lang.Object)'> (0x000000008ec8f3f8) thrown at [./src/hotspot/share/interpreter/linkResolver.cpp, line 773]
Event: 30.995 Thread 0x000002213b2ee000 Exception <a 'java/lang/NoSuchMethodError'{0x000000008ec938a8}: 'void java.lang.invoke.DirectMethodHandle$Holder.invokeSpecial(java.lang.Object, java.lang.Object, java.lang.Object, java.lang.Object, java.lang.Object, java.lang.Object, java.lang.Object, java.lang.Object, java.lang.Object)'> (0x000000008ec938a8) thrown at [./src/hotspot/share/interpreter/linkResolver.cpp, line 773]
Event: 31.001 Thread 0x000002213b2ee000 Exception <a 'java/lang/NoSuchMethodError'{0x000000008ecae448}: 'void java.lang.invoke.DirectMethodHandle$Holder.invokeStatic(java.lang.Object, java.lang.Object, java.lang.Object, java.lang.Object, java.lang.Object, java.lang.Object, java.lang.Object, java.lang.Object)'> (0x000000008ecae448) thrown at [./src/hotspot/share/interpreter/linkResolver.cpp, line 773]
Event: 31.438 Thread 0x000002213b2ee000 Exception <a 'java/lang/IncompatibleClassChangeError'{0x000000008c508268}: Found class java.lang.Object, but interface was expected> (0x000000008c508268) thrown at [./src/hotspot/share/interpreter/linkResolver.cpp, line 839]

Events (20 events):
Event: 31.439 loading class com/android/tools/r8/graph/t done
Event: 31.445 loading class com/android/tools/r8/internal/qF
Event: 31.445 loading class com/android/tools/r8/internal/qF done
Event: 31.446 Executing VM operation: RevokeBias
Event: 31.447 Executing VM operation: RevokeBias done
Event: 31.448 loading class com/android/tools/r8/dex/z
Event: 31.448 loading class com/android/tools/r8/dex/z done
Event: 31.448 loading class com/android/tools/r8/dex/z
Event: 31.448 loading class com/android/tools/r8/dex/z done
Event: 31.448 loading class com/android/tools/r8/dex/b
Event: 31.448 loading class com/android/tools/r8/dex/b done
Event: 31.448 loading class com/android/tools/r8/internal/Uu
Event: 31.448 loading class com/android/tools/r8/internal/Uu done
Event: 31.450 loading class com/android/tools/r8/internal/k8
Event: 31.450 loading class com/android/tools/r8/internal/k8 done
Event: 31.450 Executing VM operation: Deoptimize
Event: 31.457 Executing VM operation: Deoptimize done
Event: 31.478 loading class com/android/tools/r8/internal/m8
Event: 31.478 loading class com/android/tools/r8/internal/m8 done
Event: 31.479 Executing VM operation: G1CollectForAllocation


Dynamic libraries:
0x00007ff6b8950000 - 0x00007ff6b895a000 	D:\PC1\jre\bin\java.exe
0x00007ffc34e40000 - 0x00007ffc35047000 	C:\WINDOWS\SYSTEM32\ntdll.dll
0x00007ffc1bb40000 - 0x00007ffc1bb56000 	C:\Program Files\AVG\Antivirus\aswhook.dll
0x00007ffc34740000 - 0x00007ffc347fd000 	C:\WINDOWS\System32\KERNEL32.DLL
0x00007ffc32320000 - 0x00007ffc32694000 	C:\WINDOWS\System32\KERNELBASE.dll
0x00007ffc32b80000 - 0x00007ffc32c91000 	C:\WINDOWS\System32\ucrtbase.dll
0x00007ffc230c0000 - 0x00007ffc230d9000 	D:\PC1\jre\bin\jli.dll
0x00007ffc230a0000 - 0x00007ffc230b7000 	D:\PC1\jre\bin\VCRUNTIME140.dll
0x00007ffc348c0000 - 0x00007ffc34a6c000 	C:\WINDOWS\System32\USER32.dll
0x00007ffc1e580000 - 0x00007ffc1e825000 	C:\WINDOWS\WinSxS\amd64_microsoft.windows.common-controls_6595b64144ccf1df_6.0.22000.120_none_9d947278b86cc467\COMCTL32.dll
0x00007ffc32ca0000 - 0x00007ffc32cc6000 	C:\WINDOWS\System32\win32u.dll
0x00007ffc33e50000 - 0x00007ffc33ef3000 	C:\WINDOWS\System32\msvcrt.dll
0x00007ffc34ca0000 - 0x00007ffc34cc9000 	C:\WINDOWS\System32\GDI32.dll
0x00007ffc32a60000 - 0x00007ffc32b72000 	C:\WINDOWS\System32\gdi32full.dll
0x00007ffc327d0000 - 0x00007ffc3286d000 	C:\WINDOWS\System32\msvcp_win.dll
0x00007ffc32db0000 - 0x00007ffc32de1000 	C:\WINDOWS\System32\IMM32.DLL
0x00007ffc23000000 - 0x00007ffc2309d000 	D:\PC1\jre\bin\msvcp140.dll
0x00007ffbb17b0000 - 0x00007ffbb227f000 	D:\PC1\jre\bin\server\jvm.dll
0x00007ffc34810000 - 0x00007ffc348bc000 	C:\WINDOWS\System32\ADVAPI32.dll
0x00007ffc32cf0000 - 0x00007ffc32d8d000 	C:\WINDOWS\System32\sechost.dll
0x00007ffc34cd0000 - 0x00007ffc34df1000 	C:\WINDOWS\System32\RPCRT4.dll
0x00007ffc32d90000 - 0x00007ffc32d98000 	C:\WINDOWS\System32\PSAPI.DLL
0x00007ffc25860000 - 0x00007ffc25869000 	C:\WINDOWS\SYSTEM32\WSOCK32.dll
0x00007ffc2a090000 - 0x00007ffc2a0c3000 	C:\WINDOWS\SYSTEM32\WINMM.dll
0x00007ffc34c30000 - 0x00007ffc34c9f000 	C:\WINDOWS\System32\WS2_32.dll
0x00007ffc29a20000 - 0x00007ffc29a2a000 	C:\WINDOWS\SYSTEM32\VERSION.dll
0x00007ffc314b0000 - 0x00007ffc314c8000 	C:\WINDOWS\SYSTEM32\kernel.appcore.dll
0x00007ffc28af0000 - 0x00007ffc28b01000 	D:\PC1\jre\bin\verify.dll
0x00007ffc2ff70000 - 0x00007ffc30191000 	C:\WINDOWS\SYSTEM32\DBGHELP.DLL
0x00007ffc288d0000 - 0x00007ffc28901000 	C:\WINDOWS\SYSTEM32\dbgcore.DLL
0x00007ffc329e0000 - 0x00007ffc32a5f000 	C:\WINDOWS\System32\bcryptPrimitives.dll
0x00007ffc24880000 - 0x00007ffc248a9000 	D:\PC1\jre\bin\java.dll
0x00007ffc2db00000 - 0x00007ffc2db0b000 	D:\PC1\jre\bin\jimage.dll
0x00007ffc27ee0000 - 0x00007ffc27ef8000 	D:\PC1\jre\bin\zip.dll
0x00007ffc33270000 - 0x00007ffc33a1e000 	C:\WINDOWS\System32\SHELL32.dll
0x00007ffc304c0000 - 0x00007ffc30d27000 	C:\WINDOWS\SYSTEM32\windows.storage.dll
0x00007ffc32e80000 - 0x00007ffc331f8000 	C:\WINDOWS\System32\combase.dll
0x00007ffc30350000 - 0x00007ffc304b6000 	C:\WINDOWS\SYSTEM32\wintypes.dll
0x00007ffc33ce0000 - 0x00007ffc33dca000 	C:\WINDOWS\System32\SHCORE.dll
0x00007ffc34bd0000 - 0x00007ffc34c2d000 	C:\WINDOWS\System32\shlwapi.dll
0x00007ffc32250000 - 0x00007ffc32271000 	C:\WINDOWS\SYSTEM32\profapi.dll
0x00007ffc26f20000 - 0x00007ffc26f3a000 	D:\PC1\jre\bin\net.dll
0x00007ffc297a0000 - 0x00007ffc298ac000 	C:\WINDOWS\SYSTEM32\WINHTTP.dll
0x00007ffc318c0000 - 0x00007ffc31927000 	C:\WINDOWS\system32\mswsock.dll
0x00007ffc20180000 - 0x00007ffc20194000 	D:\PC1\jre\bin\nio.dll
0x00007ffc1cd60000 - 0x00007ffc1cd87000 	D:\native\8bec1ad78214c89d9ad589b4d07fe93259594b29d510b10fafb7a158f7737e5d\windows-amd64\native-platform.dll
0x00007ffbe1c30000 - 0x00007ffbe1d6d000 	D:\native\53dbd7edfb1c66fb8903c78663c9afc45aea4f116125fa6feffd364cf09443e8\windows-amd64\native-platform-file-events.dll
0x00007ffc2d930000 - 0x00007ffc2d93a000 	D:\PC1\jre\bin\management.dll
0x00007ffc2cfa0000 - 0x00007ffc2cfac000 	D:\PC1\jre\bin\management_ext.dll
0x00007ffc31b90000 - 0x00007ffc31ba8000 	C:\WINDOWS\SYSTEM32\CRYPTSP.dll
0x00007ffc31410000 - 0x00007ffc31445000 	C:\WINDOWS\system32\rsaenh.dll
0x00007ffc319e0000 - 0x00007ffc31a09000 	C:\WINDOWS\SYSTEM32\USERENV.dll
0x00007ffc31d00000 - 0x00007ffc31d27000 	C:\WINDOWS\SYSTEM32\bcrypt.dll
0x00007ffc31b80000 - 0x00007ffc31b8c000 	C:\WINDOWS\SYSTEM32\CRYPTBASE.dll
0x00007ffc30f80000 - 0x00007ffc30fad000 	C:\WINDOWS\SYSTEM32\IPHLPAPI.DLL
0x00007ffc32da0000 - 0x00007ffc32da9000 	C:\WINDOWS\System32\NSI.dll
0x00007ffc29370000 - 0x00007ffc29389000 	C:\WINDOWS\SYSTEM32\dhcpcsvc6.DLL
0x00007ffc29d90000 - 0x00007ffc29dae000 	C:\WINDOWS\SYSTEM32\dhcpcsvc.DLL
0x00007ffc30ff0000 - 0x00007ffc310d7000 	C:\WINDOWS\SYSTEM32\DNSAPI.dll

dbghelp: loaded successfully - version: 4.0.5 - missing functions: none
symbol engine: initialized successfully - sym options: 0x614 - pdb path: .;D:\PC1\jre\bin;C:\WINDOWS\SYSTEM32;C:\Program Files\AVG\Antivirus;C:\WINDOWS\WinSxS\amd64_microsoft.windows.common-controls_6595b64144ccf1df_6.0.22000.120_none_9d947278b86cc467;D:\PC1\jre\bin\server;D:\native\8bec1ad78214c89d9ad589b4d07fe93259594b29d510b10fafb7a158f7737e5d\windows-amd64;D:\native\53dbd7edfb1c66fb8903c78663c9afc45aea4f116125fa6feffd364cf09443e8\windows-amd64

VM Arguments:
jvm_args: --add-opens=java.base/java.util=ALL-UNNAMED --add-opens=java.base/java.lang=ALL-UNNAMED --add-opens=java.base/java.lang.invoke=ALL-UNNAMED --add-opens=java.base/java.util=ALL-UNNAMED --add-opens=java.prefs/java.util.prefs=ALL-UNNAMED --add-opens=java.prefs/java.util.prefs=ALL-UNNAMED --add-opens=java.base/java.nio.charset=ALL-UNNAMED --add-opens=java.base/java.net=ALL-UNNAMED --add-opens=java.base/java.util.concurrent.atomic=ALL-UNNAMED -Xmx2048m -Dfile.encoding=UTF-8 -Duser.country=US -Duser.language=en -Duser.variant 
java_command: org.gradle.launcher.daemon.bootstrap.GradleDaemon 7.0.2
java_class_path (initial): D:\wrapper\dists\gradle-7.0.2-bin\857tjihv64xamwrf0h14cai3r\gradle-7.0.2\lib\gradle-launcher-7.0.2.jar
Launcher Type: SUN_STANDARD

[Global flags]
     intx CICompilerCount                          = 4                                         {product} {ergonomic}
     uint ConcGCThreads                            = 2                                         {product} {ergonomic}
     uint G1ConcRefinementThreads                  = 8                                         {product} {ergonomic}
   size_t G1HeapRegionSize                         = 1048576                                   {product} {ergonomic}
    uintx GCDrainStackTargetSize                   = 64                                        {product} {ergonomic}
   size_t InitialHeapSize                          = 132120576                                 {product} {ergonomic}
   size_t MarkStackSize                            = 4194304                                   {product} {ergonomic}
   size_t MaxHeapSize                              = 2147483648                                {product} {command line}
   size_t MaxNewSize                               = 1287651328                                {product} {ergonomic}
   size_t MinHeapDeltaBytes                        = 1048576                                   {product} {ergonomic}
    uintx NonNMethodCodeHeapSize                   = 5836300                                {pd product} {ergonomic}
    uintx NonProfiledCodeHeapSize                  = 122910970                              {pd product} {ergonomic}
    uintx ProfiledCodeHeapSize                     = 122910970                              {pd product} {ergonomic}
    uintx ReservedCodeCacheSize                    = 251658240                              {pd product} {ergonomic}
     bool SegmentedCodeCache                       = true                                      {product} {ergonomic}
     bool UseCompressedClassPointers               = true                                 {lp64_product} {ergonomic}
     bool UseCompressedOops                        = true                                 {lp64_product} {ergonomic}
     bool UseG1GC                                  = true                                      {product} {ergonomic}
     bool UseLargePagesIndividualAllocation        = false                                  {pd product} {ergonomic}

Logging:
Log output configuration:
 #0: stdout all=warning uptime,level,tags
 #1: stderr all=off uptime,level,tags

Environment Variables:
PATH=C:\Program Files\Common Files\Oracle\Java\javapath;C:\Program Files (x86)\Common Files\Oracle\Java\javapath;C:\WINDOWS\system32;C:\WINDOWS;C:\WINDOWS\System32\Wbem;C:\WINDOWS\System32\WindowsPowerShell\v1.0\;C:\WINDOWS\System32\OpenSSH\;C:\Program Files\Intel\WiFi\bin\;C:\Program Files\Common Files\Intel\WirelessCommon\;C:\Program Files\dotnet\;c:\Program Files (x86)\Microsoft SQL Server\110\Tools\Binn\;c:\Program Files\Microsoft SQL Server\110\Tools\Binn\;c:\Program Files\Microsoft SQL Server\110\DTS\Binn\;C:\Program Files (x86)\Microsoft SQL Server\110\Tools\Binn\ManagementStudio\;C:\Program Files (x86)\Microsoft Visual Studio 10.0\Common7\IDE\PrivateAssemblies\;C:\Program Files (x86)\Microsoft SQL Server\110\DTS\Binn\;C:\Program Files\Microsoft SQL Server\130\Tools\Binn\;C:\Program Files\Microsoft SQL Server\Client SDK\ODBC\170\Tools\Binn\;C:\Users\PC\Downloads eclipse.java.juno-SR2-win32\eclipsejre\bin\javaw.exe;C:\Program Files\nodejs\;C:\Program Files\Git\cmd;C:\Users\PC\AppData\Local\Programs\Python\Python38-32\Scripts\;C:\Users\PC\AppData\Local\Programs\Python\Python38-32\;C:\Users\PC\AppData\Local\Programs\Python\Python38\Scripts\;C:\Users\PC\AppData\Local\Programs\Python\Python38\;C:\Users\PC\AppData\Local\Microsoft\WindowsApps;C:\Users\PC\.dotnet\tools;C:\Users\PC\AppData\Roaming\npm
USERNAME=PC
OS=Windows_NT
PROCESSOR_IDENTIFIER=Intel64 Family 6 Model 142 Stepping 11, GenuineIntel



---------------  S Y S T E M  ---------------

OS: Windows 10 , 64 bit Build 22000 (10.0.22000.318)
OS uptime: 8 days 8:26 hours

CPU:total 8 (initial active 8) (4 cores per cpu, 2 threads per core) family 6 model 142 stepping 11 microcode 0xde, cmov, cx8, fxsr, mmx, sse, sse2, sse3, ssse3, sse4.1, sse4.2, popcnt, avx, avx2, aes, clmul, erms, 3dnowpref, lzcnt, ht, tsc, tscinvbit, bmi1, bmi2, adx, fma

Memory: 4k page, system-wide physical 8043M (897M free)
TotalPageFile size 17059M (AvailPageFile size 15M)
current process WorkingSet (physical memory assigned to process): 631M, peak: 649M
current process commit charge ("private bytes"): 692M, peak: 746M

vm_info: OpenJDK 64-Bit Server VM (11.0.10+0-b96-7249189) for windows-amd64 JRE (11.0.10+0-b96-7249189), built on Mar 31 2021 21:44:00 by "builder" with MS VC++ 14.0 (VS2015)

END.
