#
# There is insufficient memory for the Java Runtime Environment to continue.
# Native memory allocation (malloc) failed to allocate 1267536 bytes for Chunk::new
# Possible reasons:
#   The system is out of physical RAM or swap space
#   The process is running with CompressedOops enabled, and the Java Heap may be blocking the growth of the native heap
# Possible solutions:
#   Reduce memory load on the system
#   Increase physical memory or swap space
#   Check if swap backing store is full
#   Decrease Java heap size (-Xmx/-Xms)
#   Decrease number of Java threads
#   Decrease Java thread stack sizes (-Xss)
#   Set larger code cache with -XX:ReservedCodeCacheSize=
#   JVM is running with Unscaled Compressed Oops mode in which the Java heap is
#     placed in the first 4GB address space. The Java Heap base address is the
#     maximum limit for the native heap growth. Please use -XX:HeapBaseMinAddress
#     to set the Java Heap base and to place the Java Heap above 4GB virtual address.
# This output file may be truncated or incomplete.
#
#  Out of Memory Error (./src/hotspot/share/memory/arena.cpp:197), pid=4876, tid=2352
#
# JRE version: OpenJDK Runtime Environment (11.0.10) (build 11.0.10+0-b96-7249189)
# Java VM: OpenJDK 64-Bit Server VM (11.0.10+0-b96-7249189, mixed mode, tiered, compressed oops, g1 gc, windows-amd64)
# No core dump will be written. Minidumps are not enabled by default on client versions of Windows
#

---------------  S U M M A R Y ------------

Command Line: --add-opens=java.base/java.util=ALL-UNNAMED --add-opens=java.base/java.lang=ALL-UNNAMED --add-opens=java.base/java.lang.invoke=ALL-UNNAMED --add-opens=java.base/java.util=ALL-UNNAMED --add-opens=java.prefs/java.util.prefs=ALL-UNNAMED --add-opens=java.prefs/java.util.prefs=ALL-UNNAMED --add-opens=java.base/java.nio.charset=ALL-UNNAMED --add-opens=java.base/java.net=ALL-UNNAMED --add-opens=java.base/java.util.concurrent.atomic=ALL-UNNAMED -Xmx2048m -Dfile.encoding=UTF-8 -Duser.country=US -Duser.language=en -Duser.variant org.gradle.launcher.daemon.bootstrap.GradleDaemon 7.0.2

Host: Intel(R) Core(TM) i5-8265U CPU @ 1.60GHz, 8 cores, 7G,  Windows 10 , 64 bit Build 22000 (10.0.22000.318)
Time: Sun Dec 26 21:59:34 2021 SE Asia Standard Time elapsed time: 28.316508 seconds (0d 0h 0m 28s)

---------------  T H R E A D  ---------------

Current thread (0x0000021c1fd50800):  JavaThread "C2 CompilerThread0" daemon [_thread_in_native, id=2352, stack(0x000000c1a7c00000,0x000000c1a7d00000)]


Current CompileTask:
C2:  28316 14981       4       com.android.tools.r8.internal.Mv::a (430 bytes)

Stack: [0x000000c1a7c00000,0x000000c1a7d00000]
Native frames: (J=compiled Java code, j=interpreted, Vv=VM code, C=native code)
V  [jvm.dll+0x5ecfaa]
V  [jvm.dll+0x722bd5]
V  [jvm.dll+0x72412d]
V  [jvm.dll+0x7247e3]
V  [jvm.dll+0x242928]
V  [jvm.dll+0xbc4fc]
V  [jvm.dll+0xbca0c]
V  [jvm.dll+0x352d3b]
V  [jvm.dll+0x197e0c]
V  [jvm.dll+0x1fb70e]
V  [jvm.dll+0x1fa7f4]
V  [jvm.dll+0x18354c]
V  [jvm.dll+0x208ee7]
V  [jvm.dll+0x207731]
V  [jvm.dll+0x6eb1cf]
V  [jvm.dll+0x6e3d45]
V  [jvm.dll+0x5ebe96]
C  [ucrtbase.dll+0x26c0c]
C  [KERNEL32.DLL+0x154e0]
C  [ntdll.dll+0x485b]


---------------  P R O C E S S  ---------------

Threads class SMR info:
_java_thread_list=0x0000021c28ce8110, length=65, elements={
0x0000021c058c5800, 0x0000021c1fd2c800, 0x0000021c1fd35800, 0x0000021c1fd48800,
0x0000021c1fd49800, 0x0000021c1fd4b000, 0x0000021c1fd50800, 0x0000021c1fd54800,
0x0000021c206eb800, 0x0000021c20841800, 0x0000021c22849800, 0x0000021c22225000,
0x0000021c224a8800, 0x0000021c2291b000, 0x0000021c2291b800, 0x0000021c22240000,
0x0000021c22241000, 0x0000021c22242000, 0x0000021c224a7000, 0x0000021c21f5a000,
0x0000021c21f5c000, 0x0000021c21f5b000, 0x0000021c21f59800, 0x0000021c230a0000,
0x0000021c230a0800, 0x0000021c2309e000, 0x0000021c2309f000, 0x0000021c2309b000,
0x0000021c230a1800, 0x0000021c2309b800, 0x0000021c2309c800, 0x0000021c230a3000,
0x0000021c2309d800, 0x0000021c230a9000, 0x0000021c230a9800, 0x0000021c230a5800,
0x0000021c230a4000, 0x0000021c230a4800, 0x0000021c230a7000, 0x0000021c230a8000,
0x0000021c253ef800, 0x0000021c253f0000, 0x0000021c253ed800, 0x0000021c253f1000,
0x0000021c253ed000, 0x0000021c253f2000, 0x0000021c253ec000, 0x0000021c253ee800,
0x0000021c253f6800, 0x0000021c253f7800, 0x0000021c253f8800, 0x0000021c253f2800,
0x0000021c253f9000, 0x0000021c253f3800, 0x0000021c253f5000, 0x0000021c253fa000,
0x0000021c253f6000, 0x0000021c253f4800, 0x0000021c253fb000, 0x0000021c247b3800,
0x0000021c247b0800, 0x0000021c247b5000, 0x0000021c247b1000, 0x0000021c247b7000,
0x0000021c247b6000
}

Java Threads: ( => current thread )
  0x0000021c058c5800 JavaThread "main" [_thread_blocked, id=23148, stack(0x000000c1a7000000,0x000000c1a7100000)]
  0x0000021c1fd2c800 JavaThread "Reference Handler" daemon [_thread_blocked, id=21780, stack(0x000000c1a7700000,0x000000c1a7800000)]
  0x0000021c1fd35800 JavaThread "Finalizer" daemon [_thread_blocked, id=13600, stack(0x000000c1a7800000,0x000000c1a7900000)]
  0x0000021c1fd48800 JavaThread "Signal Dispatcher" daemon [_thread_blocked, id=13588, stack(0x000000c1a7900000,0x000000c1a7a00000)]
  0x0000021c1fd49800 JavaThread "Attach Listener" daemon [_thread_blocked, id=23328, stack(0x000000c1a7a00000,0x000000c1a7b00000)]
  0x0000021c1fd4b000 JavaThread "Service Thread" daemon [_thread_blocked, id=8860, stack(0x000000c1a7b00000,0x000000c1a7c00000)]
=>0x0000021c1fd50800 JavaThread "C2 CompilerThread0" daemon [_thread_in_native, id=2352, stack(0x000000c1a7c00000,0x000000c1a7d00000)]
  0x0000021c1fd54800 JavaThread "C1 CompilerThread0" daemon [_thread_in_native, id=8140, stack(0x000000c1a7d00000,0x000000c1a7e00000)]
  0x0000021c206eb800 JavaThread "Sweeper thread" daemon [_thread_blocked, id=16868, stack(0x000000c1a7e00000,0x000000c1a7f00000)]
  0x0000021c20841800 JavaThread "Common-Cleaner" daemon [_thread_blocked, id=23024, stack(0x000000c1a7f00000,0x000000c1a8000000)]
  0x0000021c22849800 JavaThread "Daemon health stats" [_thread_blocked, id=21716, stack(0x000000c1a8300000,0x000000c1a8400000)]
  0x0000021c22225000 JavaThread "Incoming local TCP Connector on port 63560" [_thread_in_native, id=2300, stack(0x000000c1a8400000,0x000000c1a8500000)]
  0x0000021c224a8800 JavaThread "Daemon periodic checks" [_thread_blocked, id=17232, stack(0x000000c1a8500000,0x000000c1a8600000)]
  0x0000021c2291b000 JavaThread "Daemon" [_thread_blocked, id=14604, stack(0x000000c1a8600000,0x000000c1a8700000)]
  0x0000021c2291b800 JavaThread "Handler for socket connection from /127.0.0.1:63560 to /127.0.0.1:63561" [_thread_in_native, id=2240, stack(0x000000c1a8700000,0x000000c1a8800000)]
  0x0000021c22240000 JavaThread "Cancel handler" [_thread_blocked, id=19748, stack(0x000000c1a8800000,0x000000c1a8900000)]
  0x0000021c22241000 JavaThread "Daemon worker" [_thread_blocked, id=23224, stack(0x000000c1a8900000,0x000000c1a8a00000)]
  0x0000021c22242000 JavaThread "Asynchronous log dispatcher for DefaultDaemonConnection: socket connection from /127.0.0.1:63560 to /127.0.0.1:63561" [_thread_blocked, id=6704, stack(0x000000c1a8a00000,0x000000c1a8b00000)]
  0x0000021c224a7000 JavaThread "Stdin handler" [_thread_blocked, id=4788, stack(0x000000c1a8b00000,0x000000c1a8c00000)]
  0x0000021c21f5a000 JavaThread "Daemon client event forwarder" [_thread_blocked, id=17336, stack(0x000000c1a8c00000,0x000000c1a8d00000)]
  0x0000021c21f5c000 JavaThread "Cache worker for file hash cache (D:\caches\7.0.2\fileHashes)" [_thread_blocked, id=19404, stack(0x000000c1a9200000,0x000000c1a9300000)]
  0x0000021c21f5b000 JavaThread "File lock request listener" [_thread_in_native, id=12716, stack(0x000000c1a9300000,0x000000c1a9400000)]
  0x0000021c21f59800 JavaThread "Cache worker for journal cache (D:\caches\journal-1)" [_thread_blocked, id=8328, stack(0x000000c1a9500000,0x000000c1a9600000)]
  0x0000021c230a0000 JavaThread "Cache worker for file hash cache (C:\Users\PC\AndroidStudioProjects\MyApplication5\.gradle\7.0.2\fileHashes)" [_thread_blocked, id=2440, stack(0x000000c1a9600000,0x000000c1a9700000)]
  0x0000021c230a0800 JavaThread "File watcher server" daemon [_thread_in_native, id=1092, stack(0x000000c1a9700000,0x000000c1a9800000)]
  0x0000021c2309e000 JavaThread "File watcher consumer" daemon [_thread_blocked, id=12440, stack(0x000000c1a9800000,0x000000c1a9900000)]
  0x0000021c2309f000 JavaThread "Cache worker for checksums cache (C:\Users\PC\AndroidStudioProjects\MyApplication5\.gradle\checksums)" [_thread_blocked, id=1424, stack(0x000000c1a9900000,0x000000c1a9a00000)]
  0x0000021c2309b000 JavaThread "Cache worker for cache directory md-supplier (D:\caches\7.0.2\md-supplier)" [_thread_blocked, id=3056, stack(0x000000c1a9a00000,0x000000c1a9b00000)]
  0x0000021c230a1800 JavaThread "Cache worker for cache directory md-rule (D:\caches\7.0.2\md-rule)" [_thread_blocked, id=11220, stack(0x000000c1a9b00000,0x000000c1a9c00000)]
  0x0000021c2309b800 JavaThread "Cache worker for execution history cache (D:\caches\7.0.2\executionHistory)" [_thread_blocked, id=19052, stack(0x000000c1a9c00000,0x000000c1a9d00000)]
  0x0000021c2309c800 JavaThread "jar transforms" [_thread_blocked, id=16980, stack(0x000000c1a9d00000,0x000000c1a9e00000)]
  0x0000021c230a3000 JavaThread "jar transforms Thread 2" [_thread_blocked, id=16992, stack(0x000000c1a9e00000,0x000000c1a9f00000)]
  0x0000021c2309d800 JavaThread "Cache worker for file content cache (D:\caches\7.0.2\fileContent)" [_thread_blocked, id=20256, stack(0x000000c1a9f00000,0x000000c1aa000000)]
  0x0000021c230a9000 JavaThread "Cache worker for dependencies-accessors (C:\Users\PC\AndroidStudioProjects\MyApplication5\.gradle\7.0.2\dependencies-accessors)" [_thread_blocked, id=13604, stack(0x000000c1aa000000,0x000000c1aa100000)]
  0x0000021c230a9800 JavaThread "jar transforms Thread 3" [_thread_blocked, id=4068, stack(0x000000c1aa100000,0x000000c1aa200000)]
  0x0000021c230a5800 JavaThread "Cache worker for Build Output Cleanup Cache (C:\Users\PC\AndroidStudioProjects\MyApplication5\.gradle\buildOutputCleanup)" [_thread_blocked, id=11136, stack(0x000000c1aa200000,0x000000c1aa300000)]
  0x0000021c230a4000 JavaThread "Build operations" [_thread_blocked, id=11980, stack(0x000000c1aa300000,0x000000c1aa400000)]
  0x0000021c230a4800 JavaThread "Build operations Thread 2" [_thread_in_Java, id=14404, stack(0x000000c1aa400000,0x000000c1aa500000)]
  0x0000021c230a7000 JavaThread "Build operations Thread 3" [_thread_blocked, id=23056, stack(0x000000c1aa500000,0x000000c1aa600000)]
  0x0000021c230a8000 JavaThread "Build operations Thread 4" [_thread_in_Java, id=3648, stack(0x000000c1aa600000,0x000000c1aa700000)]
  0x0000021c253ef800 JavaThread "Build operations Thread 5" [_thread_in_vm, id=15112, stack(0x000000c1aa700000,0x000000c1aa800000)]
  0x0000021c253f0000 JavaThread "Build operations Thread 6" [_thread_in_Java, id=12892, stack(0x000000c1aa800000,0x000000c1aa900000)]
  0x0000021c253ed800 JavaThread "Build operations Thread 7" [_thread_blocked, id=15968, stack(0x000000c1aa900000,0x000000c1aaa00000)]
  0x0000021c253f1000 JavaThread "Build operations Thread 8" [_thread_blocked, id=13816, stack(0x000000c1aaa00000,0x000000c1aab00000)]
  0x0000021c253ed000 JavaThread "jar transforms Thread 4" [_thread_blocked, id=19788, stack(0x000000c1aab00000,0x000000c1aac00000)]
  0x0000021c253f2000 JavaThread "jar transforms Thread 5" [_thread_blocked, id=17968, stack(0x000000c1aac00000,0x000000c1aad00000)]
  0x0000021c253ec000 JavaThread "jar transforms Thread 6" [_thread_blocked, id=23400, stack(0x000000c1aad00000,0x000000c1aae00000)]
  0x0000021c253ee800 JavaThread "jar transforms Thread 7" [_thread_blocked, id=2376, stack(0x000000c1aae00000,0x000000c1aaf00000)]
  0x0000021c253f6800 JavaThread "jar transforms Thread 8" [_thread_blocked, id=21392, stack(0x000000c1aaf00000,0x000000c1ab000000)]
  0x0000021c253f7800 JavaThread "Memory manager" [_thread_blocked, id=14724, stack(0x000000c1ab000000,0x000000c1ab100000)]
  0x0000021c253f8800 JavaThread "build event listener" [_thread_blocked, id=8724, stack(0x000000c1ab100000,0x000000c1ab200000)]
  0x0000021c253f2800 JavaThread "pool-3-thread-1" [_thread_blocked, id=20920, stack(0x000000c1ab200000,0x000000c1ab300000)]
  0x0000021c253f9000 JavaThread "build event listener" [_thread_blocked, id=8372, stack(0x000000c1ab300000,0x000000c1ab400000)]
  0x0000021c253f3800 JavaThread "Execution worker for ':'" [_thread_blocked, id=14156, stack(0x000000c1ab400000,0x000000c1ab500000)]
  0x0000021c253f5000 JavaThread "Execution worker for ':' Thread 2" [_thread_blocked, id=15792, stack(0x000000c1ab500000,0x000000c1ab600000)]
  0x0000021c253fa000 JavaThread "Execution worker for ':' Thread 3" [_thread_blocked, id=17696, stack(0x000000c1ab600000,0x000000c1ab700000)]
  0x0000021c253f6000 JavaThread "Execution worker for ':' Thread 4" [_thread_blocked, id=4680, stack(0x000000c1ab700000,0x000000c1ab800000)]
  0x0000021c253f4800 JavaThread "Execution worker for ':' Thread 5" [_thread_blocked, id=6668, stack(0x000000c1ab800000,0x000000c1ab900000)]
  0x0000021c253fb000 JavaThread "Execution worker for ':' Thread 6" [_thread_blocked, id=23240, stack(0x000000c1ab900000,0x000000c1aba00000)]
  0x0000021c247b3800 JavaThread "Execution worker for ':' Thread 7" [_thread_blocked, id=22972, stack(0x000000c1aba00000,0x000000c1abb00000)]
  0x0000021c247b0800 JavaThread "Cache worker for execution history cache (C:\Users\PC\AndroidStudioProjects\MyApplication5\.gradle\7.0.2\executionHistory)" [_thread_blocked, id=13136, stack(0x000000c1abb00000,0x000000c1abc00000)]
  0x0000021c247b5000 JavaThread "WorkerExecutor Queue" [_thread_blocked, id=13960, stack(0x000000c1abc00000,0x000000c1abd00000)]
  0x0000021c247b1000 JavaThread "C2 CompilerThread1" daemon [_thread_in_native, id=3784, stack(0x000000c1abd00000,0x000000c1abe00000)]
  0x0000021c247b7000 JavaThread "WorkerExecutor Queue Thread 2" [_thread_blocked, id=3656, stack(0x000000c1abe00000,0x000000c1abf00000)]
  0x0000021c247b6000 JavaThread "C2 CompilerThread2" daemon [_thread_in_native, id=15592, stack(0x000000c1abf00000,0x000000c1ac000000)]

Other Threads:
  0x0000021c1fd2b000 VMThread "VM Thread" [stack: 0x000000c1a7600000,0x000000c1a7700000] [id=15420]
  0x0000021c20858800 WatcherThread [stack: 0x000000c1a8000000,0x000000c1a8100000] [id=19876]
  0x0000021c058de800 GCTaskThread "GC Thread#0" [stack: 0x000000c1a7100000,0x000000c1a7200000] [id=17724]
  0x0000021c21197000 GCTaskThread "GC Thread#1" [stack: 0x000000c1a8100000,0x000000c1a8200000] [id=12824]
  0x0000021c2133c000 GCTaskThread "GC Thread#2" [stack: 0x000000c1a8200000,0x000000c1a8300000] [id=12364]
  0x0000021c220d4800 GCTaskThread "GC Thread#3" [stack: 0x000000c1a8d00000,0x000000c1a8e00000] [id=19936]
  0x0000021c220d1000 GCTaskThread "GC Thread#4" [stack: 0x000000c1a8e00000,0x000000c1a8f00000] [id=6732]
  0x0000021c22933800 GCTaskThread "GC Thread#5" [stack: 0x000000c1a8f00000,0x000000c1a9000000] [id=10800]
  0x0000021c22169000 GCTaskThread "GC Thread#6" [stack: 0x000000c1a9000000,0x000000c1a9100000] [id=17244]
  0x0000021c2294b800 GCTaskThread "GC Thread#7" [stack: 0x000000c1a9100000,0x000000c1a9200000] [id=108]
  0x0000021c05910800 ConcurrentGCThread "G1 Main Marker" [stack: 0x000000c1a7200000,0x000000c1a7300000] [id=17884]
  0x0000021c05913000 ConcurrentGCThread "G1 Conc#0" [stack: 0x000000c1a7300000,0x000000c1a7400000] [id=16708]
  0x0000021c22765000 ConcurrentGCThread "G1 Conc#1" [stack: 0x000000c1a9400000,0x000000c1a9500000] [id=11696]
  0x0000021c0599d800 ConcurrentGCThread "G1 Refine#0" [stack: 0x000000c1a7400000,0x000000c1a7500000] [id=10424]
  0x0000021c26af7000 ConcurrentGCThread "G1 Refine#1" [stack: 0x000000c1ac000000,0x000000c1ac100000] [id=21140]
  0x0000021c2bf4b000 ConcurrentGCThread "G1 Refine#2" [stack: 0x000000c1ac100000,0x000000c1ac200000] [id=5744]
  0x0000021c2f058000 ConcurrentGCThread "G1 Refine#3" [stack: 0x000000c1ac200000,0x000000c1ac300000] [id=23460]
  0x0000021c0599e800 ConcurrentGCThread "G1 Young RemSet Sampling" [stack: 0x000000c1a7500000,0x000000c1a7600000] [id=20828]

Threads with active compile tasks:
C2 CompilerThread0  28435 14981       4       com.android.tools.r8.internal.Mv::a (430 bytes)
C1 CompilerThread0  28435 15218 %     3       com.android.tools.r8.internal.Rz::a @ 73 (109 bytes)
C2 CompilerThread1  28435 14247 %     4       com.android.tools.r8.ir.regalloc.a::a @ 2157 (3985 bytes)
C2 CompilerThread2  28435 14567 %     4       com.android.tools.r8.ir.regalloc.a::a @ 1262 (1824 bytes)

VM state:not at safepoint (normal execution)

VM Mutex/Monitor currently owned by a thread:  ([mutex/lock_event])
[0x0000021c058c2270] MethodCompileQueue_lock - owner thread: 0x0000000000000000

Heap address: 0x0000000080000000, size: 2048 MB, Compressed Oops mode: 32-bit
Narrow klass base: 0x0000000000000000, Narrow klass shift: 3
Compressed class space size: 1073741824 Address: 0x0000000100000000

Heap:
 garbage-first heap   total 324608K, used 218322K [0x0000000080000000, 0x0000000100000000)
  region size 1024K, 103 young (105472K), 7 survivors (7168K)
 Metaspace       used 102677K, capacity 105350K, committed 105676K, reserved 1140736K
  class space    used 13198K, capacity 14207K, committed 14284K, reserved 1048576K
Heap Regions: E=young(eden), S=young(survivor), O=old, HS=humongous(starts), HC=humongous(continues), CS=collection set, F=free, A=archive, TAMS=top-at-mark-start (previous, next)
|   0|0x0000000080000000, 0x0000000080100000, 0x0000000080100000|100%| O|  |TAMS 0x0000000080100000, 0x0000000080000000| Untracked 
|   1|0x0000000080100000, 0x0000000080200000, 0x0000000080200000|100%| O|  |TAMS 0x0000000080200000, 0x0000000080100000| Untracked 
|   2|0x0000000080200000, 0x0000000080300000, 0x0000000080300000|100%| O|  |TAMS 0x0000000080300000, 0x0000000080200000| Untracked 
|   3|0x0000000080300000, 0x0000000080400000, 0x0000000080400000|100%|HS|  |TAMS 0x0000000080400000, 0x0000000080300000| Complete 
|   4|0x0000000080400000, 0x0000000080500000, 0x0000000080500000|100%|HC|  |TAMS 0x0000000080500000, 0x0000000080400000| Complete 
|   5|0x0000000080500000, 0x0000000080600000, 0x0000000080600000|100%|HC|  |TAMS 0x0000000080600000, 0x0000000080500000| Complete 
|   6|0x0000000080600000, 0x0000000080700000, 0x0000000080700000|100%| O|  |TAMS 0x0000000080700000, 0x0000000080600000| Untracked 
|   7|0x0000000080700000, 0x0000000080800000, 0x0000000080800000|100%| O|  |TAMS 0x0000000080800000, 0x0000000080700000| Untracked 
|   8|0x0000000080800000, 0x0000000080900000, 0x0000000080900000|100%| O|  |TAMS 0x0000000080900000, 0x0000000080800000| Untracked 
|   9|0x0000000080900000, 0x0000000080a00000, 0x0000000080a00000|100%| O|  |TAMS 0x0000000080a00000, 0x0000000080900000| Untracked 
|  10|0x0000000080a00000, 0x0000000080b00000, 0x0000000080b00000|100%| O|  |TAMS 0x0000000080b00000, 0x0000000080a00000| Untracked 
|  11|0x0000000080b00000, 0x0000000080c00000, 0x0000000080c00000|100%| O|  |TAMS 0x0000000080c00000, 0x0000000080b00000| Untracked 
|  12|0x0000000080c00000, 0x0000000080d00000, 0x0000000080d00000|100%| O|  |TAMS 0x0000000080d00000, 0x0000000080c00000| Untracked 
|  13|0x0000000080d00000, 0x0000000080e00000, 0x0000000080e00000|100%| O|  |TAMS 0x0000000080e00000, 0x0000000080d00000| Untracked 
|  14|0x0000000080e00000, 0x0000000080f00000, 0x0000000080f00000|100%| O|  |TAMS 0x0000000080f00000, 0x0000000080e00000| Untracked 
|  15|0x0000000080f00000, 0x0000000081000000, 0x0000000081000000|100%| O|  |TAMS 0x0000000081000000, 0x0000000080f00000| Untracked 
|  16|0x0000000081000000, 0x0000000081100000, 0x0000000081100000|100%| O|  |TAMS 0x0000000081100000, 0x0000000081000000| Untracked 
|  17|0x0000000081100000, 0x0000000081200000, 0x0000000081200000|100%| O|  |TAMS 0x0000000081200000, 0x0000000081100000| Untracked 
|  18|0x0000000081200000, 0x0000000081300000, 0x0000000081300000|100%|HS|  |TAMS 0x0000000081300000, 0x0000000081200000| Complete 
|  19|0x0000000081300000, 0x0000000081400000, 0x0000000081400000|100%| O|  |TAMS 0x0000000081400000, 0x0000000081300000| Untracked 
|  20|0x0000000081400000, 0x0000000081500000, 0x0000000081500000|100%| O|  |TAMS 0x0000000081500000, 0x0000000081400000| Untracked 
|  21|0x0000000081500000, 0x0000000081600000, 0x0000000081600000|100%| O|  |TAMS 0x0000000081600000, 0x0000000081500000| Untracked 
|  22|0x0000000081600000, 0x0000000081700000, 0x0000000081700000|100%| O|  |TAMS 0x0000000081700000, 0x0000000081600000| Untracked 
|  23|0x0000000081700000, 0x0000000081800000, 0x0000000081800000|100%|HS|  |TAMS 0x0000000081800000, 0x0000000081700000| Complete 
|  24|0x0000000081800000, 0x0000000081900000, 0x0000000081900000|100%|HS|  |TAMS 0x0000000081900000, 0x0000000081800000| Complete 
|  25|0x0000000081900000, 0x0000000081a00000, 0x0000000081a00000|100%|HC|  |TAMS 0x0000000081a00000, 0x0000000081900000| Complete 
|  26|0x0000000081a00000, 0x0000000081b00000, 0x0000000081b00000|100%| O|  |TAMS 0x0000000081b00000, 0x0000000081a00000| Untracked 
|  27|0x0000000081b00000, 0x0000000081c00000, 0x0000000081c00000|100%| O|  |TAMS 0x0000000081c00000, 0x0000000081b00000| Untracked 
|  28|0x0000000081c00000, 0x0000000081d00000, 0x0000000081d00000|100%| O|  |TAMS 0x0000000081d00000, 0x0000000081c00000| Untracked 
|  29|0x0000000081d00000, 0x0000000081e00000, 0x0000000081e00000|100%| O|  |TAMS 0x0000000081e00000, 0x0000000081d00000| Untracked 
|  30|0x0000000081e00000, 0x0000000081f00000, 0x0000000081f00000|100%| O|  |TAMS 0x0000000081f00000, 0x0000000081e00000| Untracked 
|  31|0x0000000081f00000, 0x0000000082000000, 0x0000000082000000|100%| O|  |TAMS 0x0000000082000000, 0x0000000081f00000| Untracked 
|  32|0x0000000082000000, 0x0000000082100000, 0x0000000082100000|100%| O|  |TAMS 0x0000000082100000, 0x0000000082000000| Untracked 
|  33|0x0000000082100000, 0x0000000082200000, 0x0000000082200000|100%| O|  |TAMS 0x0000000082200000, 0x0000000082100000| Untracked 
|  34|0x0000000082200000, 0x0000000082300000, 0x0000000082300000|100%| O|  |TAMS 0x0000000082300000, 0x0000000082200000| Untracked 
|  35|0x0000000082300000, 0x0000000082400000, 0x0000000082400000|100%| O|  |TAMS 0x0000000082400000, 0x0000000082300000| Untracked 
|  36|0x0000000082400000, 0x0000000082500000, 0x0000000082500000|100%| O|  |TAMS 0x0000000082500000, 0x0000000082400000| Untracked 
|  37|0x0000000082500000, 0x0000000082600000, 0x0000000082600000|100%| O|  |TAMS 0x0000000082600000, 0x0000000082500000| Untracked 
|  38|0x0000000082600000, 0x0000000082700000, 0x0000000082700000|100%| O|  |TAMS 0x0000000082700000, 0x0000000082600000| Untracked 
|  39|0x0000000082700000, 0x0000000082800000, 0x0000000082800000|100%| O|  |TAMS 0x0000000082800000, 0x0000000082700000| Untracked 
|  40|0x0000000082800000, 0x0000000082900000, 0x0000000082900000|100%| O|  |TAMS 0x0000000082900000, 0x0000000082800000| Untracked 
|  41|0x0000000082900000, 0x0000000082a00000, 0x0000000082a00000|100%| O|  |TAMS 0x0000000082a00000, 0x0000000082900000| Untracked 
|  42|0x0000000082a00000, 0x0000000082b00000, 0x0000000082b00000|100%| O|  |TAMS 0x0000000082b00000, 0x0000000082a00000| Untracked 
|  43|0x0000000082b00000, 0x0000000082c00000, 0x0000000082c00000|100%| O|  |TAMS 0x0000000082c00000, 0x0000000082b00000| Untracked 
|  44|0x0000000082c00000, 0x0000000082d00000, 0x0000000082d00000|100%| O|  |TAMS 0x0000000082d00000, 0x0000000082c00000| Untracked 
|  45|0x0000000082d00000, 0x0000000082e00000, 0x0000000082e00000|100%| O|  |TAMS 0x0000000082e00000, 0x0000000082d00000| Untracked 
|  46|0x0000000082e00000, 0x0000000082f00000, 0x0000000082f00000|100%| O|  |TAMS 0x0000000082f00000, 0x0000000082e00000| Untracked 
|  47|0x0000000082f00000, 0x0000000083000000, 0x0000000083000000|100%| O|  |TAMS 0x0000000083000000, 0x0000000082f00000| Untracked 
|  48|0x0000000083000000, 0x0000000083100000, 0x0000000083100000|100%| O|  |TAMS 0x0000000083100000, 0x0000000083000000| Untracked 
|  49|0x0000000083100000, 0x0000000083200000, 0x0000000083200000|100%| O|  |TAMS 0x0000000083200000, 0x0000000083100000| Untracked 
|  50|0x0000000083200000, 0x0000000083300000, 0x0000000083300000|100%| O|  |TAMS 0x0000000083300000, 0x0000000083200000| Untracked 
|  51|0x0000000083300000, 0x0000000083400000, 0x0000000083400000|100%| O|  |TAMS 0x0000000083400000, 0x0000000083300000| Untracked 
|  52|0x0000000083400000, 0x0000000083500000, 0x0000000083500000|100%| O|  |TAMS 0x0000000083500000, 0x0000000083400000| Untracked 
|  53|0x0000000083500000, 0x0000000083600000, 0x0000000083600000|100%| O|  |TAMS 0x0000000083600000, 0x0000000083500000| Untracked 
|  54|0x0000000083600000, 0x0000000083700000, 0x0000000083700000|100%| O|  |TAMS 0x0000000083700000, 0x0000000083600000| Untracked 
|  55|0x0000000083700000, 0x0000000083800000, 0x0000000083800000|100%| O|  |TAMS 0x0000000083800000, 0x0000000083700000| Untracked 
|  56|0x0000000083800000, 0x0000000083900000, 0x0000000083900000|100%| O|  |TAMS 0x0000000083900000, 0x0000000083800000| Untracked 
|  57|0x0000000083900000, 0x0000000083a00000, 0x0000000083a00000|100%| O|  |TAMS 0x0000000083a00000, 0x0000000083900000| Untracked 
|  58|0x0000000083a00000, 0x0000000083b00000, 0x0000000083b00000|100%| O|  |TAMS 0x0000000083b00000, 0x0000000083a00000| Untracked 
|  59|0x0000000083b00000, 0x0000000083c00000, 0x0000000083c00000|100%| O|  |TAMS 0x0000000083c00000, 0x0000000083b00000| Untracked 
|  60|0x0000000083c00000, 0x0000000083d00000, 0x0000000083d00000|100%| O|  |TAMS 0x0000000083d00000, 0x0000000083c00000| Untracked 
|  61|0x0000000083d00000, 0x0000000083e00000, 0x0000000083e00000|100%| O|  |TAMS 0x0000000083e00000, 0x0000000083d00000| Untracked 
|  62|0x0000000083e00000, 0x0000000083f00000, 0x0000000083f00000|100%| O|  |TAMS 0x0000000083f00000, 0x0000000083e00000| Untracked 
|  63|0x0000000083f00000, 0x0000000084000000, 0x0000000084000000|100%| O|  |TAMS 0x0000000084000000, 0x0000000083f00000| Untracked 
|  64|0x0000000084000000, 0x0000000084100000, 0x0000000084100000|100%| O|  |TAMS 0x0000000084100000, 0x0000000084000000| Untracked 
|  65|0x0000000084100000, 0x0000000084200000, 0x0000000084200000|100%| O|  |TAMS 0x0000000084200000, 0x0000000084100000| Untracked 
|  66|0x0000000084200000, 0x0000000084300000, 0x0000000084300000|100%| O|  |TAMS 0x0000000084300000, 0x0000000084200000| Untracked 
|  67|0x0000000084300000, 0x0000000084400000, 0x0000000084400000|100%| O|  |TAMS 0x0000000084400000, 0x0000000084300000| Untracked 
|  68|0x0000000084400000, 0x0000000084500000, 0x0000000084500000|100%| O|  |TAMS 0x0000000084500000, 0x0000000084400000| Untracked 
|  69|0x0000000084500000, 0x0000000084600000, 0x0000000084600000|100%| O|  |TAMS 0x0000000084600000, 0x0000000084500000| Untracked 
|  70|0x0000000084600000, 0x0000000084700000, 0x0000000084700000|100%| O|  |TAMS 0x0000000084700000, 0x0000000084600000| Untracked 
|  71|0x0000000084700000, 0x0000000084800000, 0x0000000084800000|100%| O|  |TAMS 0x0000000084800000, 0x0000000084700000| Untracked 
|  72|0x0000000084800000, 0x0000000084900000, 0x0000000084900000|100%| O|  |TAMS 0x0000000084900000, 0x0000000084800000| Untracked 
|  73|0x0000000084900000, 0x0000000084a00000, 0x0000000084a00000|100%| O|  |TAMS 0x0000000084a00000, 0x0000000084900000| Untracked 
|  74|0x0000000084a00000, 0x0000000084b00000, 0x0000000084b00000|100%| O|  |TAMS 0x0000000084b00000, 0x0000000084a00000| Untracked 
|  75|0x0000000084b00000, 0x0000000084c00000, 0x0000000084c00000|100%| O|  |TAMS 0x0000000084c00000, 0x0000000084b00000| Untracked 
|  76|0x0000000084c00000, 0x0000000084d00000, 0x0000000084d00000|100%| O|  |TAMS 0x0000000084d00000, 0x0000000084c00000| Untracked 
|  77|0x0000000084d00000, 0x0000000084e00000, 0x0000000084e00000|100%| O|  |TAMS 0x0000000084e00000, 0x0000000084d00000| Untracked 
|  78|0x0000000084e00000, 0x0000000084f00000, 0x0000000084f00000|100%| O|  |TAMS 0x0000000084f00000, 0x0000000084e00000| Untracked 
|  79|0x0000000084f00000, 0x0000000085000000, 0x0000000085000000|100%| O|  |TAMS 0x0000000085000000, 0x0000000084f00000| Untracked 
|  80|0x0000000085000000, 0x0000000085100000, 0x0000000085100000|100%| O|  |TAMS 0x0000000085100000, 0x0000000085000000| Untracked 
|  81|0x0000000085100000, 0x0000000085200000, 0x0000000085200000|100%| O|  |TAMS 0x0000000085200000, 0x0000000085100000| Untracked 
|  82|0x0000000085200000, 0x0000000085300000, 0x0000000085300000|100%| O|  |TAMS 0x0000000085300000, 0x0000000085200000| Untracked 
|  83|0x0000000085300000, 0x0000000085400000, 0x0000000085400000|100%| O|  |TAMS 0x0000000085400000, 0x0000000085300000| Untracked 
|  84|0x0000000085400000, 0x0000000085500000, 0x0000000085500000|100%| O|  |TAMS 0x0000000085500000, 0x0000000085400000| Untracked 
|  85|0x0000000085500000, 0x0000000085600000, 0x0000000085600000|100%| O|  |TAMS 0x0000000085600000, 0x0000000085500000| Untracked 
|  86|0x0000000085600000, 0x0000000085700000, 0x0000000085700000|100%| O|  |TAMS 0x0000000085700000, 0x0000000085600000| Untracked 
|  87|0x0000000085700000, 0x0000000085800000, 0x0000000085800000|100%| O|  |TAMS 0x0000000085800000, 0x0000000085700000| Untracked 
|  88|0x0000000085800000, 0x0000000085900000, 0x0000000085900000|100%| O|  |TAMS 0x0000000085900000, 0x0000000085800000| Untracked 
|  89|0x0000000085900000, 0x0000000085a00000, 0x0000000085a00000|100%| O|  |TAMS 0x0000000085a00000, 0x0000000085900000| Untracked 
|  90|0x0000000085a00000, 0x0000000085b00000, 0x0000000085b00000|100%| O|  |TAMS 0x0000000085b00000, 0x0000000085a00000| Untracked 
|  91|0x0000000085b00000, 0x0000000085c00000, 0x0000000085c00000|100%| O|  |TAMS 0x0000000085c00000, 0x0000000085b00000| Untracked 
|  92|0x0000000085c00000, 0x0000000085d00000, 0x0000000085d00000|100%| O|  |TAMS 0x0000000085d00000, 0x0000000085c00000| Untracked 
|  93|0x0000000085d00000, 0x0000000085e00000, 0x0000000085e00000|100%| O|  |TAMS 0x0000000085e00000, 0x0000000085d00000| Untracked 
|  94|0x0000000085e00000, 0x0000000085f00000, 0x0000000085f00000|100%| O|  |TAMS 0x0000000085f00000, 0x0000000085e00000| Untracked 
|  95|0x0000000085f00000, 0x0000000086000000, 0x0000000086000000|100%| O|  |TAMS 0x0000000086000000, 0x0000000085f00000| Untracked 
|  96|0x0000000086000000, 0x0000000086100000, 0x0000000086100000|100%| O|  |TAMS 0x0000000086100000, 0x0000000086000000| Untracked 
|  97|0x0000000086100000, 0x0000000086200000, 0x0000000086200000|100%| O|  |TAMS 0x0000000086200000, 0x0000000086100000| Untracked 
|  98|0x0000000086200000, 0x0000000086300000, 0x0000000086300000|100%| O|  |TAMS 0x0000000086300000, 0x0000000086200000| Untracked 
|  99|0x0000000086300000, 0x0000000086400000, 0x0000000086400000|100%| O|  |TAMS 0x0000000086400000, 0x0000000086300000| Untracked 
| 100|0x0000000086400000, 0x0000000086500000, 0x0000000086500000|100%| O|  |TAMS 0x0000000086500000, 0x0000000086400000| Untracked 
| 101|0x0000000086500000, 0x0000000086600000, 0x0000000086600000|100%| O|  |TAMS 0x0000000086600000, 0x0000000086500000| Untracked 
| 102|0x0000000086600000, 0x0000000086700000, 0x0000000086700000|100%| O|  |TAMS 0x0000000086700000, 0x0000000086600000| Untracked 
| 103|0x0000000086700000, 0x0000000086800000, 0x0000000086800000|100%| O|  |TAMS 0x0000000086800000, 0x0000000086700000| Untracked 
| 104|0x0000000086800000, 0x0000000086900000, 0x0000000086900000|100%| O|  |TAMS 0x0000000086900000, 0x0000000086800000| Untracked 
| 105|0x0000000086900000, 0x0000000086a00000, 0x0000000086a00000|100%| O|  |TAMS 0x0000000086a00000, 0x0000000086900000| Untracked 
| 106|0x0000000086a00000, 0x0000000086b00000, 0x0000000086b00000|100%| O|  |TAMS 0x0000000086b00000, 0x0000000086a00000| Untracked 
| 107|0x0000000086b00000, 0x0000000086c00000, 0x0000000086c00000|100%| O|  |TAMS 0x0000000086c00000, 0x0000000086b00000| Untracked 
| 108|0x0000000086c00000, 0x0000000086d00000, 0x0000000086d00000|100%| O|  |TAMS 0x0000000086d00000, 0x0000000086c00000| Untracked 
| 109|0x0000000086d00000, 0x0000000086e00000, 0x0000000086e00000|100%| O|  |TAMS 0x0000000086e00000, 0x0000000086d00000| Untracked 
| 110|0x0000000086e00000, 0x0000000086f00000, 0x0000000086f00000|100%| O|  |TAMS 0x0000000086f00000, 0x0000000086e00000| Untracked 
| 111|0x0000000086f00000, 0x0000000086f34800, 0x0000000087000000| 20%| O|  |TAMS 0x0000000086f34800, 0x0000000086f00000| Untracked 
| 112|0x0000000087000000, 0x0000000087000000, 0x0000000087100000|  0%| F|  |TAMS 0x0000000087000000, 0x0000000087000000| Untracked 
| 113|0x0000000087100000, 0x0000000087100000, 0x0000000087200000|  0%| F|  |TAMS 0x0000000087100000, 0x0000000087100000| Untracked 
| 114|0x0000000087200000, 0x0000000087200000, 0x0000000087300000|  0%| F|  |TAMS 0x0000000087200000, 0x0000000087200000| Untracked 
| 115|0x0000000087300000, 0x0000000087300000, 0x0000000087400000|  0%| F|  |TAMS 0x0000000087300000, 0x0000000087300000| Untracked 
| 116|0x0000000087400000, 0x0000000087400000, 0x0000000087500000|  0%| F|  |TAMS 0x0000000087400000, 0x0000000087400000| Untracked 
| 117|0x0000000087500000, 0x0000000087500000, 0x0000000087600000|  0%| F|  |TAMS 0x0000000087500000, 0x0000000087500000| Untracked 
| 118|0x0000000087600000, 0x0000000087600000, 0x0000000087700000|  0%| F|  |TAMS 0x0000000087600000, 0x0000000087600000| Untracked 
| 119|0x0000000087700000, 0x0000000087700000, 0x0000000087800000|  0%| F|  |TAMS 0x0000000087700000, 0x0000000087700000| Untracked 
| 120|0x0000000087800000, 0x0000000087800000, 0x0000000087900000|  0%| F|  |TAMS 0x0000000087800000, 0x0000000087800000| Untracked 
| 121|0x0000000087900000, 0x0000000087900000, 0x0000000087a00000|  0%| F|  |TAMS 0x0000000087900000, 0x0000000087900000| Untracked 
| 122|0x0000000087a00000, 0x0000000087a00000, 0x0000000087b00000|  0%| F|  |TAMS 0x0000000087a00000, 0x0000000087a00000| Untracked 
| 123|0x0000000087b00000, 0x0000000087b00000, 0x0000000087c00000|  0%| F|  |TAMS 0x0000000087b00000, 0x0000000087b00000| Untracked 
| 124|0x0000000087c00000, 0x0000000087c00000, 0x0000000087d00000|  0%| F|  |TAMS 0x0000000087c00000, 0x0000000087c00000| Untracked 
| 125|0x0000000087d00000, 0x0000000087d00000, 0x0000000087e00000|  0%| F|  |TAMS 0x0000000087d00000, 0x0000000087d00000| Untracked 
| 126|0x0000000087e00000, 0x0000000087e00000, 0x0000000087f00000|  0%| F|  |TAMS 0x0000000087e00000, 0x0000000087e00000| Untracked 
| 127|0x0000000087f00000, 0x0000000087f00000, 0x0000000088000000|  0%| F|  |TAMS 0x0000000087f00000, 0x0000000087f00000| Untracked 
| 128|0x0000000088000000, 0x0000000088000000, 0x0000000088100000|  0%| F|  |TAMS 0x0000000088000000, 0x0000000088000000| Untracked 
| 129|0x0000000088100000, 0x0000000088100000, 0x0000000088200000|  0%| F|  |TAMS 0x0000000088100000, 0x0000000088100000| Untracked 
| 130|0x0000000088200000, 0x0000000088200000, 0x0000000088300000|  0%| F|  |TAMS 0x0000000088200000, 0x0000000088200000| Untracked 
| 131|0x0000000088300000, 0x0000000088300000, 0x0000000088400000|  0%| F|  |TAMS 0x0000000088300000, 0x0000000088300000| Untracked 
| 132|0x0000000088400000, 0x0000000088400000, 0x0000000088500000|  0%| F|  |TAMS 0x0000000088400000, 0x0000000088400000| Untracked 
| 133|0x0000000088500000, 0x0000000088500000, 0x0000000088600000|  0%| F|  |TAMS 0x0000000088500000, 0x0000000088500000| Untracked 
| 134|0x0000000088600000, 0x0000000088600000, 0x0000000088700000|  0%| F|  |TAMS 0x0000000088600000, 0x0000000088600000| Untracked 
| 135|0x0000000088700000, 0x0000000088700000, 0x0000000088800000|  0%| F|  |TAMS 0x0000000088700000, 0x0000000088700000| Untracked 
| 136|0x0000000088800000, 0x0000000088800000, 0x0000000088900000|  0%| F|  |TAMS 0x0000000088800000, 0x0000000088800000| Untracked 
| 137|0x0000000088900000, 0x0000000088900000, 0x0000000088a00000|  0%| F|  |TAMS 0x0000000088900000, 0x0000000088900000| Untracked 
| 138|0x0000000088a00000, 0x0000000088a00000, 0x0000000088b00000|  0%| F|  |TAMS 0x0000000088a00000, 0x0000000088a00000| Untracked 
| 139|0x0000000088b00000, 0x0000000088b00000, 0x0000000088c00000|  0%| F|  |TAMS 0x0000000088b00000, 0x0000000088b00000| Untracked 
| 140|0x0000000088c00000, 0x0000000088c00000, 0x0000000088d00000|  0%| F|  |TAMS 0x0000000088c00000, 0x0000000088c00000| Untracked 
| 141|0x0000000088d00000, 0x0000000088d00000, 0x0000000088e00000|  0%| F|  |TAMS 0x0000000088d00000, 0x0000000088d00000| Untracked 
| 142|0x0000000088e00000, 0x0000000088e00000, 0x0000000088f00000|  0%| F|  |TAMS 0x0000000088e00000, 0x0000000088e00000| Untracked 
| 143|0x0000000088f00000, 0x0000000088f00000, 0x0000000089000000|  0%| F|  |TAMS 0x0000000088f00000, 0x0000000088f00000| Untracked 
| 144|0x0000000089000000, 0x0000000089000000, 0x0000000089100000|  0%| F|  |TAMS 0x0000000089000000, 0x0000000089000000| Untracked 
| 145|0x0000000089100000, 0x0000000089100000, 0x0000000089200000|  0%| F|  |TAMS 0x0000000089100000, 0x0000000089100000| Untracked 
| 146|0x0000000089200000, 0x0000000089200000, 0x0000000089300000|  0%| F|  |TAMS 0x0000000089200000, 0x0000000089200000| Untracked 
| 147|0x0000000089300000, 0x0000000089300000, 0x0000000089400000|  0%| F|  |TAMS 0x0000000089300000, 0x0000000089300000| Untracked 
| 148|0x0000000089400000, 0x0000000089400000, 0x0000000089500000|  0%| F|  |TAMS 0x0000000089400000, 0x0000000089400000| Untracked 
| 149|0x0000000089500000, 0x0000000089500000, 0x0000000089600000|  0%| F|  |TAMS 0x0000000089500000, 0x0000000089500000| Untracked 
| 150|0x0000000089600000, 0x0000000089600000, 0x0000000089700000|  0%| F|  |TAMS 0x0000000089600000, 0x0000000089600000| Untracked 
| 151|0x0000000089700000, 0x0000000089700000, 0x0000000089800000|  0%| F|  |TAMS 0x0000000089700000, 0x0000000089700000| Untracked 
| 152|0x0000000089800000, 0x0000000089800000, 0x0000000089900000|  0%| F|  |TAMS 0x0000000089800000, 0x0000000089800000| Untracked 
| 153|0x0000000089900000, 0x0000000089900000, 0x0000000089a00000|  0%| F|  |TAMS 0x0000000089900000, 0x0000000089900000| Untracked 
| 154|0x0000000089a00000, 0x0000000089a00000, 0x0000000089b00000|  0%| F|  |TAMS 0x0000000089a00000, 0x0000000089a00000| Untracked 
| 155|0x0000000089b00000, 0x0000000089b00000, 0x0000000089c00000|  0%| F|  |TAMS 0x0000000089b00000, 0x0000000089b00000| Untracked 
| 156|0x0000000089c00000, 0x0000000089c00000, 0x0000000089d00000|  0%| F|  |TAMS 0x0000000089c00000, 0x0000000089c00000| Untracked 
| 157|0x0000000089d00000, 0x0000000089d00000, 0x0000000089e00000|  0%| F|  |TAMS 0x0000000089d00000, 0x0000000089d00000| Untracked 
| 158|0x0000000089e00000, 0x0000000089e00000, 0x0000000089f00000|  0%| F|  |TAMS 0x0000000089e00000, 0x0000000089e00000| Untracked 
| 159|0x0000000089f00000, 0x0000000089f00000, 0x000000008a000000|  0%| F|  |TAMS 0x0000000089f00000, 0x0000000089f00000| Untracked 
| 160|0x000000008a000000, 0x000000008a000000, 0x000000008a100000|  0%| F|  |TAMS 0x000000008a000000, 0x000000008a000000| Untracked 
| 161|0x000000008a100000, 0x000000008a100000, 0x000000008a200000|  0%| F|  |TAMS 0x000000008a100000, 0x000000008a100000| Untracked 
| 162|0x000000008a200000, 0x000000008a200000, 0x000000008a300000|  0%| F|  |TAMS 0x000000008a200000, 0x000000008a200000| Untracked 
| 163|0x000000008a300000, 0x000000008a300000, 0x000000008a400000|  0%| F|  |TAMS 0x000000008a300000, 0x000000008a300000| Untracked 
| 164|0x000000008a400000, 0x000000008a400000, 0x000000008a500000|  0%| F|  |TAMS 0x000000008a400000, 0x000000008a400000| Untracked 
| 165|0x000000008a500000, 0x000000008a500000, 0x000000008a600000|  0%| F|  |TAMS 0x000000008a500000, 0x000000008a500000| Untracked 
| 166|0x000000008a600000, 0x000000008a600000, 0x000000008a700000|  0%| F|  |TAMS 0x000000008a600000, 0x000000008a600000| Untracked 
| 167|0x000000008a700000, 0x000000008a700000, 0x000000008a800000|  0%| F|  |TAMS 0x000000008a700000, 0x000000008a700000| Untracked 
| 168|0x000000008a800000, 0x000000008a800000, 0x000000008a900000|  0%| F|  |TAMS 0x000000008a800000, 0x000000008a800000| Untracked 
| 169|0x000000008a900000, 0x000000008a900000, 0x000000008aa00000|  0%| F|  |TAMS 0x000000008a900000, 0x000000008a900000| Untracked 
| 170|0x000000008aa00000, 0x000000008aa00000, 0x000000008ab00000|  0%| F|  |TAMS 0x000000008aa00000, 0x000000008aa00000| Untracked 
| 171|0x000000008ab00000, 0x000000008ab00000, 0x000000008ac00000|  0%| F|  |TAMS 0x000000008ab00000, 0x000000008ab00000| Untracked 
| 172|0x000000008ac00000, 0x000000008ac00000, 0x000000008ad00000|  0%| F|  |TAMS 0x000000008ac00000, 0x000000008ac00000| Untracked 
| 173|0x000000008ad00000, 0x000000008ad00000, 0x000000008ae00000|  0%| F|  |TAMS 0x000000008ad00000, 0x000000008ad00000| Untracked 
| 174|0x000000008ae00000, 0x000000008ae00000, 0x000000008af00000|  0%| F|  |TAMS 0x000000008ae00000, 0x000000008ae00000| Untracked 
| 175|0x000000008af00000, 0x000000008af00000, 0x000000008b000000|  0%| F|  |TAMS 0x000000008af00000, 0x000000008af00000| Untracked 
| 176|0x000000008b000000, 0x000000008b000000, 0x000000008b100000|  0%| F|  |TAMS 0x000000008b000000, 0x000000008b000000| Untracked 
| 177|0x000000008b100000, 0x000000008b100000, 0x000000008b200000|  0%| F|  |TAMS 0x000000008b100000, 0x000000008b100000| Untracked 
| 178|0x000000008b200000, 0x000000008b300000, 0x000000008b300000|100%| S|CS|TAMS 0x000000008b200000, 0x000000008b200000| Complete 
| 179|0x000000008b300000, 0x000000008b400000, 0x000000008b400000|100%| S|CS|TAMS 0x000000008b300000, 0x000000008b300000| Complete 
| 180|0x000000008b400000, 0x000000008b500000, 0x000000008b500000|100%| S|CS|TAMS 0x000000008b400000, 0x000000008b400000| Complete 
| 181|0x000000008b500000, 0x000000008b600000, 0x000000008b600000|100%| S|CS|TAMS 0x000000008b500000, 0x000000008b500000| Complete 
| 182|0x000000008b600000, 0x000000008b700000, 0x000000008b700000|100%| S|CS|TAMS 0x000000008b600000, 0x000000008b600000| Complete 
| 183|0x000000008b700000, 0x000000008b800000, 0x000000008b800000|100%| S|CS|TAMS 0x000000008b700000, 0x000000008b700000| Complete 
| 184|0x000000008b800000, 0x000000008b900000, 0x000000008b900000|100%| S|CS|TAMS 0x000000008b800000, 0x000000008b800000| Complete 
| 185|0x000000008b900000, 0x000000008b900000, 0x000000008ba00000|  0%| F|  |TAMS 0x000000008b900000, 0x000000008b900000| Untracked 
| 186|0x000000008ba00000, 0x000000008ba00000, 0x000000008bb00000|  0%| F|  |TAMS 0x000000008ba00000, 0x000000008ba00000| Untracked 
| 187|0x000000008bb00000, 0x000000008bb00000, 0x000000008bc00000|  0%| F|  |TAMS 0x000000008bb00000, 0x000000008bb00000| Untracked 
| 188|0x000000008bc00000, 0x000000008bc00000, 0x000000008bd00000|  0%| F|  |TAMS 0x000000008bc00000, 0x000000008bc00000| Untracked 
| 189|0x000000008bd00000, 0x000000008bd00000, 0x000000008be00000|  0%| F|  |TAMS 0x000000008bd00000, 0x000000008bd00000| Untracked 
| 190|0x000000008be00000, 0x000000008be00000, 0x000000008bf00000|  0%| F|  |TAMS 0x000000008be00000, 0x000000008be00000| Untracked 
| 191|0x000000008bf00000, 0x000000008bf00000, 0x000000008c000000|  0%| F|  |TAMS 0x000000008bf00000, 0x000000008bf00000| Untracked 
| 192|0x000000008c000000, 0x000000008c000000, 0x000000008c100000|  0%| F|  |TAMS 0x000000008c000000, 0x000000008c000000| Untracked 
| 193|0x000000008c100000, 0x000000008c100000, 0x000000008c200000|  0%| F|  |TAMS 0x000000008c100000, 0x000000008c100000| Untracked 
| 194|0x000000008c200000, 0x000000008c200000, 0x000000008c300000|  0%| F|  |TAMS 0x000000008c200000, 0x000000008c200000| Untracked 
| 195|0x000000008c300000, 0x000000008c300000, 0x000000008c400000|  0%| F|  |TAMS 0x000000008c300000, 0x000000008c300000| Untracked 
| 196|0x000000008c400000, 0x000000008c400000, 0x000000008c500000|  0%| F|  |TAMS 0x000000008c400000, 0x000000008c400000| Untracked 
| 197|0x000000008c500000, 0x000000008c500000, 0x000000008c600000|  0%| F|  |TAMS 0x000000008c500000, 0x000000008c500000| Untracked 
| 198|0x000000008c600000, 0x000000008c600000, 0x000000008c700000|  0%| F|  |TAMS 0x000000008c600000, 0x000000008c600000| Untracked 
| 199|0x000000008c700000, 0x000000008c700000, 0x000000008c800000|  0%| F|  |TAMS 0x000000008c700000, 0x000000008c700000| Untracked 
| 200|0x000000008c800000, 0x000000008c800000, 0x000000008c900000|  0%| F|  |TAMS 0x000000008c800000, 0x000000008c800000| Untracked 
| 201|0x000000008c900000, 0x000000008c900000, 0x000000008ca00000|  0%| F|  |TAMS 0x000000008c900000, 0x000000008c900000| Untracked 
| 202|0x000000008ca00000, 0x000000008ca00000, 0x000000008cb00000|  0%| F|  |TAMS 0x000000008ca00000, 0x000000008ca00000| Untracked 
| 203|0x000000008cb00000, 0x000000008cb00000, 0x000000008cc00000|  0%| F|  |TAMS 0x000000008cb00000, 0x000000008cb00000| Untracked 
| 204|0x000000008cc00000, 0x000000008cc00000, 0x000000008cd00000|  0%| F|  |TAMS 0x000000008cc00000, 0x000000008cc00000| Untracked 
| 205|0x000000008cd00000, 0x000000008cd00000, 0x000000008ce00000|  0%| F|  |TAMS 0x000000008cd00000, 0x000000008cd00000| Untracked 
| 206|0x000000008ce00000, 0x000000008ce00000, 0x000000008cf00000|  0%| F|  |TAMS 0x000000008ce00000, 0x000000008ce00000| Untracked 
| 207|0x000000008cf00000, 0x000000008cf00000, 0x000000008d000000|  0%| F|  |TAMS 0x000000008cf00000, 0x000000008cf00000| Untracked 
| 208|0x000000008d000000, 0x000000008d000000, 0x000000008d100000|  0%| F|  |TAMS 0x000000008d000000, 0x000000008d000000| Untracked 
| 209|0x000000008d100000, 0x000000008d100000, 0x000000008d200000|  0%| F|  |TAMS 0x000000008d100000, 0x000000008d100000| Untracked 
| 210|0x000000008d200000, 0x000000008d200000, 0x000000008d300000|  0%| F|  |TAMS 0x000000008d200000, 0x000000008d200000| Untracked 
| 211|0x000000008d300000, 0x000000008d300000, 0x000000008d400000|  0%| F|  |TAMS 0x000000008d300000, 0x000000008d300000| Untracked 
| 212|0x000000008d400000, 0x000000008d400000, 0x000000008d500000|  0%| F|  |TAMS 0x000000008d400000, 0x000000008d400000| Untracked 
| 213|0x000000008d500000, 0x000000008d500000, 0x000000008d600000|  0%| F|  |TAMS 0x000000008d500000, 0x000000008d500000| Untracked 
| 214|0x000000008d600000, 0x000000008d600000, 0x000000008d700000|  0%| F|  |TAMS 0x000000008d600000, 0x000000008d600000| Untracked 
| 215|0x000000008d700000, 0x000000008d700000, 0x000000008d800000|  0%| F|  |TAMS 0x000000008d700000, 0x000000008d700000| Untracked 
| 216|0x000000008d800000, 0x000000008d840010, 0x000000008d900000| 25%| E|  |TAMS 0x000000008d800000, 0x000000008d800000| Complete 
| 217|0x000000008d900000, 0x000000008da00000, 0x000000008da00000|100%| E|CS|TAMS 0x000000008d900000, 0x000000008d900000| Complete 
| 218|0x000000008da00000, 0x000000008db00000, 0x000000008db00000|100%| E|CS|TAMS 0x000000008da00000, 0x000000008da00000| Complete 
| 219|0x000000008db00000, 0x000000008dc00000, 0x000000008dc00000|100%| E|CS|TAMS 0x000000008db00000, 0x000000008db00000| Complete 
| 220|0x000000008dc00000, 0x000000008dd00000, 0x000000008dd00000|100%| E|CS|TAMS 0x000000008dc00000, 0x000000008dc00000| Complete 
| 221|0x000000008dd00000, 0x000000008de00000, 0x000000008de00000|100%| E|CS|TAMS 0x000000008dd00000, 0x000000008dd00000| Complete 
| 222|0x000000008de00000, 0x000000008df00000, 0x000000008df00000|100%| E|CS|TAMS 0x000000008de00000, 0x000000008de00000| Complete 
| 223|0x000000008df00000, 0x000000008e000000, 0x000000008e000000|100%| E|CS|TAMS 0x000000008df00000, 0x000000008df00000| Complete 
| 224|0x000000008e000000, 0x000000008e100000, 0x000000008e100000|100%| E|CS|TAMS 0x000000008e000000, 0x000000008e000000| Complete 
| 225|0x000000008e100000, 0x000000008e200000, 0x000000008e200000|100%| E|CS|TAMS 0x000000008e100000, 0x000000008e100000| Complete 
| 226|0x000000008e200000, 0x000000008e300000, 0x000000008e300000|100%| E|CS|TAMS 0x000000008e200000, 0x000000008e200000| Complete 
| 227|0x000000008e300000, 0x000000008e400000, 0x000000008e400000|100%| E|CS|TAMS 0x000000008e300000, 0x000000008e300000| Complete 
| 228|0x000000008e400000, 0x000000008e500000, 0x000000008e500000|100%| E|CS|TAMS 0x000000008e400000, 0x000000008e400000| Complete 
| 229|0x000000008e500000, 0x000000008e600000, 0x000000008e600000|100%| E|CS|TAMS 0x000000008e500000, 0x000000008e500000| Complete 
| 230|0x000000008e600000, 0x000000008e700000, 0x000000008e700000|100%| E|CS|TAMS 0x000000008e600000, 0x000000008e600000| Complete 
| 231|0x000000008e700000, 0x000000008e800000, 0x000000008e800000|100%| E|CS|TAMS 0x000000008e700000, 0x000000008e700000| Complete 
| 232|0x000000008e800000, 0x000000008e900000, 0x000000008e900000|100%| E|CS|TAMS 0x000000008e800000, 0x000000008e800000| Complete 
| 233|0x000000008e900000, 0x000000008ea00000, 0x000000008ea00000|100%| E|CS|TAMS 0x000000008e900000, 0x000000008e900000| Complete 
| 234|0x000000008ea00000, 0x000000008eb00000, 0x000000008eb00000|100%| E|CS|TAMS 0x000000008ea00000, 0x000000008ea00000| Complete 
| 235|0x000000008eb00000, 0x000000008ec00000, 0x000000008ec00000|100%| E|CS|TAMS 0x000000008eb00000, 0x000000008eb00000| Complete 
| 236|0x000000008ec00000, 0x000000008ed00000, 0x000000008ed00000|100%| E|CS|TAMS 0x000000008ec00000, 0x000000008ec00000| Complete 
| 237|0x000000008ed00000, 0x000000008ee00000, 0x000000008ee00000|100%| E|CS|TAMS 0x000000008ed00000, 0x000000008ed00000| Complete 
| 238|0x000000008ee00000, 0x000000008ef00000, 0x000000008ef00000|100%| E|CS|TAMS 0x000000008ee00000, 0x000000008ee00000| Complete 
| 239|0x000000008ef00000, 0x000000008f000000, 0x000000008f000000|100%| E|CS|TAMS 0x000000008ef00000, 0x000000008ef00000| Complete 
| 240|0x000000008f000000, 0x000000008f100000, 0x000000008f100000|100%| E|CS|TAMS 0x000000008f000000, 0x000000008f000000| Complete 
| 241|0x000000008f100000, 0x000000008f200000, 0x000000008f200000|100%| E|CS|TAMS 0x000000008f100000, 0x000000008f100000| Complete 
| 242|0x000000008f200000, 0x000000008f300000, 0x000000008f300000|100%| E|CS|TAMS 0x000000008f200000, 0x000000008f200000| Complete 
| 243|0x000000008f300000, 0x000000008f400000, 0x000000008f400000|100%| E|CS|TAMS 0x000000008f300000, 0x000000008f300000| Complete 
| 244|0x000000008f400000, 0x000000008f500000, 0x000000008f500000|100%| E|CS|TAMS 0x000000008f400000, 0x000000008f400000| Complete 
| 245|0x000000008f500000, 0x000000008f600000, 0x000000008f600000|100%| E|CS|TAMS 0x000000008f500000, 0x000000008f500000| Complete 
| 246|0x000000008f600000, 0x000000008f700000, 0x000000008f700000|100%| E|CS|TAMS 0x000000008f600000, 0x000000008f600000| Complete 
| 247|0x000000008f700000, 0x000000008f800000, 0x000000008f800000|100%| E|CS|TAMS 0x000000008f700000, 0x000000008f700000| Complete 
| 248|0x000000008f800000, 0x000000008f900000, 0x000000008f900000|100%| E|CS|TAMS 0x000000008f800000, 0x000000008f800000| Complete 
| 249|0x000000008f900000, 0x000000008fa00000, 0x000000008fa00000|100%| E|CS|TAMS 0x000000008f900000, 0x000000008f900000| Complete 
| 250|0x000000008fa00000, 0x000000008fb00000, 0x000000008fb00000|100%| E|CS|TAMS 0x000000008fa00000, 0x000000008fa00000| Complete 
| 251|0x000000008fb00000, 0x000000008fc00000, 0x000000008fc00000|100%| E|CS|TAMS 0x000000008fb00000, 0x000000008fb00000| Complete 
| 252|0x000000008fc00000, 0x000000008fd00000, 0x000000008fd00000|100%| E|CS|TAMS 0x000000008fc00000, 0x000000008fc00000| Complete 
| 253|0x000000008fd00000, 0x000000008fe00000, 0x000000008fe00000|100%| E|CS|TAMS 0x000000008fd00000, 0x000000008fd00000| Complete 
| 254|0x000000008fe00000, 0x000000008ff00000, 0x000000008ff00000|100%| E|CS|TAMS 0x000000008fe00000, 0x000000008fe00000| Complete 
| 255|0x000000008ff00000, 0x0000000090000000, 0x0000000090000000|100%| E|CS|TAMS 0x000000008ff00000, 0x000000008ff00000| Complete 
| 256|0x0000000090000000, 0x0000000090100000, 0x0000000090100000|100%| E|CS|TAMS 0x0000000090000000, 0x0000000090000000| Complete 
| 257|0x0000000090100000, 0x0000000090200000, 0x0000000090200000|100%| E|CS|TAMS 0x0000000090100000, 0x0000000090100000| Complete 
| 258|0x0000000090200000, 0x0000000090300000, 0x0000000090300000|100%| E|CS|TAMS 0x0000000090200000, 0x0000000090200000| Complete 
| 259|0x0000000090300000, 0x0000000090400000, 0x0000000090400000|100%| E|CS|TAMS 0x0000000090300000, 0x0000000090300000| Complete 
| 260|0x0000000090400000, 0x0000000090500000, 0x0000000090500000|100%| E|CS|TAMS 0x0000000090400000, 0x0000000090400000| Complete 
| 261|0x0000000090500000, 0x0000000090600000, 0x0000000090600000|100%| E|CS|TAMS 0x0000000090500000, 0x0000000090500000| Complete 
| 262|0x0000000090600000, 0x0000000090700000, 0x0000000090700000|100%| E|CS|TAMS 0x0000000090600000, 0x0000000090600000| Complete 
| 263|0x0000000090700000, 0x0000000090800000, 0x0000000090800000|100%| E|CS|TAMS 0x0000000090700000, 0x0000000090700000| Complete 
| 264|0x0000000090800000, 0x0000000090900000, 0x0000000090900000|100%| E|CS|TAMS 0x0000000090800000, 0x0000000090800000| Complete 
| 265|0x0000000090900000, 0x0000000090a00000, 0x0000000090a00000|100%| E|CS|TAMS 0x0000000090900000, 0x0000000090900000| Complete 
| 266|0x0000000090a00000, 0x0000000090b00000, 0x0000000090b00000|100%| E|CS|TAMS 0x0000000090a00000, 0x0000000090a00000| Complete 
| 267|0x0000000090b00000, 0x0000000090c00000, 0x0000000090c00000|100%| E|CS|TAMS 0x0000000090b00000, 0x0000000090b00000| Complete 
| 268|0x0000000090c00000, 0x0000000090d00000, 0x0000000090d00000|100%| E|CS|TAMS 0x0000000090c00000, 0x0000000090c00000| Complete 
| 269|0x0000000090d00000, 0x0000000090e00000, 0x0000000090e00000|100%| E|CS|TAMS 0x0000000090d00000, 0x0000000090d00000| Complete 
| 270|0x0000000090e00000, 0x0000000090f00000, 0x0000000090f00000|100%| E|CS|TAMS 0x0000000090e00000, 0x0000000090e00000| Complete 
| 271|0x0000000090f00000, 0x0000000091000000, 0x0000000091000000|100%| E|CS|TAMS 0x0000000090f00000, 0x0000000090f00000| Complete 
| 272|0x0000000091000000, 0x0000000091100000, 0x0000000091100000|100%| E|CS|TAMS 0x0000000091000000, 0x0000000091000000| Complete 
| 273|0x0000000091100000, 0x0000000091200000, 0x0000000091200000|100%| E|CS|TAMS 0x0000000091100000, 0x0000000091100000| Complete 
| 274|0x0000000091200000, 0x0000000091300000, 0x0000000091300000|100%| E|CS|TAMS 0x0000000091200000, 0x0000000091200000| Complete 
| 275|0x0000000091300000, 0x0000000091400000, 0x0000000091400000|100%| E|CS|TAMS 0x0000000091300000, 0x0000000091300000| Complete 
| 276|0x0000000091400000, 0x0000000091500000, 0x0000000091500000|100%| E|CS|TAMS 0x0000000091400000, 0x0000000091400000| Complete 
| 277|0x0000000091500000, 0x0000000091600000, 0x0000000091600000|100%| E|CS|TAMS 0x0000000091500000, 0x0000000091500000| Complete 
| 278|0x0000000091600000, 0x0000000091700000, 0x0000000091700000|100%| E|CS|TAMS 0x0000000091600000, 0x0000000091600000| Complete 
| 279|0x0000000091700000, 0x0000000091800000, 0x0000000091800000|100%| E|CS|TAMS 0x0000000091700000, 0x0000000091700000| Complete 
| 280|0x0000000091800000, 0x0000000091900000, 0x0000000091900000|100%| E|CS|TAMS 0x0000000091800000, 0x0000000091800000| Complete 
| 281|0x0000000091900000, 0x0000000091a00000, 0x0000000091a00000|100%| E|CS|TAMS 0x0000000091900000, 0x0000000091900000| Complete 
| 282|0x0000000091a00000, 0x0000000091b00000, 0x0000000091b00000|100%| E|CS|TAMS 0x0000000091a00000, 0x0000000091a00000| Complete 
| 283|0x0000000091b00000, 0x0000000091c00000, 0x0000000091c00000|100%| E|CS|TAMS 0x0000000091b00000, 0x0000000091b00000| Complete 
| 284|0x0000000091c00000, 0x0000000091d00000, 0x0000000091d00000|100%| E|CS|TAMS 0x0000000091c00000, 0x0000000091c00000| Complete 
| 285|0x0000000091d00000, 0x0000000091e00000, 0x0000000091e00000|100%| E|CS|TAMS 0x0000000091d00000, 0x0000000091d00000| Complete 
| 286|0x0000000091e00000, 0x0000000091f00000, 0x0000000091f00000|100%| E|CS|TAMS 0x0000000091e00000, 0x0000000091e00000| Complete 
| 287|0x0000000091f00000, 0x0000000092000000, 0x0000000092000000|100%| E|CS|TAMS 0x0000000091f00000, 0x0000000091f00000| Complete 
| 288|0x0000000092000000, 0x0000000092100000, 0x0000000092100000|100%| E|CS|TAMS 0x0000000092000000, 0x0000000092000000| Complete 
| 289|0x0000000092100000, 0x0000000092200000, 0x0000000092200000|100%| E|CS|TAMS 0x0000000092100000, 0x0000000092100000| Complete 
| 290|0x0000000092200000, 0x0000000092300000, 0x0000000092300000|100%| E|CS|TAMS 0x0000000092200000, 0x0000000092200000| Complete 
| 291|0x0000000092300000, 0x0000000092400000, 0x0000000092400000|100%| E|CS|TAMS 0x0000000092300000, 0x0000000092300000| Complete 
| 292|0x0000000092400000, 0x0000000092500000, 0x0000000092500000|100%| E|CS|TAMS 0x0000000092400000, 0x0000000092400000| Complete 
| 293|0x0000000092500000, 0x0000000092600000, 0x0000000092600000|100%| E|CS|TAMS 0x0000000092500000, 0x0000000092500000| Complete 
| 294|0x0000000092600000, 0x0000000092700000, 0x0000000092700000|100%| E|CS|TAMS 0x0000000092600000, 0x0000000092600000| Complete 
| 295|0x0000000092700000, 0x0000000092800000, 0x0000000092800000|100%| E|CS|TAMS 0x0000000092700000, 0x0000000092700000| Complete 
| 296|0x0000000092800000, 0x0000000092900000, 0x0000000092900000|100%| E|CS|TAMS 0x0000000092800000, 0x0000000092800000| Complete 
| 297|0x0000000092900000, 0x0000000092a00000, 0x0000000092a00000|100%| E|CS|TAMS 0x0000000092900000, 0x0000000092900000| Complete 
| 298|0x0000000092a00000, 0x0000000092b00000, 0x0000000092b00000|100%| E|CS|TAMS 0x0000000092a00000, 0x0000000092a00000| Complete 
| 299|0x0000000092b00000, 0x0000000092c00000, 0x0000000092c00000|100%| E|CS|TAMS 0x0000000092b00000, 0x0000000092b00000| Complete 
| 300|0x0000000092c00000, 0x0000000092d00000, 0x0000000092d00000|100%| E|CS|TAMS 0x0000000092c00000, 0x0000000092c00000| Complete 
| 301|0x0000000092d00000, 0x0000000092e00000, 0x0000000092e00000|100%| E|CS|TAMS 0x0000000092d00000, 0x0000000092d00000| Complete 
| 302|0x0000000092e00000, 0x0000000092f00000, 0x0000000092f00000|100%| E|CS|TAMS 0x0000000092e00000, 0x0000000092e00000| Complete 
| 303|0x0000000092f00000, 0x0000000093000000, 0x0000000093000000|100%| E|CS|TAMS 0x0000000092f00000, 0x0000000092f00000| Complete 
| 304|0x0000000093000000, 0x0000000093100000, 0x0000000093100000|100%| E|CS|TAMS 0x0000000093000000, 0x0000000093000000| Complete 
| 305|0x0000000093100000, 0x0000000093200000, 0x0000000093200000|100%| E|CS|TAMS 0x0000000093100000, 0x0000000093100000| Complete 
| 306|0x0000000093200000, 0x0000000093300000, 0x0000000093300000|100%| E|CS|TAMS 0x0000000093200000, 0x0000000093200000| Complete 
| 307|0x0000000093300000, 0x0000000093400000, 0x0000000093400000|100%| E|CS|TAMS 0x0000000093300000, 0x0000000093300000| Complete 
| 308|0x0000000093400000, 0x0000000093500000, 0x0000000093500000|100%| E|CS|TAMS 0x0000000093400000, 0x0000000093400000| Complete 
| 309|0x0000000093500000, 0x0000000093600000, 0x0000000093600000|100%| E|CS|TAMS 0x0000000093500000, 0x0000000093500000| Complete 
| 310|0x0000000093600000, 0x0000000093700000, 0x0000000093700000|100%| E|CS|TAMS 0x0000000093600000, 0x0000000093600000| Complete 
| 311|0x0000000093700000, 0x0000000093800000, 0x0000000093800000|100%| E|CS|TAMS 0x0000000093700000, 0x0000000093700000| Complete 
| 312|0x0000000093800000, 0x0000000093900000, 0x0000000093900000|100%| E|CS|TAMS 0x0000000093800000, 0x0000000093800000| Complete 
| 313|0x0000000093900000, 0x0000000093a00000, 0x0000000093a00000|100%| E|CS|TAMS 0x0000000093900000, 0x0000000093900000| Complete 
| 314|0x0000000093a00000, 0x0000000093b00000, 0x0000000093b00000|100%| E|CS|TAMS 0x0000000093a00000, 0x0000000093a00000| Complete 
| 315|0x0000000093b00000, 0x0000000093c00000, 0x0000000093c00000|100%| E|CS|TAMS 0x0000000093b00000, 0x0000000093b00000| Complete 
| 316|0x0000000093c00000, 0x0000000093d00000, 0x0000000093d00000|100%| E|CS|TAMS 0x0000000093c00000, 0x0000000093c00000| Complete 

Card table byte_map: [0x0000021c18ae0000,0x0000021c18ee0000] _byte_map_base: 0x0000021c186e0000

Marking Bits (Prev, Next): (CMBitMap*) 0x0000021c05907c80, (CMBitMap*) 0x0000021c05907c48
 Prev Bits: [0x0000021c1b2e0000, 0x0000021c1d2e0000)
 Next Bits: [0x0000021c192e0000, 0x0000021c1b2e0000)

Polling page: 0x0000021c050a0000

Metaspace:

Usage:
  Non-class:     89.01 MB capacity,    87.38 MB ( 98%) used,     1.30 MB (  1%) free+waste,   328.31 KB ( <1%) overhead. 
      Class:     13.87 MB capacity,    12.89 MB ( 93%) used,   862.87 KB (  6%) free+waste,   146.13 KB (  1%) overhead. 
       Both:    102.88 MB capacity,   100.27 MB ( 97%) used,     2.14 MB (  2%) free+waste,   474.44 KB ( <1%) overhead. 

Virtual space:
  Non-class space:       90.00 MB reserved,      89.25 MB (>99%) committed 
      Class space:        1.00 GB reserved,      13.95 MB (  1%) committed 
             Both:        1.09 GB reserved,     103.20 MB (  9%) committed 

Chunk freelists:
   Non-Class:  0 bytes
       Class:  0 bytes
        Both:  0 bytes

MaxMetaspaceSize: 17179869184.00 GB
CompressedClassSpaceSize: 1.00 GB

CodeHeap 'non-profiled nmethods': size=120000Kb used=6439Kb max_used=6439Kb free=113560Kb
 bounds [0x0000021c10e80000, 0x0000021c114d0000, 0x0000021c183b0000]
CodeHeap 'profiled nmethods': size=120000Kb used=31990Kb max_used=31990Kb free=88009Kb
 bounds [0x0000021c09950000, 0x0000021c0b890000, 0x0000021c10e80000]
CodeHeap 'non-nmethods': size=5760Kb used=2309Kb max_used=2386Kb free=3450Kb
 bounds [0x0000021c093b0000, 0x0000021c09620000, 0x0000021c09950000]
 total_blobs=15589 nmethods=14669 adapters=829
 compilation: enabled
              stopped_count=0, restarted_count=0
 full_count=0

Compilation events (20 events):
Event: 28.218 Thread 0x0000021c1fd54800 15116       2       org.gradle.internal.watch.registry.impl.DefaultFileWatcherRegistry$MutableFileWatchingStatistics::eventReceived (12 bytes)
Event: 28.219 Thread 0x0000021c1fd54800 nmethod 15116 0x0000021c0b858090 code [0x0000021c0b858240, 0x0000021c0b858338]
Event: 28.219 Thread 0x0000021c1fd54800 15117       2       org.gradle.internal.watch.registry.impl.DefaultFileWatcherRegistry::access$200 (5 bytes)
Event: 28.219 Thread 0x0000021c1fd54800 nmethod 15117 0x0000021c0b858410 code [0x0000021c0b8585c0, 0x0000021c0b8586a8]
Event: 28.219 Thread 0x0000021c1fd54800 15118       2       org.gradle.internal.watch.vfs.impl.LocationsWrittenByCurrentBuild::wasLocationWritten (17 bytes)
Event: 28.219 Thread 0x0000021c1fd54800 nmethod 15118 0x0000021c0b858790 code [0x0000021c0b858940, 0x0000021c0b858ac8]
Event: 28.219 Thread 0x0000021c1fd54800 15114       2       org.gradle.internal.watch.registry.impl.DefaultFileWatcherRegistry$1::handleChangeEvent (38 bytes)
Event: 28.220 Thread 0x0000021c1fd54800 nmethod 15114 0x0000021c0b858b90 code [0x0000021c0b858d80, 0x0000021c0b859098]
Event: 28.250 Thread 0x0000021c1fd54800 15119       2       com.android.tools.r8.ir.regalloc.b::a (78 bytes)
Event: 28.251 Thread 0x0000021c1fd54800 nmethod 15119 0x0000021c0b859310 code [0x0000021c0b859500, 0x0000021c0b859808]
Event: 28.268 Thread 0x0000021c1fd54800 15120 %     3       com.android.tools.r8.ir.regalloc.a::e @ 36 (65 bytes)
Event: 28.269 Thread 0x0000021c1fd54800 nmethod 15120% 0x0000021c0b859990 code [0x0000021c0b859bc0, 0x0000021c0b85a458]
Event: 28.277 Thread 0x0000021c1fd54800 15121       3       com.android.tools.r8.ir.regalloc.a::e (65 bytes)
Event: 28.278 Thread 0x0000021c1fd54800 nmethod 15121 0x0000021c0b85a690 code [0x0000021c0b85a8c0, 0x0000021c0b85b0d8]
Event: 28.283 Thread 0x0000021c1fd54800 15122 %     3       com.android.tools.r8.ir.regalloc.b::a @ 37 (78 bytes)
Event: 28.284 Thread 0x0000021c1fd54800 nmethod 15122% 0x0000021c0b85b310 code [0x0000021c0b85b540, 0x0000021c0b85bc68]
Event: 28.284 Thread 0x0000021c1fd54800 15123       3       com.android.tools.r8.ir.regalloc.b::a (78 bytes)
Event: 28.285 Thread 0x0000021c1fd54800 nmethod 15123 0x0000021c0b85be90 code [0x0000021c0b85c0c0, 0x0000021c0b85c788]
Event: 28.305 Thread 0x0000021c1fd54800 15124       2       com.android.tools.r8.ir.regalloc.a::e (184 bytes)
Event: 28.307 Thread 0x0000021c1fd54800 nmethod 15124 0x0000021c0b85c990 code [0x0000021c0b85cc40, 0x0000021c0b85d6c8]

GC Heap History (20 events):
Event: 23.105 GC heap before
{Heap before GC invocations=29 (full 0):
 garbage-first heap   total 225280K, used 177443K [0x0000000080000000, 0x0000000100000000)
  region size 1024K, 63 young (64512K), 4 survivors (4096K)
 Metaspace       used 99883K, capacity 102276K, committed 102860K, reserved 1138688K
  class space    used 12892K, capacity 13804K, committed 14028K, reserved 1048576K
}
Event: 23.117 GC heap after
{Heap after GC invocations=30 (full 0):
 garbage-first heap   total 225280K, used 116503K [0x0000000080000000, 0x0000000100000000)
  region size 1024K, 3 young (3072K), 3 survivors (3072K)
 Metaspace       used 99883K, capacity 102276K, committed 102860K, reserved 1138688K
  class space    used 12892K, capacity 13804K, committed 14028K, reserved 1048576K
}
Event: 23.517 GC heap before
{Heap before GC invocations=30 (full 0):
 garbage-first heap   total 225280K, used 179991K [0x0000000080000000, 0x0000000100000000)
  region size 1024K, 65 young (66560K), 3 survivors (3072K)
 Metaspace       used 100146K, capacity 102606K, committed 103116K, reserved 1138688K
  class space    used 12930K, capacity 13850K, committed 14028K, reserved 1048576K
}
Event: 23.531 GC heap after
{Heap after GC invocations=31 (full 0):
 garbage-first heap   total 225280K, used 117128K [0x0000000080000000, 0x0000000100000000)
  region size 1024K, 4 young (4096K), 4 survivors (4096K)
 Metaspace       used 100146K, capacity 102606K, committed 103116K, reserved 1138688K
  class space    used 12930K, capacity 13850K, committed 14028K, reserved 1048576K
}
Event: 24.188 GC heap before
{Heap before GC invocations=32 (full 0):
 garbage-first heap   total 225280K, used 181640K [0x0000000080000000, 0x0000000100000000)
  region size 1024K, 67 young (68608K), 4 survivors (4096K)
 Metaspace       used 100535K, capacity 103006K, committed 103372K, reserved 1138688K
  class space    used 12931K, capacity 13850K, committed 14028K, reserved 1048576K
}
Event: 24.202 GC heap after
{Heap after GC invocations=33 (full 0):
 garbage-first heap   total 225280K, used 117638K [0x0000000080000000, 0x0000000100000000)
  region size 1024K, 4 young (4096K), 4 survivors (4096K)
 Metaspace       used 100535K, capacity 103006K, committed 103372K, reserved 1138688K
  class space    used 12931K, capacity 13850K, committed 14028K, reserved 1048576K
}
Event: 24.588 GC heap before
{Heap before GC invocations=33 (full 0):
 garbage-first heap   total 225280K, used 184198K [0x0000000080000000, 0x0000000100000000)
  region size 1024K, 69 young (70656K), 4 survivors (4096K)
 Metaspace       used 100609K, capacity 103077K, committed 103372K, reserved 1138688K
  class space    used 12931K, capacity 13851K, committed 14028K, reserved 1048576K
}
Event: 24.601 GC heap after
{Heap after GC invocations=34 (full 0):
 garbage-first heap   total 225280K, used 117831K [0x0000000080000000, 0x0000000100000000)
  region size 1024K, 4 young (4096K), 4 survivors (4096K)
 Metaspace       used 100609K, capacity 103077K, committed 103372K, reserved 1138688K
  class space    used 12931K, capacity 13851K, committed 14028K, reserved 1048576K
}
Event: 24.980 GC heap before
{Heap before GC invocations=35 (full 0):
 garbage-first heap   total 225280K, used 186439K [0x0000000080000000, 0x0000000100000000)
  region size 1024K, 71 young (72704K), 4 survivors (4096K)
 Metaspace       used 100680K, capacity 103146K, committed 103628K, reserved 1138688K
  class space    used 12934K, capacity 13851K, committed 14028K, reserved 1048576K
}
Event: 24.997 GC heap after
{Heap after GC invocations=36 (full 0):
 garbage-first heap   total 270336K, used 117702K [0x0000000080000000, 0x0000000100000000)
  region size 1024K, 4 young (4096K), 4 survivors (4096K)
 Metaspace       used 100680K, capacity 103146K, committed 103628K, reserved 1138688K
  class space    used 12934K, capacity 13851K, committed 14028K, reserved 1048576K
}
Event: 25.501 GC heap before
{Heap before GC invocations=36 (full 0):
 garbage-first heap   total 270336K, used 209862K [0x0000000080000000, 0x0000000100000000)
  region size 1024K, 94 young (96256K), 4 survivors (4096K)
 Metaspace       used 100756K, capacity 103179K, committed 103628K, reserved 1138688K
  class space    used 12942K, capacity 13860K, committed 14028K, reserved 1048576K
}
Event: 25.517 GC heap after
{Heap after GC invocations=37 (full 0):
 garbage-first heap   total 270336K, used 118319K [0x0000000080000000, 0x0000000100000000)
  region size 1024K, 5 young (5120K), 5 survivors (5120K)
 Metaspace       used 100756K, capacity 103179K, committed 103628K, reserved 1138688K
  class space    used 12942K, capacity 13860K, committed 14028K, reserved 1048576K
}
Event: 25.966 GC heap before
{Heap before GC invocations=37 (full 0):
 garbage-first heap   total 270336K, used 214575K [0x0000000080000000, 0x0000000100000000)
  region size 1024K, 99 young (101376K), 5 survivors (5120K)
 Metaspace       used 101192K, capacity 103712K, committed 103884K, reserved 1138688K
  class space    used 13011K, capacity 13954K, committed 14028K, reserved 1048576K
}
Event: 25.981 GC heap after
{Heap after GC invocations=38 (full 0):
 garbage-first heap   total 270336K, used 118848K [0x0000000080000000, 0x0000000100000000)
  region size 1024K, 5 young (5120K), 5 survivors (5120K)
 Metaspace       used 101192K, capacity 103712K, committed 103884K, reserved 1138688K
  class space    used 13011K, capacity 13954K, committed 14028K, reserved 1048576K
}
Event: 26.477 GC heap before
{Heap before GC invocations=38 (full 0):
 garbage-first heap   total 270336K, used 222272K [0x0000000080000000, 0x0000000100000000)
  region size 1024K, 106 young (108544K), 5 survivors (5120K)
 Metaspace       used 101918K, capacity 104529K, committed 104780K, reserved 1140736K
  class space    used 13115K, capacity 14094K, committed 14156K, reserved 1048576K
}
Event: 26.493 GC heap after
{Heap after GC invocations=39 (full 0):
 garbage-first heap   total 270336K, used 119752K [0x0000000080000000, 0x0000000100000000)
  region size 1024K, 6 young (6144K), 6 survivors (6144K)
 Metaspace       used 101918K, capacity 104529K, committed 104780K, reserved 1140736K
  class space    used 13115K, capacity 14094K, committed 14156K, reserved 1048576K
}
Event: 27.254 GC heap before
{Heap before GC invocations=39 (full 0):
 garbage-first heap   total 270336K, used 223176K [0x0000000080000000, 0x0000000100000000)
  region size 1024K, 108 young (110592K), 6 survivors (6144K)
 Metaspace       used 102541K, capacity 105191K, committed 105420K, reserved 1140736K
  class space    used 13195K, capacity 14203K, committed 14284K, reserved 1048576K
}
Event: 27.278 GC heap after
{Heap after GC invocations=40 (full 0):
 garbage-first heap   total 324608K, used 120276K [0x0000000080000000, 0x0000000100000000)
  region size 1024K, 7 young (7168K), 7 survivors (7168K)
 Metaspace       used 102541K, capacity 105191K, committed 105420K, reserved 1140736K
  class space    used 13195K, capacity 14203K, committed 14284K, reserved 1048576K
}
Event: 27.921 GC heap before
{Heap before GC invocations=40 (full 0):
 garbage-first heap   total 324608K, used 255444K [0x0000000080000000, 0x0000000100000000)
  region size 1024K, 139 young (142336K), 7 survivors (7168K)
 Metaspace       used 102580K, capacity 105269K, committed 105420K, reserved 1140736K
  class space    used 13198K, capacity 14207K, committed 14284K, reserved 1048576K
}
Event: 27.940 GC heap after
{Heap after GC invocations=41 (full 0):
 garbage-first heap   total 324608K, used 121042K [0x0000000080000000, 0x0000000100000000)
  region size 1024K, 7 young (7168K), 7 survivors (7168K)
 Metaspace       used 102580K, capacity 105269K, committed 105420K, reserved 1140736K
  class space    used 13198K, capacity 14207K, committed 14284K, reserved 1048576K
}

Deoptimization events (20 events):
Event: 27.730 Thread 0x0000021c253ef800 Uncommon trap: trap_request=0xffffffbe fr.pc=0x0000021c114ade50 relative=0x0000000000000910
Event: 27.730 Thread 0x0000021c253ef800 Uncommon trap: reason=profile_predicate action=maybe_recompile pc=0x0000021c114ade50 method=com.android.tools.r8.ir.regalloc.a.a(ILcom/android/tools/r8/ir/regalloc/c;ZLcom/android/tools/r8/ir/regalloc/c$a;)I @ 12 c2
Event: 27.730 Thread 0x0000021c253ef800 DEOPT PACKING pc=0x0000021c114ade50 sp=0x000000c1aa7f8d20
Event: 27.730 Thread 0x0000021c253ef800 DEOPT UNPACKING pc=0x0000021c093d78af sp=0x000000c1aa7f8ca0 mode 2
Event: 27.748 Thread 0x0000021c230a8000 DEOPT PACKING pc=0x0000021c0ae8e3b6 sp=0x000000c1aa6f8d10
Event: 27.748 Thread 0x0000021c230a8000 DEOPT UNPACKING pc=0x0000021c093d76ce sp=0x000000c1aa6f8278 mode 0
Event: 27.809 Thread 0x0000021c230a8000 DEOPT PACKING pc=0x0000021c0ae85631 sp=0x000000c1aa6f9280
Event: 27.809 Thread 0x0000021c230a8000 DEOPT UNPACKING pc=0x0000021c093d76ce sp=0x000000c1aa6f8690 mode 0
Event: 28.000 Thread 0x0000021c230a4800 DEOPT PACKING pc=0x0000021c0b6ca83b sp=0x000000c1aa4f9a80
Event: 28.000 Thread 0x0000021c230a4800 DEOPT UNPACKING pc=0x0000021c093d76ce sp=0x000000c1aa4f8f68 mode 0
Event: 28.001 Thread 0x0000021c230a4800 Uncommon trap: trap_request=0xffffff4d fr.pc=0x0000021c114a6220 relative=0x00000000000009a0
Event: 28.001 Thread 0x0000021c230a4800 Uncommon trap: reason=unstable_if action=reinterpret pc=0x0000021c114a6220 method=java.lang.Boolean.compare(ZZ)I @ 2 c2
Event: 28.001 Thread 0x0000021c230a4800 DEOPT PACKING pc=0x0000021c114a6220 sp=0x000000c1aa4f99b0
Event: 28.001 Thread 0x0000021c230a4800 DEOPT UNPACKING pc=0x0000021c093d78af sp=0x000000c1aa4f9918 mode 2
Event: 28.037 Thread 0x0000021c253ef800 DEOPT PACKING pc=0x0000021c0b841631 sp=0x000000c1aa7f8f90
Event: 28.037 Thread 0x0000021c253ef800 DEOPT UNPACKING pc=0x0000021c093d76ce sp=0x000000c1aa7f8460 mode 0
Event: 28.169 Thread 0x0000021c230a8000 DEOPT PACKING pc=0x0000021c0b841631 sp=0x000000c1aa6f93c0
Event: 28.169 Thread 0x0000021c230a8000 DEOPT UNPACKING pc=0x0000021c093d76ce sp=0x000000c1aa6f8890 mode 0
Event: 28.278 Thread 0x0000021c230a8000 DEOPT PACKING pc=0x0000021c0ae8b469 sp=0x000000c1aa6f8ec0
Event: 28.278 Thread 0x0000021c230a8000 DEOPT UNPACKING pc=0x0000021c093d76ce sp=0x000000c1aa6f8370 mode 0

Classes redefined (0 events):
No events

Internal exceptions (20 events):
Event: 20.849 Thread 0x0000021c230a8000 Exception <a 'java/lang/IncompatibleClassChangeError'{0x000000008907da58}: Found class java.lang.Object, but interface was expected> (0x000000008907da58) thrown at [./src/hotspot/share/interpreter/linkResolver.cpp, line 839]
Event: 20.851 Thread 0x0000021c230a8000 Exception <a 'java/lang/IncompatibleClassChangeError'{0x0000000089088480}: Found class java.lang.Object, but interface was expected> (0x0000000089088480) thrown at [./src/hotspot/share/interpreter/linkResolver.cpp, line 839]
Event: 20.885 Thread 0x0000021c230a8000 Exception <a 'java/lang/NoSuchMethodError'{0x0000000088ca1390}: 'void java.lang.invoke.DirectMethodHandle$Holder.invokeVirtual(java.lang.Object, java.lang.Object, int, java.lang.Object)'> (0x0000000088ca1390) thrown at [./src/hotspot/share/interpreter/linkResolver.cpp, line 773]
Event: 21.093 Thread 0x0000021c230a4800 Exception <a 'java/lang/NoSuchMethodError'{0x000000008d1c5c00}: 'java.lang.Object java.lang.invoke.DirectMethodHandle$Holder.newInvokeSpecial(java.lang.Object, int)'> (0x000000008d1c5c00) thrown at [./src/hotspot/share/interpreter/linkResolver.cpp, line 773]
Event: 21.093 Thread 0x0000021c230a8000 Exception <a 'java/lang/NoSuchMethodError'{0x000000008d23cab8}: 'java.lang.Object java.lang.invoke.DirectMethodHandle$Holder.newInvokeSpecial(java.lang.Object, int)'> (0x000000008d23cab8) thrown at [./src/hotspot/share/interpreter/linkResolver.cpp, line 773]
Event: 21.206 Thread 0x0000021c230a4800 Exception <a 'java/lang/NoSuchMethodError'{0x000000008cd59f38}: 'java.lang.Object java.lang.invoke.DirectMethodHandle$Holder.invokeInterface(java.lang.Object, java.lang.Object, int)'> (0x000000008cd59f38) thrown at [./src/hotspot/share/interpreter/linkResolver.cpp, line 773]
Event: 22.278 Thread 0x0000021c230a8000 Exception <a 'java/lang/NoSuchMethodError'{0x000000008b7df4c0}: 'int java.lang.invoke.DirectMethodHandle$Holder.invokeInterface(java.lang.Object, java.lang.Object, int)'> (0x000000008b7df4c0) thrown at [./src/hotspot/share/interpreter/linkResolver.cpp, line 773]
Event: 23.216 Thread 0x0000021c230a4800 Exception <a 'java/lang/NoSuchMethodError'{0x000000008d3bf090}: 'java.lang.Object java.lang.invoke.DirectMethodHandle$Holder.invokeSpecial(java.lang.Object, java.lang.Object, java.lang.Object, java.lang.Object, java.lang.Object, java.lang.Object, java.lang.Object, java.lang.Object, java.lang.Object, java.lang.Object, java.lang.Object)'> (0x000000008d3bf090) thrown at [./src/hotspot/share/interpreter/linkResolver.cpp, line 773]
Event: 23.217 Thread 0x0000021c230a4800 Exception <a 'java/lang/NoSuchMethodError'{0x000000008d3caab0}: 'java.lang.Object java.lang.invoke.Invokers$Holder.linkToTargetMethod(java.lang.Object, java.lang.Object, java.lang.Object, java.lang.Object, java.lang.Object, java.lang.Object, java.lang.Object, java.lang.Object, java.lang.Object, java.lang.Object)'> (0x000000008d3caab0) thrown at [./src/hotspot/share/interpreter/linkResolver.cpp, line 773]
Event: 23.237 Thread 0x0000021c230a4800 Exception <a 'java/lang/IncompatibleClassChangeError'{0x000000008cf7dad8}: Found class java.lang.Object, but interface was expected> (0x000000008cf7dad8) thrown at [./src/hotspot/share/interpreter/linkResolver.cpp, line 839]
Event: 25.826 Thread 0x0000021c230a4800 Implicit null exception at 0x0000021c112c246f to 0x0000021c112c25ac
Event: 25.930 Thread 0x0000021c230a4800 Exception <a 'java/lang/NoSuchMethodError'{0x000000008b4018a0}: 'void java.lang.invoke.DirectMethodHandle$Holder.invokeSpecial(java.lang.Object, java.lang.Object, int, java.lang.Object, java.lang.Object, java.lang.Object, java.lang.Object)'> (0x000000008b4018a0) thrown at [./src/hotspot/share/interpreter/linkResolver.cpp, line 773]
Event: 25.931 Thread 0x0000021c230a4800 Exception <a 'java/lang/NoSuchMethodError'{0x000000008b40d4a0}: 'java.lang.Object java.lang.invoke.Invokers$Holder.linkToTargetMethod(java.lang.Object, int, java.lang.Object, java.lang.Object, java.lang.Object, java.lang.Object)'> (0x000000008b40d4a0) thrown at [./src/hotspot/share/interpreter/linkResolver.cpp, line 773]
Event: 25.932 Thread 0x0000021c230a4800 Exception <a 'java/lang/NoSuchMethodError'{0x000000008b411950}: 'void java.lang.invoke.DirectMethodHandle$Holder.invokeSpecial(java.lang.Object, java.lang.Object, java.lang.Object, java.lang.Object, java.lang.Object, java.lang.Object, java.lang.Object, java.lang.Object, java.lang.Object)'> (0x000000008b411950) thrown at [./src/hotspot/share/interpreter/linkResolver.cpp, line 773]
Event: 26.019 Thread 0x0000021c230a4800 Exception <a 'java/lang/NoSuchMethodError'{0x0000000090013d00}: 'void java.lang.invoke.DirectMethodHandle$Holder.invokeStatic(java.lang.Object, java.lang.Object, java.lang.Object, java.lang.Object, java.lang.Object, java.lang.Object, java.lang.Object, java.lang.Object)'> (0x0000000090013d00) thrown at [./src/hotspot/share/interpreter/linkResolver.cpp, line 773]
Event: 26.432 Thread 0x0000021c230a4800 Exception <a 'java/lang/IncompatibleClassChangeError'{0x000000008bbd6370}: Found class java.lang.Object, but interface was expected> (0x000000008bbd6370) thrown at [./src/hotspot/share/interpreter/linkResolver.cpp, line 839]
Event: 26.927 Thread 0x0000021c230a4800 Exception <a 'java/lang/NoSuchMethodError'{0x000000008d0eaf28}: 'void java.lang.invoke.DirectMethodHandle$Holder.invokeVirtual(java.lang.Object, java.lang.Object, int)'> (0x000000008d0eaf28) thrown at [./src/hotspot/share/interpreter/linkResolver.cpp, line 773]
Event: 27.076 Thread 0x0000021c230a4800 Exception <a 'sun/nio/fs/WindowsException'{0x000000008c1283a8}> (0x000000008c1283a8) thrown at [./src/hotspot/share/prims/jni.cpp, line 615]
Event: 27.237 Thread 0x0000021c230a4800 Exception <a 'sun/nio/fs/WindowsException'{0x000000008a4397e0}> (0x000000008a4397e0) thrown at [./src/hotspot/share/prims/jni.cpp, line 615]
Event: 28.025 Thread 0x0000021c230a4800 Exception <a 'sun/nio/fs/WindowsException'{0x00000000924ba898}> (0x00000000924ba898) thrown at [./src/hotspot/share/prims/jni.cpp, line 615]

Events (20 events):
Event: 27.310 loading class com/android/tools/r8/internal/dj
Event: 27.310 loading class com/android/tools/r8/internal/dj done
Event: 27.311 loading class com/android/tools/r8/internal/dj
Event: 27.311 loading class com/android/tools/r8/internal/dj done
Event: 27.312 loading class com/android/tools/r8/internal/iu
Event: 27.312 loading class com/android/tools/r8/internal/iu done
Event: 27.312 loading class com/android/tools/r8/internal/iu
Event: 27.312 loading class com/android/tools/r8/internal/iu done
Event: 27.313 loading class com/android/tools/r8/internal/iu
Event: 27.313 loading class com/android/tools/r8/internal/iu done
Event: 27.313 loading class com/android/tools/r8/internal/iu
Event: 27.313 loading class com/android/tools/r8/internal/iu done
Event: 27.313 loading class com/android/tools/r8/internal/Ne
Event: 27.313 loading class com/android/tools/r8/internal/Ne done
Event: 27.314 loading class com/android/tools/r8/internal/iu
Event: 27.314 loading class com/android/tools/r8/internal/iu done
Event: 27.314 loading class com/android/tools/r8/internal/Ue
Event: 27.314 loading class com/android/tools/r8/internal/Ue done
Event: 27.920 Executing VM operation: G1CollectForAllocation
Event: 27.940 Executing VM operation: G1CollectForAllocation done


Dynamic libraries:
0x00007ff6b8950000 - 0x00007ff6b895a000 	D:\PC1\jre\bin\java.exe
0x00007ffc34e40000 - 0x00007ffc35047000 	C:\WINDOWS\SYSTEM32\ntdll.dll
0x00007ffc1bb40000 - 0x00007ffc1bb56000 	C:\Program Files\AVG\Antivirus\aswhook.dll
0x00007ffc34740000 - 0x00007ffc347fd000 	C:\WINDOWS\System32\KERNEL32.DLL
0x00007ffc32320000 - 0x00007ffc32694000 	C:\WINDOWS\System32\KERNELBASE.dll
0x00007ffc32b80000 - 0x00007ffc32c91000 	C:\WINDOWS\System32\ucrtbase.dll
0x00007ffc230c0000 - 0x00007ffc230d9000 	D:\PC1\jre\bin\jli.dll
0x00007ffc230a0000 - 0x00007ffc230b7000 	D:\PC1\jre\bin\VCRUNTIME140.dll
0x00007ffc348c0000 - 0x00007ffc34a6c000 	C:\WINDOWS\System32\USER32.dll
0x00007ffc32ca0000 - 0x00007ffc32cc6000 	C:\WINDOWS\System32\win32u.dll
0x00007ffc1e580000 - 0x00007ffc1e825000 	C:\WINDOWS\WinSxS\amd64_microsoft.windows.common-controls_6595b64144ccf1df_6.0.22000.120_none_9d947278b86cc467\COMCTL32.dll
0x00007ffc34ca0000 - 0x00007ffc34cc9000 	C:\WINDOWS\System32\GDI32.dll
0x00007ffc33e50000 - 0x00007ffc33ef3000 	C:\WINDOWS\System32\msvcrt.dll
0x00007ffc32a60000 - 0x00007ffc32b72000 	C:\WINDOWS\System32\gdi32full.dll
0x00007ffc327d0000 - 0x00007ffc3286d000 	C:\WINDOWS\System32\msvcp_win.dll
0x00007ffc32db0000 - 0x00007ffc32de1000 	C:\WINDOWS\System32\IMM32.DLL
0x00007ffc23000000 - 0x00007ffc2309d000 	D:\PC1\jre\bin\msvcp140.dll
0x00007ffbb17b0000 - 0x00007ffbb227f000 	D:\PC1\jre\bin\server\jvm.dll
0x00007ffc34810000 - 0x00007ffc348bc000 	C:\WINDOWS\System32\ADVAPI32.dll
0x00007ffc32cf0000 - 0x00007ffc32d8d000 	C:\WINDOWS\System32\sechost.dll
0x00007ffc34cd0000 - 0x00007ffc34df1000 	C:\WINDOWS\System32\RPCRT4.dll
0x00007ffc32d90000 - 0x00007ffc32d98000 	C:\WINDOWS\System32\PSAPI.DLL
0x00007ffc25860000 - 0x00007ffc25869000 	C:\WINDOWS\SYSTEM32\WSOCK32.dll
0x00007ffc2a090000 - 0x00007ffc2a0c3000 	C:\WINDOWS\SYSTEM32\WINMM.dll
0x00007ffc34c30000 - 0x00007ffc34c9f000 	C:\WINDOWS\System32\WS2_32.dll
0x00007ffc29a20000 - 0x00007ffc29a2a000 	C:\WINDOWS\SYSTEM32\VERSION.dll
0x00007ffc314b0000 - 0x00007ffc314c8000 	C:\WINDOWS\SYSTEM32\kernel.appcore.dll
0x00007ffc28af0000 - 0x00007ffc28b01000 	D:\PC1\jre\bin\verify.dll
0x00007ffc2ff70000 - 0x00007ffc30191000 	C:\WINDOWS\SYSTEM32\DBGHELP.DLL
0x00007ffc288d0000 - 0x00007ffc28901000 	C:\WINDOWS\SYSTEM32\dbgcore.DLL
0x00007ffc329e0000 - 0x00007ffc32a5f000 	C:\WINDOWS\System32\bcryptPrimitives.dll
0x00007ffc24880000 - 0x00007ffc248a9000 	D:\PC1\jre\bin\java.dll
0x00007ffc2db00000 - 0x00007ffc2db0b000 	D:\PC1\jre\bin\jimage.dll
0x00007ffc27ee0000 - 0x00007ffc27ef8000 	D:\PC1\jre\bin\zip.dll
0x00007ffc33270000 - 0x00007ffc33a1e000 	C:\WINDOWS\System32\SHELL32.dll
0x00007ffc304c0000 - 0x00007ffc30d27000 	C:\WINDOWS\SYSTEM32\windows.storage.dll
0x00007ffc32e80000 - 0x00007ffc331f8000 	C:\WINDOWS\System32\combase.dll
0x00007ffc30350000 - 0x00007ffc304b6000 	C:\WINDOWS\SYSTEM32\wintypes.dll
0x00007ffc33ce0000 - 0x00007ffc33dca000 	C:\WINDOWS\System32\SHCORE.dll
0x00007ffc34bd0000 - 0x00007ffc34c2d000 	C:\WINDOWS\System32\shlwapi.dll
0x00007ffc32250000 - 0x00007ffc32271000 	C:\WINDOWS\SYSTEM32\profapi.dll
0x00007ffc26f20000 - 0x00007ffc26f3a000 	D:\PC1\jre\bin\net.dll
0x00007ffc297a0000 - 0x00007ffc298ac000 	C:\WINDOWS\SYSTEM32\WINHTTP.dll
0x00007ffc318c0000 - 0x00007ffc31927000 	C:\WINDOWS\system32\mswsock.dll
0x00007ffc20180000 - 0x00007ffc20194000 	D:\PC1\jre\bin\nio.dll
0x00007ffc1d0b0000 - 0x00007ffc1d0d7000 	D:\native\8bec1ad78214c89d9ad589b4d07fe93259594b29d510b10fafb7a158f7737e5d\windows-amd64\native-platform.dll
0x00007ffbf51a0000 - 0x00007ffbf52dd000 	D:\native\53dbd7edfb1c66fb8903c78663c9afc45aea4f116125fa6feffd364cf09443e8\windows-amd64\native-platform-file-events.dll
0x00007ffc2d930000 - 0x00007ffc2d93a000 	D:\PC1\jre\bin\management.dll
0x00007ffc2cfa0000 - 0x00007ffc2cfac000 	D:\PC1\jre\bin\management_ext.dll
0x00007ffc31b90000 - 0x00007ffc31ba8000 	C:\WINDOWS\SYSTEM32\CRYPTSP.dll
0x00007ffc31410000 - 0x00007ffc31445000 	C:\WINDOWS\system32\rsaenh.dll
0x00007ffc319e0000 - 0x00007ffc31a09000 	C:\WINDOWS\SYSTEM32\USERENV.dll
0x00007ffc31d00000 - 0x00007ffc31d27000 	C:\WINDOWS\SYSTEM32\bcrypt.dll
0x00007ffc31b80000 - 0x00007ffc31b8c000 	C:\WINDOWS\SYSTEM32\CRYPTBASE.dll
0x00007ffc30f80000 - 0x00007ffc30fad000 	C:\WINDOWS\SYSTEM32\IPHLPAPI.DLL
0x00007ffc32da0000 - 0x00007ffc32da9000 	C:\WINDOWS\System32\NSI.dll
0x00007ffc29370000 - 0x00007ffc29389000 	C:\WINDOWS\SYSTEM32\dhcpcsvc6.DLL
0x00007ffc29d90000 - 0x00007ffc29dae000 	C:\WINDOWS\SYSTEM32\dhcpcsvc.DLL
0x00007ffc30ff0000 - 0x00007ffc310d7000 	C:\WINDOWS\SYSTEM32\DNSAPI.dll

dbghelp: loaded successfully - version: 4.0.5 - missing functions: none
symbol engine: initialized successfully - sym options: 0x614 - pdb path: .;D:\PC1\jre\bin;C:\WINDOWS\SYSTEM32;C:\Program Files\AVG\Antivirus;C:\WINDOWS\WinSxS\amd64_microsoft.windows.common-controls_6595b64144ccf1df_6.0.22000.120_none_9d947278b86cc467;D:\PC1\jre\bin\server;D:\native\8bec1ad78214c89d9ad589b4d07fe93259594b29d510b10fafb7a158f7737e5d\windows-amd64;D:\native\53dbd7edfb1c66fb8903c78663c9afc45aea4f116125fa6feffd364cf09443e8\windows-amd64

VM Arguments:
jvm_args: --add-opens=java.base/java.util=ALL-UNNAMED --add-opens=java.base/java.lang=ALL-UNNAMED --add-opens=java.base/java.lang.invoke=ALL-UNNAMED --add-opens=java.base/java.util=ALL-UNNAMED --add-opens=java.prefs/java.util.prefs=ALL-UNNAMED --add-opens=java.prefs/java.util.prefs=ALL-UNNAMED --add-opens=java.base/java.nio.charset=ALL-UNNAMED --add-opens=java.base/java.net=ALL-UNNAMED --add-opens=java.base/java.util.concurrent.atomic=ALL-UNNAMED -Xmx2048m -Dfile.encoding=UTF-8 -Duser.country=US -Duser.language=en -Duser.variant 
java_command: org.gradle.launcher.daemon.bootstrap.GradleDaemon 7.0.2
java_class_path (initial): D:\wrapper\dists\gradle-7.0.2-bin\857tjihv64xamwrf0h14cai3r\gradle-7.0.2\lib\gradle-launcher-7.0.2.jar
Launcher Type: SUN_STANDARD

[Global flags]
     intx CICompilerCount                          = 4                                         {product} {ergonomic}
     uint ConcGCThreads                            = 2                                         {product} {ergonomic}
     uint G1ConcRefinementThreads                  = 8                                         {product} {ergonomic}
   size_t G1HeapRegionSize                         = 1048576                                   {product} {ergonomic}
    uintx GCDrainStackTargetSize                   = 64                                        {product} {ergonomic}
   size_t InitialHeapSize                          = 132120576                                 {product} {ergonomic}
   size_t MarkStackSize                            = 4194304                                   {product} {ergonomic}
   size_t MaxHeapSize                              = 2147483648                                {product} {command line}
   size_t MaxNewSize                               = 1287651328                                {product} {ergonomic}
   size_t MinHeapDeltaBytes                        = 1048576                                   {product} {ergonomic}
    uintx NonNMethodCodeHeapSize                   = 5836300                                {pd product} {ergonomic}
    uintx NonProfiledCodeHeapSize                  = 122910970                              {pd product} {ergonomic}
    uintx ProfiledCodeHeapSize                     = 122910970                              {pd product} {ergonomic}
    uintx ReservedCodeCacheSize                    = 251658240                              {pd product} {ergonomic}
     bool SegmentedCodeCache                       = true                                      {product} {ergonomic}
     bool UseCompressedClassPointers               = true                                 {lp64_product} {ergonomic}
     bool UseCompressedOops                        = true                                 {lp64_product} {ergonomic}
     bool UseG1GC                                  = true                                      {product} {ergonomic}
     bool UseLargePagesIndividualAllocation        = false                                  {pd product} {ergonomic}

Logging:
Log output configuration:
 #0: stdout all=warning uptime,level,tags
 #1: stderr all=off uptime,level,tags

Environment Variables:
PATH=C:\Program Files\Common Files\Oracle\Java\javapath;C:\Program Files (x86)\Common Files\Oracle\Java\javapath;C:\WINDOWS\system32;C:\WINDOWS;C:\WINDOWS\System32\Wbem;C:\WINDOWS\System32\WindowsPowerShell\v1.0\;C:\WINDOWS\System32\OpenSSH\;C:\Program Files\Intel\WiFi\bin\;C:\Program Files\Common Files\Intel\WirelessCommon\;C:\Program Files\dotnet\;c:\Program Files (x86)\Microsoft SQL Server\110\Tools\Binn\;c:\Program Files\Microsoft SQL Server\110\Tools\Binn\;c:\Program Files\Microsoft SQL Server\110\DTS\Binn\;C:\Program Files (x86)\Microsoft SQL Server\110\Tools\Binn\ManagementStudio\;C:\Program Files (x86)\Microsoft Visual Studio 10.0\Common7\IDE\PrivateAssemblies\;C:\Program Files (x86)\Microsoft SQL Server\110\DTS\Binn\;C:\Program Files\Microsoft SQL Server\130\Tools\Binn\;C:\Program Files\Microsoft SQL Server\Client SDK\ODBC\170\Tools\Binn\;C:\Users\PC\Downloads eclipse.java.juno-SR2-win32\eclipsejre\bin\javaw.exe;C:\Program Files\nodejs\;C:\Program Files\Git\cmd;C:\Users\PC\AppData\Local\Programs\Python\Python38-32\Scripts\;C:\Users\PC\AppData\Local\Programs\Python\Python38-32\;C:\Users\PC\AppData\Local\Programs\Python\Python38\Scripts\;C:\Users\PC\AppData\Local\Programs\Python\Python38\;C:\Users\PC\AppData\Local\Microsoft\WindowsApps;C:\Users\PC\.dotnet\tools;C:\Users\PC\AppData\Roaming\npm
USERNAME=PC
OS=Windows_NT
PROCESSOR_IDENTIFIER=Intel64 Family 6 Model 142 Stepping 11, GenuineIntel



---------------  S Y S T E M  ---------------

OS: Windows 10 , 64 bit Build 22000 (10.0.22000.318)
OS uptime: 8 days 8:34 hours

CPU:total 8 (initial active 8) (4 cores per cpu, 2 threads per core) family 6 model 142 stepping 11 microcode 0xde, cmov, cx8, fxsr, mmx, sse, sse2, sse3, ssse3, sse4.1, sse4.2, popcnt, avx, avx2, aes, clmul, erms, 3dnowpref, lzcnt, ht, tsc, tscinvbit, bmi1, bmi2, adx, fma

Memory: 4k page, system-wide physical 8043M (358M free)
TotalPageFile size 17059M (AvailPageFile size 4M)
current process WorkingSet (physical memory assigned to process): 688M, peak: 692M
current process commit charge ("private bytes"): 749M, peak: 752M

vm_info: OpenJDK 64-Bit Server VM (11.0.10+0-b96-7249189) for windows-amd64 JRE (11.0.10+0-b96-7249189), built on Mar 31 2021 21:44:00 by "builder" with MS VC++ 14.0 (VS2015)

END.
