#
# There is insufficient memory for the Java Runtime Environment to continue.
# Native memory allocation (mmap) failed to map 55574528 bytes for Failed to commit area from 0x0000000090800000 to 0x0000000093d00000 of length 55574528.
# Possible reasons:
#   The system is out of physical RAM or swap space
#   The process is running with CompressedOops enabled, and the Java Heap may be blocking the growth of the native heap
# Possible solutions:
#   Reduce memory load on the system
#   Increase physical memory or swap space
#   Check if swap backing store is full
#   Decrease Java heap size (-Xmx/-Xms)
#   Decrease number of Java threads
#   Decrease Java thread stack sizes (-Xss)
#   Set larger code cache with -XX:ReservedCodeCacheSize=
#   JVM is running with Unscaled Compressed Oops mode in which the Java heap is
#     placed in the first 4GB address space. The Java Heap base address is the
#     maximum limit for the native heap growth. Please use -XX:HeapBaseMinAddress
#     to set the Java Heap base and to place the Java Heap above 4GB virtual address.
# This output file may be truncated or incomplete.
#
#  Out of Memory Error (./src/hotspot/os/windows/os_windows.cpp:3301), pid=10572, tid=12800
#
# JRE version: OpenJDK Runtime Environment (11.0.10) (build 11.0.10+0-b96-7249189)
# Java VM: OpenJDK 64-Bit Server VM (11.0.10+0-b96-7249189, mixed mode, tiered, compressed oops, g1 gc, windows-amd64)
# No core dump will be written. Minidumps are not enabled by default on client versions of Windows
#

---------------  S U M M A R Y ------------

Command Line: --add-opens=java.base/java.util=ALL-UNNAMED --add-opens=java.base/java.lang=ALL-UNNAMED --add-opens=java.base/java.lang.invoke=ALL-UNNAMED --add-opens=java.base/java.util=ALL-UNNAMED --add-opens=java.prefs/java.util.prefs=ALL-UNNAMED --add-opens=java.prefs/java.util.prefs=ALL-UNNAMED --add-opens=java.base/java.nio.charset=ALL-UNNAMED --add-opens=java.base/java.net=ALL-UNNAMED --add-opens=java.base/java.util.concurrent.atomic=ALL-UNNAMED -Xmx2048m -Dfile.encoding=UTF-8 -Duser.country=US -Duser.language=en -Duser.variant org.gradle.launcher.daemon.bootstrap.GradleDaemon 7.0.2

Host: Intel(R) Core(TM) i5-8265U CPU @ 1.60GHz, 8 cores, 7G,  Windows 10 , 64 bit Build 22000 (10.0.22000.318)
Time: Sun Dec 26 21:54:04 2021 SE Asia Standard Time elapsed time: 26.692070 seconds (0d 0h 0m 26s)

---------------  T H R E A D  ---------------

Current thread (0x000001a21cbc9800):  VMThread "VM Thread" [stack: 0x00000072c8c00000,0x00000072c8d00000] [id=12800]

Stack: [0x00000072c8c00000,0x00000072c8d00000]
[error occurred during error reporting (printing stack bounds), id 0xc0000005, EXCEPTION_ACCESS_VIOLATION (0xc0000005) at pc=0x000001a206230f2d]

Native frames: (J=compiled Java code, j=interpreted, Vv=VM code, C=native code)
V  [jvm.dll+0x5ecfaa]
V  [jvm.dll+0x722bd5]
V  [jvm.dll+0x72412d]
V  [jvm.dll+0x724745]
V  [jvm.dll+0x7246fb]
V  [jvm.dll+0x5ec348]
V  [jvm.dll+0x5ecad8]
C  [ntdll.dll+0xa82ff]
C  [ntdll.dll+0x35a0a]
C  [ntdll.dll+0xa730e]
C  0x000001a206230f2d

VM_Operation (0x00000072cbcf90b0): G1CollectForAllocation, mode: safepoint, requested by thread 0x000001a2212b4000


---------------  P R O C E S S  ---------------

Threads class SMR info:
_java_thread_list=0x000001a2231c2e00, length=64, elements={
0x000001a202745800, 0x000001a21cbcb800, 0x000001a21cbd8000, 0x000001a21cbe7800,
0x000001a21cbe8800, 0x000001a21cbe9800, 0x000001a21d566000, 0x000001a21d567000,
0x000001a21d56b800, 0x000001a21d6b5800, 0x000001a21ec71000, 0x000001a21d94e000,
0x000001a21fe01000, 0x000001a21e17b000, 0x000001a2206a6800, 0x000001a21ee4f800,
0x000001a21e7dd000, 0x000001a21fdda800, 0x000001a220045000, 0x000001a2208fe000,
0x000001a2208fc000, 0x000001a2208fd000, 0x000001a2208fe800, 0x000001a2208ff800,
0x000001a2208fa000, 0x000001a220900800, 0x000001a2208fa800, 0x000001a2208fb800,
0x000001a2212a7800, 0x000001a2212ab000, 0x000001a2212ac800, 0x000001a2212aa000,
0x000001a2212a7000, 0x000001a2212ae800, 0x000001a2212a8800, 0x000001a2212af000,
0x000001a2212a9800, 0x000001a2212b4000, 0x000001a2212b5800, 0x000001a2212b0800,
0x000001a2212b0000, 0x000001a2212b1800, 0x000001a2212b5000, 0x000001a2212b2800,
0x000001a2212b3000, 0x000001a21fee8000, 0x000001a21fee2000, 0x000001a21fee9000,
0x000001a21fee4800, 0x000001a21fee5800, 0x000001a21fee7000, 0x000001a21fee6800,
0x000001a21fee4000, 0x000001a2257bf800, 0x000001a2257c6000, 0x000001a2257c2000,
0x000001a2257c2800, 0x000001a2257c3800, 0x000001a2257c4800, 0x000001a2257c5000,
0x000001a2257c0800, 0x000001a224da6000, 0x000001a2257c7800, 0x000001a21de4f800
}

Java Threads: ( => current thread )
  0x000001a202745800 JavaThread "main" [_thread_blocked, id=23456, stack(0x00000072c8600000,0x00000072c8700000)]
  0x000001a21cbcb800 JavaThread "Reference Handler" daemon [_thread_blocked, id=476, stack(0x00000072c8d00000,0x00000072c8e00000)]
  0x000001a21cbd8000 JavaThread "Finalizer" daemon [_thread_blocked, id=17796, stack(0x00000072c8e00000,0x00000072c8f00000)]
  0x000001a21cbe7800 JavaThread "Signal Dispatcher" daemon [_thread_blocked, id=11800, stack(0x00000072c8f00000,0x00000072c9000000)]
  0x000001a21cbe8800 JavaThread "Attach Listener" daemon [_thread_blocked, id=23032, stack(0x00000072c9000000,0x00000072c9100000)]
  0x000001a21cbe9800 JavaThread "Service Thread" daemon [_thread_blocked, id=23496, stack(0x00000072c9100000,0x00000072c9200000)]
  0x000001a21d566000 JavaThread "C2 CompilerThread0" daemon [_thread_blocked, id=8044, stack(0x00000072c9200000,0x00000072c9300000)]
  0x000001a21d567000 JavaThread "C1 CompilerThread0" daemon [_thread_blocked, id=10832, stack(0x00000072c9300000,0x00000072c9400000)]
  0x000001a21d56b800 JavaThread "Sweeper thread" daemon [_thread_blocked, id=23220, stack(0x00000072c9400000,0x00000072c9500000)]
  0x000001a21d6b5800 JavaThread "Common-Cleaner" daemon [_thread_blocked, id=1520, stack(0x00000072c9500000,0x00000072c9600000)]
  0x000001a21ec71000 JavaThread "Daemon health stats" [_thread_blocked, id=12608, stack(0x00000072c9b00000,0x00000072c9c00000)]
  0x000001a21d94e000 JavaThread "Incoming local TCP Connector on port 63437" [_thread_in_native, id=15752, stack(0x00000072c9700000,0x00000072c9800000)]
  0x000001a21fe01000 JavaThread "Daemon periodic checks" [_thread_blocked, id=12972, stack(0x00000072c9800000,0x00000072c9900000)]
  0x000001a21e17b000 JavaThread "Daemon" [_thread_blocked, id=13852, stack(0x00000072c9c00000,0x00000072c9d00000)]
  0x000001a2206a6800 JavaThread "Handler for socket connection from /127.0.0.1:63437 to /127.0.0.1:63438" [_thread_in_native, id=8148, stack(0x00000072c9d00000,0x00000072c9e00000)]
  0x000001a21ee4f800 JavaThread "Cancel handler" [_thread_blocked, id=11440, stack(0x00000072c9e00000,0x00000072c9f00000)]
  0x000001a21e7dd000 JavaThread "Daemon worker" [_thread_blocked, id=14888, stack(0x00000072c9f00000,0x00000072ca000000)]
  0x000001a21fdda800 JavaThread "Asynchronous log dispatcher for DefaultDaemonConnection: socket connection from /127.0.0.1:63437 to /127.0.0.1:63438" [_thread_blocked, id=17960, stack(0x00000072ca000000,0x00000072ca100000)]
  0x000001a220045000 JavaThread "Stdin handler" [_thread_blocked, id=17604, stack(0x00000072ca100000,0x00000072ca200000)]
  0x000001a2208fe000 JavaThread "Daemon client event forwarder" [_thread_blocked, id=11408, stack(0x00000072ca200000,0x00000072ca300000)]
  0x000001a2208fc000 JavaThread "Cache worker for file hash cache (D:\caches\7.0.2\fileHashes)" [_thread_blocked, id=12192, stack(0x00000072ca800000,0x00000072ca900000)]
  0x000001a2208fd000 JavaThread "File lock request listener" [_thread_in_native, id=6864, stack(0x00000072ca900000,0x00000072caa00000)]
  0x000001a2208fe800 JavaThread "Cache worker for journal cache (D:\caches\journal-1)" [_thread_blocked, id=11488, stack(0x00000072cab00000,0x00000072cac00000)]
  0x000001a2208ff800 JavaThread "Cache worker for file hash cache (C:\Users\PC\AndroidStudioProjects\MyApplication5\.gradle\7.0.2\fileHashes)" [_thread_blocked, id=21076, stack(0x00000072cad00000,0x00000072cae00000)]
  0x000001a2208fa000 JavaThread "File watcher server" daemon [_thread_blocked, id=15544, stack(0x00000072cae00000,0x00000072caf00000)]
  0x000001a220900800 JavaThread "File watcher consumer" daemon [_thread_blocked, id=15216, stack(0x00000072caf00000,0x00000072cb000000)]
  0x000001a2208fa800 JavaThread "Cache worker for checksums cache (C:\Users\PC\AndroidStudioProjects\MyApplication5\.gradle\checksums)" [_thread_blocked, id=23488, stack(0x00000072cb000000,0x00000072cb100000)]
  0x000001a2208fb800 JavaThread "Cache worker for cache directory md-supplier (D:\caches\7.0.2\md-supplier)" [_thread_blocked, id=17372, stack(0x00000072cb100000,0x00000072cb200000)]
  0x000001a2212a7800 JavaThread "Cache worker for cache directory md-rule (D:\caches\7.0.2\md-rule)" [_thread_blocked, id=1880, stack(0x00000072cb200000,0x00000072cb300000)]
  0x000001a2212ab000 JavaThread "Cache worker for execution history cache (D:\caches\7.0.2\executionHistory)" [_thread_blocked, id=3256, stack(0x00000072cb400000,0x00000072cb500000)]
  0x000001a2212ac800 JavaThread "jar transforms" [_thread_blocked, id=11652, stack(0x00000072cb500000,0x00000072cb600000)]
  0x000001a2212aa000 JavaThread "jar transforms Thread 2" [_thread_blocked, id=22932, stack(0x00000072cb600000,0x00000072cb700000)]
  0x000001a2212a7000 JavaThread "Cache worker for file content cache (D:\caches\7.0.2\fileContent)" [_thread_blocked, id=3492, stack(0x00000072cb700000,0x00000072cb800000)]
  0x000001a2212ae800 JavaThread "Cache worker for dependencies-accessors (C:\Users\PC\AndroidStudioProjects\MyApplication5\.gradle\7.0.2\dependencies-accessors)" [_thread_blocked, id=7248, stack(0x00000072cb800000,0x00000072cb900000)]
  0x000001a2212a8800 JavaThread "jar transforms Thread 3" [_thread_blocked, id=12900, stack(0x00000072cb900000,0x00000072cba00000)]
  0x000001a2212af000 JavaThread "Cache worker for Build Output Cleanup Cache (C:\Users\PC\AndroidStudioProjects\MyApplication5\.gradle\buildOutputCleanup)" [_thread_blocked, id=17904, stack(0x00000072cba00000,0x00000072cbb00000)]
  0x000001a2212a9800 JavaThread "Build operations" [_thread_blocked, id=12372, stack(0x00000072cbb00000,0x00000072cbc00000)]
  0x000001a2212b4000 JavaThread "Build operations Thread 2" [_thread_blocked, id=8416, stack(0x00000072cbc00000,0x00000072cbd00000)]
  0x000001a2212b5800 JavaThread "Build operations Thread 3" [_thread_blocked, id=19200, stack(0x00000072cbd00000,0x00000072cbe00000)]
  0x000001a2212b0800 JavaThread "Build operations Thread 4" [_thread_blocked, id=23228, stack(0x00000072cbe00000,0x00000072cbf00000)]
  0x000001a2212b0000 JavaThread "Build operations Thread 5" [_thread_blocked, id=14208, stack(0x00000072cbf00000,0x00000072cc000000)]
  0x000001a2212b1800 JavaThread "Build operations Thread 6" [_thread_blocked, id=6036, stack(0x00000072cc000000,0x00000072cc100000)]
  0x000001a2212b5000 JavaThread "Build operations Thread 7" [_thread_blocked, id=8788, stack(0x00000072cc100000,0x00000072cc200000)]
  0x000001a2212b2800 JavaThread "Build operations Thread 8" [_thread_blocked, id=19192, stack(0x00000072cc200000,0x00000072cc300000)]
  0x000001a2212b3000 JavaThread "jar transforms Thread 4" [_thread_blocked, id=15408, stack(0x00000072cc300000,0x00000072cc400000)]
  0x000001a21fee8000 JavaThread "jar transforms Thread 5" [_thread_blocked, id=3612, stack(0x00000072cc400000,0x00000072cc500000)]
  0x000001a21fee2000 JavaThread "jar transforms Thread 6" [_thread_blocked, id=16060, stack(0x00000072cc500000,0x00000072cc600000)]
  0x000001a21fee9000 JavaThread "jar transforms Thread 7" [_thread_blocked, id=5804, stack(0x00000072cc600000,0x00000072cc700000)]
  0x000001a21fee4800 JavaThread "jar transforms Thread 8" [_thread_blocked, id=15052, stack(0x00000072cc700000,0x00000072cc800000)]
  0x000001a21fee5800 JavaThread "Memory manager" [_thread_blocked, id=16404, stack(0x00000072cc800000,0x00000072cc900000)]
  0x000001a21fee7000 JavaThread "build event listener" [_thread_blocked, id=18360, stack(0x00000072cc900000,0x00000072cca00000)]
  0x000001a21fee6800 JavaThread "pool-3-thread-1" [_thread_blocked, id=10100, stack(0x00000072cca00000,0x00000072ccb00000)]
  0x000001a21fee4000 JavaThread "build event listener" [_thread_blocked, id=19304, stack(0x00000072ccb00000,0x00000072ccc00000)]
  0x000001a2257bf800 JavaThread "Execution worker for ':'" [_thread_blocked, id=9148, stack(0x00000072ccc00000,0x00000072ccd00000)]
  0x000001a2257c6000 JavaThread "Execution worker for ':' Thread 2" [_thread_blocked, id=10932, stack(0x00000072ccd00000,0x00000072cce00000)]
  0x000001a2257c2000 JavaThread "Execution worker for ':' Thread 3" [_thread_blocked, id=15908, stack(0x00000072cce00000,0x00000072ccf00000)]
  0x000001a2257c2800 JavaThread "Execution worker for ':' Thread 4" [_thread_blocked, id=6868, stack(0x00000072ccf00000,0x00000072cd000000)]
  0x000001a2257c3800 JavaThread "Execution worker for ':' Thread 5" [_thread_blocked, id=5808, stack(0x00000072cd000000,0x00000072cd100000)]
  0x000001a2257c4800 JavaThread "Execution worker for ':' Thread 6" [_thread_blocked, id=4140, stack(0x00000072cd100000,0x00000072cd200000)]
  0x000001a2257c5000 JavaThread "Execution worker for ':' Thread 7" [_thread_blocked, id=4320, stack(0x00000072cd200000,0x00000072cd300000)]
  0x000001a2257c0800 JavaThread "Cache worker for execution history cache (C:\Users\PC\AndroidStudioProjects\MyApplication5\.gradle\7.0.2\executionHistory)" [_thread_blocked, id=12032, stack(0x00000072cd300000,0x00000072cd400000)]
  0x000001a224da6000 JavaThread "C2 CompilerThread1" daemon [_thread_in_native, id=8460, stack(0x00000072cac00000,0x00000072cad00000)]
  0x000001a2257c7800 JavaThread "WorkerExecutor Queue" [_thread_blocked, id=13648, stack(0x00000072cb300000,0x00000072cb400000)]
  0x000001a21de4f800 JavaThread "C2 CompilerThread2" daemon [_thread_in_native, id=20496, stack(0x00000072cd400000,0x00000072cd500000)]

Other Threads:
=>0x000001a21cbc9800 VMThread "VM Thread" [stack: 0x00000072c8c00000,0x00000072c8d00000] [id=12800]
  0x000001a21d6b6800 WatcherThread [stack: 0x00000072c9600000,0x00000072c9700000] [id=22676]
  0x000001a20275e800 GCTaskThread "GC Thread#0" [stack: 0x00000072c8700000,0x00000072c8800000] [id=13444]
  0x000001a21e34a800 GCTaskThread "GC Thread#1" [stack: 0x00000072c9900000,0x00000072c9a00000] [id=8116]
  0x000001a21e386000 GCTaskThread "GC Thread#2" [stack: 0x00000072c9a00000,0x00000072c9b00000] [id=18880]
  0x000001a22016f800 GCTaskThread "GC Thread#3" [stack: 0x00000072ca300000,0x00000072ca400000] [id=16516]
  0x000001a220216800 GCTaskThread "GC Thread#4" [stack: 0x00000072ca400000,0x00000072ca500000] [id=23288]
  0x000001a21f57f800 GCTaskThread "GC Thread#5" [stack: 0x00000072ca500000,0x00000072ca600000] [id=11636]
  0x000001a21f580000 GCTaskThread "GC Thread#6" [stack: 0x00000072ca600000,0x00000072ca700000] [id=4752]
  0x000001a21f7ad000 GCTaskThread "GC Thread#7" [stack: 0x00000072ca700000,0x00000072ca800000] [id=18276]
  0x000001a202790800 ConcurrentGCThread "G1 Main Marker" [stack: 0x00000072c8800000,0x00000072c8900000] [id=21820]
  0x000001a202792800 ConcurrentGCThread "G1 Conc#0" [stack: 0x00000072c8900000,0x00000072c8a00000] [id=2132]
  0x000001a21f34f000 ConcurrentGCThread "G1 Conc#1" [stack: 0x00000072caa00000,0x00000072cab00000] [id=20636]
  0x000001a21ca16800 ConcurrentGCThread "G1 Refine#0" [stack: 0x00000072c8a00000,0x00000072c8b00000] [id=1748]
  0x000001a224bb3000 ConcurrentGCThread "G1 Refine#1" [stack: 0x00000072cd500000,0x00000072cd600000] [id=22536]
  0x000001a22c2b6000 ConcurrentGCThread "G1 Refine#2" [stack: 0x00000072cd600000,0x00000072cd700000] [id=19696]
  0x000001a22c1fd000 ConcurrentGCThread "G1 Refine#3" [stack: 0x00000072cd700000,0x00000072cd800000] [id=19996]
  0x000001a21ca18800 ConcurrentGCThread "G1 Young RemSet Sampling" [stack: 0x00000072c8b00000,0x00000072c8c00000] [id=19084]

Threads with active compile tasks:
C2 CompilerThread0  26744 13779       4       com.android.tools.r8.graph.H::a (1035 bytes)
C2 CompilerThread1  26744 13457       4       com.android.tools.r8.ir.regalloc.a::a (3985 bytes)
C2 CompilerThread2  26744 13439 %     4       com.android.tools.r8.ir.regalloc.a::a @ 1542 (1824 bytes)

VM state:at safepoint (normal execution)

VM Mutex/Monitor currently owned by a thread:  ([mutex/lock_event])
[0x000001a202740440] Threads_lock - owner thread: 0x000001a21cbc9800
[0x000001a202741760] Heap_lock - owner thread: 0x000001a2212b4000

Heap address: 0x0000000080000000, size: 2048 MB, Compressed Oops mode: 32-bit
Narrow klass base: 0x0000000000000000, Narrow klass shift: 3
Compressed class space size: 1073741824 Address: 0x0000000100000000

Heap:
 garbage-first heap   total 324608K, used 133714K [0x0000000080000000, 0x0000000100000000)
  region size 1024K, 3 young (3072K), 3 survivors (3072K)
 Metaspace       used 99459K, capacity 102097K, committed 102220K, reserved 1138688K
  class space    used 12864K, capacity 13868K, committed 13900K, reserved 1048576K
Heap Regions: E=young(eden), S=young(survivor), O=old, HS=humongous(starts), HC=humongous(continues), CS=collection set, F=free, A=archive, TAMS=top-at-mark-start (previous, next)
|   0|0x0000000080000000, 0x0000000080100000, 0x0000000080100000|100%| O|  |TAMS 0x0000000080100000, 0x0000000080000000| Complete 
|   1|0x0000000080100000, 0x0000000080200000, 0x0000000080200000|100%| O|  |TAMS 0x0000000080200000, 0x0000000080100000| Complete 
|   2|0x0000000080200000, 0x0000000080300000, 0x0000000080300000|100%| O|  |TAMS 0x0000000080300000, 0x0000000080200000| Untracked 
|   3|0x0000000080300000, 0x0000000080400000, 0x0000000080400000|100%|HS|  |TAMS 0x0000000080400000, 0x0000000080300000| Complete 
|   4|0x0000000080400000, 0x0000000080500000, 0x0000000080500000|100%|HC|  |TAMS 0x0000000080500000, 0x0000000080400000| Complete 
|   5|0x0000000080500000, 0x0000000080600000, 0x0000000080600000|100%|HC|  |TAMS 0x0000000080600000, 0x0000000080500000| Complete 
|   6|0x0000000080600000, 0x0000000080700000, 0x0000000080700000|100%| O|  |TAMS 0x0000000080700000, 0x0000000080600000| Untracked 
|   7|0x0000000080700000, 0x0000000080800000, 0x0000000080800000|100%| O|  |TAMS 0x0000000080800000, 0x0000000080700000| Untracked 
|   8|0x0000000080800000, 0x0000000080900000, 0x0000000080900000|100%| O|  |TAMS 0x0000000080900000, 0x0000000080800000| Complete 
|   9|0x0000000080900000, 0x0000000080a00000, 0x0000000080a00000|100%| O|  |TAMS 0x0000000080a00000, 0x0000000080900000| Untracked 
|  10|0x0000000080a00000, 0x0000000080b00000, 0x0000000080b00000|100%| O|  |TAMS 0x0000000080b00000, 0x0000000080a00000| Untracked 
|  11|0x0000000080b00000, 0x0000000080c00000, 0x0000000080c00000|100%| O|  |TAMS 0x0000000080c00000, 0x0000000080b00000| Untracked 
|  12|0x0000000080c00000, 0x0000000080d00000, 0x0000000080d00000|100%| O|  |TAMS 0x0000000080d00000, 0x0000000080c00000| Complete 
|  13|0x0000000080d00000, 0x0000000080e00000, 0x0000000080e00000|100%| O|  |TAMS 0x0000000080e00000, 0x0000000080d00000| Untracked 
|  14|0x0000000080e00000, 0x0000000080f00000, 0x0000000080f00000|100%| O|  |TAMS 0x0000000080f00000, 0x0000000080e00000| Untracked 
|  15|0x0000000080f00000, 0x0000000081000000, 0x0000000081000000|100%| O|  |TAMS 0x0000000081000000, 0x0000000080f00000| Untracked 
|  16|0x0000000081000000, 0x0000000081100000, 0x0000000081100000|100%| O|  |TAMS 0x0000000081100000, 0x0000000081000000| Untracked 
|  17|0x0000000081100000, 0x0000000081200000, 0x0000000081200000|100%| O|  |TAMS 0x0000000081200000, 0x0000000081100000| Complete 
|  18|0x0000000081200000, 0x0000000081300000, 0x0000000081300000|100%| O|  |TAMS 0x0000000081300000, 0x0000000081200000| Complete 
|  19|0x0000000081300000, 0x0000000081400000, 0x0000000081400000|100%|HS|  |TAMS 0x0000000081400000, 0x0000000081300000| Complete 
|  20|0x0000000081400000, 0x0000000081500000, 0x0000000081500000|100%| O|  |TAMS 0x0000000081500000, 0x0000000081400000| Untracked 
|  21|0x0000000081500000, 0x0000000081600000, 0x0000000081600000|100%| O|  |TAMS 0x0000000081600000, 0x0000000081500000| Untracked 
|  22|0x0000000081600000, 0x0000000081700000, 0x0000000081700000|100%| O|  |TAMS 0x0000000081700000, 0x0000000081600000| Complete 
|  23|0x0000000081700000, 0x0000000081800000, 0x0000000081800000|100%| O|  |TAMS 0x0000000081800000, 0x0000000081700000| Untracked 
|  24|0x0000000081800000, 0x0000000081900000, 0x0000000081900000|100%|HS|  |TAMS 0x0000000081900000, 0x0000000081800000| Complete 
|  25|0x0000000081900000, 0x0000000081a00000, 0x0000000081a00000|100%|HS|  |TAMS 0x0000000081a00000, 0x0000000081900000| Complete 
|  26|0x0000000081a00000, 0x0000000081b00000, 0x0000000081b00000|100%|HC|  |TAMS 0x0000000081b00000, 0x0000000081a00000| Complete 
|  27|0x0000000081b00000, 0x0000000081c00000, 0x0000000081c00000|100%| O|  |TAMS 0x0000000081c00000, 0x0000000081b00000| Untracked 
|  28|0x0000000081c00000, 0x0000000081d00000, 0x0000000081d00000|100%| O|  |TAMS 0x0000000081d00000, 0x0000000081c00000| Untracked 
|  29|0x0000000081d00000, 0x0000000081e00000, 0x0000000081e00000|100%| O|  |TAMS 0x0000000081e00000, 0x0000000081d00000| Untracked 
|  30|0x0000000081e00000, 0x0000000081f00000, 0x0000000081f00000|100%| O|  |TAMS 0x0000000081f00000, 0x0000000081e00000| Untracked 
|  31|0x0000000081f00000, 0x0000000082000000, 0x0000000082000000|100%| O|  |TAMS 0x0000000082000000, 0x0000000081f00000| Complete 
|  32|0x0000000082000000, 0x0000000082100000, 0x0000000082100000|100%| O|  |TAMS 0x0000000082100000, 0x0000000082000000| Untracked 
|  33|0x0000000082100000, 0x0000000082200000, 0x0000000082200000|100%| O|  |TAMS 0x0000000082200000, 0x0000000082100000| Untracked 
|  34|0x0000000082200000, 0x0000000082300000, 0x0000000082300000|100%| O|  |TAMS 0x0000000082300000, 0x0000000082200000| Untracked 
|  35|0x0000000082300000, 0x0000000082400000, 0x0000000082400000|100%| O|  |TAMS 0x0000000082400000, 0x0000000082300000| Untracked 
|  36|0x0000000082400000, 0x0000000082500000, 0x0000000082500000|100%| O|  |TAMS 0x0000000082500000, 0x0000000082400000| Untracked 
|  37|0x0000000082500000, 0x0000000082600000, 0x0000000082600000|100%| O|  |TAMS 0x0000000082600000, 0x0000000082500000| Untracked 
|  38|0x0000000082600000, 0x0000000082700000, 0x0000000082700000|100%| O|  |TAMS 0x0000000082700000, 0x0000000082600000| Untracked 
|  39|0x0000000082700000, 0x0000000082800000, 0x0000000082800000|100%| O|  |TAMS 0x0000000082800000, 0x0000000082700000| Untracked 
|  40|0x0000000082800000, 0x0000000082900000, 0x0000000082900000|100%| O|  |TAMS 0x0000000082900000, 0x0000000082800000| Complete 
|  41|0x0000000082900000, 0x0000000082a00000, 0x0000000082a00000|100%| O|  |TAMS 0x0000000082a00000, 0x0000000082900000| Untracked 
|  42|0x0000000082a00000, 0x0000000082b00000, 0x0000000082b00000|100%| O|  |TAMS 0x0000000082b00000, 0x0000000082a00000| Untracked 
|  43|0x0000000082b00000, 0x0000000082c00000, 0x0000000082c00000|100%| O|  |TAMS 0x0000000082c00000, 0x0000000082b00000| Untracked 
|  44|0x0000000082c00000, 0x0000000082d00000, 0x0000000082d00000|100%| O|  |TAMS 0x0000000082d00000, 0x0000000082c00000| Untracked 
|  45|0x0000000082d00000, 0x0000000082e00000, 0x0000000082e00000|100%| O|  |TAMS 0x0000000082e00000, 0x0000000082d00000| Untracked 
|  46|0x0000000082e00000, 0x0000000082f00000, 0x0000000082f00000|100%| O|  |TAMS 0x0000000082f00000, 0x0000000082e00000| Untracked 
|  47|0x0000000082f00000, 0x0000000083000000, 0x0000000083000000|100%| O|  |TAMS 0x0000000083000000, 0x0000000082f00000| Untracked 
|  48|0x0000000083000000, 0x0000000083100000, 0x0000000083100000|100%| O|  |TAMS 0x0000000083100000, 0x0000000083000000| Untracked 
|  49|0x0000000083100000, 0x0000000083200000, 0x0000000083200000|100%| O|  |TAMS 0x0000000083200000, 0x0000000083100000| Untracked 
|  50|0x0000000083200000, 0x0000000083300000, 0x0000000083300000|100%| O|  |TAMS 0x0000000083300000, 0x0000000083200000| Untracked 
|  51|0x0000000083300000, 0x0000000083400000, 0x0000000083400000|100%| O|  |TAMS 0x0000000083400000, 0x0000000083300000| Untracked 
|  52|0x0000000083400000, 0x0000000083500000, 0x0000000083500000|100%| O|  |TAMS 0x0000000083500000, 0x0000000083400000| Untracked 
|  53|0x0000000083500000, 0x0000000083600000, 0x0000000083600000|100%| O|  |TAMS 0x0000000083600000, 0x0000000083500000| Untracked 
|  54|0x0000000083600000, 0x0000000083700000, 0x0000000083700000|100%| O|  |TAMS 0x0000000083700000, 0x0000000083600000| Untracked 
|  55|0x0000000083700000, 0x0000000083800000, 0x0000000083800000|100%| O|  |TAMS 0x0000000083800000, 0x0000000083700000| Untracked 
|  56|0x0000000083800000, 0x0000000083900000, 0x0000000083900000|100%| O|  |TAMS 0x0000000083900000, 0x0000000083800000| Untracked 
|  57|0x0000000083900000, 0x0000000083a00000, 0x0000000083a00000|100%| O|  |TAMS 0x0000000083a00000, 0x0000000083900000| Untracked 
|  58|0x0000000083a00000, 0x0000000083b00000, 0x0000000083b00000|100%| O|  |TAMS 0x0000000083b00000, 0x0000000083a00000| Untracked 
|  59|0x0000000083b00000, 0x0000000083c00000, 0x0000000083c00000|100%| O|  |TAMS 0x0000000083c00000, 0x0000000083b00000| Untracked 
|  60|0x0000000083c00000, 0x0000000083d00000, 0x0000000083d00000|100%| O|  |TAMS 0x0000000083d00000, 0x0000000083c00000| Untracked 
|  61|0x0000000083d00000, 0x0000000083e00000, 0x0000000083e00000|100%| O|  |TAMS 0x0000000083e00000, 0x0000000083d00000| Untracked 
|  62|0x0000000083e00000, 0x0000000083f00000, 0x0000000083f00000|100%| O|  |TAMS 0x0000000083f00000, 0x0000000083e00000| Complete 
|  63|0x0000000083f00000, 0x0000000084000000, 0x0000000084000000|100%| O|  |TAMS 0x0000000084000000, 0x0000000083f00000| Complete 
|  64|0x0000000084000000, 0x0000000084100000, 0x0000000084100000|100%| O|  |TAMS 0x0000000084100000, 0x0000000084000000| Complete 
|  65|0x0000000084100000, 0x0000000084100000, 0x0000000084200000|  0%| F|  |TAMS 0x0000000084100000, 0x0000000084100000| Untracked 
|  66|0x0000000084200000, 0x0000000084300000, 0x0000000084300000|100%| O|  |TAMS 0x0000000084300000, 0x0000000084200000| Untracked 
|  67|0x0000000084300000, 0x0000000084400000, 0x0000000084400000|100%| O|  |TAMS 0x0000000084400000, 0x0000000084300000| Complete 
|  68|0x0000000084400000, 0x0000000084500000, 0x0000000084500000|100%| O|  |TAMS 0x0000000084500000, 0x0000000084400000| Complete 
|  69|0x0000000084500000, 0x0000000084500000, 0x0000000084600000|  0%| F|  |TAMS 0x0000000084500000, 0x0000000084500000| Untracked 
|  70|0x0000000084600000, 0x0000000084700000, 0x0000000084700000|100%| O|  |TAMS 0x0000000084700000, 0x0000000084600000| Untracked 
|  71|0x0000000084700000, 0x0000000084800000, 0x0000000084800000|100%| O|  |TAMS 0x0000000084800000, 0x0000000084700000| Untracked 
|  72|0x0000000084800000, 0x0000000084900000, 0x0000000084900000|100%| O|  |TAMS 0x0000000084900000, 0x0000000084800000| Untracked 
|  73|0x0000000084900000, 0x0000000084a00000, 0x0000000084a00000|100%| O|  |TAMS 0x0000000084a00000, 0x0000000084900000| Untracked 
|  74|0x0000000084a00000, 0x0000000084b00000, 0x0000000084b00000|100%| O|  |TAMS 0x0000000084b00000, 0x0000000084a00000| Complete 
|  75|0x0000000084b00000, 0x0000000084c00000, 0x0000000084c00000|100%| O|  |TAMS 0x0000000084c00000, 0x0000000084b00000| Untracked 
|  76|0x0000000084c00000, 0x0000000084d00000, 0x0000000084d00000|100%| O|  |TAMS 0x0000000084d00000, 0x0000000084c00000| Untracked 
|  77|0x0000000084d00000, 0x0000000084e00000, 0x0000000084e00000|100%| O|  |TAMS 0x0000000084e00000, 0x0000000084d00000| Untracked 
|  78|0x0000000084e00000, 0x0000000084f00000, 0x0000000084f00000|100%| O|  |TAMS 0x0000000084f00000, 0x0000000084e00000| Untracked 
|  79|0x0000000084f00000, 0x0000000085000000, 0x0000000085000000|100%| O|  |TAMS 0x0000000085000000, 0x0000000084f00000| Untracked 
|  80|0x0000000085000000, 0x0000000085100000, 0x0000000085100000|100%| O|  |TAMS 0x0000000085100000, 0x0000000085000000| Untracked 
|  81|0x0000000085100000, 0x0000000085200000, 0x0000000085200000|100%| O|  |TAMS 0x0000000085200000, 0x0000000085100000| Untracked 
|  82|0x0000000085200000, 0x0000000085300000, 0x0000000085300000|100%| O|  |TAMS 0x0000000085300000, 0x0000000085200000| Untracked 
|  83|0x0000000085300000, 0x0000000085400000, 0x0000000085400000|100%| O|  |TAMS 0x0000000085400000, 0x0000000085300000| Untracked 
|  84|0x0000000085400000, 0x0000000085500000, 0x0000000085500000|100%| O|  |TAMS 0x0000000085500000, 0x0000000085400000| Complete 
|  85|0x0000000085500000, 0x0000000085600000, 0x0000000085600000|100%| O|  |TAMS 0x0000000085600000, 0x0000000085500000| Complete 
|  86|0x0000000085600000, 0x0000000085700000, 0x0000000085700000|100%| O|  |TAMS 0x0000000085700000, 0x0000000085600000| Untracked 
|  87|0x0000000085700000, 0x0000000085800000, 0x0000000085800000|100%| O|  |TAMS 0x0000000085800000, 0x0000000085700000| Complete 
|  88|0x0000000085800000, 0x0000000085900000, 0x0000000085900000|100%| O|  |TAMS 0x0000000085900000, 0x0000000085800000| Complete 
|  89|0x0000000085900000, 0x0000000085a00000, 0x0000000085a00000|100%| O|  |TAMS 0x0000000085a00000, 0x0000000085900000| Untracked 
|  90|0x0000000085a00000, 0x0000000085b00000, 0x0000000085b00000|100%| O|  |TAMS 0x0000000085b00000, 0x0000000085a00000| Complete 
|  91|0x0000000085b00000, 0x0000000085c00000, 0x0000000085c00000|100%| O|  |TAMS 0x0000000085c00000, 0x0000000085b00000| Complete 
|  92|0x0000000085c00000, 0x0000000085d00000, 0x0000000085d00000|100%| O|  |TAMS 0x0000000085d00000, 0x0000000085c00000| Complete 
|  93|0x0000000085d00000, 0x0000000085e00000, 0x0000000085e00000|100%| O|  |TAMS 0x0000000085e00000, 0x0000000085d00000| Complete 
|  94|0x0000000085e00000, 0x0000000085f00000, 0x0000000085f00000|100%| O|  |TAMS 0x0000000085f00000, 0x0000000085e00000| Complete 
|  95|0x0000000085f00000, 0x0000000086000000, 0x0000000086000000|100%| O|  |TAMS 0x0000000086000000, 0x0000000085f00000| Complete 
|  96|0x0000000086000000, 0x0000000086100000, 0x0000000086100000|100%| O|  |TAMS 0x0000000086100000, 0x0000000086000000| Untracked 
|  97|0x0000000086100000, 0x0000000086200000, 0x0000000086200000|100%| O|  |TAMS 0x0000000086200000, 0x0000000086100000| Complete 
|  98|0x0000000086200000, 0x0000000086300000, 0x0000000086300000|100%| O|  |TAMS 0x0000000086300000, 0x0000000086200000| Complete 
|  99|0x0000000086300000, 0x0000000086400000, 0x0000000086400000|100%| O|  |TAMS 0x0000000086400000, 0x0000000086300000| Untracked 
| 100|0x0000000086400000, 0x0000000086500000, 0x0000000086500000|100%| O|  |TAMS 0x0000000086500000, 0x0000000086400000| Untracked 
| 101|0x0000000086500000, 0x0000000086600000, 0x0000000086600000|100%| O|  |TAMS 0x0000000086600000, 0x0000000086500000| Untracked 
| 102|0x0000000086600000, 0x0000000086700000, 0x0000000086700000|100%| O|  |TAMS 0x0000000086700000, 0x0000000086600000| Complete 
| 103|0x0000000086700000, 0x0000000086800000, 0x0000000086800000|100%| O|  |TAMS 0x0000000086800000, 0x0000000086700000| Complete 
| 104|0x0000000086800000, 0x0000000086900000, 0x0000000086900000|100%| O|  |TAMS 0x0000000086900000, 0x0000000086800000| Complete 
| 105|0x0000000086900000, 0x0000000086a00000, 0x0000000086a00000|100%| O|  |TAMS 0x0000000086a00000, 0x0000000086900000| Complete 
| 106|0x0000000086a00000, 0x0000000086b00000, 0x0000000086b00000|100%| O|  |TAMS 0x0000000086b00000, 0x0000000086a00000| Complete 
| 107|0x0000000086b00000, 0x0000000086c00000, 0x0000000086c00000|100%| O|  |TAMS 0x0000000086c00000, 0x0000000086b00000| Complete 
| 108|0x0000000086c00000, 0x0000000086d00000, 0x0000000086d00000|100%| O|  |TAMS 0x0000000086d00000, 0x0000000086c00000| Complete 
| 109|0x0000000086d00000, 0x0000000086e00000, 0x0000000086e00000|100%| O|  |TAMS 0x0000000086e00000, 0x0000000086d00000| Complete 
| 110|0x0000000086e00000, 0x0000000086f00000, 0x0000000086f00000|100%| O|  |TAMS 0x0000000086f00000, 0x0000000086e00000| Complete 
| 111|0x0000000086f00000, 0x0000000087000000, 0x0000000087000000|100%| O|  |TAMS 0x0000000087000000, 0x0000000086f00000| Complete 
| 112|0x0000000087000000, 0x0000000087100000, 0x0000000087100000|100%| O|  |TAMS 0x0000000087100000, 0x0000000087000000| Complete 
| 113|0x0000000087100000, 0x0000000087200000, 0x0000000087200000|100%| O|  |TAMS 0x0000000087200000, 0x0000000087100000| Complete 
| 114|0x0000000087200000, 0x0000000087300000, 0x0000000087300000|100%| O|  |TAMS 0x0000000087300000, 0x0000000087200000| Untracked 
| 115|0x0000000087300000, 0x0000000087400000, 0x0000000087400000|100%| O|  |TAMS 0x0000000087400000, 0x0000000087300000| Untracked 
| 116|0x0000000087400000, 0x0000000087500000, 0x0000000087500000|100%| O|  |TAMS 0x0000000087500000, 0x0000000087400000| Untracked 
| 117|0x0000000087500000, 0x0000000087600000, 0x0000000087600000|100%| O|  |TAMS 0x0000000087600000, 0x0000000087500000| Untracked 
| 118|0x0000000087600000, 0x0000000087700000, 0x0000000087700000|100%| O|  |TAMS 0x0000000087700000, 0x0000000087600000| Complete 
| 119|0x0000000087700000, 0x0000000087800000, 0x0000000087800000|100%| O|  |TAMS 0x0000000087800000, 0x0000000087700000| Complete 
| 120|0x0000000087800000, 0x0000000087900000, 0x0000000087900000|100%| O|  |TAMS 0x0000000087900000, 0x0000000087800000| Untracked 
| 121|0x0000000087900000, 0x0000000087a00000, 0x0000000087a00000|100%| O|  |TAMS 0x0000000087a00000, 0x0000000087900000| Untracked 
| 122|0x0000000087a00000, 0x0000000087b00000, 0x0000000087b00000|100%| O|  |TAMS 0x0000000087b00000, 0x0000000087a00000| Untracked 
| 123|0x0000000087b00000, 0x0000000087c00000, 0x0000000087c00000|100%| O|  |TAMS 0x0000000087c00000, 0x0000000087b00000| Untracked 
| 124|0x0000000087c00000, 0x0000000087d00000, 0x0000000087d00000|100%| O|  |TAMS 0x0000000087d00000, 0x0000000087c00000| Complete 
| 125|0x0000000087d00000, 0x0000000087e00000, 0x0000000087e00000|100%| O|  |TAMS 0x0000000087e00000, 0x0000000087d00000| Complete 
| 126|0x0000000087e00000, 0x0000000087f00000, 0x0000000087f00000|100%| O|  |TAMS 0x0000000087f00000, 0x0000000087e00000| Untracked 
| 127|0x0000000087f00000, 0x0000000088000000, 0x0000000088000000|100%| O|  |TAMS 0x0000000088000000, 0x0000000087f00000| Untracked 
| 128|0x0000000088000000, 0x0000000088100000, 0x0000000088100000|100%| O|  |TAMS 0x0000000088100000, 0x0000000088000000| Untracked 
| 129|0x0000000088100000, 0x00000000881efc00, 0x0000000088200000| 93%| O|  |TAMS 0x00000000881efc00, 0x0000000088100000| Untracked 
| 130|0x0000000088200000, 0x0000000088200000, 0x0000000088300000|  0%| F|  |TAMS 0x0000000088200000, 0x0000000088200000| Untracked 
| 131|0x0000000088300000, 0x0000000088300000, 0x0000000088400000|  0%| F|  |TAMS 0x0000000088300000, 0x0000000088300000| Untracked 
| 132|0x0000000088400000, 0x0000000088400000, 0x0000000088500000|  0%| F|  |TAMS 0x0000000088400000, 0x0000000088400000| Untracked 
| 133|0x0000000088500000, 0x0000000088500000, 0x0000000088600000|  0%| F|  |TAMS 0x0000000088500000, 0x0000000088500000| Untracked 
| 134|0x0000000088600000, 0x0000000088600000, 0x0000000088700000|  0%| F|  |TAMS 0x0000000088600000, 0x0000000088600000| Untracked 
| 135|0x0000000088700000, 0x0000000088700000, 0x0000000088800000|  0%| F|  |TAMS 0x0000000088700000, 0x0000000088700000| Untracked 
| 136|0x0000000088800000, 0x0000000088800000, 0x0000000088900000|  0%| F|  |TAMS 0x0000000088800000, 0x0000000088800000| Untracked 
| 137|0x0000000088900000, 0x0000000088900000, 0x0000000088a00000|  0%| F|  |TAMS 0x0000000088900000, 0x0000000088900000| Untracked 
| 138|0x0000000088a00000, 0x0000000088a00000, 0x0000000088b00000|  0%| F|  |TAMS 0x0000000088a00000, 0x0000000088a00000| Untracked 
| 139|0x0000000088b00000, 0x0000000088b00000, 0x0000000088c00000|  0%| F|  |TAMS 0x0000000088b00000, 0x0000000088b00000| Untracked 
| 140|0x0000000088c00000, 0x0000000088c00000, 0x0000000088d00000|  0%| F|  |TAMS 0x0000000088c00000, 0x0000000088c00000| Untracked 
| 141|0x0000000088d00000, 0x0000000088d00000, 0x0000000088e00000|  0%| F|  |TAMS 0x0000000088d00000, 0x0000000088d00000| Untracked 
| 142|0x0000000088e00000, 0x0000000088e00000, 0x0000000088f00000|  0%| F|  |TAMS 0x0000000088e00000, 0x0000000088e00000| Untracked 
| 143|0x0000000088f00000, 0x0000000088f00000, 0x0000000089000000|  0%| F|  |TAMS 0x0000000088f00000, 0x0000000088f00000| Untracked 
| 144|0x0000000089000000, 0x0000000089000000, 0x0000000089100000|  0%| F|  |TAMS 0x0000000089000000, 0x0000000089000000| Untracked 
| 145|0x0000000089100000, 0x0000000089100000, 0x0000000089200000|  0%| F|  |TAMS 0x0000000089100000, 0x0000000089100000| Untracked 
| 146|0x0000000089200000, 0x0000000089200000, 0x0000000089300000|  0%| F|  |TAMS 0x0000000089200000, 0x0000000089200000| Untracked 
| 147|0x0000000089300000, 0x0000000089300000, 0x0000000089400000|  0%| F|  |TAMS 0x0000000089300000, 0x0000000089300000| Untracked 
| 148|0x0000000089400000, 0x0000000089400000, 0x0000000089500000|  0%| F|  |TAMS 0x0000000089400000, 0x0000000089400000| Untracked 
| 149|0x0000000089500000, 0x0000000089500000, 0x0000000089600000|  0%| F|  |TAMS 0x0000000089500000, 0x0000000089500000| Untracked 
| 150|0x0000000089600000, 0x0000000089600000, 0x0000000089700000|  0%| F|  |TAMS 0x0000000089600000, 0x0000000089600000| Untracked 
| 151|0x0000000089700000, 0x0000000089700000, 0x0000000089800000|  0%| F|  |TAMS 0x0000000089700000, 0x0000000089700000| Untracked 
| 152|0x0000000089800000, 0x0000000089800000, 0x0000000089900000|  0%| F|  |TAMS 0x0000000089800000, 0x0000000089800000| Untracked 
| 153|0x0000000089900000, 0x0000000089900000, 0x0000000089a00000|  0%| F|  |TAMS 0x0000000089900000, 0x0000000089900000| Untracked 
| 154|0x0000000089a00000, 0x0000000089a00000, 0x0000000089b00000|  0%| F|  |TAMS 0x0000000089a00000, 0x0000000089a00000| Untracked 
| 155|0x0000000089b00000, 0x0000000089b00000, 0x0000000089c00000|  0%| F|  |TAMS 0x0000000089b00000, 0x0000000089b00000| Untracked 
| 156|0x0000000089c00000, 0x0000000089c00000, 0x0000000089d00000|  0%| F|  |TAMS 0x0000000089c00000, 0x0000000089c00000| Untracked 
| 157|0x0000000089d00000, 0x0000000089d00000, 0x0000000089e00000|  0%| F|  |TAMS 0x0000000089d00000, 0x0000000089d00000| Untracked 
| 158|0x0000000089e00000, 0x0000000089e00000, 0x0000000089f00000|  0%| F|  |TAMS 0x0000000089e00000, 0x0000000089e00000| Untracked 
| 159|0x0000000089f00000, 0x0000000089f00000, 0x000000008a000000|  0%| F|  |TAMS 0x0000000089f00000, 0x0000000089f00000| Untracked 
| 160|0x000000008a000000, 0x000000008a000000, 0x000000008a100000|  0%| F|  |TAMS 0x000000008a000000, 0x000000008a000000| Untracked 
| 161|0x000000008a100000, 0x000000008a100000, 0x000000008a200000|  0%| F|  |TAMS 0x000000008a100000, 0x000000008a100000| Untracked 
| 162|0x000000008a200000, 0x000000008a200000, 0x000000008a300000|  0%| F|  |TAMS 0x000000008a200000, 0x000000008a200000| Untracked 
| 163|0x000000008a300000, 0x000000008a300000, 0x000000008a400000|  0%| F|  |TAMS 0x000000008a300000, 0x000000008a300000| Untracked 
| 164|0x000000008a400000, 0x000000008a400000, 0x000000008a500000|  0%| F|  |TAMS 0x000000008a400000, 0x000000008a400000| Untracked 
| 165|0x000000008a500000, 0x000000008a500000, 0x000000008a600000|  0%| F|  |TAMS 0x000000008a500000, 0x000000008a500000| Untracked 
| 166|0x000000008a600000, 0x000000008a600000, 0x000000008a700000|  0%| F|  |TAMS 0x000000008a600000, 0x000000008a600000| Untracked 
| 167|0x000000008a700000, 0x000000008a700000, 0x000000008a800000|  0%| F|  |TAMS 0x000000008a700000, 0x000000008a700000| Untracked 
| 168|0x000000008a800000, 0x000000008a800000, 0x000000008a900000|  0%| F|  |TAMS 0x000000008a800000, 0x000000008a800000| Untracked 
| 169|0x000000008a900000, 0x000000008a900000, 0x000000008aa00000|  0%| F|  |TAMS 0x000000008a900000, 0x000000008a900000| Untracked 
| 170|0x000000008aa00000, 0x000000008aaa4f38, 0x000000008ab00000| 64%| S|CS|TAMS 0x000000008aa00000, 0x000000008aa00000| Complete 
| 171|0x000000008ab00000, 0x000000008ac00000, 0x000000008ac00000|100%| S|CS|TAMS 0x000000008ab00000, 0x000000008ab00000| Complete 
| 172|0x000000008ac00000, 0x000000008ad00000, 0x000000008ad00000|100%| S|CS|TAMS 0x000000008ac00000, 0x000000008ac00000| Complete 
| 173|0x000000008ad00000, 0x000000008ad00000, 0x000000008ae00000|  0%| F|  |TAMS 0x000000008ad00000, 0x000000008ad00000| Untracked 
| 174|0x000000008ae00000, 0x000000008ae00000, 0x000000008af00000|  0%| F|  |TAMS 0x000000008ae00000, 0x000000008ae00000| Untracked 
| 175|0x000000008af00000, 0x000000008af00000, 0x000000008b000000|  0%| F|  |TAMS 0x000000008af00000, 0x000000008af00000| Untracked 
| 176|0x000000008b000000, 0x000000008b000000, 0x000000008b100000|  0%| F|  |TAMS 0x000000008b000000, 0x000000008b000000| Untracked 
| 177|0x000000008b100000, 0x000000008b100000, 0x000000008b200000|  0%| F|  |TAMS 0x000000008b100000, 0x000000008b100000| Untracked 
| 178|0x000000008b200000, 0x000000008b200000, 0x000000008b300000|  0%| F|  |TAMS 0x000000008b200000, 0x000000008b200000| Untracked 
| 179|0x000000008b300000, 0x000000008b300000, 0x000000008b400000|  0%| F|  |TAMS 0x000000008b300000, 0x000000008b300000| Untracked 
| 180|0x000000008b400000, 0x000000008b400000, 0x000000008b500000|  0%| F|  |TAMS 0x000000008b400000, 0x000000008b400000| Untracked 
| 181|0x000000008b500000, 0x000000008b500000, 0x000000008b600000|  0%| F|  |TAMS 0x000000008b500000, 0x000000008b500000| Untracked 
| 182|0x000000008b600000, 0x000000008b600000, 0x000000008b700000|  0%| F|  |TAMS 0x000000008b600000, 0x000000008b600000| Untracked 
| 183|0x000000008b700000, 0x000000008b700000, 0x000000008b800000|  0%| F|  |TAMS 0x000000008b700000, 0x000000008b700000| Untracked 
| 184|0x000000008b800000, 0x000000008b800000, 0x000000008b900000|  0%| F|  |TAMS 0x000000008b800000, 0x000000008b800000| Untracked 
| 185|0x000000008b900000, 0x000000008b900000, 0x000000008ba00000|  0%| F|  |TAMS 0x000000008b900000, 0x000000008b900000| Untracked 
| 186|0x000000008ba00000, 0x000000008ba00000, 0x000000008bb00000|  0%| F|  |TAMS 0x000000008ba00000, 0x000000008ba00000| Untracked 
| 187|0x000000008bb00000, 0x000000008bb00000, 0x000000008bc00000|  0%| F|  |TAMS 0x000000008bb00000, 0x000000008bb00000| Untracked 
| 188|0x000000008bc00000, 0x000000008bc00000, 0x000000008bd00000|  0%| F|  |TAMS 0x000000008bc00000, 0x000000008bc00000| Untracked 
| 189|0x000000008bd00000, 0x000000008bd00000, 0x000000008be00000|  0%| F|  |TAMS 0x000000008bd00000, 0x000000008bd00000| Untracked 
| 190|0x000000008be00000, 0x000000008be00000, 0x000000008bf00000|  0%| F|  |TAMS 0x000000008be00000, 0x000000008be00000| Untracked 
| 191|0x000000008bf00000, 0x000000008bf00000, 0x000000008c000000|  0%| F|  |TAMS 0x000000008bf00000, 0x000000008bf00000| Untracked 
| 192|0x000000008c000000, 0x000000008c000000, 0x000000008c100000|  0%| F|  |TAMS 0x000000008c000000, 0x000000008c000000| Untracked 
| 193|0x000000008c100000, 0x000000008c100000, 0x000000008c200000|  0%| F|  |TAMS 0x000000008c100000, 0x000000008c100000| Untracked 
| 194|0x000000008c200000, 0x000000008c200000, 0x000000008c300000|  0%| F|  |TAMS 0x000000008c200000, 0x000000008c200000| Untracked 
| 195|0x000000008c300000, 0x000000008c300000, 0x000000008c400000|  0%| F|  |TAMS 0x000000008c300000, 0x000000008c300000| Untracked 
| 196|0x000000008c400000, 0x000000008c400000, 0x000000008c500000|  0%| F|  |TAMS 0x000000008c400000, 0x000000008c400000| Untracked 
| 197|0x000000008c500000, 0x000000008c500000, 0x000000008c600000|  0%| F|  |TAMS 0x000000008c500000, 0x000000008c500000| Untracked 
| 198|0x000000008c600000, 0x000000008c600000, 0x000000008c700000|  0%| F|  |TAMS 0x000000008c600000, 0x000000008c600000| Untracked 
| 199|0x000000008c700000, 0x000000008c700000, 0x000000008c800000|  0%| F|  |TAMS 0x000000008c700000, 0x000000008c700000| Untracked 
| 200|0x000000008c800000, 0x000000008c800000, 0x000000008c900000|  0%| F|  |TAMS 0x000000008c800000, 0x000000008c800000| Untracked 
| 201|0x000000008c900000, 0x000000008c900000, 0x000000008ca00000|  0%| F|  |TAMS 0x000000008c900000, 0x000000008c900000| Untracked 
| 202|0x000000008ca00000, 0x000000008ca00000, 0x000000008cb00000|  0%| F|  |TAMS 0x000000008ca00000, 0x000000008ca00000| Untracked 
| 203|0x000000008cb00000, 0x000000008cb00000, 0x000000008cc00000|  0%| F|  |TAMS 0x000000008cb00000, 0x000000008cb00000| Untracked 
| 204|0x000000008cc00000, 0x000000008cc00000, 0x000000008cd00000|  0%| F|  |TAMS 0x000000008cc00000, 0x000000008cc00000| Untracked 
| 205|0x000000008cd00000, 0x000000008cd00000, 0x000000008ce00000|  0%| F|  |TAMS 0x000000008cd00000, 0x000000008cd00000| Untracked 
| 206|0x000000008ce00000, 0x000000008ce00000, 0x000000008cf00000|  0%| F|  |TAMS 0x000000008ce00000, 0x000000008ce00000| Untracked 
| 207|0x000000008cf00000, 0x000000008cf00000, 0x000000008d000000|  0%| F|  |TAMS 0x000000008cf00000, 0x000000008cf00000| Untracked 
| 208|0x000000008d000000, 0x000000008d000000, 0x000000008d100000|  0%| F|  |TAMS 0x000000008d000000, 0x000000008d000000| Untracked 
| 209|0x000000008d100000, 0x000000008d100000, 0x000000008d200000|  0%| F|  |TAMS 0x000000008d100000, 0x000000008d100000| Untracked 
| 210|0x000000008d200000, 0x000000008d200000, 0x000000008d300000|  0%| F|  |TAMS 0x000000008d200000, 0x000000008d200000| Untracked 
| 211|0x000000008d300000, 0x000000008d300000, 0x000000008d400000|  0%| F|  |TAMS 0x000000008d300000, 0x000000008d300000| Untracked 
| 212|0x000000008d400000, 0x000000008d400000, 0x000000008d500000|  0%| F|  |TAMS 0x000000008d400000, 0x000000008d400000| Untracked 
| 213|0x000000008d500000, 0x000000008d500000, 0x000000008d600000|  0%| F|  |TAMS 0x000000008d500000, 0x000000008d500000| Untracked 
| 214|0x000000008d600000, 0x000000008d600000, 0x000000008d700000|  0%| F|  |TAMS 0x000000008d600000, 0x000000008d600000| Untracked 
| 215|0x000000008d700000, 0x000000008d700000, 0x000000008d800000|  0%| F|  |TAMS 0x000000008d700000, 0x000000008d700000| Untracked 
| 216|0x000000008d800000, 0x000000008d800000, 0x000000008d900000|  0%| F|  |TAMS 0x000000008d800000, 0x000000008d800000| Untracked 
| 217|0x000000008d900000, 0x000000008d900000, 0x000000008da00000|  0%| F|  |TAMS 0x000000008d900000, 0x000000008d900000| Untracked 
| 218|0x000000008da00000, 0x000000008da00000, 0x000000008db00000|  0%| F|  |TAMS 0x000000008da00000, 0x000000008da00000| Untracked 
| 219|0x000000008db00000, 0x000000008db00000, 0x000000008dc00000|  0%| F|  |TAMS 0x000000008db00000, 0x000000008db00000| Untracked 
| 220|0x000000008dc00000, 0x000000008dc00000, 0x000000008dd00000|  0%| F|  |TAMS 0x000000008dc00000, 0x000000008dc00000| Untracked 
| 221|0x000000008dd00000, 0x000000008dd00000, 0x000000008de00000|  0%| F|  |TAMS 0x000000008dd00000, 0x000000008dd00000| Untracked 
| 222|0x000000008de00000, 0x000000008de00000, 0x000000008df00000|  0%| F|  |TAMS 0x000000008de00000, 0x000000008de00000| Untracked 
| 223|0x000000008df00000, 0x000000008df00000, 0x000000008e000000|  0%| F|  |TAMS 0x000000008df00000, 0x000000008df00000| Untracked 
| 224|0x000000008e000000, 0x000000008e000000, 0x000000008e100000|  0%| F|  |TAMS 0x000000008e000000, 0x000000008e000000| Untracked 
| 225|0x000000008e100000, 0x000000008e100000, 0x000000008e200000|  0%| F|  |TAMS 0x000000008e100000, 0x000000008e100000| Untracked 
| 226|0x000000008e200000, 0x000000008e200000, 0x000000008e300000|  0%| F|  |TAMS 0x000000008e200000, 0x000000008e200000| Untracked 
| 227|0x000000008e300000, 0x000000008e300000, 0x000000008e400000|  0%| F|  |TAMS 0x000000008e300000, 0x000000008e300000| Untracked 
| 228|0x000000008e400000, 0x000000008e400000, 0x000000008e500000|  0%| F|  |TAMS 0x000000008e400000, 0x000000008e400000| Untracked 
| 229|0x000000008e500000, 0x000000008e500000, 0x000000008e600000|  0%| F|  |TAMS 0x000000008e500000, 0x000000008e500000| Untracked 
| 230|0x000000008e600000, 0x000000008e600000, 0x000000008e700000|  0%| F|  |TAMS 0x000000008e600000, 0x000000008e600000| Untracked 
| 231|0x000000008e700000, 0x000000008e700000, 0x000000008e800000|  0%| F|  |TAMS 0x000000008e700000, 0x000000008e700000| Untracked 
| 232|0x000000008e800000, 0x000000008e800000, 0x000000008e900000|  0%| F|  |TAMS 0x000000008e800000, 0x000000008e800000| Untracked 
| 233|0x000000008e900000, 0x000000008e900000, 0x000000008ea00000|  0%| F|  |TAMS 0x000000008e900000, 0x000000008e900000| Untracked 
| 234|0x000000008ea00000, 0x000000008ea00000, 0x000000008eb00000|  0%| F|  |TAMS 0x000000008ea00000, 0x000000008ea00000| Untracked 
| 235|0x000000008eb00000, 0x000000008eb00000, 0x000000008ec00000|  0%| F|  |TAMS 0x000000008eb00000, 0x000000008eb00000| Untracked 
| 236|0x000000008ec00000, 0x000000008ec00000, 0x000000008ed00000|  0%| F|  |TAMS 0x000000008ec00000, 0x000000008ec00000| Untracked 
| 237|0x000000008ed00000, 0x000000008ed00000, 0x000000008ee00000|  0%| F|  |TAMS 0x000000008ed00000, 0x000000008ed00000| Untracked 
| 238|0x000000008ee00000, 0x000000008ee00000, 0x000000008ef00000|  0%| F|  |TAMS 0x000000008ee00000, 0x000000008ee00000| Untracked 
| 239|0x000000008ef00000, 0x000000008ef00000, 0x000000008f000000|  0%| F|  |TAMS 0x000000008ef00000, 0x000000008ef00000| Untracked 
| 240|0x000000008f000000, 0x000000008f000000, 0x000000008f100000|  0%| F|  |TAMS 0x000000008f000000, 0x000000008f000000| Untracked 
| 241|0x000000008f100000, 0x000000008f100000, 0x000000008f200000|  0%| F|  |TAMS 0x000000008f100000, 0x000000008f100000| Untracked 
| 242|0x000000008f200000, 0x000000008f200000, 0x000000008f300000|  0%| F|  |TAMS 0x000000008f200000, 0x000000008f200000| Untracked 
| 243|0x000000008f300000, 0x000000008f300000, 0x000000008f400000|  0%| F|  |TAMS 0x000000008f300000, 0x000000008f300000| Untracked 
| 244|0x000000008f400000, 0x000000008f400000, 0x000000008f500000|  0%| F|  |TAMS 0x000000008f400000, 0x000000008f400000| Untracked 
| 245|0x000000008f500000, 0x000000008f500000, 0x000000008f600000|  0%| F|  |TAMS 0x000000008f500000, 0x000000008f500000| Untracked 
| 246|0x000000008f600000, 0x000000008f600000, 0x000000008f700000|  0%| F|  |TAMS 0x000000008f600000, 0x000000008f600000| Untracked 
| 247|0x000000008f700000, 0x000000008f700000, 0x000000008f800000|  0%| F|  |TAMS 0x000000008f700000, 0x000000008f700000| Untracked 
| 248|0x000000008f800000, 0x000000008f800000, 0x000000008f900000|  0%| F|  |TAMS 0x000000008f800000, 0x000000008f800000| Untracked 
| 249|0x000000008f900000, 0x000000008f900000, 0x000000008fa00000|  0%| F|  |TAMS 0x000000008f900000, 0x000000008f900000| Untracked 
| 250|0x000000008fa00000, 0x000000008fa00000, 0x000000008fb00000|  0%| F|  |TAMS 0x000000008fa00000, 0x000000008fa00000| Untracked 
| 251|0x000000008fb00000, 0x000000008fb00000, 0x000000008fc00000|  0%| F|  |TAMS 0x000000008fb00000, 0x000000008fb00000| Untracked 
| 252|0x000000008fc00000, 0x000000008fc00000, 0x000000008fd00000|  0%| F|  |TAMS 0x000000008fc00000, 0x000000008fc00000| Untracked 
| 253|0x000000008fd00000, 0x000000008fd00000, 0x000000008fe00000|  0%| F|  |TAMS 0x000000008fd00000, 0x000000008fd00000| Untracked 
| 254|0x000000008fe00000, 0x000000008fe00000, 0x000000008ff00000|  0%| F|  |TAMS 0x000000008fe00000, 0x000000008fe00000| Untracked 
| 255|0x000000008ff00000, 0x000000008ff00000, 0x0000000090000000|  0%| F|  |TAMS 0x000000008ff00000, 0x000000008ff00000| Untracked 
| 256|0x0000000090000000, 0x0000000090000000, 0x0000000090100000|  0%| F|  |TAMS 0x0000000090000000, 0x0000000090000000| Untracked 
| 257|0x0000000090100000, 0x0000000090100000, 0x0000000090200000|  0%| F|  |TAMS 0x0000000090100000, 0x0000000090100000| Untracked 
| 258|0x0000000090200000, 0x0000000090200000, 0x0000000090300000|  0%| F|  |TAMS 0x0000000090200000, 0x0000000090200000| Untracked 
| 259|0x0000000090300000, 0x0000000090300000, 0x0000000090400000|  0%| F|  |TAMS 0x0000000090300000, 0x0000000090300000| Untracked 
| 260|0x0000000090400000, 0x0000000090400000, 0x0000000090500000|  0%| F|  |TAMS 0x0000000090400000, 0x0000000090400000| Untracked 
| 261|0x0000000090500000, 0x0000000090500000, 0x0000000090600000|  0%| F|  |TAMS 0x0000000090500000, 0x0000000090500000| Untracked 
| 262|0x0000000090600000, 0x0000000090600000, 0x0000000090700000|  0%| F|  |TAMS 0x0000000090600000, 0x0000000090600000| Untracked 
| 263|0x0000000090700000, 0x0000000090700000, 0x0000000090800000|  0%| F|  |TAMS 0x0000000090700000, 0x0000000090700000| Untracked 

Card table byte_map: [0x000001a215960000,0x000001a215d60000] _byte_map_base: 0x000001a215560000

Marking Bits (Prev, Next): (CMBitMap*) 0x000001a202787868, (CMBitMap*) 0x000001a2027878a0
 Prev Bits: [0x000001a216160000, 0x000001a218160000)
 Next Bits: [0x000001a218160000, 0x000001a21a160000)

Polling page: 0x000001a200710000

Metaspace:

Usage:
  Non-class:     86.16 MB capacity,    84.57 MB ( 98%) used,     1.29 MB (  1%) free+waste,   313.63 KB ( <1%) overhead. 
      Class:     13.54 MB capacity,    12.56 MB ( 93%) used,   863.16 KB (  6%) free+waste,   140.44 KB (  1%) overhead. 
       Both:     99.70 MB capacity,    97.13 MB ( 97%) used,     2.13 MB (  2%) free+waste,   454.06 KB ( <1%) overhead. 

Virtual space:
  Non-class space:       88.00 MB reserved,      86.25 MB ( 98%) committed 
      Class space:        1.00 GB reserved,      13.57 MB (  1%) committed 
             Both:        1.09 GB reserved,      99.82 MB (  9%) committed 

Chunk freelists:
   Non-Class:  27.00 KB
       Class:  20.00 KB
        Both:  47.00 KB

MaxMetaspaceSize: 17179869184.00 GB
CompressedClassSpaceSize: 1.00 GB

CodeHeap 'non-profiled nmethods': size=120000Kb used=7729Kb max_used=7729Kb free=112270Kb
 bounds [0x000001a20dd00000, 0x000001a20e490000, 0x000001a215230000]
CodeHeap 'profiled nmethods': size=120000Kb used=32130Kb max_used=32130Kb free=87869Kb
 bounds [0x000001a2067d0000, 0x000001a208740000, 0x000001a20dd00000]
CodeHeap 'non-nmethods': size=5760Kb used=2302Kb max_used=2379Kb free=3457Kb
 bounds [0x000001a206230000, 0x000001a2064a0000, 0x000001a2067d0000]
 total_blobs=14573 nmethods=13663 adapters=820
 compilation: enabled
              stopped_count=0, restarted_count=0
 full_count=0

Compilation events (20 events):
Event: 26.655 Thread 0x000001a21d567000 13944       2       java.nio.HeapByteBuffer::put (59 bytes)
Event: 26.656 Thread 0x000001a21d567000 nmethod 13944 0x000001a20872d710 code [0x000001a20872d900, 0x000001a20872dc58]
Event: 26.656 Thread 0x000001a21d567000 13946       2       com.android.tools.r8.internal.Oo::b (64 bytes)
Event: 26.657 Thread 0x000001a21d567000 nmethod 13946 0x000001a20872de10 code [0x000001a20872dfe0, 0x000001a20872e388]
Event: 26.657 Thread 0x000001a21d567000 13947       2       com.android.tools.r8.internal.f9::b (16 bytes)
Event: 26.657 Thread 0x000001a21d567000 nmethod 13947 0x000001a20872e510 code [0x000001a20872e6e0, 0x000001a20872e838]
Event: 26.657 Thread 0x000001a21d567000 13945       2       com.android.tools.r8.internal.f9::d (25 bytes)
Event: 26.658 Thread 0x000001a21d567000 nmethod 13945 0x000001a20872e910 code [0x000001a20872eae0, 0x000001a20872ec68]
Event: 26.658 Thread 0x000001a21d567000 13948       2       com.android.tools.r8.graph.S0::e (15 bytes)
Event: 26.658 Thread 0x000001a21d567000 nmethod 13948 0x000001a20872ed90 code [0x000001a20872ef40, 0x000001a20872f0a8]
Event: 26.658 Thread 0x000001a21d567000 13949       2       com.android.tools.r8.graph.G$c::a (9 bytes)
Event: 26.658 Thread 0x000001a21d567000 nmethod 13949 0x000001a20872f190 code [0x000001a20872f360, 0x000001a20872f4d8]
Event: 26.658 Thread 0x000001a21d567000 13951       2       com.android.tools.r8.graph.d0::i0 (51 bytes)
Event: 26.659 Thread 0x000001a21d567000 nmethod 13951 0x000001a20872f610 code [0x000001a20872f7c0, 0x000001a20872f918]
Event: 26.659 Thread 0x000001a21d567000 13952       2       com.android.tools.r8.internal.Uu::a (96 bytes)
Event: 26.659 Thread 0x000001a21d567000 nmethod 13952 0x000001a20872fa10 code [0x000001a20872fbc0, 0x000001a20872fd28]
Event: 26.659 Thread 0x000001a21d567000 13950       2       com.android.tools.r8.internal.f9::a (27 bytes)
Event: 26.659 Thread 0x000001a21d567000 nmethod 13950 0x000001a20872fe10 code [0x000001a208730020, 0x000001a208730288]
Event: 26.666 Thread 0x000001a21d567000 13953       2       javax.management.ObjectName::getInstance (9 bytes)
Event: 26.666 Thread 0x000001a21d567000 nmethod 13953 0x000001a208730490 code [0x000001a208730640, 0x000001a2087307a8]

GC Heap History (20 events):
Event: 21.939 GC heap after
{Heap after GC invocations=33 (full 0):
 garbage-first heap   total 225280K, used 132421K [0x0000000080000000, 0x0000000100000000)
  region size 1024K, 4 young (4096K), 4 survivors (4096K)
 Metaspace       used 96849K, capacity 99214K, committed 99660K, reserved 1134592K
  class space    used 12576K, capacity 13483K, committed 13644K, reserved 1048576K
}
Event: 21.978 GC heap before
{Heap before GC invocations=33 (full 0):
 garbage-first heap   total 225280K, used 139589K [0x0000000080000000, 0x0000000100000000)
  region size 1024K, 11 young (11264K), 4 survivors (4096K)
 Metaspace       used 96850K, capacity 99214K, committed 99660K, reserved 1134592K
  class space    used 12576K, capacity 13483K, committed 13644K, reserved 1048576K
}
Event: 21.989 GC heap after
{Heap after GC invocations=34 (full 0):
 garbage-first heap   total 270336K, used 131595K [0x0000000080000000, 0x0000000100000000)
  region size 1024K, 1 young (1024K), 1 survivors (1024K)
 Metaspace       used 96850K, capacity 99214K, committed 99660K, reserved 1134592K
  class space    used 12576K, capacity 13483K, committed 13644K, reserved 1048576K
}
Event: 22.540 GC heap before
{Heap before GC invocations=34 (full 0):
 garbage-first heap   total 270336K, used 197131K [0x0000000080000000, 0x0000000100000000)
  region size 1024K, 65 young (66560K), 1 survivors (1024K)
 Metaspace       used 97057K, capacity 99429K, committed 99916K, reserved 1136640K
  class space    used 12583K, capacity 13486K, committed 13644K, reserved 1048576K
}
Event: 22.551 GC heap after
{Heap after GC invocations=35 (full 0):
 garbage-first heap   total 270336K, used 132111K [0x0000000080000000, 0x0000000100000000)
  region size 1024K, 2 young (2048K), 2 survivors (2048K)
 Metaspace       used 97057K, capacity 99429K, committed 99916K, reserved 1136640K
  class space    used 12583K, capacity 13486K, committed 13644K, reserved 1048576K
}
Event: 23.252 GC heap before
{Heap before GC invocations=36 (full 0):
 garbage-first heap   total 270336K, used 201743K [0x0000000080000000, 0x0000000100000000)
  region size 1024K, 70 young (71680K), 2 survivors (2048K)
 Metaspace       used 97622K, capacity 99999K, committed 100556K, reserved 1136640K
  class space    used 12632K, capacity 13522K, committed 13772K, reserved 1048576K
}
Event: 23.260 GC heap after
{Heap after GC invocations=37 (full 0):
 garbage-first heap   total 270336K, used 132688K [0x0000000080000000, 0x0000000100000000)
  region size 1024K, 3 young (3072K), 3 survivors (3072K)
 Metaspace       used 97622K, capacity 99999K, committed 100556K, reserved 1136640K
  class space    used 12632K, capacity 13522K, committed 13772K, reserved 1048576K
}
Event: 23.636 GC heap before
{Heap before GC invocations=37 (full 0):
 garbage-first heap   total 270336K, used 206416K [0x0000000080000000, 0x0000000100000000)
  region size 1024K, 75 young (76800K), 3 survivors (3072K)
 Metaspace       used 97756K, capacity 100068K, committed 100556K, reserved 1136640K
  class space    used 12634K, capacity 13522K, committed 13772K, reserved 1048576K
}
Event: 23.641 GC heap after
{Heap after GC invocations=38 (full 0):
 garbage-first heap   total 270336K, used 132143K [0x0000000080000000, 0x0000000100000000)
  region size 1024K, 2 young (2048K), 2 survivors (2048K)
 Metaspace       used 97756K, capacity 100068K, committed 100556K, reserved 1136640K
  class space    used 12634K, capacity 13522K, committed 13772K, reserved 1048576K
}
Event: 24.240 GC heap before
{Heap before GC invocations=39 (full 0):
 garbage-first heap   total 270336K, used 217135K [0x0000000080000000, 0x0000000100000000)
  region size 1024K, 85 young (87040K), 2 survivors (2048K)
 Metaspace       used 97822K, capacity 100205K, committed 100556K, reserved 1136640K
  class space    used 12634K, capacity 13523K, committed 13772K, reserved 1048576K
}
Event: 24.248 GC heap after
{Heap after GC invocations=40 (full 0):
 garbage-first heap   total 270336K, used 132363K [0x0000000080000000, 0x0000000100000000)
  region size 1024K, 2 young (2048K), 2 survivors (2048K)
 Metaspace       used 97822K, capacity 100205K, committed 100556K, reserved 1136640K
  class space    used 12634K, capacity 13523K, committed 13772K, reserved 1048576K
}
Event: 24.617 GC heap before
{Heap before GC invocations=40 (full 0):
 garbage-first heap   total 270336K, used 219403K [0x0000000080000000, 0x0000000100000000)
  region size 1024K, 87 young (89088K), 2 survivors (2048K)
 Metaspace       used 97910K, capacity 100285K, committed 100812K, reserved 1136640K
  class space    used 12638K, capacity 13525K, committed 13772K, reserved 1048576K
}
Event: 24.634 GC heap after
{Heap after GC invocations=41 (full 0):
 garbage-first heap   total 270336K, used 133336K [0x0000000080000000, 0x0000000100000000)
  region size 1024K, 3 young (3072K), 3 survivors (3072K)
 Metaspace       used 97910K, capacity 100285K, committed 100812K, reserved 1136640K
  class space    used 12638K, capacity 13525K, committed 13772K, reserved 1048576K
}
Event: 25.058 GC heap before
{Heap before GC invocations=42 (full 0):
 garbage-first heap   total 270336K, used 220376K [0x0000000080000000, 0x0000000100000000)
  region size 1024K, 88 young (90112K), 3 survivors (3072K)
 Metaspace       used 97960K, capacity 100374K, committed 100812K, reserved 1136640K
  class space    used 12643K, capacity 13533K, committed 13772K, reserved 1048576K
}
Event: 25.068 GC heap after
{Heap after GC invocations=43 (full 0):
 garbage-first heap   total 270336K, used 133251K [0x0000000080000000, 0x0000000100000000)
  region size 1024K, 3 young (3072K), 3 survivors (3072K)
 Metaspace       used 97960K, capacity 100374K, committed 100812K, reserved 1136640K
  class space    used 12643K, capacity 13533K, committed 13772K, reserved 1048576K
}
Event: 25.097 GC heap before
{Heap before GC invocations=43 (full 0):
 garbage-first heap   total 270336K, used 143491K [0x0000000080000000, 0x0000000100000000)
  region size 1024K, 13 young (13312K), 3 survivors (3072K)
 Metaspace       used 97960K, capacity 100374K, committed 100812K, reserved 1136640K
  class space    used 12643K, capacity 13533K, committed 13772K, reserved 1048576K
}
Event: 25.104 GC heap after
{Heap after GC invocations=44 (full 0):
 garbage-first heap   total 270336K, used 131823K [0x0000000080000000, 0x0000000100000000)
  region size 1024K, 1 young (1024K), 1 survivors (1024K)
 Metaspace       used 97960K, capacity 100374K, committed 100812K, reserved 1136640K
  class space    used 12643K, capacity 13533K, committed 13772K, reserved 1048576K
}
Event: 25.892 GC heap before
{Heap before GC invocations=44 (full 0):
 garbage-first heap   total 270336K, used 220911K [0x0000000080000000, 0x0000000100000000)
  region size 1024K, 88 young (90112K), 1 survivors (1024K)
 Metaspace       used 98939K, capacity 101502K, committed 101580K, reserved 1136640K
  class space    used 12798K, capacity 13760K, committed 13772K, reserved 1048576K
}
Event: 25.905 GC heap after
{Heap after GC invocations=45 (full 0):
 garbage-first heap   total 270336K, used 132559K [0x0000000080000000, 0x0000000100000000)
  region size 1024K, 2 young (2048K), 2 survivors (2048K)
 Metaspace       used 98939K, capacity 101502K, committed 101580K, reserved 1136640K
  class space    used 12798K, capacity 13760K, committed 13772K, reserved 1048576K
}
Event: 26.677 GC heap before
{Heap before GC invocations=46 (full 0):
 garbage-first heap   total 270336K, used 223695K [0x0000000080000000, 0x0000000100000000)
  region size 1024K, 91 young (93184K), 2 survivors (2048K)
 Metaspace       used 99459K, capacity 102097K, committed 102220K, reserved 1138688K
  class space    used 12864K, capacity 13868K, committed 13900K, reserved 1048576K
}

Deoptimization events (20 events):
Event: 26.449 Thread 0x000001a2212b5800 DEOPT PACKING pc=0x000001a20e33306c sp=0x00000072cbdf97f0
Event: 26.449 Thread 0x000001a2212b5800 DEOPT UNPACKING pc=0x000001a2062578af sp=0x00000072cbdf9788 mode 2
Event: 26.466 Thread 0x000001a2212b5800 Uncommon trap: trap_request=0xffffffde fr.pc=0x000001a20e32c660 relative=0x0000000000000320
Event: 26.466 Thread 0x000001a2212b5800 Uncommon trap: reason=class_check action=maybe_recompile pc=0x000001a20e32c660 method=com.android.tools.r8.internal.EE.a(Lcom/android/tools/r8/internal/EE;Lcom/android/tools/r8/internal/f8;)I @ 19 c2
Event: 26.466 Thread 0x000001a2212b5800 DEOPT PACKING pc=0x000001a20e32c660 sp=0x00000072cbdf9b10
Event: 26.466 Thread 0x000001a2212b5800 DEOPT UNPACKING pc=0x000001a2062578af sp=0x00000072cbdf9ac0 mode 2
Event: 26.466 Thread 0x000001a2212b5800 Uncommon trap: trap_request=0xffffffde fr.pc=0x000001a20e32c660 relative=0x0000000000000320
Event: 26.466 Thread 0x000001a2212b5800 Uncommon trap: reason=class_check action=maybe_recompile pc=0x000001a20e32c660 method=com.android.tools.r8.internal.EE.a(Lcom/android/tools/r8/internal/EE;Lcom/android/tools/r8/internal/f8;)I @ 19 c2
Event: 26.466 Thread 0x000001a2212b5800 DEOPT PACKING pc=0x000001a20e32c660 sp=0x00000072cbdf9890
Event: 26.466 Thread 0x000001a2212b5800 DEOPT UNPACKING pc=0x000001a2062578af sp=0x00000072cbdf9840 mode 2
Event: 26.466 Thread 0x000001a2212b5800 Uncommon trap: trap_request=0xffffffde fr.pc=0x000001a20e32c660 relative=0x0000000000000320
Event: 26.466 Thread 0x000001a2212b5800 Uncommon trap: reason=class_check action=maybe_recompile pc=0x000001a20e32c660 method=com.android.tools.r8.internal.EE.a(Lcom/android/tools/r8/internal/EE;Lcom/android/tools/r8/internal/f8;)I @ 19 c2
Event: 26.466 Thread 0x000001a2212b5800 DEOPT PACKING pc=0x000001a20e32c660 sp=0x00000072cbdf9b10
Event: 26.466 Thread 0x000001a2212b5800 DEOPT UNPACKING pc=0x000001a2062578af sp=0x00000072cbdf9ac0 mode 2
Event: 26.466 Thread 0x000001a2212b5800 Uncommon trap: trap_request=0xffffffde fr.pc=0x000001a20e32c660 relative=0x0000000000000320
Event: 26.466 Thread 0x000001a2212b5800 Uncommon trap: reason=class_check action=maybe_recompile pc=0x000001a20e32c660 method=com.android.tools.r8.internal.EE.a(Lcom/android/tools/r8/internal/EE;Lcom/android/tools/r8/internal/f8;)I @ 19 c2
Event: 26.466 Thread 0x000001a2212b5800 DEOPT PACKING pc=0x000001a20e32c660 sp=0x00000072cbdf9b30
Event: 26.466 Thread 0x000001a2212b5800 DEOPT UNPACKING pc=0x000001a2062578af sp=0x00000072cbdf9ae0 mode 2
Event: 26.624 Thread 0x000001a2257c5000 DEOPT PACKING pc=0x000001a208174107 sp=0x00000072cd2f64f0
Event: 26.625 Thread 0x000001a2257c5000 DEOPT UNPACKING pc=0x000001a2062576ce sp=0x00000072cd2f5cb0 mode 0

Classes redefined (0 events):
No events

Internal exceptions (20 events):
Event: 19.120 Thread 0x000001a2212b5800 Exception <a 'java/lang/NoSuchMethodError'{0x000000008b093228}: 'java.lang.Object java.lang.invoke.DirectMethodHandle$Holder.invokeStatic(java.lang.Object, int, java.lang.Object, java.lang.Object)'> (0x000000008b093228) thrown at [./src/hotspot/share/interpreter/linkResolver.cpp, line 773]
Event: 19.398 Thread 0x000001a2212b5800 Exception <a 'java/lang/NoSuchMethodError'{0x0000000089cce578}: 'java.lang.Object java.lang.invoke.Invokers$Holder.linkToTargetMethod(java.lang.Object, java.lang.Object, java.lang.Object, java.lang.Object, java.lang.Object, java.lang.Object, java.lang.Object)'> (0x0000000089cce578) thrown at [./src/hotspot/share/interpreter/linkResolver.cpp, line 773]
Event: 19.542 Thread 0x000001a2212b2800 Exception <a 'java/lang/NoSuchMethodError'{0x000000008d95aab8}: 'java.lang.Object java.lang.invoke.DirectMethodHandle$Holder.invokeVirtual(java.lang.Object, java.lang.Object, int, java.lang.Object)'> (0x000000008d95aab8) thrown at [./src/hotspot/share/interpreter/linkResolver.cpp, line 773]
Event: 19.575 Thread 0x000001a2212b2800 Exception <a 'java/lang/IncompatibleClassChangeError'{0x000000008d565030}: Found class java.lang.Object, but interface was expected> (0x000000008d565030) thrown at [./src/hotspot/share/interpreter/linkResolver.cpp, line 839]
Event: 19.576 Thread 0x000001a2212b2800 Exception <a 'java/lang/IncompatibleClassChangeError'{0x000000008d56f8e8}: Found class java.lang.Object, but interface was expected> (0x000000008d56f8e8) thrown at [./src/hotspot/share/interpreter/linkResolver.cpp, line 839]
Event: 19.622 Thread 0x000001a2212b5000 Exception <a 'java/lang/NoSuchMethodError'{0x000000008d0aa740}: 'void java.lang.invoke.DirectMethodHandle$Holder.invokeVirtual(java.lang.Object, java.lang.Object, int, java.lang.Object)'> (0x000000008d0aa740) thrown at [./src/hotspot/share/interpreter/linkResolver.cpp, line 773]
Event: 19.965 Thread 0x000001a2212b5000 Exception <a 'java/lang/NoSuchMethodError'{0x000000008c736528}: 'java.lang.Object java.lang.invoke.DirectMethodHandle$Holder.newInvokeSpecial(java.lang.Object, int)'> (0x000000008c736528) thrown at [./src/hotspot/share/interpreter/linkResolver.cpp, line 773]
Event: 20.116 Thread 0x000001a2212b5800 Exception <a 'java/lang/NoSuchMethodError'{0x000000008c5f95f8}: 'java.lang.Object java.lang.invoke.DirectMethodHandle$Holder.invokeInterface(java.lang.Object, java.lang.Object, int)'> (0x000000008c5f95f8) thrown at [./src/hotspot/share/interpreter/linkResolver.cpp, line 773]
Event: 21.379 Thread 0x000001a2212b5800 Implicit null exception at 0x000001a20e34196b to 0x000001a20e34198c
Event: 22.015 Thread 0x000001a2212b2800 Exception <a 'java/lang/NoSuchMethodError'{0x0000000090593828}: 'int java.lang.invoke.DirectMethodHandle$Holder.invokeInterface(java.lang.Object, java.lang.Object, int)'> (0x0000000090593828) thrown at [./src/hotspot/share/interpreter/linkResolver.cpp, line 773]
Event: 23.073 Thread 0x000001a2212b5800 Exception <a 'java/lang/NoSuchMethodError'{0x000000008edf9a80}: 'java.lang.Object java.lang.invoke.DirectMethodHandle$Holder.invokeSpecial(java.lang.Object, java.lang.Object, java.lang.Object, java.lang.Object, java.lang.Object, java.lang.Object, java.lang.Object, java.lang.Object, java.lang.Object, java.lang.Object, java.lang.Object)'> (0x000000008edf9a80) thrown at [./src/hotspot/share/interpreter/linkResolver.cpp, line 773]
Event: 23.074 Thread 0x000001a2212b5800 Exception <a 'java/lang/NoSuchMethodError'{0x000000008df9e838}: 'java.lang.Object java.lang.invoke.Invokers$Holder.linkToTargetMethod(java.lang.Object, java.lang.Object, java.lang.Object, java.lang.Object, java.lang.Object, java.lang.Object, java.lang.Object, java.lang.Object, java.lang.Object, java.lang.Object)'> (0x000000008df9e838) thrown at [./src/hotspot/share/interpreter/linkResolver.cpp, line 773]
Event: 23.148 Thread 0x000001a2212b5800 Exception <a 'java/lang/IncompatibleClassChangeError'{0x000000008d28f070}: Found class java.lang.Object, but interface was expected> (0x000000008d28f070) thrown at [./src/hotspot/share/interpreter/linkResolver.cpp, line 839]
Event: 24.591 Thread 0x000001a2212b5000 Implicit null exception at 0x000001a20e442440 to 0x000001a20e44262c
Event: 25.290 Thread 0x000001a2212b5800 Implicit null exception at 0x000001a20e2aea6f to 0x000001a20e2aebac
Event: 25.440 Thread 0x000001a2212b5800 Exception <a 'java/lang/NoSuchMethodError'{0x000000008dfb21e8}: 'void java.lang.invoke.DirectMethodHandle$Holder.invokeSpecial(java.lang.Object, java.lang.Object, int, java.lang.Object, java.lang.Object, java.lang.Object, java.lang.Object)'> (0x000000008dfb21e8) thrown at [./src/hotspot/share/interpreter/linkResolver.cpp, line 773]
Event: 25.442 Thread 0x000001a2212b5800 Exception <a 'java/lang/NoSuchMethodError'{0x000000008dfbdde8}: 'java.lang.Object java.lang.invoke.Invokers$Holder.linkToTargetMethod(java.lang.Object, int, java.lang.Object, java.lang.Object, java.lang.Object, java.lang.Object)'> (0x000000008dfbdde8) thrown at [./src/hotspot/share/interpreter/linkResolver.cpp, line 773]
Event: 25.442 Thread 0x000001a2212b5800 Exception <a 'java/lang/NoSuchMethodError'{0x000000008de022e8}: 'void java.lang.invoke.DirectMethodHandle$Holder.invokeSpecial(java.lang.Object, java.lang.Object, java.lang.Object, java.lang.Object, java.lang.Object, java.lang.Object, java.lang.Object, java.lang.Object, java.lang.Object)'> (0x000000008de022e8) thrown at [./src/hotspot/share/interpreter/linkResolver.cpp, line 773]
Event: 25.533 Thread 0x000001a2212b5800 Exception <a 'java/lang/NoSuchMethodError'{0x000000008d992fa0}: 'void java.lang.invoke.DirectMethodHandle$Holder.invokeStatic(java.lang.Object, java.lang.Object, java.lang.Object, java.lang.Object, java.lang.Object, java.lang.Object, java.lang.Object, java.lang.Object)'> (0x000000008d992fa0) thrown at [./src/hotspot/share/interpreter/linkResolver.cpp, line 773]
Event: 26.127 Thread 0x000001a2212b5800 Exception <a 'java/lang/IncompatibleClassChangeError'{0x000000008f23d408}: Found class java.lang.Object, but interface was expected> (0x000000008f23d408) thrown at [./src/hotspot/share/interpreter/linkResolver.cpp, line 839]

Events (20 events):
Event: 26.631 loading class com/android/tools/r8/dex/n done
Event: 26.633 loading class com/android/tools/r8/graph/V0
Event: 26.633 loading class com/android/tools/r8/graph/V0 done
Event: 26.633 loading class com/android/tools/r8/dex/m
Event: 26.633 loading class com/android/tools/r8/dex/m done
Event: 26.633 loading class com/android/tools/r8/internal/Jw
Event: 26.633 loading class com/android/tools/r8/internal/Jw done
Event: 26.634 loading class com/android/tools/r8/naming/w$b
Event: 26.634 loading class com/android/tools/r8/naming/w$b done
Event: 26.637 loading class com/android/tools/r8/naming/w$c
Event: 26.637 loading class com/android/tools/r8/naming/w$c done
Event: 26.638 loading class com/android/tools/r8/naming/w
Event: 26.638 loading class com/android/tools/r8/naming/w done
Event: 26.647 loading class com/android/tools/r8/internal/Jw
Event: 26.647 loading class com/android/tools/r8/internal/Jw done
Event: 26.649 loading class com/android/tools/r8/internal/Oo
Event: 26.649 loading class com/android/tools/r8/internal/Oo done
Event: 26.651 loading class com/android/tools/r8/internal/f9
Event: 26.651 loading class com/android/tools/r8/internal/f9 done
Event: 26.676 Executing VM operation: G1CollectForAllocation


Dynamic libraries:
0x00007ff6b8950000 - 0x00007ff6b895a000 	D:\PC1\jre\bin\java.exe
0x00007ffc34e40000 - 0x00007ffc35047000 	C:\WINDOWS\SYSTEM32\ntdll.dll
0x00007ffc1bb40000 - 0x00007ffc1bb56000 	C:\Program Files\AVG\Antivirus\aswhook.dll
0x00007ffc34740000 - 0x00007ffc347fd000 	C:\WINDOWS\System32\KERNEL32.DLL
0x00007ffc32320000 - 0x00007ffc32694000 	C:\WINDOWS\System32\KERNELBASE.dll
0x00007ffc32b80000 - 0x00007ffc32c91000 	C:\WINDOWS\System32\ucrtbase.dll
0x00007ffc230c0000 - 0x00007ffc230d9000 	D:\PC1\jre\bin\jli.dll
0x00007ffc230a0000 - 0x00007ffc230b7000 	D:\PC1\jre\bin\VCRUNTIME140.dll
0x00007ffc348c0000 - 0x00007ffc34a6c000 	C:\WINDOWS\System32\USER32.dll
0x00007ffc1e580000 - 0x00007ffc1e825000 	C:\WINDOWS\WinSxS\amd64_microsoft.windows.common-controls_6595b64144ccf1df_6.0.22000.120_none_9d947278b86cc467\COMCTL32.dll
0x00007ffc32ca0000 - 0x00007ffc32cc6000 	C:\WINDOWS\System32\win32u.dll
0x00007ffc33e50000 - 0x00007ffc33ef3000 	C:\WINDOWS\System32\msvcrt.dll
0x00007ffc34ca0000 - 0x00007ffc34cc9000 	C:\WINDOWS\System32\GDI32.dll
0x00007ffc32a60000 - 0x00007ffc32b72000 	C:\WINDOWS\System32\gdi32full.dll
0x00007ffc327d0000 - 0x00007ffc3286d000 	C:\WINDOWS\System32\msvcp_win.dll
0x00007ffc32db0000 - 0x00007ffc32de1000 	C:\WINDOWS\System32\IMM32.DLL
0x00007ffc23000000 - 0x00007ffc2309d000 	D:\PC1\jre\bin\msvcp140.dll
0x00007ffbb17b0000 - 0x00007ffbb227f000 	D:\PC1\jre\bin\server\jvm.dll
0x00007ffc34810000 - 0x00007ffc348bc000 	C:\WINDOWS\System32\ADVAPI32.dll
0x00007ffc32cf0000 - 0x00007ffc32d8d000 	C:\WINDOWS\System32\sechost.dll
0x00007ffc34cd0000 - 0x00007ffc34df1000 	C:\WINDOWS\System32\RPCRT4.dll
0x00007ffc32d90000 - 0x00007ffc32d98000 	C:\WINDOWS\System32\PSAPI.DLL
0x00007ffc2a090000 - 0x00007ffc2a0c3000 	C:\WINDOWS\SYSTEM32\WINMM.dll
0x00007ffc29a20000 - 0x00007ffc29a2a000 	C:\WINDOWS\SYSTEM32\VERSION.dll
0x00007ffc25860000 - 0x00007ffc25869000 	C:\WINDOWS\SYSTEM32\WSOCK32.dll
0x00007ffc34c30000 - 0x00007ffc34c9f000 	C:\WINDOWS\System32\WS2_32.dll
0x00007ffc314b0000 - 0x00007ffc314c8000 	C:\WINDOWS\SYSTEM32\kernel.appcore.dll
0x00007ffc28af0000 - 0x00007ffc28b01000 	D:\PC1\jre\bin\verify.dll
0x00007ffc2ff70000 - 0x00007ffc30191000 	C:\WINDOWS\SYSTEM32\DBGHELP.DLL
0x00007ffc288d0000 - 0x00007ffc28901000 	C:\WINDOWS\SYSTEM32\dbgcore.DLL
0x00007ffc329e0000 - 0x00007ffc32a5f000 	C:\WINDOWS\System32\bcryptPrimitives.dll
0x00007ffc24880000 - 0x00007ffc248a9000 	D:\PC1\jre\bin\java.dll
0x00007ffc2db00000 - 0x00007ffc2db0b000 	D:\PC1\jre\bin\jimage.dll
0x00007ffc27ee0000 - 0x00007ffc27ef8000 	D:\PC1\jre\bin\zip.dll
0x00007ffc33270000 - 0x00007ffc33a1e000 	C:\WINDOWS\System32\SHELL32.dll
0x00007ffc304c0000 - 0x00007ffc30d27000 	C:\WINDOWS\SYSTEM32\windows.storage.dll
0x00007ffc32e80000 - 0x00007ffc331f8000 	C:\WINDOWS\System32\combase.dll
0x00007ffc30350000 - 0x00007ffc304b6000 	C:\WINDOWS\SYSTEM32\wintypes.dll
0x00007ffc33ce0000 - 0x00007ffc33dca000 	C:\WINDOWS\System32\SHCORE.dll
0x00007ffc34bd0000 - 0x00007ffc34c2d000 	C:\WINDOWS\System32\shlwapi.dll
0x00007ffc32250000 - 0x00007ffc32271000 	C:\WINDOWS\SYSTEM32\profapi.dll
0x00007ffc26f20000 - 0x00007ffc26f3a000 	D:\PC1\jre\bin\net.dll
0x00007ffc297a0000 - 0x00007ffc298ac000 	C:\WINDOWS\SYSTEM32\WINHTTP.dll
0x00007ffc318c0000 - 0x00007ffc31927000 	C:\WINDOWS\system32\mswsock.dll
0x00007ffc20180000 - 0x00007ffc20194000 	D:\PC1\jre\bin\nio.dll
0x00007ffc1cd60000 - 0x00007ffc1cd87000 	D:\native\8bec1ad78214c89d9ad589b4d07fe93259594b29d510b10fafb7a158f7737e5d\windows-amd64\native-platform.dll
0x00007ffbe1c30000 - 0x00007ffbe1d6d000 	D:\native\53dbd7edfb1c66fb8903c78663c9afc45aea4f116125fa6feffd364cf09443e8\windows-amd64\native-platform-file-events.dll
0x00007ffc2d930000 - 0x00007ffc2d93a000 	D:\PC1\jre\bin\management.dll
0x00007ffc2cfa0000 - 0x00007ffc2cfac000 	D:\PC1\jre\bin\management_ext.dll
0x00007ffc31b90000 - 0x00007ffc31ba8000 	C:\WINDOWS\SYSTEM32\CRYPTSP.dll
0x00007ffc31410000 - 0x00007ffc31445000 	C:\WINDOWS\system32\rsaenh.dll
0x00007ffc319e0000 - 0x00007ffc31a09000 	C:\WINDOWS\SYSTEM32\USERENV.dll
0x00007ffc31d00000 - 0x00007ffc31d27000 	C:\WINDOWS\SYSTEM32\bcrypt.dll
0x00007ffc31b80000 - 0x00007ffc31b8c000 	C:\WINDOWS\SYSTEM32\CRYPTBASE.dll
0x00007ffc30f80000 - 0x00007ffc30fad000 	C:\WINDOWS\SYSTEM32\IPHLPAPI.DLL
0x00007ffc32da0000 - 0x00007ffc32da9000 	C:\WINDOWS\System32\NSI.dll
0x00007ffc29370000 - 0x00007ffc29389000 	C:\WINDOWS\SYSTEM32\dhcpcsvc6.DLL
0x00007ffc29d90000 - 0x00007ffc29dae000 	C:\WINDOWS\SYSTEM32\dhcpcsvc.DLL
0x00007ffc30ff0000 - 0x00007ffc310d7000 	C:\WINDOWS\SYSTEM32\DNSAPI.dll

dbghelp: loaded successfully - version: 4.0.5 - missing functions: none
symbol engine: initialized successfully - sym options: 0x614 - pdb path: .;D:\PC1\jre\bin;C:\WINDOWS\SYSTEM32;C:\Program Files\AVG\Antivirus;C:\WINDOWS\WinSxS\amd64_microsoft.windows.common-controls_6595b64144ccf1df_6.0.22000.120_none_9d947278b86cc467;D:\PC1\jre\bin\server;D:\native\8bec1ad78214c89d9ad589b4d07fe93259594b29d510b10fafb7a158f7737e5d\windows-amd64;D:\native\53dbd7edfb1c66fb8903c78663c9afc45aea4f116125fa6feffd364cf09443e8\windows-amd64

VM Arguments:
jvm_args: --add-opens=java.base/java.util=ALL-UNNAMED --add-opens=java.base/java.lang=ALL-UNNAMED --add-opens=java.base/java.lang.invoke=ALL-UNNAMED --add-opens=java.base/java.util=ALL-UNNAMED --add-opens=java.prefs/java.util.prefs=ALL-UNNAMED --add-opens=java.prefs/java.util.prefs=ALL-UNNAMED --add-opens=java.base/java.nio.charset=ALL-UNNAMED --add-opens=java.base/java.net=ALL-UNNAMED --add-opens=java.base/java.util.concurrent.atomic=ALL-UNNAMED -Xmx2048m -Dfile.encoding=UTF-8 -Duser.country=US -Duser.language=en -Duser.variant 
java_command: org.gradle.launcher.daemon.bootstrap.GradleDaemon 7.0.2
java_class_path (initial): D:\wrapper\dists\gradle-7.0.2-bin\857tjihv64xamwrf0h14cai3r\gradle-7.0.2\lib\gradle-launcher-7.0.2.jar
Launcher Type: SUN_STANDARD

[Global flags]
     intx CICompilerCount                          = 4                                         {product} {ergonomic}
     uint ConcGCThreads                            = 2                                         {product} {ergonomic}
     uint G1ConcRefinementThreads                  = 8                                         {product} {ergonomic}
   size_t G1HeapRegionSize                         = 1048576                                   {product} {ergonomic}
    uintx GCDrainStackTargetSize                   = 64                                        {product} {ergonomic}
   size_t InitialHeapSize                          = 132120576                                 {product} {ergonomic}
   size_t MarkStackSize                            = 4194304                                   {product} {ergonomic}
   size_t MaxHeapSize                              = 2147483648                                {product} {command line}
   size_t MaxNewSize                               = 1287651328                                {product} {ergonomic}
   size_t MinHeapDeltaBytes                        = 1048576                                   {product} {ergonomic}
    uintx NonNMethodCodeHeapSize                   = 5836300                                {pd product} {ergonomic}
    uintx NonProfiledCodeHeapSize                  = 122910970                              {pd product} {ergonomic}
    uintx ProfiledCodeHeapSize                     = 122910970                              {pd product} {ergonomic}
    uintx ReservedCodeCacheSize                    = 251658240                              {pd product} {ergonomic}
     bool SegmentedCodeCache                       = true                                      {product} {ergonomic}
     bool UseCompressedClassPointers               = true                                 {lp64_product} {ergonomic}
     bool UseCompressedOops                        = true                                 {lp64_product} {ergonomic}
     bool UseG1GC                                  = true                                      {product} {ergonomic}
     bool UseLargePagesIndividualAllocation        = false                                  {pd product} {ergonomic}

Logging:
Log output configuration:
 #0: stdout all=warning uptime,level,tags
 #1: stderr all=off uptime,level,tags

Environment Variables:
PATH=C:\Program Files\Common Files\Oracle\Java\javapath;C:\Program Files (x86)\Common Files\Oracle\Java\javapath;C:\WINDOWS\system32;C:\WINDOWS;C:\WINDOWS\System32\Wbem;C:\WINDOWS\System32\WindowsPowerShell\v1.0\;C:\WINDOWS\System32\OpenSSH\;C:\Program Files\Intel\WiFi\bin\;C:\Program Files\Common Files\Intel\WirelessCommon\;C:\Program Files\dotnet\;c:\Program Files (x86)\Microsoft SQL Server\110\Tools\Binn\;c:\Program Files\Microsoft SQL Server\110\Tools\Binn\;c:\Program Files\Microsoft SQL Server\110\DTS\Binn\;C:\Program Files (x86)\Microsoft SQL Server\110\Tools\Binn\ManagementStudio\;C:\Program Files (x86)\Microsoft Visual Studio 10.0\Common7\IDE\PrivateAssemblies\;C:\Program Files (x86)\Microsoft SQL Server\110\DTS\Binn\;C:\Program Files\Microsoft SQL Server\130\Tools\Binn\;C:\Program Files\Microsoft SQL Server\Client SDK\ODBC\170\Tools\Binn\;C:\Users\PC\Downloads eclipse.java.juno-SR2-win32\eclipsejre\bin\javaw.exe;C:\Program Files\nodejs\;C:\Program Files\Git\cmd;C:\Users\PC\AppData\Local\Programs\Python\Python38-32\Scripts\;C:\Users\PC\AppData\Local\Programs\Python\Python38-32\;C:\Users\PC\AppData\Local\Programs\Python\Python38\Scripts\;C:\Users\PC\AppData\Local\Programs\Python\Python38\;C:\Users\PC\AppData\Local\Microsoft\WindowsApps;C:\Users\PC\.dotnet\tools;C:\Users\PC\AppData\Roaming\npm
USERNAME=PC
OS=Windows_NT
PROCESSOR_IDENTIFIER=Intel64 Family 6 Model 142 Stepping 11, GenuineIntel



---------------  S Y S T E M  ---------------

OS: Windows 10 , 64 bit Build 22000 (10.0.22000.318)
OS uptime: 8 days 8:28 hours

CPU:total 8 (initial active 8) (4 cores per cpu, 2 threads per core) family 6 model 142 stepping 11 microcode 0xde, cmov, cx8, fxsr, mmx, sse, sse2, sse3, ssse3, sse4.1, sse4.2, popcnt, avx, avx2, aes, clmul, erms, 3dnowpref, lzcnt, ht, tsc, tscinvbit, bmi1, bmi2, adx, fma

Memory: 4k page, system-wide physical 8043M (391M free)
TotalPageFile size 17059M (AvailPageFile size 22M)
current process WorkingSet (physical memory assigned to process): 639M, peak: 644M
current process commit charge ("private bytes"): 709M, peak: 750M

vm_info: OpenJDK 64-Bit Server VM (11.0.10+0-b96-7249189) for windows-amd64 JRE (11.0.10+0-b96-7249189), built on Mar 31 2021 21:44:00 by "builder" with MS VC++ 14.0 (VS2015)

END.
