#
# There is insufficient memory for the Java Runtime Environment to continue.
# Native memory allocation (mmap) failed to map 55574528 bytes for Failed to commit area from 0x0000000090800000 to 0x0000000093d00000 of length 55574528.
# Possible reasons:
#   The system is out of physical RAM or swap space
#   The process is running with CompressedOops enabled, and the Java Heap may be blocking the growth of the native heap
# Possible solutions:
#   Reduce memory load on the system
#   Increase physical memory or swap space
#   Check if swap backing store is full
#   Decrease Java heap size (-Xmx/-Xms)
#   Decrease number of Java threads
#   Decrease Java thread stack sizes (-Xss)
#   Set larger code cache with -XX:ReservedCodeCacheSize=
#   JVM is running with Unscaled Compressed Oops mode in which the Java heap is
#     placed in the first 4GB address space. The Java Heap base address is the
#     maximum limit for the native heap growth. Please use -XX:HeapBaseMinAddress
#     to set the Java Heap base and to place the Java Heap above 4GB virtual address.
# This output file may be truncated or incomplete.
#
#  Out of Memory Error (./src/hotspot/os/windows/os_windows.cpp:3301), pid=3096, tid=16284
#
# JRE version: OpenJDK Runtime Environment (11.0.10) (build 11.0.10+0-b96-7249189)
# Java VM: OpenJDK 64-Bit Server VM (11.0.10+0-b96-7249189, mixed mode, tiered, compressed oops, g1 gc, windows-amd64)
# No core dump will be written. Minidumps are not enabled by default on client versions of Windows
#

---------------  S U M M A R Y ------------

Command Line: --add-opens=java.base/java.util=ALL-UNNAMED --add-opens=java.base/java.lang=ALL-UNNAMED --add-opens=java.base/java.lang.invoke=ALL-UNNAMED --add-opens=java.base/java.util=ALL-UNNAMED --add-opens=java.prefs/java.util.prefs=ALL-UNNAMED --add-opens=java.prefs/java.util.prefs=ALL-UNNAMED --add-opens=java.base/java.nio.charset=ALL-UNNAMED --add-opens=java.base/java.net=ALL-UNNAMED --add-opens=java.base/java.util.concurrent.atomic=ALL-UNNAMED -Xmx2048m -Dfile.encoding=UTF-8 -Duser.country=US -Duser.language=en -Duser.variant org.gradle.launcher.daemon.bootstrap.GradleDaemon 7.0.2

Host: Intel(R) Core(TM) i5-8265U CPU @ 1.60GHz, 8 cores, 7G,  Windows 10 , 64 bit Build 22000 (10.0.22000.318)
Time: Sun Dec 26 21:57:35 2021 SE Asia Standard Time elapsed time: 25.312255 seconds (0d 0h 0m 25s)

---------------  T H R E A D  ---------------

Current thread (0x0000026072887000):  VMThread "VM Thread" [stack: 0x000000db1e500000,0x000000db1e600000] [id=16284]

Stack: [0x000000db1e500000,0x000000db1e600000]
[error occurred during error reporting (printing stack bounds), id 0xc0000005, EXCEPTION_ACCESS_VIOLATION (0xc0000005) at pc=0x000002605bf00f2d]

Native frames: (J=compiled Java code, j=interpreted, Vv=VM code, C=native code)
V  [jvm.dll+0x5ecfaa]
V  [jvm.dll+0x722bd5]
V  [jvm.dll+0x72412d]
V  [jvm.dll+0x724745]
V  [jvm.dll+0x7246fb]
V  [jvm.dll+0x5ec348]
V  [jvm.dll+0x5ecad8]
C  [ntdll.dll+0xa82ff]
C  [ntdll.dll+0x35a0a]
C  [ntdll.dll+0xa730e]
C  0x000002605bf00f2d

VM_Operation (0x000000db21af8630): G1CollectForAllocation, mode: safepoint, requested by thread 0x0000026078c09000


---------------  P R O C E S S  ---------------

Threads class SMR info:
_java_thread_list=0x0000026073cc4a30, length=64, elements={
0x0000026058415000, 0x0000026072889000, 0x0000026072894000, 0x0000026073224800,
0x0000026073225800, 0x0000026073227000, 0x0000026073233000, 0x00000260728a7000,
0x00000260728ad000, 0x0000026073375800, 0x0000026074bb5800, 0x0000026075bfa800,
0x00000260735da800, 0x000002607390e000, 0x0000026074c8e800, 0x000002607536b800,
0x00000260753ee800, 0x0000026074d62000, 0x0000026075070000, 0x00000260753e6800,
0x00000260753e7000, 0x00000260753e9800, 0x00000260753e9000, 0x0000026076bd1000,
0x00000260753ea800, 0x00000260753e4800, 0x00000260753eb000, 0x00000260753e8000,
0x00000260753e5800, 0x0000026078bfd000, 0x0000026078bfa800, 0x0000026078bff800,
0x0000026078bfd800, 0x0000026078c00000, 0x0000026078c01000, 0x0000026078c01800,
0x0000026078bfc000, 0x0000026078c06000, 0x0000026078c06800, 0x0000026078c08800,
0x0000026078c07800, 0x0000026078c05000, 0x0000026078c02800, 0x0000026078c09000,
0x0000026078c04000, 0x0000026078c03800, 0x0000026076a51000, 0x0000026076a4e800,
0x0000026076a4f800, 0x0000026076a55000, 0x0000026076a54000, 0x0000026076a53800,
0x0000026076a50000, 0x0000026076a5a800, 0x0000026076a5a000, 0x0000026076a5b800,
0x0000026076a56000, 0x0000026076a56800, 0x0000026076a57800, 0x0000026076a58000,
0x0000026076a59000, 0x0000026076a5c800, 0x0000026076a5d000, 0x000002607c80b000
}

Java Threads: ( => current thread )
  0x0000026058415000 JavaThread "main" [_thread_blocked, id=3204, stack(0x000000db1df00000,0x000000db1e000000)]
  0x0000026072889000 JavaThread "Reference Handler" daemon [_thread_blocked, id=17256, stack(0x000000db1e600000,0x000000db1e700000)]
  0x0000026072894000 JavaThread "Finalizer" daemon [_thread_blocked, id=3112, stack(0x000000db1e700000,0x000000db1e800000)]
  0x0000026073224800 JavaThread "Signal Dispatcher" daemon [_thread_blocked, id=19236, stack(0x000000db1e800000,0x000000db1e900000)]
  0x0000026073225800 JavaThread "Attach Listener" daemon [_thread_blocked, id=13776, stack(0x000000db1e900000,0x000000db1ea00000)]
  0x0000026073227000 JavaThread "Service Thread" daemon [_thread_blocked, id=13036, stack(0x000000db1ea00000,0x000000db1eb00000)]
  0x0000026073233000 JavaThread "C2 CompilerThread0" daemon [_thread_blocked, id=22860, stack(0x000000db1eb00000,0x000000db1ec00000)]
  0x00000260728a7000 JavaThread "C1 CompilerThread0" daemon [_thread_blocked, id=13104, stack(0x000000db1ec00000,0x000000db1ed00000)]
  0x00000260728ad000 JavaThread "Sweeper thread" daemon [_thread_blocked, id=3968, stack(0x000000db1ed00000,0x000000db1ee00000)]
  0x0000026073375800 JavaThread "Common-Cleaner" daemon [_thread_blocked, id=1780, stack(0x000000db1ee00000,0x000000db1ef00000)]
  0x0000026074bb5800 JavaThread "Daemon health stats" [_thread_blocked, id=15660, stack(0x000000db1f400000,0x000000db1f500000)]
  0x0000026075bfa800 JavaThread "Incoming local TCP Connector on port 63450" [_thread_in_native, id=15100, stack(0x000000db1f000000,0x000000db1f100000)]
  0x00000260735da800 JavaThread "Daemon periodic checks" [_thread_blocked, id=8848, stack(0x000000db1f100000,0x000000db1f200000)]
  0x000002607390e000 JavaThread "Daemon" [_thread_blocked, id=12088, stack(0x000000db1f500000,0x000000db1f600000)]
  0x0000026074c8e800 JavaThread "Handler for socket connection from /127.0.0.1:63450 to /127.0.0.1:63451" [_thread_in_native, id=6696, stack(0x000000db1f600000,0x000000db1f700000)]
  0x000002607536b800 JavaThread "Cancel handler" [_thread_blocked, id=22732, stack(0x000000db1f700000,0x000000db1f800000)]
  0x00000260753ee800 JavaThread "Daemon worker" [_thread_blocked, id=16780, stack(0x000000db1f800000,0x000000db1f900000)]
  0x0000026074d62000 JavaThread "Asynchronous log dispatcher for DefaultDaemonConnection: socket connection from /127.0.0.1:63450 to /127.0.0.1:63451" [_thread_blocked, id=20768, stack(0x000000db1f900000,0x000000db1fa00000)]
  0x0000026075070000 JavaThread "Stdin handler" [_thread_blocked, id=20484, stack(0x000000db1fa00000,0x000000db1fb00000)]
  0x00000260753e6800 JavaThread "Daemon client event forwarder" [_thread_blocked, id=3704, stack(0x000000db1fb00000,0x000000db1fc00000)]
  0x00000260753e7000 JavaThread "Cache worker for file hash cache (D:\caches\7.0.2\fileHashes)" [_thread_blocked, id=21260, stack(0x000000db20100000,0x000000db20200000)]
  0x00000260753e9800 JavaThread "File lock request listener" [_thread_in_native, id=21556, stack(0x000000db20200000,0x000000db20300000)]
  0x00000260753e9000 JavaThread "Cache worker for journal cache (D:\caches\journal-1)" [_thread_blocked, id=20808, stack(0x000000db20400000,0x000000db20500000)]
  0x0000026076bd1000 JavaThread "C2 CompilerThread1" daemon [_thread_in_native, id=11704, stack(0x000000db20500000,0x000000db20600000)]
  0x00000260753ea800 JavaThread "Cache worker for file hash cache (C:\Users\PC\AndroidStudioProjects\MyApplication5\.gradle\7.0.2\fileHashes)" [_thread_blocked, id=23248, stack(0x000000db20700000,0x000000db20800000)]
  0x00000260753e4800 JavaThread "File watcher server" daemon [_thread_blocked, id=6912, stack(0x000000db20800000,0x000000db20900000)]
  0x00000260753eb000 JavaThread "File watcher consumer" daemon [_thread_blocked, id=13072, stack(0x000000db20900000,0x000000db20a00000)]
  0x00000260753e8000 JavaThread "Cache worker for checksums cache (C:\Users\PC\AndroidStudioProjects\MyApplication5\.gradle\checksums)" [_thread_blocked, id=9980, stack(0x000000db20a00000,0x000000db20b00000)]
  0x00000260753e5800 JavaThread "Cache worker for cache directory md-supplier (D:\caches\7.0.2\md-supplier)" [_thread_blocked, id=13388, stack(0x000000db20b00000,0x000000db20c00000)]
  0x0000026078bfd000 JavaThread "Cache worker for cache directory md-rule (D:\caches\7.0.2\md-rule)" [_thread_blocked, id=17268, stack(0x000000db20c00000,0x000000db20d00000)]
  0x0000026078bfa800 JavaThread "Cache worker for execution history cache (D:\caches\7.0.2\executionHistory)" [_thread_blocked, id=4284, stack(0x000000db20d00000,0x000000db20e00000)]
  0x0000026078bff800 JavaThread "jar transforms" [_thread_blocked, id=2844, stack(0x000000db20e00000,0x000000db20f00000)]
  0x0000026078bfd800 JavaThread "jar transforms Thread 2" [_thread_blocked, id=8244, stack(0x000000db20f00000,0x000000db21000000)]
  0x0000026078c00000 JavaThread "Cache worker for file content cache (D:\caches\7.0.2\fileContent)" [_thread_blocked, id=13208, stack(0x000000db21000000,0x000000db21100000)]
  0x0000026078c01000 JavaThread "Cache worker for dependencies-accessors (C:\Users\PC\AndroidStudioProjects\MyApplication5\.gradle\7.0.2\dependencies-accessors)" [_thread_blocked, id=16604, stack(0x000000db21100000,0x000000db21200000)]
  0x0000026078c01800 JavaThread "jar transforms Thread 3" [_thread_blocked, id=17580, stack(0x000000db21200000,0x000000db21300000)]
  0x0000026078bfc000 JavaThread "Cache worker for Build Output Cleanup Cache (C:\Users\PC\AndroidStudioProjects\MyApplication5\.gradle\buildOutputCleanup)" [_thread_blocked, id=19556, stack(0x000000db21300000,0x000000db21400000)]
  0x0000026078c06000 JavaThread "Build operations" [_thread_blocked, id=3356, stack(0x000000db21400000,0x000000db21500000)]
  0x0000026078c06800 JavaThread "Build operations Thread 2" [_thread_blocked, id=6512, stack(0x000000db21500000,0x000000db21600000)]
  0x0000026078c08800 JavaThread "Build operations Thread 3" [_thread_blocked, id=11052, stack(0x000000db21600000,0x000000db21700000)]
  0x0000026078c07800 JavaThread "Build operations Thread 4" [_thread_blocked, id=19204, stack(0x000000db21700000,0x000000db21800000)]
  0x0000026078c05000 JavaThread "Build operations Thread 5" [_thread_blocked, id=15516, stack(0x000000db21800000,0x000000db21900000)]
  0x0000026078c02800 JavaThread "Build operations Thread 6" [_thread_blocked, id=11396, stack(0x000000db21900000,0x000000db21a00000)]
  0x0000026078c09000 JavaThread "Build operations Thread 7" [_thread_blocked, id=14760, stack(0x000000db21a00000,0x000000db21b00000)]
  0x0000026078c04000 JavaThread "Build operations Thread 8" [_thread_blocked, id=23348, stack(0x000000db21b00000,0x000000db21c00000)]
  0x0000026078c03800 JavaThread "jar transforms Thread 4" [_thread_blocked, id=21420, stack(0x000000db21c00000,0x000000db21d00000)]
  0x0000026076a51000 JavaThread "jar transforms Thread 5" [_thread_blocked, id=20016, stack(0x000000db21d00000,0x000000db21e00000)]
  0x0000026076a4e800 JavaThread "jar transforms Thread 6" [_thread_blocked, id=17444, stack(0x000000db21e00000,0x000000db21f00000)]
  0x0000026076a4f800 JavaThread "jar transforms Thread 7" [_thread_blocked, id=11352, stack(0x000000db21f00000,0x000000db22000000)]
  0x0000026076a55000 JavaThread "jar transforms Thread 8" [_thread_blocked, id=13172, stack(0x000000db22000000,0x000000db22100000)]
  0x0000026076a54000 JavaThread "Memory manager" [_thread_blocked, id=15696, stack(0x000000db22100000,0x000000db22200000)]
  0x0000026076a53800 JavaThread "build event listener" [_thread_blocked, id=20892, stack(0x000000db22200000,0x000000db22300000)]
  0x0000026076a50000 JavaThread "pool-3-thread-1" [_thread_blocked, id=20164, stack(0x000000db22300000,0x000000db22400000)]
  0x0000026076a5a800 JavaThread "build event listener" [_thread_blocked, id=14492, stack(0x000000db22400000,0x000000db22500000)]
  0x0000026076a5a000 JavaThread "Execution worker for ':'" [_thread_blocked, id=16736, stack(0x000000db22500000,0x000000db22600000)]
  0x0000026076a5b800 JavaThread "Execution worker for ':' Thread 2" [_thread_blocked, id=11344, stack(0x000000db22600000,0x000000db22700000)]
  0x0000026076a56000 JavaThread "Execution worker for ':' Thread 3" [_thread_blocked, id=10920, stack(0x000000db22700000,0x000000db22800000)]
  0x0000026076a56800 JavaThread "Execution worker for ':' Thread 4" [_thread_blocked, id=2444, stack(0x000000db22800000,0x000000db22900000)]
  0x0000026076a57800 JavaThread "Execution worker for ':' Thread 5" [_thread_blocked, id=9440, stack(0x000000db22900000,0x000000db22a00000)]
  0x0000026076a58000 JavaThread "Execution worker for ':' Thread 6" [_thread_blocked, id=22420, stack(0x000000db22a00000,0x000000db22b00000)]
  0x0000026076a59000 JavaThread "Execution worker for ':' Thread 7" [_thread_blocked, id=17464, stack(0x000000db22b00000,0x000000db22c00000)]
  0x0000026076a5c800 JavaThread "Cache worker for execution history cache (C:\Users\PC\AndroidStudioProjects\MyApplication5\.gradle\7.0.2\executionHistory)" [_thread_blocked, id=19752, stack(0x000000db22c00000,0x000000db22d00000)]
  0x0000026076a5d000 JavaThread "WorkerExecutor Queue" [_thread_blocked, id=19452, stack(0x000000db22d00000,0x000000db22e00000)]
  0x000002607c80b000 JavaThread "C2 CompilerThread2" daemon [_thread_blocked, id=22800, stack(0x000000db20600000,0x000000db20700000)]

Other Threads:
=>0x0000026072887000 VMThread "VM Thread" [stack: 0x000000db1e500000,0x000000db1e600000] [id=16284]
  0x00000260733c7000 WatcherThread [stack: 0x000000db1ef00000,0x000000db1f000000] [id=4436]
  0x000002605842e000 GCTaskThread "GC Thread#0" [stack: 0x000000db1e000000,0x000000db1e100000] [id=19844]
  0x0000026073f61000 GCTaskThread "GC Thread#1" [stack: 0x000000db1f200000,0x000000db1f300000] [id=22660]
  0x0000026073d5f800 GCTaskThread "GC Thread#2" [stack: 0x000000db1f300000,0x000000db1f400000] [id=12512]
  0x0000026074592800 GCTaskThread "GC Thread#3" [stack: 0x000000db1fc00000,0x000000db1fd00000] [id=14916]
  0x00000260750ef800 GCTaskThread "GC Thread#4" [stack: 0x000000db1fd00000,0x000000db1fe00000] [id=17068]
  0x0000026075727000 GCTaskThread "GC Thread#5" [stack: 0x000000db1fe00000,0x000000db1ff00000] [id=9996]
  0x0000026075530000 GCTaskThread "GC Thread#6" [stack: 0x000000db1ff00000,0x000000db20000000] [id=22792]
  0x0000026075530800 GCTaskThread "GC Thread#7" [stack: 0x000000db20000000,0x000000db20100000] [id=10992]
  0x0000026058462800 ConcurrentGCThread "G1 Main Marker" [stack: 0x000000db1e100000,0x000000db1e200000] [id=14180]
  0x0000026058463800 ConcurrentGCThread "G1 Conc#0" [stack: 0x000000db1e200000,0x000000db1e300000] [id=13848]
  0x0000026075030800 ConcurrentGCThread "G1 Conc#1" [stack: 0x000000db20300000,0x000000db20400000] [id=15108]
  0x00000260726d6800 ConcurrentGCThread "G1 Refine#0" [stack: 0x000000db1e300000,0x000000db1e400000] [id=15548]
  0x0000026001b67800 ConcurrentGCThread "G1 Refine#1" [stack: 0x000000db22e00000,0x000000db22f00000] [id=11020]
  0x00000260726d8000 ConcurrentGCThread "G1 Young RemSet Sampling" [stack: 0x000000db1e400000,0x000000db1e500000] [id=10328]

Threads with active compile tasks:
C2 CompilerThread0  25360 13673       4       com.android.tools.r8.ir.regalloc.a::a (118 bytes)
C2 CompilerThread1  25360 13201 %     4       com.android.tools.r8.ir.regalloc.a::a @ 1542 (1824 bytes)
C2 CompilerThread2  25360 13633       4       com.android.tools.r8.internal.X4::a (1165 bytes)

VM state:at safepoint (normal execution)

VM Mutex/Monitor currently owned by a thread:  ([mutex/lock_event])
[0x0000026058410950] Threads_lock - owner thread: 0x0000026072887000
[0x0000026058411490] Heap_lock - owner thread: 0x0000026078c09000

Heap address: 0x0000000080000000, size: 2048 MB, Compressed Oops mode: 32-bit
Narrow klass base: 0x0000000000000000, Narrow klass shift: 3
Compressed class space size: 1073741824 Address: 0x0000000100000000

Heap:
 garbage-first heap   total 324608K, used 132462K [0x0000000080000000, 0x0000000100000000)
  region size 1024K, 4 young (4096K), 4 survivors (4096K)
 Metaspace       used 99136K, capacity 101655K, committed 101964K, reserved 1136640K
  class space    used 12854K, capacity 13796K, committed 13900K, reserved 1048576K
Heap Regions: E=young(eden), S=young(survivor), O=old, HS=humongous(starts), HC=humongous(continues), CS=collection set, F=free, A=archive, TAMS=top-at-mark-start (previous, next)
|   0|0x0000000080000000, 0x0000000080100000, 0x0000000080100000|100%| O|  |TAMS 0x0000000080100000, 0x0000000080000000| Untracked 
|   1|0x0000000080100000, 0x0000000080200000, 0x0000000080200000|100%| O|  |TAMS 0x0000000080200000, 0x0000000080100000| Untracked 
|   2|0x0000000080200000, 0x0000000080300000, 0x0000000080300000|100%| O|  |TAMS 0x0000000080300000, 0x0000000080200000| Untracked 
|   3|0x0000000080300000, 0x0000000080400000, 0x0000000080400000|100%|HS|  |TAMS 0x0000000080400000, 0x0000000080300000| Complete 
|   4|0x0000000080400000, 0x0000000080500000, 0x0000000080500000|100%|HC|  |TAMS 0x0000000080500000, 0x0000000080400000| Complete 
|   5|0x0000000080500000, 0x0000000080600000, 0x0000000080600000|100%|HC|  |TAMS 0x0000000080600000, 0x0000000080500000| Complete 
|   6|0x0000000080600000, 0x0000000080700000, 0x0000000080700000|100%| O|  |TAMS 0x0000000080700000, 0x0000000080600000| Untracked 
|   7|0x0000000080700000, 0x0000000080800000, 0x0000000080800000|100%| O|  |TAMS 0x0000000080800000, 0x0000000080700000| Untracked 
|   8|0x0000000080800000, 0x0000000080900000, 0x0000000080900000|100%| O|  |TAMS 0x0000000080900000, 0x0000000080800000| Untracked 
|   9|0x0000000080900000, 0x0000000080a00000, 0x0000000080a00000|100%| O|  |TAMS 0x0000000080a00000, 0x0000000080900000| Untracked 
|  10|0x0000000080a00000, 0x0000000080b00000, 0x0000000080b00000|100%| O|  |TAMS 0x0000000080b00000, 0x0000000080a00000| Untracked 
|  11|0x0000000080b00000, 0x0000000080c00000, 0x0000000080c00000|100%| O|  |TAMS 0x0000000080c00000, 0x0000000080b00000| Untracked 
|  12|0x0000000080c00000, 0x0000000080d00000, 0x0000000080d00000|100%| O|  |TAMS 0x0000000080d00000, 0x0000000080c00000| Untracked 
|  13|0x0000000080d00000, 0x0000000080e00000, 0x0000000080e00000|100%| O|  |TAMS 0x0000000080e00000, 0x0000000080d00000| Untracked 
|  14|0x0000000080e00000, 0x0000000080f00000, 0x0000000080f00000|100%| O|  |TAMS 0x0000000080f00000, 0x0000000080e00000| Untracked 
|  15|0x0000000080f00000, 0x0000000081000000, 0x0000000081000000|100%| O|  |TAMS 0x0000000081000000, 0x0000000080f00000| Untracked 
|  16|0x0000000081000000, 0x0000000081100000, 0x0000000081100000|100%| O|  |TAMS 0x0000000081100000, 0x0000000081000000| Untracked 
|  17|0x0000000081100000, 0x0000000081200000, 0x0000000081200000|100%| O|  |TAMS 0x0000000081200000, 0x0000000081100000| Untracked 
|  18|0x0000000081200000, 0x0000000081300000, 0x0000000081300000|100%|HS|  |TAMS 0x0000000081300000, 0x0000000081200000| Complete 
|  19|0x0000000081300000, 0x0000000081400000, 0x0000000081400000|100%| O|  |TAMS 0x0000000081400000, 0x0000000081300000| Untracked 
|  20|0x0000000081400000, 0x0000000081500000, 0x0000000081500000|100%| O|  |TAMS 0x0000000081500000, 0x0000000081400000| Untracked 
|  21|0x0000000081500000, 0x0000000081600000, 0x0000000081600000|100%| O|  |TAMS 0x0000000081600000, 0x0000000081500000| Untracked 
|  22|0x0000000081600000, 0x0000000081700000, 0x0000000081700000|100%| O|  |TAMS 0x0000000081700000, 0x0000000081600000| Untracked 
|  23|0x0000000081700000, 0x0000000081800000, 0x0000000081800000|100%|HS|  |TAMS 0x0000000081800000, 0x0000000081700000| Complete 
|  24|0x0000000081800000, 0x0000000081900000, 0x0000000081900000|100%|HS|  |TAMS 0x0000000081900000, 0x0000000081800000| Complete 
|  25|0x0000000081900000, 0x0000000081a00000, 0x0000000081a00000|100%|HC|  |TAMS 0x0000000081a00000, 0x0000000081900000| Complete 
|  26|0x0000000081a00000, 0x0000000081b00000, 0x0000000081b00000|100%| O|  |TAMS 0x0000000081b00000, 0x0000000081a00000| Untracked 
|  27|0x0000000081b00000, 0x0000000081c00000, 0x0000000081c00000|100%| O|  |TAMS 0x0000000081c00000, 0x0000000081b00000| Untracked 
|  28|0x0000000081c00000, 0x0000000081d00000, 0x0000000081d00000|100%| O|  |TAMS 0x0000000081d00000, 0x0000000081c00000| Untracked 
|  29|0x0000000081d00000, 0x0000000081e00000, 0x0000000081e00000|100%| O|  |TAMS 0x0000000081e00000, 0x0000000081d00000| Untracked 
|  30|0x0000000081e00000, 0x0000000081f00000, 0x0000000081f00000|100%| O|  |TAMS 0x0000000081f00000, 0x0000000081e00000| Untracked 
|  31|0x0000000081f00000, 0x0000000082000000, 0x0000000082000000|100%| O|  |TAMS 0x0000000082000000, 0x0000000081f00000| Untracked 
|  32|0x0000000082000000, 0x0000000082100000, 0x0000000082100000|100%| O|  |TAMS 0x0000000082100000, 0x0000000082000000| Untracked 
|  33|0x0000000082100000, 0x0000000082200000, 0x0000000082200000|100%| O|  |TAMS 0x0000000082200000, 0x0000000082100000| Untracked 
|  34|0x0000000082200000, 0x0000000082300000, 0x0000000082300000|100%| O|  |TAMS 0x0000000082300000, 0x0000000082200000| Untracked 
|  35|0x0000000082300000, 0x0000000082400000, 0x0000000082400000|100%| O|  |TAMS 0x0000000082400000, 0x0000000082300000| Untracked 
|  36|0x0000000082400000, 0x0000000082500000, 0x0000000082500000|100%| O|  |TAMS 0x0000000082500000, 0x0000000082400000| Untracked 
|  37|0x0000000082500000, 0x0000000082600000, 0x0000000082600000|100%| O|  |TAMS 0x0000000082600000, 0x0000000082500000| Untracked 
|  38|0x0000000082600000, 0x0000000082700000, 0x0000000082700000|100%| O|  |TAMS 0x0000000082700000, 0x0000000082600000| Untracked 
|  39|0x0000000082700000, 0x0000000082800000, 0x0000000082800000|100%| O|  |TAMS 0x0000000082800000, 0x0000000082700000| Untracked 
|  40|0x0000000082800000, 0x0000000082900000, 0x0000000082900000|100%| O|  |TAMS 0x0000000082900000, 0x0000000082800000| Untracked 
|  41|0x0000000082900000, 0x0000000082a00000, 0x0000000082a00000|100%| O|  |TAMS 0x0000000082a00000, 0x0000000082900000| Untracked 
|  42|0x0000000082a00000, 0x0000000082b00000, 0x0000000082b00000|100%| O|  |TAMS 0x0000000082b00000, 0x0000000082a00000| Untracked 
|  43|0x0000000082b00000, 0x0000000082c00000, 0x0000000082c00000|100%| O|  |TAMS 0x0000000082c00000, 0x0000000082b00000| Untracked 
|  44|0x0000000082c00000, 0x0000000082d00000, 0x0000000082d00000|100%| O|  |TAMS 0x0000000082d00000, 0x0000000082c00000| Untracked 
|  45|0x0000000082d00000, 0x0000000082e00000, 0x0000000082e00000|100%| O|  |TAMS 0x0000000082e00000, 0x0000000082d00000| Untracked 
|  46|0x0000000082e00000, 0x0000000082f00000, 0x0000000082f00000|100%| O|  |TAMS 0x0000000082f00000, 0x0000000082e00000| Untracked 
|  47|0x0000000082f00000, 0x0000000083000000, 0x0000000083000000|100%| O|  |TAMS 0x0000000083000000, 0x0000000082f00000| Untracked 
|  48|0x0000000083000000, 0x0000000083100000, 0x0000000083100000|100%| O|  |TAMS 0x0000000083100000, 0x0000000083000000| Untracked 
|  49|0x0000000083100000, 0x0000000083200000, 0x0000000083200000|100%| O|  |TAMS 0x0000000083200000, 0x0000000083100000| Untracked 
|  50|0x0000000083200000, 0x0000000083300000, 0x0000000083300000|100%| O|  |TAMS 0x0000000083300000, 0x0000000083200000| Untracked 
|  51|0x0000000083300000, 0x0000000083400000, 0x0000000083400000|100%| O|  |TAMS 0x0000000083400000, 0x0000000083300000| Untracked 
|  52|0x0000000083400000, 0x0000000083500000, 0x0000000083500000|100%| O|  |TAMS 0x0000000083500000, 0x0000000083400000| Untracked 
|  53|0x0000000083500000, 0x0000000083600000, 0x0000000083600000|100%| O|  |TAMS 0x0000000083600000, 0x0000000083500000| Untracked 
|  54|0x0000000083600000, 0x0000000083700000, 0x0000000083700000|100%| O|  |TAMS 0x0000000083700000, 0x0000000083600000| Untracked 
|  55|0x0000000083700000, 0x0000000083800000, 0x0000000083800000|100%| O|  |TAMS 0x0000000083800000, 0x0000000083700000| Untracked 
|  56|0x0000000083800000, 0x0000000083900000, 0x0000000083900000|100%| O|  |TAMS 0x0000000083900000, 0x0000000083800000| Untracked 
|  57|0x0000000083900000, 0x0000000083a00000, 0x0000000083a00000|100%| O|  |TAMS 0x0000000083a00000, 0x0000000083900000| Untracked 
|  58|0x0000000083a00000, 0x0000000083b00000, 0x0000000083b00000|100%| O|  |TAMS 0x0000000083b00000, 0x0000000083a00000| Untracked 
|  59|0x0000000083b00000, 0x0000000083c00000, 0x0000000083c00000|100%| O|  |TAMS 0x0000000083c00000, 0x0000000083b00000| Untracked 
|  60|0x0000000083c00000, 0x0000000083d00000, 0x0000000083d00000|100%| O|  |TAMS 0x0000000083d00000, 0x0000000083c00000| Untracked 
|  61|0x0000000083d00000, 0x0000000083e00000, 0x0000000083e00000|100%| O|  |TAMS 0x0000000083e00000, 0x0000000083d00000| Untracked 
|  62|0x0000000083e00000, 0x0000000083f00000, 0x0000000083f00000|100%| O|  |TAMS 0x0000000083f00000, 0x0000000083e00000| Untracked 
|  63|0x0000000083f00000, 0x0000000084000000, 0x0000000084000000|100%| O|  |TAMS 0x0000000084000000, 0x0000000083f00000| Untracked 
|  64|0x0000000084000000, 0x0000000084100000, 0x0000000084100000|100%| O|  |TAMS 0x0000000084100000, 0x0000000084000000| Untracked 
|  65|0x0000000084100000, 0x0000000084200000, 0x0000000084200000|100%| O|  |TAMS 0x0000000084200000, 0x0000000084100000| Untracked 
|  66|0x0000000084200000, 0x0000000084300000, 0x0000000084300000|100%| O|  |TAMS 0x0000000084300000, 0x0000000084200000| Untracked 
|  67|0x0000000084300000, 0x0000000084400000, 0x0000000084400000|100%| O|  |TAMS 0x0000000084400000, 0x0000000084300000| Untracked 
|  68|0x0000000084400000, 0x0000000084500000, 0x0000000084500000|100%| O|  |TAMS 0x0000000084500000, 0x0000000084400000| Untracked 
|  69|0x0000000084500000, 0x0000000084600000, 0x0000000084600000|100%| O|  |TAMS 0x0000000084600000, 0x0000000084500000| Untracked 
|  70|0x0000000084600000, 0x0000000084700000, 0x0000000084700000|100%| O|  |TAMS 0x0000000084700000, 0x0000000084600000| Untracked 
|  71|0x0000000084700000, 0x0000000084800000, 0x0000000084800000|100%| O|  |TAMS 0x0000000084800000, 0x0000000084700000| Untracked 
|  72|0x0000000084800000, 0x0000000084900000, 0x0000000084900000|100%| O|  |TAMS 0x0000000084900000, 0x0000000084800000| Untracked 
|  73|0x0000000084900000, 0x0000000084a00000, 0x0000000084a00000|100%| O|  |TAMS 0x0000000084a00000, 0x0000000084900000| Untracked 
|  74|0x0000000084a00000, 0x0000000084b00000, 0x0000000084b00000|100%| O|  |TAMS 0x0000000084b00000, 0x0000000084a00000| Untracked 
|  75|0x0000000084b00000, 0x0000000084c00000, 0x0000000084c00000|100%| O|  |TAMS 0x0000000084c00000, 0x0000000084b00000| Untracked 
|  76|0x0000000084c00000, 0x0000000084d00000, 0x0000000084d00000|100%| O|  |TAMS 0x0000000084d00000, 0x0000000084c00000| Untracked 
|  77|0x0000000084d00000, 0x0000000084e00000, 0x0000000084e00000|100%| O|  |TAMS 0x0000000084e00000, 0x0000000084d00000| Untracked 
|  78|0x0000000084e00000, 0x0000000084f00000, 0x0000000084f00000|100%| O|  |TAMS 0x0000000084f00000, 0x0000000084e00000| Untracked 
|  79|0x0000000084f00000, 0x0000000085000000, 0x0000000085000000|100%| O|  |TAMS 0x0000000085000000, 0x0000000084f00000| Untracked 
|  80|0x0000000085000000, 0x0000000085100000, 0x0000000085100000|100%| O|  |TAMS 0x0000000085100000, 0x0000000085000000| Untracked 
|  81|0x0000000085100000, 0x0000000085200000, 0x0000000085200000|100%| O|  |TAMS 0x0000000085200000, 0x0000000085100000| Untracked 
|  82|0x0000000085200000, 0x0000000085300000, 0x0000000085300000|100%| O|  |TAMS 0x0000000085300000, 0x0000000085200000| Untracked 
|  83|0x0000000085300000, 0x0000000085400000, 0x0000000085400000|100%| O|  |TAMS 0x0000000085400000, 0x0000000085300000| Untracked 
|  84|0x0000000085400000, 0x0000000085500000, 0x0000000085500000|100%| O|  |TAMS 0x0000000085500000, 0x0000000085400000| Untracked 
|  85|0x0000000085500000, 0x0000000085600000, 0x0000000085600000|100%| O|  |TAMS 0x0000000085600000, 0x0000000085500000| Untracked 
|  86|0x0000000085600000, 0x0000000085700000, 0x0000000085700000|100%| O|  |TAMS 0x0000000085700000, 0x0000000085600000| Untracked 
|  87|0x0000000085700000, 0x0000000085800000, 0x0000000085800000|100%| O|  |TAMS 0x0000000085800000, 0x0000000085700000| Untracked 
|  88|0x0000000085800000, 0x0000000085900000, 0x0000000085900000|100%| O|  |TAMS 0x0000000085900000, 0x0000000085800000| Untracked 
|  89|0x0000000085900000, 0x0000000085a00000, 0x0000000085a00000|100%| O|  |TAMS 0x0000000085a00000, 0x0000000085900000| Untracked 
|  90|0x0000000085a00000, 0x0000000085b00000, 0x0000000085b00000|100%| O|  |TAMS 0x0000000085b00000, 0x0000000085a00000| Untracked 
|  91|0x0000000085b00000, 0x0000000085c00000, 0x0000000085c00000|100%| O|  |TAMS 0x0000000085c00000, 0x0000000085b00000| Untracked 
|  92|0x0000000085c00000, 0x0000000085d00000, 0x0000000085d00000|100%| O|  |TAMS 0x0000000085d00000, 0x0000000085c00000| Untracked 
|  93|0x0000000085d00000, 0x0000000085e00000, 0x0000000085e00000|100%| O|  |TAMS 0x0000000085e00000, 0x0000000085d00000| Untracked 
|  94|0x0000000085e00000, 0x0000000085f00000, 0x0000000085f00000|100%| O|  |TAMS 0x0000000085f00000, 0x0000000085e00000| Untracked 
|  95|0x0000000085f00000, 0x0000000086000000, 0x0000000086000000|100%| O|  |TAMS 0x0000000086000000, 0x0000000085f00000| Untracked 
|  96|0x0000000086000000, 0x0000000086100000, 0x0000000086100000|100%| O|  |TAMS 0x0000000086100000, 0x0000000086000000| Untracked 
|  97|0x0000000086100000, 0x0000000086200000, 0x0000000086200000|100%| O|  |TAMS 0x0000000086200000, 0x0000000086100000| Untracked 
|  98|0x0000000086200000, 0x0000000086300000, 0x0000000086300000|100%| O|  |TAMS 0x0000000086300000, 0x0000000086200000| Untracked 
|  99|0x0000000086300000, 0x0000000086400000, 0x0000000086400000|100%| O|  |TAMS 0x0000000086400000, 0x0000000086300000| Untracked 
| 100|0x0000000086400000, 0x0000000086500000, 0x0000000086500000|100%| O|  |TAMS 0x0000000086500000, 0x0000000086400000| Untracked 
| 101|0x0000000086500000, 0x0000000086600000, 0x0000000086600000|100%| O|  |TAMS 0x0000000086600000, 0x0000000086500000| Untracked 
| 102|0x0000000086600000, 0x0000000086700000, 0x0000000086700000|100%| O|  |TAMS 0x0000000086700000, 0x0000000086600000| Untracked 
| 103|0x0000000086700000, 0x0000000086800000, 0x0000000086800000|100%| O|  |TAMS 0x0000000086800000, 0x0000000086700000| Untracked 
| 104|0x0000000086800000, 0x0000000086900000, 0x0000000086900000|100%| O|  |TAMS 0x0000000086900000, 0x0000000086800000| Untracked 
| 105|0x0000000086900000, 0x0000000086a00000, 0x0000000086a00000|100%| O|  |TAMS 0x0000000086a00000, 0x0000000086900000| Untracked 
| 106|0x0000000086a00000, 0x0000000086b00000, 0x0000000086b00000|100%| O|  |TAMS 0x0000000086b00000, 0x0000000086a00000| Untracked 
| 107|0x0000000086b00000, 0x0000000086c00000, 0x0000000086c00000|100%| O|  |TAMS 0x0000000086c00000, 0x0000000086b00000| Untracked 
| 108|0x0000000086c00000, 0x0000000086d00000, 0x0000000086d00000|100%| O|  |TAMS 0x0000000086d00000, 0x0000000086c00000| Untracked 
| 109|0x0000000086d00000, 0x0000000086e00000, 0x0000000086e00000|100%| O|  |TAMS 0x0000000086e00000, 0x0000000086d00000| Untracked 
| 110|0x0000000086e00000, 0x0000000086f00000, 0x0000000086f00000|100%| O|  |TAMS 0x0000000086f00000, 0x0000000086e00000| Untracked 
| 111|0x0000000086f00000, 0x0000000087000000, 0x0000000087000000|100%| O|  |TAMS 0x0000000087000000, 0x0000000086f00000| Untracked 
| 112|0x0000000087000000, 0x0000000087100000, 0x0000000087100000|100%| O|  |TAMS 0x0000000087100000, 0x0000000087000000| Untracked 
| 113|0x0000000087100000, 0x0000000087200000, 0x0000000087200000|100%| O|  |TAMS 0x0000000087200000, 0x0000000087100000| Untracked 
| 114|0x0000000087200000, 0x0000000087300000, 0x0000000087300000|100%| O|  |TAMS 0x0000000087300000, 0x0000000087200000| Untracked 
| 115|0x0000000087300000, 0x0000000087400000, 0x0000000087400000|100%| O|  |TAMS 0x0000000087400000, 0x0000000087300000| Untracked 
| 116|0x0000000087400000, 0x0000000087500000, 0x0000000087500000|100%| O|  |TAMS 0x0000000087500000, 0x0000000087400000| Untracked 
| 117|0x0000000087500000, 0x0000000087600000, 0x0000000087600000|100%| O|  |TAMS 0x0000000087600000, 0x0000000087500000| Untracked 
| 118|0x0000000087600000, 0x0000000087700000, 0x0000000087700000|100%| O|  |TAMS 0x0000000087700000, 0x0000000087600000| Untracked 
| 119|0x0000000087700000, 0x0000000087800000, 0x0000000087800000|100%| O|  |TAMS 0x0000000087800000, 0x0000000087700000| Untracked 
| 120|0x0000000087800000, 0x0000000087900000, 0x0000000087900000|100%| O|  |TAMS 0x0000000087900000, 0x0000000087800000| Untracked 
| 121|0x0000000087900000, 0x0000000087a00000, 0x0000000087a00000|100%| O|  |TAMS 0x0000000087a00000, 0x0000000087900000| Untracked 
| 122|0x0000000087a00000, 0x0000000087b00000, 0x0000000087b00000|100%| O|  |TAMS 0x0000000087b00000, 0x0000000087a00000| Untracked 
| 123|0x0000000087b00000, 0x0000000087c00000, 0x0000000087c00000|100%| O|  |TAMS 0x0000000087c00000, 0x0000000087b00000| Untracked 
| 124|0x0000000087c00000, 0x0000000087d00000, 0x0000000087d00000|100%| O|  |TAMS 0x0000000087d00000, 0x0000000087c00000| Untracked 
| 125|0x0000000087d00000, 0x0000000087d61400, 0x0000000087e00000| 37%| O|  |TAMS 0x0000000087d61400, 0x0000000087d00000| Untracked 
| 126|0x0000000087e00000, 0x0000000087e00000, 0x0000000087f00000|  0%| F|  |TAMS 0x0000000087e00000, 0x0000000087e00000| Untracked 
| 127|0x0000000087f00000, 0x0000000087f00000, 0x0000000088000000|  0%| F|  |TAMS 0x0000000087f00000, 0x0000000087f00000| Untracked 
| 128|0x0000000088000000, 0x0000000088000000, 0x0000000088100000|  0%| F|  |TAMS 0x0000000088000000, 0x0000000088000000| Untracked 
| 129|0x0000000088100000, 0x0000000088100000, 0x0000000088200000|  0%| F|  |TAMS 0x0000000088100000, 0x0000000088100000| Untracked 
| 130|0x0000000088200000, 0x0000000088200000, 0x0000000088300000|  0%| F|  |TAMS 0x0000000088200000, 0x0000000088200000| Untracked 
| 131|0x0000000088300000, 0x0000000088300000, 0x0000000088400000|  0%| F|  |TAMS 0x0000000088300000, 0x0000000088300000| Untracked 
| 132|0x0000000088400000, 0x0000000088400000, 0x0000000088500000|  0%| F|  |TAMS 0x0000000088400000, 0x0000000088400000| Untracked 
| 133|0x0000000088500000, 0x0000000088500000, 0x0000000088600000|  0%| F|  |TAMS 0x0000000088500000, 0x0000000088500000| Untracked 
| 134|0x0000000088600000, 0x0000000088600000, 0x0000000088700000|  0%| F|  |TAMS 0x0000000088600000, 0x0000000088600000| Untracked 
| 135|0x0000000088700000, 0x0000000088700000, 0x0000000088800000|  0%| F|  |TAMS 0x0000000088700000, 0x0000000088700000| Untracked 
| 136|0x0000000088800000, 0x0000000088800000, 0x0000000088900000|  0%| F|  |TAMS 0x0000000088800000, 0x0000000088800000| Untracked 
| 137|0x0000000088900000, 0x0000000088900000, 0x0000000088a00000|  0%| F|  |TAMS 0x0000000088900000, 0x0000000088900000| Untracked 
| 138|0x0000000088a00000, 0x0000000088a00000, 0x0000000088b00000|  0%| F|  |TAMS 0x0000000088a00000, 0x0000000088a00000| Untracked 
| 139|0x0000000088b00000, 0x0000000088b00000, 0x0000000088c00000|  0%| F|  |TAMS 0x0000000088b00000, 0x0000000088b00000| Untracked 
| 140|0x0000000088c00000, 0x0000000088c00000, 0x0000000088d00000|  0%| F|  |TAMS 0x0000000088c00000, 0x0000000088c00000| Untracked 
| 141|0x0000000088d00000, 0x0000000088d00000, 0x0000000088e00000|  0%| F|  |TAMS 0x0000000088d00000, 0x0000000088d00000| Untracked 
| 142|0x0000000088e00000, 0x0000000088e00000, 0x0000000088f00000|  0%| F|  |TAMS 0x0000000088e00000, 0x0000000088e00000| Untracked 
| 143|0x0000000088f00000, 0x0000000088f00000, 0x0000000089000000|  0%| F|  |TAMS 0x0000000088f00000, 0x0000000088f00000| Untracked 
| 144|0x0000000089000000, 0x0000000089000000, 0x0000000089100000|  0%| F|  |TAMS 0x0000000089000000, 0x0000000089000000| Untracked 
| 145|0x0000000089100000, 0x0000000089100000, 0x0000000089200000|  0%| F|  |TAMS 0x0000000089100000, 0x0000000089100000| Untracked 
| 146|0x0000000089200000, 0x0000000089200000, 0x0000000089300000|  0%| F|  |TAMS 0x0000000089200000, 0x0000000089200000| Untracked 
| 147|0x0000000089300000, 0x0000000089300000, 0x0000000089400000|  0%| F|  |TAMS 0x0000000089300000, 0x0000000089300000| Untracked 
| 148|0x0000000089400000, 0x0000000089400000, 0x0000000089500000|  0%| F|  |TAMS 0x0000000089400000, 0x0000000089400000| Untracked 
| 149|0x0000000089500000, 0x0000000089500000, 0x0000000089600000|  0%| F|  |TAMS 0x0000000089500000, 0x0000000089500000| Untracked 
| 150|0x0000000089600000, 0x0000000089600000, 0x0000000089700000|  0%| F|  |TAMS 0x0000000089600000, 0x0000000089600000| Untracked 
| 151|0x0000000089700000, 0x0000000089700000, 0x0000000089800000|  0%| F|  |TAMS 0x0000000089700000, 0x0000000089700000| Untracked 
| 152|0x0000000089800000, 0x0000000089800000, 0x0000000089900000|  0%| F|  |TAMS 0x0000000089800000, 0x0000000089800000| Untracked 
| 153|0x0000000089900000, 0x0000000089900000, 0x0000000089a00000|  0%| F|  |TAMS 0x0000000089900000, 0x0000000089900000| Untracked 
| 154|0x0000000089a00000, 0x0000000089a00000, 0x0000000089b00000|  0%| F|  |TAMS 0x0000000089a00000, 0x0000000089a00000| Untracked 
| 155|0x0000000089b00000, 0x0000000089b00000, 0x0000000089c00000|  0%| F|  |TAMS 0x0000000089b00000, 0x0000000089b00000| Untracked 
| 156|0x0000000089c00000, 0x0000000089c00000, 0x0000000089d00000|  0%| F|  |TAMS 0x0000000089c00000, 0x0000000089c00000| Untracked 
| 157|0x0000000089d00000, 0x0000000089d00000, 0x0000000089e00000|  0%| F|  |TAMS 0x0000000089d00000, 0x0000000089d00000| Untracked 
| 158|0x0000000089e00000, 0x0000000089e00000, 0x0000000089f00000|  0%| F|  |TAMS 0x0000000089e00000, 0x0000000089e00000| Untracked 
| 159|0x0000000089f00000, 0x0000000089f00000, 0x000000008a000000|  0%| F|  |TAMS 0x0000000089f00000, 0x0000000089f00000| Untracked 
| 160|0x000000008a000000, 0x000000008a000000, 0x000000008a100000|  0%| F|  |TAMS 0x000000008a000000, 0x000000008a000000| Untracked 
| 161|0x000000008a100000, 0x000000008a100000, 0x000000008a200000|  0%| F|  |TAMS 0x000000008a100000, 0x000000008a100000| Untracked 
| 162|0x000000008a200000, 0x000000008a200000, 0x000000008a300000|  0%| F|  |TAMS 0x000000008a200000, 0x000000008a200000| Untracked 
| 163|0x000000008a300000, 0x000000008a300000, 0x000000008a400000|  0%| F|  |TAMS 0x000000008a300000, 0x000000008a300000| Untracked 
| 164|0x000000008a400000, 0x000000008a400000, 0x000000008a500000|  0%| F|  |TAMS 0x000000008a400000, 0x000000008a400000| Untracked 
| 165|0x000000008a500000, 0x000000008a500000, 0x000000008a600000|  0%| F|  |TAMS 0x000000008a500000, 0x000000008a500000| Untracked 
| 166|0x000000008a600000, 0x000000008a6fa470, 0x000000008a700000| 97%| S|CS|TAMS 0x000000008a600000, 0x000000008a600000| Complete 
| 167|0x000000008a700000, 0x000000008a800000, 0x000000008a800000|100%| S|CS|TAMS 0x000000008a700000, 0x000000008a700000| Complete 
| 168|0x000000008a800000, 0x000000008a800000, 0x000000008a900000|  0%| F|  |TAMS 0x000000008a800000, 0x000000008a800000| Untracked 
| 169|0x000000008a900000, 0x000000008a900000, 0x000000008aa00000|  0%| F|  |TAMS 0x000000008a900000, 0x000000008a900000| Untracked 
| 170|0x000000008aa00000, 0x000000008aa00000, 0x000000008ab00000|  0%| F|  |TAMS 0x000000008aa00000, 0x000000008aa00000| Untracked 
| 171|0x000000008ab00000, 0x000000008ab00000, 0x000000008ac00000|  0%| F|  |TAMS 0x000000008ab00000, 0x000000008ab00000| Untracked 
| 172|0x000000008ac00000, 0x000000008ad00000, 0x000000008ad00000|100%| S|CS|TAMS 0x000000008ac00000, 0x000000008ac00000| Complete 
| 173|0x000000008ad00000, 0x000000008ae00000, 0x000000008ae00000|100%| S|CS|TAMS 0x000000008ad00000, 0x000000008ad00000| Complete 
| 174|0x000000008ae00000, 0x000000008ae00000, 0x000000008af00000|  0%| F|  |TAMS 0x000000008ae00000, 0x000000008ae00000| Untracked 
| 175|0x000000008af00000, 0x000000008af00000, 0x000000008b000000|  0%| F|  |TAMS 0x000000008af00000, 0x000000008af00000| Untracked 
| 176|0x000000008b000000, 0x000000008b000000, 0x000000008b100000|  0%| F|  |TAMS 0x000000008b000000, 0x000000008b000000| Untracked 
| 177|0x000000008b100000, 0x000000008b100000, 0x000000008b200000|  0%| F|  |TAMS 0x000000008b100000, 0x000000008b100000| Untracked 
| 178|0x000000008b200000, 0x000000008b200000, 0x000000008b300000|  0%| F|  |TAMS 0x000000008b200000, 0x000000008b200000| Untracked 
| 179|0x000000008b300000, 0x000000008b300000, 0x000000008b400000|  0%| F|  |TAMS 0x000000008b300000, 0x000000008b300000| Untracked 
| 180|0x000000008b400000, 0x000000008b400000, 0x000000008b500000|  0%| F|  |TAMS 0x000000008b400000, 0x000000008b400000| Untracked 
| 181|0x000000008b500000, 0x000000008b500000, 0x000000008b600000|  0%| F|  |TAMS 0x000000008b500000, 0x000000008b500000| Untracked 
| 182|0x000000008b600000, 0x000000008b600000, 0x000000008b700000|  0%| F|  |TAMS 0x000000008b600000, 0x000000008b600000| Untracked 
| 183|0x000000008b700000, 0x000000008b700000, 0x000000008b800000|  0%| F|  |TAMS 0x000000008b700000, 0x000000008b700000| Untracked 
| 184|0x000000008b800000, 0x000000008b800000, 0x000000008b900000|  0%| F|  |TAMS 0x000000008b800000, 0x000000008b800000| Untracked 
| 185|0x000000008b900000, 0x000000008b900000, 0x000000008ba00000|  0%| F|  |TAMS 0x000000008b900000, 0x000000008b900000| Untracked 
| 186|0x000000008ba00000, 0x000000008ba00000, 0x000000008bb00000|  0%| F|  |TAMS 0x000000008ba00000, 0x000000008ba00000| Untracked 
| 187|0x000000008bb00000, 0x000000008bb00000, 0x000000008bc00000|  0%| F|  |TAMS 0x000000008bb00000, 0x000000008bb00000| Untracked 
| 188|0x000000008bc00000, 0x000000008bc00000, 0x000000008bd00000|  0%| F|  |TAMS 0x000000008bc00000, 0x000000008bc00000| Untracked 
| 189|0x000000008bd00000, 0x000000008bd00000, 0x000000008be00000|  0%| F|  |TAMS 0x000000008bd00000, 0x000000008bd00000| Untracked 
| 190|0x000000008be00000, 0x000000008be00000, 0x000000008bf00000|  0%| F|  |TAMS 0x000000008be00000, 0x000000008be00000| Untracked 
| 191|0x000000008bf00000, 0x000000008bf00000, 0x000000008c000000|  0%| F|  |TAMS 0x000000008bf00000, 0x000000008bf00000| Untracked 
| 192|0x000000008c000000, 0x000000008c000000, 0x000000008c100000|  0%| F|  |TAMS 0x000000008c000000, 0x000000008c000000| Untracked 
| 193|0x000000008c100000, 0x000000008c100000, 0x000000008c200000|  0%| F|  |TAMS 0x000000008c100000, 0x000000008c100000| Untracked 
| 194|0x000000008c200000, 0x000000008c200000, 0x000000008c300000|  0%| F|  |TAMS 0x000000008c200000, 0x000000008c200000| Untracked 
| 195|0x000000008c300000, 0x000000008c300000, 0x000000008c400000|  0%| F|  |TAMS 0x000000008c300000, 0x000000008c300000| Untracked 
| 196|0x000000008c400000, 0x000000008c400000, 0x000000008c500000|  0%| F|  |TAMS 0x000000008c400000, 0x000000008c400000| Untracked 
| 197|0x000000008c500000, 0x000000008c500000, 0x000000008c600000|  0%| F|  |TAMS 0x000000008c500000, 0x000000008c500000| Untracked 
| 198|0x000000008c600000, 0x000000008c600000, 0x000000008c700000|  0%| F|  |TAMS 0x000000008c600000, 0x000000008c600000| Untracked 
| 199|0x000000008c700000, 0x000000008c700000, 0x000000008c800000|  0%| F|  |TAMS 0x000000008c700000, 0x000000008c700000| Untracked 
| 200|0x000000008c800000, 0x000000008c800000, 0x000000008c900000|  0%| F|  |TAMS 0x000000008c800000, 0x000000008c800000| Untracked 
| 201|0x000000008c900000, 0x000000008c900000, 0x000000008ca00000|  0%| F|  |TAMS 0x000000008c900000, 0x000000008c900000| Untracked 
| 202|0x000000008ca00000, 0x000000008ca00000, 0x000000008cb00000|  0%| F|  |TAMS 0x000000008ca00000, 0x000000008ca00000| Untracked 
| 203|0x000000008cb00000, 0x000000008cb00000, 0x000000008cc00000|  0%| F|  |TAMS 0x000000008cb00000, 0x000000008cb00000| Untracked 
| 204|0x000000008cc00000, 0x000000008cc00000, 0x000000008cd00000|  0%| F|  |TAMS 0x000000008cc00000, 0x000000008cc00000| Untracked 
| 205|0x000000008cd00000, 0x000000008cd00000, 0x000000008ce00000|  0%| F|  |TAMS 0x000000008cd00000, 0x000000008cd00000| Untracked 
| 206|0x000000008ce00000, 0x000000008ce00000, 0x000000008cf00000|  0%| F|  |TAMS 0x000000008ce00000, 0x000000008ce00000| Untracked 
| 207|0x000000008cf00000, 0x000000008cf00000, 0x000000008d000000|  0%| F|  |TAMS 0x000000008cf00000, 0x000000008cf00000| Untracked 
| 208|0x000000008d000000, 0x000000008d000000, 0x000000008d100000|  0%| F|  |TAMS 0x000000008d000000, 0x000000008d000000| Untracked 
| 209|0x000000008d100000, 0x000000008d100000, 0x000000008d200000|  0%| F|  |TAMS 0x000000008d100000, 0x000000008d100000| Untracked 
| 210|0x000000008d200000, 0x000000008d200000, 0x000000008d300000|  0%| F|  |TAMS 0x000000008d200000, 0x000000008d200000| Untracked 
| 211|0x000000008d300000, 0x000000008d300000, 0x000000008d400000|  0%| F|  |TAMS 0x000000008d300000, 0x000000008d300000| Untracked 
| 212|0x000000008d400000, 0x000000008d400000, 0x000000008d500000|  0%| F|  |TAMS 0x000000008d400000, 0x000000008d400000| Untracked 
| 213|0x000000008d500000, 0x000000008d500000, 0x000000008d600000|  0%| F|  |TAMS 0x000000008d500000, 0x000000008d500000| Untracked 
| 214|0x000000008d600000, 0x000000008d600000, 0x000000008d700000|  0%| F|  |TAMS 0x000000008d600000, 0x000000008d600000| Untracked 
| 215|0x000000008d700000, 0x000000008d700000, 0x000000008d800000|  0%| F|  |TAMS 0x000000008d700000, 0x000000008d700000| Untracked 
| 216|0x000000008d800000, 0x000000008d800000, 0x000000008d900000|  0%| F|  |TAMS 0x000000008d800000, 0x000000008d800000| Untracked 
| 217|0x000000008d900000, 0x000000008d900000, 0x000000008da00000|  0%| F|  |TAMS 0x000000008d900000, 0x000000008d900000| Untracked 
| 218|0x000000008da00000, 0x000000008da00000, 0x000000008db00000|  0%| F|  |TAMS 0x000000008da00000, 0x000000008da00000| Untracked 
| 219|0x000000008db00000, 0x000000008db00000, 0x000000008dc00000|  0%| F|  |TAMS 0x000000008db00000, 0x000000008db00000| Untracked 
| 220|0x000000008dc00000, 0x000000008dc00000, 0x000000008dd00000|  0%| F|  |TAMS 0x000000008dc00000, 0x000000008dc00000| Untracked 
| 221|0x000000008dd00000, 0x000000008dd00000, 0x000000008de00000|  0%| F|  |TAMS 0x000000008dd00000, 0x000000008dd00000| Untracked 
| 222|0x000000008de00000, 0x000000008de00000, 0x000000008df00000|  0%| F|  |TAMS 0x000000008de00000, 0x000000008de00000| Untracked 
| 223|0x000000008df00000, 0x000000008df00000, 0x000000008e000000|  0%| F|  |TAMS 0x000000008df00000, 0x000000008df00000| Untracked 
| 224|0x000000008e000000, 0x000000008e000000, 0x000000008e100000|  0%| F|  |TAMS 0x000000008e000000, 0x000000008e000000| Untracked 
| 225|0x000000008e100000, 0x000000008e100000, 0x000000008e200000|  0%| F|  |TAMS 0x000000008e100000, 0x000000008e100000| Untracked 
| 226|0x000000008e200000, 0x000000008e200000, 0x000000008e300000|  0%| F|  |TAMS 0x000000008e200000, 0x000000008e200000| Untracked 
| 227|0x000000008e300000, 0x000000008e300000, 0x000000008e400000|  0%| F|  |TAMS 0x000000008e300000, 0x000000008e300000| Untracked 
| 228|0x000000008e400000, 0x000000008e400000, 0x000000008e500000|  0%| F|  |TAMS 0x000000008e400000, 0x000000008e400000| Untracked 
| 229|0x000000008e500000, 0x000000008e500000, 0x000000008e600000|  0%| F|  |TAMS 0x000000008e500000, 0x000000008e500000| Untracked 
| 230|0x000000008e600000, 0x000000008e600000, 0x000000008e700000|  0%| F|  |TAMS 0x000000008e600000, 0x000000008e600000| Untracked 
| 231|0x000000008e700000, 0x000000008e700000, 0x000000008e800000|  0%| F|  |TAMS 0x000000008e700000, 0x000000008e700000| Untracked 
| 232|0x000000008e800000, 0x000000008e800000, 0x000000008e900000|  0%| F|  |TAMS 0x000000008e800000, 0x000000008e800000| Untracked 
| 233|0x000000008e900000, 0x000000008e900000, 0x000000008ea00000|  0%| F|  |TAMS 0x000000008e900000, 0x000000008e900000| Untracked 
| 234|0x000000008ea00000, 0x000000008ea00000, 0x000000008eb00000|  0%| F|  |TAMS 0x000000008ea00000, 0x000000008ea00000| Untracked 
| 235|0x000000008eb00000, 0x000000008eb00000, 0x000000008ec00000|  0%| F|  |TAMS 0x000000008eb00000, 0x000000008eb00000| Untracked 
| 236|0x000000008ec00000, 0x000000008ec00000, 0x000000008ed00000|  0%| F|  |TAMS 0x000000008ec00000, 0x000000008ec00000| Untracked 
| 237|0x000000008ed00000, 0x000000008ed00000, 0x000000008ee00000|  0%| F|  |TAMS 0x000000008ed00000, 0x000000008ed00000| Untracked 
| 238|0x000000008ee00000, 0x000000008ee00000, 0x000000008ef00000|  0%| F|  |TAMS 0x000000008ee00000, 0x000000008ee00000| Untracked 
| 239|0x000000008ef00000, 0x000000008ef00000, 0x000000008f000000|  0%| F|  |TAMS 0x000000008ef00000, 0x000000008ef00000| Untracked 
| 240|0x000000008f000000, 0x000000008f000000, 0x000000008f100000|  0%| F|  |TAMS 0x000000008f000000, 0x000000008f000000| Untracked 
| 241|0x000000008f100000, 0x000000008f100000, 0x000000008f200000|  0%| F|  |TAMS 0x000000008f100000, 0x000000008f100000| Untracked 
| 242|0x000000008f200000, 0x000000008f200000, 0x000000008f300000|  0%| F|  |TAMS 0x000000008f200000, 0x000000008f200000| Untracked 
| 243|0x000000008f300000, 0x000000008f300000, 0x000000008f400000|  0%| F|  |TAMS 0x000000008f300000, 0x000000008f300000| Untracked 
| 244|0x000000008f400000, 0x000000008f400000, 0x000000008f500000|  0%| F|  |TAMS 0x000000008f400000, 0x000000008f400000| Untracked 
| 245|0x000000008f500000, 0x000000008f500000, 0x000000008f600000|  0%| F|  |TAMS 0x000000008f500000, 0x000000008f500000| Untracked 
| 246|0x000000008f600000, 0x000000008f600000, 0x000000008f700000|  0%| F|  |TAMS 0x000000008f600000, 0x000000008f600000| Untracked 
| 247|0x000000008f700000, 0x000000008f700000, 0x000000008f800000|  0%| F|  |TAMS 0x000000008f700000, 0x000000008f700000| Untracked 
| 248|0x000000008f800000, 0x000000008f800000, 0x000000008f900000|  0%| F|  |TAMS 0x000000008f800000, 0x000000008f800000| Untracked 
| 249|0x000000008f900000, 0x000000008f900000, 0x000000008fa00000|  0%| F|  |TAMS 0x000000008f900000, 0x000000008f900000| Untracked 
| 250|0x000000008fa00000, 0x000000008fa00000, 0x000000008fb00000|  0%| F|  |TAMS 0x000000008fa00000, 0x000000008fa00000| Untracked 
| 251|0x000000008fb00000, 0x000000008fb00000, 0x000000008fc00000|  0%| F|  |TAMS 0x000000008fb00000, 0x000000008fb00000| Untracked 
| 252|0x000000008fc00000, 0x000000008fc00000, 0x000000008fd00000|  0%| F|  |TAMS 0x000000008fc00000, 0x000000008fc00000| Untracked 
| 253|0x000000008fd00000, 0x000000008fd00000, 0x000000008fe00000|  0%| F|  |TAMS 0x000000008fd00000, 0x000000008fd00000| Untracked 
| 254|0x000000008fe00000, 0x000000008fe00000, 0x000000008ff00000|  0%| F|  |TAMS 0x000000008fe00000, 0x000000008fe00000| Untracked 
| 255|0x000000008ff00000, 0x000000008ff00000, 0x0000000090000000|  0%| F|  |TAMS 0x000000008ff00000, 0x000000008ff00000| Untracked 
| 256|0x0000000090000000, 0x0000000090000000, 0x0000000090100000|  0%| F|  |TAMS 0x0000000090000000, 0x0000000090000000| Untracked 
| 257|0x0000000090100000, 0x0000000090100000, 0x0000000090200000|  0%| F|  |TAMS 0x0000000090100000, 0x0000000090100000| Untracked 
| 258|0x0000000090200000, 0x0000000090200000, 0x0000000090300000|  0%| F|  |TAMS 0x0000000090200000, 0x0000000090200000| Untracked 
| 259|0x0000000090300000, 0x0000000090300000, 0x0000000090400000|  0%| F|  |TAMS 0x0000000090300000, 0x0000000090300000| Untracked 
| 260|0x0000000090400000, 0x0000000090400000, 0x0000000090500000|  0%| F|  |TAMS 0x0000000090400000, 0x0000000090400000| Untracked 
| 261|0x0000000090500000, 0x0000000090500000, 0x0000000090600000|  0%| F|  |TAMS 0x0000000090500000, 0x0000000090500000| Untracked 
| 262|0x0000000090600000, 0x0000000090600000, 0x0000000090700000|  0%| F|  |TAMS 0x0000000090600000, 0x0000000090600000| Untracked 
| 263|0x0000000090700000, 0x0000000090700000, 0x0000000090800000|  0%| F|  |TAMS 0x0000000090700000, 0x0000000090700000| Untracked 

Card table byte_map: [0x000002606b630000,0x000002606ba30000] _byte_map_base: 0x000002606b230000

Marking Bits (Prev, Next): (CMBitMap*) 0x0000026058458a50, (CMBitMap*) 0x0000026058458a18
 Prev Bits: [0x000002606de30000, 0x000002606fe30000)
 Next Bits: [0x000002606be30000, 0x000002606de30000)

Polling page: 0x0000026056420000

Metaspace:

Usage:
  Non-class:     85.80 MB capacity,    84.26 MB ( 98%) used,     1.24 MB (  1%) free+waste,   306.25 KB ( <1%) overhead. 
      Class:     13.47 MB capacity,    12.55 MB ( 93%) used,   803.78 KB (  6%) free+waste,   137.88 KB ( <1%) overhead. 
       Both:     99.27 MB capacity,    96.81 MB ( 98%) used,     2.03 MB (  2%) free+waste,   444.13 KB ( <1%) overhead. 

Virtual space:
  Non-class space:       86.00 MB reserved,      86.00 MB (100%) committed 
      Class space:        1.00 GB reserved,      13.57 MB (  1%) committed 
             Both:        1.08 GB reserved,      99.57 MB (  9%) committed 

Chunk freelists:
   Non-Class:  13.00 KB
       Class:  0 bytes
        Both:  13.00 KB

MaxMetaspaceSize: 17179869184.00 GB
CompressedClassSpaceSize: 1.00 GB

CodeHeap 'non-profiled nmethods': size=120000Kb used=7739Kb max_used=7739Kb free=112260Kb
 bounds [0x00000260639d0000, 0x0000026064160000, 0x000002606af00000]
CodeHeap 'profiled nmethods': size=120000Kb used=32618Kb max_used=32618Kb free=87381Kb
 bounds [0x000002605c4a0000, 0x000002605e480000, 0x00000260639d0000]
CodeHeap 'non-nmethods': size=5760Kb used=2303Kb max_used=2392Kb free=3456Kb
 bounds [0x000002605bf00000, 0x000002605c170000, 0x000002605c4a0000]
 total_blobs=14100 nmethods=13190 adapters=820
 compilation: enabled
              stopped_count=0, restarted_count=0
 full_count=0

Compilation events (20 events):
Event: 25.164 Thread 0x00000260728a7000 13662       2       com.android.tools.r8.internal.Ni::N (13 bytes)
Event: 25.164 Thread 0x00000260728a7000 nmethod 13662 0x000002605e477690 code [0x000002605e477840, 0x000002605e477958]
Event: 25.166 Thread 0x00000260728a7000 13663       1       com.android.tools.r8.internal.M3::n (2 bytes)
Event: 25.166 Thread 0x00000260728a7000 nmethod 13663 0x0000026064152e10 code [0x0000026064152fc0, 0x0000026064153078]
Event: 25.169 Thread 0x00000260728a7000 13664       2       com.android.tools.r8.internal.j2$$Lambda$1474/0x0000000100c1d840::apply (8 bytes)
Event: 25.169 Thread 0x00000260728a7000 nmethod 13664 0x000002605e477a10 code [0x000002605e477bc0, 0x000002605e477d08]
Event: 25.174 Thread 0x00000260728a7000 13665       2       com.android.tools.r8.internal.R3::a (29 bytes)
Event: 25.175 Thread 0x00000260728a7000 nmethod 13665 0x000002605e477e10 code [0x000002605e478020, 0x000002605e478528]
Event: 25.175 Thread 0x00000260728a7000 13666       2       com.android.tools.r8.internal.R3::a (28 bytes)
Event: 25.177 Thread 0x00000260728a7000 nmethod 13666 0x000002605e478890 code [0x000002605e478b00, 0x000002605e479388]
Event: 25.177 Thread 0x00000260728a7000 13670       2       com.android.tools.r8.code.K0::<init> (109 bytes)
Event: 25.177 Thread 0x00000260728a7000 nmethod 13670 0x000002605e479810 code [0x000002605e4799c0, 0x000002605e479ad8]
Event: 25.177 Thread 0x00000260728a7000 13667       2       com.android.tools.r8.internal.Me::a (59 bytes)
Event: 25.178 Thread 0x00000260728a7000 nmethod 13667 0x000002605e479b90 code [0x000002605e479da0, 0x000002605e47a0a8]
Event: 25.178 Thread 0x00000260728a7000 13671       2       com.android.tools.r8.ir.regalloc.b::q (16 bytes)
Event: 25.178 Thread 0x00000260728a7000 nmethod 13671 0x000002605e47a290 code [0x000002605e47a440, 0x000002605e47a598]
Event: 25.178 Thread 0x00000260728a7000 13668       2       com.android.tools.r8.internal.Q5::<init> (12 bytes)
Event: 25.179 Thread 0x00000260728a7000 nmethod 13668 0x000002605e47a690 code [0x000002605e47a840, 0x000002605e47a9a8]
Event: 25.194 Thread 0x0000026073233000 nmethod 13190 0x0000026064153110 code [0x0000026064153920, 0x000002606415a718]
Event: 25.195 Thread 0x0000026073233000 13673       4       com.android.tools.r8.ir.regalloc.a::a (118 bytes)

GC Heap History (20 events):
Event: 19.500 GC heap after
{Heap after GC invocations=26 (full 0):
 garbage-first heap   total 225280K, used 122718K [0x0000000080000000, 0x0000000100000000)
  region size 1024K, 8 young (8192K), 8 survivors (8192K)
 Metaspace       used 95171K, capacity 97624K, committed 98252K, reserved 1134592K
  class space    used 12459K, capacity 13363K, committed 13516K, reserved 1048576K
}
Event: 19.833 GC heap before
{Heap before GC invocations=26 (full 0):
 garbage-first heap   total 225280K, used 176990K [0x0000000080000000, 0x0000000100000000)
  region size 1024K, 61 young (62464K), 8 survivors (8192K)
 Metaspace       used 95942K, capacity 98350K, committed 98892K, reserved 1134592K
  class space    used 12571K, capacity 13470K, committed 13644K, reserved 1048576K
}
Event: 19.855 GC heap after
{Heap after GC invocations=27 (full 0):
 garbage-first heap   total 225280K, used 128757K [0x0000000080000000, 0x0000000100000000)
  region size 1024K, 6 young (6144K), 6 survivors (6144K)
 Metaspace       used 95942K, capacity 98350K, committed 98892K, reserved 1134592K
  class space    used 12571K, capacity 13470K, committed 13644K, reserved 1048576K
}
Event: 20.439 GC heap before
{Heap before GC invocations=28 (full 0):
 garbage-first heap   total 225280K, used 180981K [0x0000000080000000, 0x0000000100000000)
  region size 1024K, 57 young (58368K), 6 survivors (6144K)
 Metaspace       used 96260K, capacity 98689K, committed 99276K, reserved 1134592K
  class space    used 12587K, capacity 13484K, committed 13772K, reserved 1048576K
}
Event: 20.454 GC heap after
{Heap after GC invocations=29 (full 0):
 garbage-first heap   total 225280K, used 129413K [0x0000000080000000, 0x0000000100000000)
  region size 1024K, 1 young (1024K), 1 survivors (1024K)
 Metaspace       used 96260K, capacity 98689K, committed 99276K, reserved 1134592K
  class space    used 12587K, capacity 13484K, committed 13772K, reserved 1048576K
}
Event: 20.799 GC heap before
{Heap before GC invocations=29 (full 0):
 garbage-first heap   total 225280K, used 183685K [0x0000000080000000, 0x0000000100000000)
  region size 1024K, 54 young (55296K), 1 survivors (1024K)
 Metaspace       used 96522K, capacity 98978K, committed 99532K, reserved 1134592K
  class space    used 12599K, capacity 13495K, committed 13772K, reserved 1048576K
}
Event: 20.808 GC heap after
{Heap after GC invocations=30 (full 0):
 garbage-first heap   total 270336K, used 129459K [0x0000000080000000, 0x0000000100000000)
  region size 1024K, 2 young (2048K), 2 survivors (2048K)
 Metaspace       used 96522K, capacity 98978K, committed 99532K, reserved 1134592K
  class space    used 12599K, capacity 13495K, committed 13772K, reserved 1048576K
}
Event: 21.415 GC heap before
{Heap before GC invocations=31 (full 0):
 garbage-first heap   total 270336K, used 202163K [0x0000000080000000, 0x0000000100000000)
  region size 1024K, 73 young (74752K), 2 survivors (2048K)
 Metaspace       used 97078K, capacity 99499K, committed 100044K, reserved 1136640K
  class space    used 12661K, capacity 13563K, committed 13772K, reserved 1048576K
}
Event: 21.421 GC heap after
{Heap after GC invocations=32 (full 0):
 garbage-first heap   total 270336K, used 129972K [0x0000000080000000, 0x0000000100000000)
  region size 1024K, 2 young (2048K), 2 survivors (2048K)
 Metaspace       used 97078K, capacity 99499K, committed 100044K, reserved 1136640K
  class space    used 12661K, capacity 13563K, committed 13772K, reserved 1048576K
}
Event: 21.787 GC heap before
{Heap before GC invocations=32 (full 0):
 garbage-first heap   total 270336K, used 206772K [0x0000000080000000, 0x0000000100000000)
  region size 1024K, 77 young (78848K), 2 survivors (2048K)
 Metaspace       used 97957K, capacity 100456K, committed 100556K, reserved 1136640K
  class space    used 12788K, capacity 13733K, committed 13772K, reserved 1048576K
}
Event: 21.792 GC heap after
{Heap after GC invocations=33 (full 0):
 garbage-first heap   total 270336K, used 130437K [0x0000000080000000, 0x0000000100000000)
  region size 1024K, 2 young (2048K), 2 survivors (2048K)
 Metaspace       used 97957K, capacity 100456K, committed 100556K, reserved 1136640K
  class space    used 12788K, capacity 13733K, committed 13772K, reserved 1048576K
}
Event: 22.239 GC heap before
{Heap before GC invocations=34 (full 0):
 garbage-first heap   total 270336K, used 214405K [0x0000000080000000, 0x0000000100000000)
  region size 1024K, 84 young (86016K), 2 survivors (2048K)
 Metaspace       used 98325K, capacity 100919K, committed 101196K, reserved 1136640K
  class space    used 12829K, capacity 13779K, committed 13900K, reserved 1048576K
}
Event: 22.247 GC heap after
{Heap after GC invocations=35 (full 0):
 garbage-first heap   total 270336K, used 130393K [0x0000000080000000, 0x0000000100000000)
  region size 1024K, 2 young (2048K), 2 survivors (2048K)
 Metaspace       used 98325K, capacity 100919K, committed 101196K, reserved 1136640K
  class space    used 12829K, capacity 13779K, committed 13900K, reserved 1048576K
}
Event: 22.631 GC heap before
{Heap before GC invocations=35 (full 0):
 garbage-first heap   total 270336K, used 216409K [0x0000000080000000, 0x0000000100000000)
  region size 1024K, 86 young (88064K), 2 survivors (2048K)
 Metaspace       used 98544K, capacity 101121K, committed 101452K, reserved 1136640K
  class space    used 12841K, capacity 13779K, committed 13900K, reserved 1048576K
}
Event: 22.645 GC heap after
{Heap after GC invocations=36 (full 0):
 garbage-first heap   total 270336K, used 132201K [0x0000000080000000, 0x0000000100000000)
  region size 1024K, 4 young (4096K), 4 survivors (4096K)
 Metaspace       used 98544K, capacity 101121K, committed 101452K, reserved 1136640K
  class space    used 12841K, capacity 13779K, committed 13900K, reserved 1048576K
}
Event: 24.293 GC heap before
{Heap before GC invocations=37 (full 0):
 garbage-first heap   total 270336K, used 219241K [0x0000000080000000, 0x0000000100000000)
  region size 1024K, 89 young (91136K), 4 survivors (4096K)
 Metaspace       used 98985K, capacity 101541K, committed 101708K, reserved 1136640K
  class space    used 12843K, capacity 13782K, committed 13900K, reserved 1048576K
}
Event: 24.304 GC heap after
{Heap after GC invocations=38 (full 0):
 garbage-first heap   total 270336K, used 131143K [0x0000000080000000, 0x0000000100000000)
  region size 1024K, 3 young (3072K), 3 survivors (3072K)
 Metaspace       used 98985K, capacity 101541K, committed 101708K, reserved 1136640K
  class space    used 12843K, capacity 13782K, committed 13900K, reserved 1048576K
}
Event: 24.644 GC heap before
{Heap before GC invocations=38 (full 0):
 garbage-first heap   total 270336K, used 222279K [0x0000000080000000, 0x0000000100000000)
  region size 1024K, 92 young (94208K), 3 survivors (3072K)
 Metaspace       used 99025K, capacity 101544K, committed 101708K, reserved 1136640K
  class space    used 12843K, capacity 13782K, committed 13900K, reserved 1048576K
}
Event: 24.656 GC heap after
{Heap after GC invocations=39 (full 0):
 garbage-first heap   total 270336K, used 131667K [0x0000000080000000, 0x0000000100000000)
  region size 1024K, 4 young (4096K), 4 survivors (4096K)
 Metaspace       used 99025K, capacity 101544K, committed 101708K, reserved 1136640K
  class space    used 12843K, capacity 13782K, committed 13900K, reserved 1048576K
}
Event: 25.295 GC heap before
{Heap before GC invocations=40 (full 0):
 garbage-first heap   total 270336K, used 223827K [0x0000000080000000, 0x0000000100000000)
  region size 1024K, 94 young (96256K), 4 survivors (4096K)
 Metaspace       used 99136K, capacity 101655K, committed 101964K, reserved 1136640K
  class space    used 12854K, capacity 13796K, committed 13900K, reserved 1048576K
}

Deoptimization events (20 events):
Event: 24.891 Thread 0x0000026078c02800 DEOPT PACKING pc=0x0000026064103814 sp=0x000000db219f8c80
Event: 24.891 Thread 0x0000026078c02800 DEOPT UNPACKING pc=0x000002605bf278af sp=0x000000db219f8bd0 mode 2
Event: 24.892 Thread 0x0000026078c09000 DEOPT PACKING pc=0x000002605df1f2f2 sp=0x000000db21af8a40
Event: 24.892 Thread 0x0000026078c09000 DEOPT UNPACKING pc=0x000002605bf276ce sp=0x000000db21af8208 mode 0
Event: 25.007 Thread 0x0000026078c02800 Uncommon trap: trap_request=0xffffff4d fr.pc=0x0000026063b5f168 relative=0x0000000000000228
Event: 25.007 Thread 0x0000026078c02800 Uncommon trap: reason=unstable_if action=reinterpret pc=0x0000026063b5f168 method=java.util.HashMap.getNode(ILjava/lang/Object;)Ljava/util/HashMap$Node; @ 84 c2
Event: 25.007 Thread 0x0000026078c02800 DEOPT PACKING pc=0x0000026063b5f168 sp=0x000000db219f8f00
Event: 25.007 Thread 0x0000026078c02800 DEOPT UNPACKING pc=0x000002605bf278af sp=0x000000db219f8e08 mode 2
Event: 25.056 Thread 0x0000026078c02800 Uncommon trap: trap_request=0xfffffff4 fr.pc=0x0000026064148f88 relative=0x0000000000008168
Event: 25.056 Thread 0x0000026078c02800 Uncommon trap: reason=null_check action=make_not_entrant pc=0x0000026064148f88 method=com.android.tools.r8.internal.g9.equals(Ljava/lang/Object;)Z @ 8 c2
Event: 25.056 Thread 0x0000026078c02800 DEOPT PACKING pc=0x0000026064148f88 sp=0x000000db219f9030
Event: 25.056 Thread 0x0000026078c02800 DEOPT UNPACKING pc=0x000002605bf278af sp=0x000000db219f8fe8 mode 2
Event: 25.077 Thread 0x0000026078c08800 DEOPT PACKING pc=0x000002605df1f25f sp=0x000000db216f8d60
Event: 25.077 Thread 0x0000026078c08800 DEOPT UNPACKING pc=0x000002605bf276ce sp=0x000000db216f8520 mode 0
Event: 25.125 Thread 0x0000026078c08800 DEOPT PACKING pc=0x000002605df1f2f2 sp=0x000000db216f9130
Event: 25.125 Thread 0x0000026078c08800 DEOPT UNPACKING pc=0x000002605bf276ce sp=0x000000db216f88f8 mode 0
Event: 25.194 Thread 0x0000026078c02800 Uncommon trap: trap_request=0xfffffff4 fr.pc=0x0000026064159b68 relative=0x0000000000006248
Event: 25.194 Thread 0x0000026078c02800 Uncommon trap: reason=null_check action=make_not_entrant pc=0x0000026064159b68 method=com.android.tools.r8.internal.i2.b(ILcom/android/tools/r8/internal/i2$c;)Lcom/android/tools/r8/internal/QG; @ 60 c2
Event: 25.194 Thread 0x0000026078c02800 DEOPT PACKING pc=0x0000026064159b68 sp=0x000000db219f8bb0
Event: 25.194 Thread 0x0000026078c02800 DEOPT UNPACKING pc=0x000002605bf278af sp=0x000000db219f8be8 mode 2

Classes redefined (0 events):
No events

Internal exceptions (20 events):
Event: 18.966 Thread 0x0000026078c02800 Exception <a 'java/lang/IncompatibleClassChangeError'{0x0000000089a69328}: Found class java.lang.Object, but interface was expected> (0x0000000089a69328) thrown at [./src/hotspot/share/interpreter/linkResolver.cpp, line 839]
Event: 18.987 Thread 0x0000026078c06800 Exception <a 'java/lang/NoSuchMethodError'{0x00000000896dbea0}: 'void java.lang.invoke.DirectMethodHandle$Holder.invokeVirtual(java.lang.Object, java.lang.Object, int, java.lang.Object)'> (0x00000000896dbea0) thrown at [./src/hotspot/share/interpreter/linkResolver.cpp, line 773]
Event: 19.180 Thread 0x0000026078c06800 Exception <a 'java/lang/NoSuchMethodError'{0x000000008cfdb378}: 'int java.lang.invoke.DirectMethodHandle$Holder.invokeSpecial(java.lang.Object, java.lang.Object, java.lang.Object, int, java.lang.Object)'> (0x000000008cfdb378) thrown at [./src/hotspot/share/interpreter/linkResolver.cpp, line 773]
Event: 19.201 Thread 0x0000026078c06800 Exception <a 'java/lang/NoSuchMethodError'{0x000000008c813630}: 'java.lang.Object java.lang.invoke.DirectMethodHandle$Holder.newInvokeSpecial(java.lang.Object, int)'> (0x000000008c813630) thrown at [./src/hotspot/share/interpreter/linkResolver.cpp, line 773]
Event: 19.202 Thread 0x0000026078c06000 Exception <a 'java/lang/NoSuchMethodError'{0x000000008c636208}: 'java.lang.Object java.lang.invoke.DirectMethodHandle$Holder.newInvokeSpecial(java.lang.Object, int)'> (0x000000008c636208) thrown at [./src/hotspot/share/interpreter/linkResolver.cpp, line 773]
Event: 19.294 Thread 0x0000026078c06000 Exception <a 'java/lang/NoSuchMethodError'{0x000000008b7b7350}: 'java.lang.Object java.lang.invoke.DirectMethodHandle$Holder.invokeInterface(java.lang.Object, java.lang.Object, int)'> (0x000000008b7b7350) thrown at [./src/hotspot/share/interpreter/linkResolver.cpp, line 773]
Event: 20.329 Thread 0x0000026078c06800 Exception <a 'java/lang/NoSuchMethodError'{0x000000008b671e48}: 'int java.lang.invoke.DirectMethodHandle$Holder.invokeInterface(java.lang.Object, java.lang.Object, int)'> (0x000000008b671e48) thrown at [./src/hotspot/share/interpreter/linkResolver.cpp, line 773]
Event: 21.277 Thread 0x0000026078c02800 Implicit null exception at 0x0000026064088eb0 to 0x0000026064089cdc
Event: 21.388 Thread 0x0000026078c06800 Exception <a 'java/lang/NoSuchMethodError'{0x000000008c784038}: 'void java.lang.invoke.DirectMethodHandle$Holder.invokeSpecial(java.lang.Object, java.lang.Object, int, java.lang.Object, java.lang.Object, java.lang.Object, java.lang.Object)'> (0x000000008c784038) thrown at [./src/hotspot/share/interpreter/linkResolver.cpp, line 773]
Event: 21.390 Thread 0x0000026078c06800 Exception <a 'java/lang/NoSuchMethodError'{0x000000008c78fc38}: 'java.lang.Object java.lang.invoke.Invokers$Holder.linkToTargetMethod(java.lang.Object, int, java.lang.Object, java.lang.Object, java.lang.Object, java.lang.Object)'> (0x000000008c78fc38) thrown at [./src/hotspot/share/interpreter/linkResolver.cpp, line 773]
Event: 21.390 Thread 0x0000026078c06800 Exception <a 'java/lang/NoSuchMethodError'{0x000000008c7940e8}: 'void java.lang.invoke.DirectMethodHandle$Holder.invokeSpecial(java.lang.Object, java.lang.Object, java.lang.Object, java.lang.Object, java.lang.Object, java.lang.Object, java.lang.Object, java.lang.Object, java.lang.Object)'> (0x000000008c7940e8) thrown at [./src/hotspot/share/interpreter/linkResolver.cpp, line 773]
Event: 21.394 Thread 0x0000026078c06800 Exception <a 'java/lang/NoSuchMethodError'{0x000000008c508038}: 'void java.lang.invoke.DirectMethodHandle$Holder.invokeStatic(java.lang.Object, java.lang.Object, java.lang.Object, java.lang.Object, java.lang.Object, java.lang.Object, java.lang.Object, java.lang.Object)'> (0x000000008c508038) thrown at [./src/hotspot/share/interpreter/linkResolver.cpp, line 773]
Event: 21.518 Thread 0x0000026078c06800 Exception <a 'java/lang/IncompatibleClassChangeError'{0x000000008f436e48}: Found class java.lang.Object, but interface was expected> (0x000000008f436e48) thrown at [./src/hotspot/share/interpreter/linkResolver.cpp, line 839]
Event: 21.675 Thread 0x0000026078c06800 Exception <a 'java/lang/NoSuchMethodError'{0x000000008d7d2d58}: 'void java.lang.invoke.DirectMethodHandle$Holder.invokeVirtual(java.lang.Object, java.lang.Object, int)'> (0x000000008d7d2d58) thrown at [./src/hotspot/share/interpreter/linkResolver.cpp, line 773]
Event: 21.745 Thread 0x0000026078c06800 Exception <a 'sun/nio/fs/WindowsException'{0x000000008cb18130}> (0x000000008cb18130) thrown at [./src/hotspot/share/prims/jni.cpp, line 615]
Event: 22.100 Thread 0x0000026078c06000 Exception <a 'java/lang/NoSuchMethodError'{0x000000008ce7c5e8}: 'java.lang.Object java.lang.invoke.DirectMethodHandle$Holder.invokeSpecial(java.lang.Object, java.lang.Object, java.lang.Object, java.lang.Object, java.lang.Object, java.lang.Object, java.lang.Object, java.lang.Object, java.lang.Object, java.lang.Object, java.lang.Object)'> (0x000000008ce7c5e8) thrown at [./src/hotspot/share/interpreter/linkResolver.cpp, line 773]
Event: 22.101 Thread 0x0000026078c06000 Exception <a 'java/lang/NoSuchMethodError'{0x000000008ce87e98}: 'java.lang.Object java.lang.invoke.Invokers$Holder.linkToTargetMethod(java.lang.Object, java.lang.Object, java.lang.Object, java.lang.Object, java.lang.Object, java.lang.Object, java.lang.Object, java.lang.Object, java.lang.Object, java.lang.Object)'> (0x000000008ce87e98) thrown at [./src/hotspot/share/interpreter/linkResolver.cpp, line 773]
Event: 22.193 Thread 0x0000026078c06000 Exception <a 'java/lang/IncompatibleClassChangeError'{0x000000008beaef60}: Found class java.lang.Object, but interface was expected> (0x000000008beaef60) thrown at [./src/hotspot/share/interpreter/linkResolver.cpp, line 839]
Event: 25.056 Thread 0x0000026078c02800 Implicit null exception at 0x0000026064143a73 to 0x0000026064148f3c
Event: 25.194 Thread 0x0000026078c02800 Implicit null exception at 0x0000026064153a40 to 0x0000026064159b58

Events (20 events):
Event: 25.088 loading class com/android/tools/r8/internal/dj done
Event: 25.088 loading class com/android/tools/r8/internal/iu
Event: 25.088 loading class com/android/tools/r8/internal/iu done
Event: 25.088 loading class com/android/tools/r8/internal/iu
Event: 25.088 loading class com/android/tools/r8/internal/iu done
Event: 25.089 loading class com/android/tools/r8/internal/iu
Event: 25.089 loading class com/android/tools/r8/internal/iu done
Event: 25.089 loading class com/android/tools/r8/internal/iu
Event: 25.089 loading class com/android/tools/r8/internal/iu done
Event: 25.089 loading class com/android/tools/r8/internal/Ne
Event: 25.089 loading class com/android/tools/r8/internal/Ne done
Event: 25.089 loading class com/android/tools/r8/internal/iu
Event: 25.089 loading class com/android/tools/r8/internal/iu done
Event: 25.089 loading class com/android/tools/r8/internal/Ue
Event: 25.089 loading class com/android/tools/r8/internal/Ue done
Event: 25.149 loading class com/android/tools/r8/internal/Sr
Event: 25.149 loading class com/android/tools/r8/internal/Sr done
Event: 25.149 loading class com/android/tools/r8/internal/Sr
Event: 25.149 loading class com/android/tools/r8/internal/Sr done
Event: 25.228 Executing VM operation: G1CollectForAllocation


Dynamic libraries:
0x00007ff6b8950000 - 0x00007ff6b895a000 	D:\PC1\jre\bin\java.exe
0x00007ffc34e40000 - 0x00007ffc35047000 	C:\WINDOWS\SYSTEM32\ntdll.dll
0x00007ffc1bb40000 - 0x00007ffc1bb56000 	C:\Program Files\AVG\Antivirus\aswhook.dll
0x00007ffc34740000 - 0x00007ffc347fd000 	C:\WINDOWS\System32\KERNEL32.DLL
0x00007ffc32320000 - 0x00007ffc32694000 	C:\WINDOWS\System32\KERNELBASE.dll
0x00007ffc32b80000 - 0x00007ffc32c91000 	C:\WINDOWS\System32\ucrtbase.dll
0x00007ffc230c0000 - 0x00007ffc230d9000 	D:\PC1\jre\bin\jli.dll
0x00007ffc230a0000 - 0x00007ffc230b7000 	D:\PC1\jre\bin\VCRUNTIME140.dll
0x00007ffc348c0000 - 0x00007ffc34a6c000 	C:\WINDOWS\System32\USER32.dll
0x00007ffc1e580000 - 0x00007ffc1e825000 	C:\WINDOWS\WinSxS\amd64_microsoft.windows.common-controls_6595b64144ccf1df_6.0.22000.120_none_9d947278b86cc467\COMCTL32.dll
0x00007ffc32ca0000 - 0x00007ffc32cc6000 	C:\WINDOWS\System32\win32u.dll
0x00007ffc33e50000 - 0x00007ffc33ef3000 	C:\WINDOWS\System32\msvcrt.dll
0x00007ffc34ca0000 - 0x00007ffc34cc9000 	C:\WINDOWS\System32\GDI32.dll
0x00007ffc32a60000 - 0x00007ffc32b72000 	C:\WINDOWS\System32\gdi32full.dll
0x00007ffc327d0000 - 0x00007ffc3286d000 	C:\WINDOWS\System32\msvcp_win.dll
0x00007ffc32db0000 - 0x00007ffc32de1000 	C:\WINDOWS\System32\IMM32.DLL
0x00007ffc23000000 - 0x00007ffc2309d000 	D:\PC1\jre\bin\msvcp140.dll
0x00007ffbb17b0000 - 0x00007ffbb227f000 	D:\PC1\jre\bin\server\jvm.dll
0x00007ffc34810000 - 0x00007ffc348bc000 	C:\WINDOWS\System32\ADVAPI32.dll
0x00007ffc32cf0000 - 0x00007ffc32d8d000 	C:\WINDOWS\System32\sechost.dll
0x00007ffc34cd0000 - 0x00007ffc34df1000 	C:\WINDOWS\System32\RPCRT4.dll
0x00007ffc32d90000 - 0x00007ffc32d98000 	C:\WINDOWS\System32\PSAPI.DLL
0x00007ffc25860000 - 0x00007ffc25869000 	C:\WINDOWS\SYSTEM32\WSOCK32.dll
0x00007ffc2a090000 - 0x00007ffc2a0c3000 	C:\WINDOWS\SYSTEM32\WINMM.dll
0x00007ffc29a20000 - 0x00007ffc29a2a000 	C:\WINDOWS\SYSTEM32\VERSION.dll
0x00007ffc34c30000 - 0x00007ffc34c9f000 	C:\WINDOWS\System32\WS2_32.dll
0x00007ffc314b0000 - 0x00007ffc314c8000 	C:\WINDOWS\SYSTEM32\kernel.appcore.dll
0x00007ffc28af0000 - 0x00007ffc28b01000 	D:\PC1\jre\bin\verify.dll
0x00007ffc2ff70000 - 0x00007ffc30191000 	C:\WINDOWS\SYSTEM32\DBGHELP.DLL
0x00007ffc288d0000 - 0x00007ffc28901000 	C:\WINDOWS\SYSTEM32\dbgcore.DLL
0x00007ffc329e0000 - 0x00007ffc32a5f000 	C:\WINDOWS\System32\bcryptPrimitives.dll
0x00007ffc24880000 - 0x00007ffc248a9000 	D:\PC1\jre\bin\java.dll
0x00007ffc2db00000 - 0x00007ffc2db0b000 	D:\PC1\jre\bin\jimage.dll
0x00007ffc27ee0000 - 0x00007ffc27ef8000 	D:\PC1\jre\bin\zip.dll
0x00007ffc33270000 - 0x00007ffc33a1e000 	C:\WINDOWS\System32\SHELL32.dll
0x00007ffc304c0000 - 0x00007ffc30d27000 	C:\WINDOWS\SYSTEM32\windows.storage.dll
0x00007ffc32e80000 - 0x00007ffc331f8000 	C:\WINDOWS\System32\combase.dll
0x00007ffc30350000 - 0x00007ffc304b6000 	C:\WINDOWS\SYSTEM32\wintypes.dll
0x00007ffc33ce0000 - 0x00007ffc33dca000 	C:\WINDOWS\System32\SHCORE.dll
0x00007ffc34bd0000 - 0x00007ffc34c2d000 	C:\WINDOWS\System32\shlwapi.dll
0x00007ffc32250000 - 0x00007ffc32271000 	C:\WINDOWS\SYSTEM32\profapi.dll
0x00007ffc26f20000 - 0x00007ffc26f3a000 	D:\PC1\jre\bin\net.dll
0x00007ffc297a0000 - 0x00007ffc298ac000 	C:\WINDOWS\SYSTEM32\WINHTTP.dll
0x00007ffc318c0000 - 0x00007ffc31927000 	C:\WINDOWS\system32\mswsock.dll
0x00007ffc20180000 - 0x00007ffc20194000 	D:\PC1\jre\bin\nio.dll
0x00007ffc1cd60000 - 0x00007ffc1cd87000 	D:\native\8bec1ad78214c89d9ad589b4d07fe93259594b29d510b10fafb7a158f7737e5d\windows-amd64\native-platform.dll
0x00007ffbe1c30000 - 0x00007ffbe1d6d000 	D:\native\53dbd7edfb1c66fb8903c78663c9afc45aea4f116125fa6feffd364cf09443e8\windows-amd64\native-platform-file-events.dll
0x00007ffc2d930000 - 0x00007ffc2d93a000 	D:\PC1\jre\bin\management.dll
0x00007ffc2cfa0000 - 0x00007ffc2cfac000 	D:\PC1\jre\bin\management_ext.dll
0x00007ffc31b90000 - 0x00007ffc31ba8000 	C:\WINDOWS\SYSTEM32\CRYPTSP.dll
0x00007ffc31410000 - 0x00007ffc31445000 	C:\WINDOWS\system32\rsaenh.dll
0x00007ffc319e0000 - 0x00007ffc31a09000 	C:\WINDOWS\SYSTEM32\USERENV.dll
0x00007ffc31d00000 - 0x00007ffc31d27000 	C:\WINDOWS\SYSTEM32\bcrypt.dll
0x00007ffc31b80000 - 0x00007ffc31b8c000 	C:\WINDOWS\SYSTEM32\CRYPTBASE.dll
0x00007ffc30f80000 - 0x00007ffc30fad000 	C:\WINDOWS\SYSTEM32\IPHLPAPI.DLL
0x00007ffc32da0000 - 0x00007ffc32da9000 	C:\WINDOWS\System32\NSI.dll
0x00007ffc29370000 - 0x00007ffc29389000 	C:\WINDOWS\SYSTEM32\dhcpcsvc6.DLL
0x00007ffc29d90000 - 0x00007ffc29dae000 	C:\WINDOWS\SYSTEM32\dhcpcsvc.DLL
0x00007ffc30ff0000 - 0x00007ffc310d7000 	C:\WINDOWS\SYSTEM32\DNSAPI.dll

dbghelp: loaded successfully - version: 4.0.5 - missing functions: none
symbol engine: initialized successfully - sym options: 0x614 - pdb path: .;D:\PC1\jre\bin;C:\WINDOWS\SYSTEM32;C:\Program Files\AVG\Antivirus;C:\WINDOWS\WinSxS\amd64_microsoft.windows.common-controls_6595b64144ccf1df_6.0.22000.120_none_9d947278b86cc467;D:\PC1\jre\bin\server;D:\native\8bec1ad78214c89d9ad589b4d07fe93259594b29d510b10fafb7a158f7737e5d\windows-amd64;D:\native\53dbd7edfb1c66fb8903c78663c9afc45aea4f116125fa6feffd364cf09443e8\windows-amd64

VM Arguments:
jvm_args: --add-opens=java.base/java.util=ALL-UNNAMED --add-opens=java.base/java.lang=ALL-UNNAMED --add-opens=java.base/java.lang.invoke=ALL-UNNAMED --add-opens=java.base/java.util=ALL-UNNAMED --add-opens=java.prefs/java.util.prefs=ALL-UNNAMED --add-opens=java.prefs/java.util.prefs=ALL-UNNAMED --add-opens=java.base/java.nio.charset=ALL-UNNAMED --add-opens=java.base/java.net=ALL-UNNAMED --add-opens=java.base/java.util.concurrent.atomic=ALL-UNNAMED -Xmx2048m -Dfile.encoding=UTF-8 -Duser.country=US -Duser.language=en -Duser.variant 
java_command: org.gradle.launcher.daemon.bootstrap.GradleDaemon 7.0.2
java_class_path (initial): D:\wrapper\dists\gradle-7.0.2-bin\857tjihv64xamwrf0h14cai3r\gradle-7.0.2\lib\gradle-launcher-7.0.2.jar
Launcher Type: SUN_STANDARD

[Global flags]
     intx CICompilerCount                          = 4                                         {product} {ergonomic}
     uint ConcGCThreads                            = 2                                         {product} {ergonomic}
     uint G1ConcRefinementThreads                  = 8                                         {product} {ergonomic}
   size_t G1HeapRegionSize                         = 1048576                                   {product} {ergonomic}
    uintx GCDrainStackTargetSize                   = 64                                        {product} {ergonomic}
   size_t InitialHeapSize                          = 132120576                                 {product} {ergonomic}
   size_t MarkStackSize                            = 4194304                                   {product} {ergonomic}
   size_t MaxHeapSize                              = 2147483648                                {product} {command line}
   size_t MaxNewSize                               = 1287651328                                {product} {ergonomic}
   size_t MinHeapDeltaBytes                        = 1048576                                   {product} {ergonomic}
    uintx NonNMethodCodeHeapSize                   = 5836300                                {pd product} {ergonomic}
    uintx NonProfiledCodeHeapSize                  = 122910970                              {pd product} {ergonomic}
    uintx ProfiledCodeHeapSize                     = 122910970                              {pd product} {ergonomic}
    uintx ReservedCodeCacheSize                    = 251658240                              {pd product} {ergonomic}
     bool SegmentedCodeCache                       = true                                      {product} {ergonomic}
     bool UseCompressedClassPointers               = true                                 {lp64_product} {ergonomic}
     bool UseCompressedOops                        = true                                 {lp64_product} {ergonomic}
     bool UseG1GC                                  = true                                      {product} {ergonomic}
     bool UseLargePagesIndividualAllocation        = false                                  {pd product} {ergonomic}

Logging:
Log output configuration:
 #0: stdout all=warning uptime,level,tags
 #1: stderr all=off uptime,level,tags

Environment Variables:
PATH=C:\Program Files\Common Files\Oracle\Java\javapath;C:\Program Files (x86)\Common Files\Oracle\Java\javapath;C:\WINDOWS\system32;C:\WINDOWS;C:\WINDOWS\System32\Wbem;C:\WINDOWS\System32\WindowsPowerShell\v1.0\;C:\WINDOWS\System32\OpenSSH\;C:\Program Files\Intel\WiFi\bin\;C:\Program Files\Common Files\Intel\WirelessCommon\;C:\Program Files\dotnet\;c:\Program Files (x86)\Microsoft SQL Server\110\Tools\Binn\;c:\Program Files\Microsoft SQL Server\110\Tools\Binn\;c:\Program Files\Microsoft SQL Server\110\DTS\Binn\;C:\Program Files (x86)\Microsoft SQL Server\110\Tools\Binn\ManagementStudio\;C:\Program Files (x86)\Microsoft Visual Studio 10.0\Common7\IDE\PrivateAssemblies\;C:\Program Files (x86)\Microsoft SQL Server\110\DTS\Binn\;C:\Program Files\Microsoft SQL Server\130\Tools\Binn\;C:\Program Files\Microsoft SQL Server\Client SDK\ODBC\170\Tools\Binn\;C:\Users\PC\Downloads eclipse.java.juno-SR2-win32\eclipsejre\bin\javaw.exe;C:\Program Files\nodejs\;C:\Program Files\Git\cmd;C:\Users\PC\AppData\Local\Programs\Python\Python38-32\Scripts\;C:\Users\PC\AppData\Local\Programs\Python\Python38-32\;C:\Users\PC\AppData\Local\Programs\Python\Python38\Scripts\;C:\Users\PC\AppData\Local\Programs\Python\Python38\;C:\Users\PC\AppData\Local\Microsoft\WindowsApps;C:\Users\PC\.dotnet\tools;C:\Users\PC\AppData\Roaming\npm
USERNAME=PC
OS=Windows_NT
PROCESSOR_IDENTIFIER=Intel64 Family 6 Model 142 Stepping 11, GenuineIntel



---------------  S Y S T E M  ---------------

OS: Windows 10 , 64 bit Build 22000 (10.0.22000.318)
OS uptime: 8 days 8:32 hours

CPU:total 8 (initial active 8) (4 cores per cpu, 2 threads per core) family 6 model 142 stepping 11 microcode 0xde, cmov, cx8, fxsr, mmx, sse, sse2, sse3, ssse3, sse4.1, sse4.2, popcnt, avx, avx2, aes, clmul, erms, 3dnowpref, lzcnt, ht, tsc, tscinvbit, bmi1, bmi2, adx, fma

Memory: 4k page, system-wide physical 8043M (648M free)
TotalPageFile size 17059M (AvailPageFile size 4M)
current process WorkingSet (physical memory assigned to process): 632M, peak: 639M
current process commit charge ("private bytes"): 693M, peak: 746M

vm_info: OpenJDK 64-Bit Server VM (11.0.10+0-b96-7249189) for windows-amd64 JRE (11.0.10+0-b96-7249189), built on Mar 31 2021 21:44:00 by "builder" with MS VC++ 14.0 (VS2015)

END.
