#
# There is insufficient memory for the Java Runtime Environment to continue.
# Native memory allocation (mmap) failed to map 104857600 bytes for Failed to commit area from 0x0000000091000000 to 0x0000000097400000 of length 104857600.
# Possible reasons:
#   The system is out of physical RAM or swap space
#   The process is running with CompressedOops enabled, and the Java Heap may be blocking the growth of the native heap
# Possible solutions:
#   Reduce memory load on the system
#   Increase physical memory or swap space
#   Check if swap backing store is full
#   Decrease Java heap size (-Xmx/-Xms)
#   Decrease number of Java threads
#   Decrease Java thread stack sizes (-Xss)
#   Set larger code cache with -XX:ReservedCodeCacheSize=
#   JVM is running with Unscaled Compressed Oops mode in which the Java heap is
#     placed in the first 4GB address space. The Java Heap base address is the
#     maximum limit for the native heap growth. Please use -XX:HeapBaseMinAddress
#     to set the Java Heap base and to place the Java Heap above 4GB virtual address.
# This output file may be truncated or incomplete.
#
#  Out of Memory Error (./src/hotspot/os/windows/os_windows.cpp:3301), pid=17320, tid=10684
#
# JRE version: OpenJDK Runtime Environment (11.0.10) (build 11.0.10+0-b96-7249189)
# Java VM: OpenJDK 64-Bit Server VM (11.0.10+0-b96-7249189, mixed mode, tiered, compressed oops, g1 gc, windows-amd64)
# No core dump will be written. Minidumps are not enabled by default on client versions of Windows
#

---------------  S U M M A R Y ------------

Command Line: --add-opens=java.base/java.util=ALL-UNNAMED --add-opens=java.base/java.lang=ALL-UNNAMED --add-opens=java.base/java.lang.invoke=ALL-UNNAMED --add-opens=java.base/java.util=ALL-UNNAMED --add-opens=java.prefs/java.util.prefs=ALL-UNNAMED --add-opens=java.prefs/java.util.prefs=ALL-UNNAMED --add-opens=java.base/java.nio.charset=ALL-UNNAMED --add-opens=java.base/java.net=ALL-UNNAMED --add-opens=java.base/java.util.concurrent.atomic=ALL-UNNAMED -Xmx2048m -Dfile.encoding=UTF-8 -Duser.country=US -Duser.language=en -Duser.variant org.gradle.launcher.daemon.bootstrap.GradleDaemon 7.0.2

Host: Intel(R) Core(TM) i5-8265U CPU @ 1.60GHz, 8 cores, 7G,  Windows 10 , 64 bit Build 22000 (10.0.22000.318)
Time: Sun Dec 26 21:52:53 2021 SE Asia Standard Time elapsed time: 22.458065 seconds (0d 0h 0m 22s)

---------------  T H R E A D  ---------------

Current thread (0x000002c47948a800):  VMThread "VM Thread" [stack: 0x000000fcc9f00000,0x000000fcca000000] [id=10684]

Stack: [0x000000fcc9f00000,0x000000fcca000000]
[error occurred during error reporting (printing stack bounds), id 0xc0000005, EXCEPTION_ACCESS_VIOLATION (0xc0000005) at pc=0x000002c400000f2d]

Native frames: (J=compiled Java code, j=interpreted, Vv=VM code, C=native code)
V  [jvm.dll+0x5ecfaa]
V  [jvm.dll+0x722bd5]
V  [jvm.dll+0x72412d]
V  [jvm.dll+0x724745]
V  [jvm.dll+0x7246fb]
V  [jvm.dll+0x5ec348]
V  [jvm.dll+0x5ecad8]
C  [ntdll.dll+0xa82ff]
C  [ntdll.dll+0x35a0a]
C  [ntdll.dll+0xa730e]
C  0x000002c400000f2d

VM_Operation (0x000000fccd1f9730): G1CollectForAllocation, mode: safepoint, requested by thread 0x000002c47f618000


---------------  P R O C E S S  ---------------

Threads class SMR info:
_java_thread_list=0x000002c4105111f0, length=63, elements={
0x000002c46e028000, 0x000002c47948e000, 0x000002c479497000, 0x000002c479e35800,
0x000002c479e36800, 0x000002c479e37800, 0x000002c479e3a800, 0x000002c479e3d800,
0x000002c4794af000, 0x000002c479f85800, 0x000002c47d06f800, 0x000002c47a0bb000,
0x000002c47a21c800, 0x000002c47b864000, 0x000002c47c6f7800, 0x000002c47c932800,
0x000002c47c3ab800, 0x000002c47c3aa800, 0x000002c47bbe9800, 0x000002c47c3a4800,
0x000002c47c3a7000, 0x000002c47c3a1800, 0x000002c47c3a6000, 0x000002c47c3a3000,
0x000002c47c3a5800, 0x000002c47c3a4000, 0x000002c47c3a8000, 0x000002c47c3a2000,
0x000002c47f613000, 0x000002c47f60f000, 0x000002c47f614000, 0x000002c47f60e800,
0x000002c47f615000, 0x000002c47f616800, 0x000002c47f610800, 0x000002c47f617000,
0x000002c47f611800, 0x000002c47f61b800, 0x000002c47f61c000, 0x000002c47f61d000,
0x000002c47f618000, 0x000002c47f619000, 0x000002c47f619800, 0x000002c47f61a800,
0x000002c47d953800, 0x000002c47d954000, 0x000002c47d955000, 0x000002c47d956800,
0x000002c47d952800, 0x000002c47d956000, 0x000002c47d957800, 0x000002c47d951800,
0x000002c47d95a800, 0x000002c47d95b800, 0x000002c47d95c800, 0x000002c47d959000,
0x000002c47d95d000, 0x000002c47d95e000, 0x000002c47d95a000, 0x000002c47d958800,
0x000002c47d95f000, 0x000002c47cefc000, 0x000002c47d95f800
}

Java Threads: ( => current thread )
  0x000002c46e028000 JavaThread "main" [_thread_blocked, id=3336, stack(0x000000fcc9900000,0x000000fcc9a00000)]
  0x000002c47948e000 JavaThread "Reference Handler" daemon [_thread_blocked, id=11704, stack(0x000000fcca000000,0x000000fcca100000)]
  0x000002c479497000 JavaThread "Finalizer" daemon [_thread_blocked, id=12808, stack(0x000000fcca100000,0x000000fcca200000)]
  0x000002c479e35800 JavaThread "Signal Dispatcher" daemon [_thread_blocked, id=23248, stack(0x000000fcca200000,0x000000fcca300000)]
  0x000002c479e36800 JavaThread "Attach Listener" daemon [_thread_blocked, id=6912, stack(0x000000fcca300000,0x000000fcca400000)]
  0x000002c479e37800 JavaThread "Service Thread" daemon [_thread_blocked, id=13072, stack(0x000000fcca400000,0x000000fcca500000)]
  0x000002c479e3a800 JavaThread "C2 CompilerThread0" daemon [_thread_blocked, id=9980, stack(0x000000fcca500000,0x000000fcca600000)]
  0x000002c479e3d800 JavaThread "C1 CompilerThread0" daemon [_thread_blocked, id=13388, stack(0x000000fcca600000,0x000000fcca700000)]
  0x000002c4794af000 JavaThread "Sweeper thread" daemon [_thread_blocked, id=17268, stack(0x000000fcca700000,0x000000fcca800000)]
  0x000002c479f85800 JavaThread "Common-Cleaner" daemon [_thread_blocked, id=4284, stack(0x000000fcca800000,0x000000fcca900000)]
  0x000002c47d06f800 JavaThread "Daemon health stats" [_thread_blocked, id=22244, stack(0x000000fccae00000,0x000000fccaf00000)]
  0x000002c47a0bb000 JavaThread "Incoming local TCP Connector on port 63425" [_thread_in_native, id=7432, stack(0x000000fccaa00000,0x000000fccab00000)]
  0x000002c47a21c800 JavaThread "Daemon periodic checks" [_thread_blocked, id=20476, stack(0x000000fccab00000,0x000000fccac00000)]
  0x000002c47b864000 JavaThread "Daemon" [_thread_blocked, id=5376, stack(0x000000fccaf00000,0x000000fccb000000)]
  0x000002c47c6f7800 JavaThread "Handler for socket connection from /127.0.0.1:63425 to /127.0.0.1:63426" [_thread_in_native, id=9616, stack(0x000000fccb000000,0x000000fccb100000)]
  0x000002c47c932800 JavaThread "Cancel handler" [_thread_blocked, id=12728, stack(0x000000fccb100000,0x000000fccb200000)]
  0x000002c47c3ab800 JavaThread "Daemon worker" [_thread_blocked, id=14928, stack(0x000000fccb200000,0x000000fccb300000)]
  0x000002c47c3aa800 JavaThread "Asynchronous log dispatcher for DefaultDaemonConnection: socket connection from /127.0.0.1:63425 to /127.0.0.1:63426" [_thread_blocked, id=20788, stack(0x000000fccb300000,0x000000fccb400000)]
  0x000002c47bbe9800 JavaThread "Stdin handler" [_thread_blocked, id=16604, stack(0x000000fccb400000,0x000000fccb500000)]
  0x000002c47c3a4800 JavaThread "Daemon client event forwarder" [_thread_blocked, id=23348, stack(0x000000fccb500000,0x000000fccb600000)]
  0x000002c47c3a7000 JavaThread "Cache worker for file hash cache (D:\caches\7.0.2\fileHashes)" [_thread_blocked, id=14360, stack(0x000000fccbb00000,0x000000fccbc00000)]
  0x000002c47c3a1800 JavaThread "File lock request listener" [_thread_in_native, id=15904, stack(0x000000fccbc00000,0x000000fccbd00000)]
  0x000002c47c3a6000 JavaThread "Cache worker for journal cache (D:\caches\journal-1)" [_thread_blocked, id=3984, stack(0x000000fccbf00000,0x000000fccc000000)]
  0x000002c47c3a3000 JavaThread "Cache worker for file hash cache (C:\Users\PC\AndroidStudioProjects\MyApplication5\.gradle\7.0.2\fileHashes)" [_thread_blocked, id=7620, stack(0x000000fccc000000,0x000000fccc100000)]
  0x000002c47c3a5800 JavaThread "File watcher server" daemon [_thread_blocked, id=17008, stack(0x000000fccc100000,0x000000fccc200000)]
  0x000002c47c3a4000 JavaThread "File watcher consumer" daemon [_thread_blocked, id=19024, stack(0x000000fccc200000,0x000000fccc300000)]
  0x000002c47c3a8000 JavaThread "Cache worker for checksums cache (C:\Users\PC\AndroidStudioProjects\MyApplication5\.gradle\checksums)" [_thread_blocked, id=14912, stack(0x000000fccc300000,0x000000fccc400000)]
  0x000002c47c3a2000 JavaThread "Cache worker for cache directory md-supplier (D:\caches\7.0.2\md-supplier)" [_thread_blocked, id=4896, stack(0x000000fccc400000,0x000000fccc500000)]
  0x000002c47f613000 JavaThread "Cache worker for cache directory md-rule (D:\caches\7.0.2\md-rule)" [_thread_blocked, id=3356, stack(0x000000fccc500000,0x000000fccc600000)]
  0x000002c47f60f000 JavaThread "Cache worker for execution history cache (D:\caches\7.0.2\executionHistory)" [_thread_blocked, id=6512, stack(0x000000fccc600000,0x000000fccc700000)]
  0x000002c47f614000 JavaThread "jar transforms" [_thread_blocked, id=11052, stack(0x000000fccc700000,0x000000fccc800000)]
  0x000002c47f60e800 JavaThread "jar transforms Thread 2" [_thread_blocked, id=19204, stack(0x000000fccc800000,0x000000fccc900000)]
  0x000002c47f615000 JavaThread "Cache worker for file content cache (D:\caches\7.0.2\fileContent)" [_thread_blocked, id=15516, stack(0x000000fccc900000,0x000000fccca00000)]
  0x000002c47f616800 JavaThread "Cache worker for dependencies-accessors (C:\Users\PC\AndroidStudioProjects\MyApplication5\.gradle\7.0.2\dependencies-accessors)" [_thread_blocked, id=11396, stack(0x000000fccca00000,0x000000fcccb00000)]
  0x000002c47f610800 JavaThread "jar transforms Thread 3" [_thread_blocked, id=21420, stack(0x000000fcccb00000,0x000000fcccc00000)]
  0x000002c47f617000 JavaThread "Cache worker for Build Output Cleanup Cache (C:\Users\PC\AndroidStudioProjects\MyApplication5\.gradle\buildOutputCleanup)" [_thread_blocked, id=20016, stack(0x000000fcccc00000,0x000000fcccd00000)]
  0x000002c47f611800 JavaThread "Build operations" [_thread_blocked, id=17444, stack(0x000000fcccd00000,0x000000fccce00000)]
  0x000002c47f61b800 JavaThread "Build operations Thread 2" [_thread_blocked, id=11352, stack(0x000000fccce00000,0x000000fcccf00000)]
  0x000002c47f61c000 JavaThread "Build operations Thread 3" [_thread_blocked, id=13172, stack(0x000000fcccf00000,0x000000fccd000000)]
  0x000002c47f61d000 JavaThread "Build operations Thread 4" [_thread_blocked, id=13900, stack(0x000000fccd000000,0x000000fccd100000)]
  0x000002c47f618000 JavaThread "Build operations Thread 5" [_thread_blocked, id=15696, stack(0x000000fccd100000,0x000000fccd200000)]
  0x000002c47f619000 JavaThread "Build operations Thread 6" [_thread_blocked, id=21296, stack(0x000000fccd200000,0x000000fccd300000)]
  0x000002c47f619800 JavaThread "Build operations Thread 7" [_thread_blocked, id=18100, stack(0x000000fccd300000,0x000000fccd400000)]
  0x000002c47f61a800 JavaThread "Build operations Thread 8" [_thread_blocked, id=7848, stack(0x000000fccd400000,0x000000fccd500000)]
  0x000002c47d953800 JavaThread "jar transforms Thread 4" [_thread_blocked, id=14760, stack(0x000000fccd500000,0x000000fccd600000)]
  0x000002c47d954000 JavaThread "jar transforms Thread 5" [_thread_blocked, id=20384, stack(0x000000fccd600000,0x000000fccd700000)]
  0x000002c47d955000 JavaThread "jar transforms Thread 6" [_thread_blocked, id=16920, stack(0x000000fccd700000,0x000000fccd800000)]
  0x000002c47d956800 JavaThread "jar transforms Thread 7" [_thread_blocked, id=17136, stack(0x000000fccd800000,0x000000fccd900000)]
  0x000002c47d952800 JavaThread "jar transforms Thread 8" [_thread_blocked, id=13196, stack(0x000000fccd900000,0x000000fccda00000)]
  0x000002c47d956000 JavaThread "Memory manager" [_thread_blocked, id=17180, stack(0x000000fccda00000,0x000000fccdb00000)]
  0x000002c47d957800 JavaThread "build event listener" [_thread_blocked, id=15340, stack(0x000000fccdb00000,0x000000fccdc00000)]
  0x000002c47d951800 JavaThread "pool-3-thread-1" [_thread_blocked, id=17520, stack(0x000000fccdc00000,0x000000fccdd00000)]
  0x000002c47d95a800 JavaThread "build event listener" [_thread_blocked, id=20892, stack(0x000000fccdd00000,0x000000fccde00000)]
  0x000002c47d95b800 JavaThread "Execution worker for ':'" [_thread_blocked, id=20164, stack(0x000000fccde00000,0x000000fccdf00000)]
  0x000002c47d95c800 JavaThread "Execution worker for ':' Thread 2" [_thread_blocked, id=14492, stack(0x000000fccdf00000,0x000000fcce000000)]
  0x000002c47d959000 JavaThread "Execution worker for ':' Thread 3" [_thread_blocked, id=16736, stack(0x000000fcce000000,0x000000fcce100000)]
  0x000002c47d95d000 JavaThread "Execution worker for ':' Thread 4" [_thread_blocked, id=11344, stack(0x000000fcce100000,0x000000fcce200000)]
  0x000002c47d95e000 JavaThread "Execution worker for ':' Thread 5" [_thread_blocked, id=10920, stack(0x000000fcce200000,0x000000fcce300000)]
  0x000002c47d95a000 JavaThread "Execution worker for ':' Thread 6" [_thread_blocked, id=2444, stack(0x000000fcce300000,0x000000fcce400000)]
  0x000002c47d958800 JavaThread "Execution worker for ':' Thread 7" [_thread_blocked, id=9440, stack(0x000000fcce400000,0x000000fcce500000)]
  0x000002c47d95f000 JavaThread "Cache worker for execution history cache (C:\Users\PC\AndroidStudioProjects\MyApplication5\.gradle\7.0.2\executionHistory)" [_thread_blocked, id=22420, stack(0x000000fcce500000,0x000000fcce600000)]
  0x000002c47cefc000 JavaThread "C2 CompilerThread1" daemon [_thread_in_native, id=19752, stack(0x000000fccbe00000,0x000000fccbf00000)]
  0x000002c47d95f800 JavaThread "WorkerExecutor Queue" [_thread_blocked, id=17464, stack(0x000000fcce600000,0x000000fcce700000)]

Other Threads:
=>0x000002c47948a800 VMThread "VM Thread" [stack: 0x000000fcc9f00000,0x000000fcca000000] [id=10684]
  0x000002c479fa1000 WatcherThread [stack: 0x000000fcca900000,0x000000fccaa00000] [id=7036]
  0x000002c46e03e800 GCTaskThread "GC Thread#0" [stack: 0x000000fcc9a00000,0x000000fcc9b00000] [id=10992]
  0x000002c47a026800 GCTaskThread "GC Thread#1" [stack: 0x000000fccac00000,0x000000fccad00000] [id=8244]
  0x000002c47a027000 GCTaskThread "GC Thread#2" [stack: 0x000000fccad00000,0x000000fccae00000] [id=13208]
  0x000002c47a02d000 GCTaskThread "GC Thread#3" [stack: 0x000000fccb600000,0x000000fccb700000] [id=3436]
  0x000002c47a028800 GCTaskThread "GC Thread#4" [stack: 0x000000fccb700000,0x000000fccb800000] [id=21652]
  0x000002c47a02b800 GCTaskThread "GC Thread#5" [stack: 0x000000fccb800000,0x000000fccb900000] [id=17580]
  0x000002c47a02d800 GCTaskThread "GC Thread#6" [stack: 0x000000fccb900000,0x000000fccba00000] [id=19864]
  0x000002c47a02a800 GCTaskThread "GC Thread#7" [stack: 0x000000fccba00000,0x000000fccbb00000] [id=19556]
  0x000002c46e072000 ConcurrentGCThread "G1 Main Marker" [stack: 0x000000fcc9b00000,0x000000fcc9c00000] [id=21260]
  0x000002c46e073000 ConcurrentGCThread "G1 Conc#0" [stack: 0x000000fcc9c00000,0x000000fcc9d00000] [id=21556]
  0x000002c47a027800 ConcurrentGCThread "G1 Conc#1" [stack: 0x000000fccbd00000,0x000000fccbe00000] [id=15568]
  0x000002c4792d6800 ConcurrentGCThread "G1 Refine#0" [stack: 0x000000fcc9d00000,0x000000fcc9e00000] [id=15108]
  0x000002c41045a800 ConcurrentGCThread "G1 Refine#1" [stack: 0x000000fcce700000,0x000000fcce800000] [id=13424]
  0x000002c4153b1800 ConcurrentGCThread "G1 Refine#2" [stack: 0x000000fcce800000,0x000000fcce900000] [id=3344]
  0x000002c47a185800 ConcurrentGCThread "G1 Refine#3" [stack: 0x000000fcce900000,0x000000fccea00000] [id=17828]
  0x000002c4792d8000 ConcurrentGCThread "G1 Young RemSet Sampling" [stack: 0x000000fcc9e00000,0x000000fcc9f00000] [id=20808]

Threads with active compile tasks:
C2 CompilerThread0  22521 13177       4       com.android.tools.r8.internal.Me::a (3140 bytes)
C1 CompilerThread0  22521 13224       2       com.android.tools.r8.internal.u1::a (525 bytes)
C2 CompilerThread1  22521 12059 %     4       com.android.tools.r8.ir.regalloc.a::a @ 365 (946 bytes)

VM state:at safepoint (normal execution)

VM Mutex/Monitor currently owned by a thread:  ([mutex/lock_event])
[0x000002c46e023bf0] Threads_lock - owner thread: 0x000002c47948a800
[0x000002c46e0232f0] Heap_lock - owner thread: 0x000002c47f618000

Heap address: 0x0000000080000000, size: 2048 MB, Compressed Oops mode: 32-bit
Narrow klass base: 0x0000000000000000, Narrow klass shift: 3
Compressed class space size: 1073741824 Address: 0x0000000100000000

Heap:
 garbage-first heap   total 380928K, used 133600K [0x0000000080000000, 0x0000000100000000)
  region size 1024K, 6 young (6144K), 6 survivors (6144K)
 Metaspace       used 98892K, capacity 101409K, committed 101708K, reserved 1136640K
  class space    used 12822K, capacity 13779K, committed 13900K, reserved 1048576K
Heap Regions: E=young(eden), S=young(survivor), O=old, HS=humongous(starts), HC=humongous(continues), CS=collection set, F=free, A=archive, TAMS=top-at-mark-start (previous, next)
|   0|0x0000000080000000, 0x0000000080100000, 0x0000000080100000|100%| O|  |TAMS 0x0000000080100000, 0x0000000080000000| Untracked 
|   1|0x0000000080100000, 0x0000000080200000, 0x0000000080200000|100%| O|  |TAMS 0x0000000080200000, 0x0000000080100000| Untracked 
|   2|0x0000000080200000, 0x0000000080300000, 0x0000000080300000|100%| O|  |TAMS 0x0000000080300000, 0x0000000080200000| Untracked 
|   3|0x0000000080300000, 0x0000000080400000, 0x0000000080400000|100%|HS|  |TAMS 0x0000000080400000, 0x0000000080300000| Complete 
|   4|0x0000000080400000, 0x0000000080500000, 0x0000000080500000|100%|HC|  |TAMS 0x0000000080500000, 0x0000000080400000| Complete 
|   5|0x0000000080500000, 0x0000000080600000, 0x0000000080600000|100%|HC|  |TAMS 0x0000000080600000, 0x0000000080500000| Complete 
|   6|0x0000000080600000, 0x0000000080700000, 0x0000000080700000|100%| O|  |TAMS 0x0000000080700000, 0x0000000080600000| Untracked 
|   7|0x0000000080700000, 0x0000000080800000, 0x0000000080800000|100%| O|  |TAMS 0x0000000080800000, 0x0000000080700000| Untracked 
|   8|0x0000000080800000, 0x0000000080900000, 0x0000000080900000|100%| O|  |TAMS 0x0000000080900000, 0x0000000080800000| Untracked 
|   9|0x0000000080900000, 0x0000000080a00000, 0x0000000080a00000|100%| O|  |TAMS 0x0000000080a00000, 0x0000000080900000| Untracked 
|  10|0x0000000080a00000, 0x0000000080b00000, 0x0000000080b00000|100%| O|  |TAMS 0x0000000080b00000, 0x0000000080a00000| Untracked 
|  11|0x0000000080b00000, 0x0000000080c00000, 0x0000000080c00000|100%| O|  |TAMS 0x0000000080c00000, 0x0000000080b00000| Untracked 
|  12|0x0000000080c00000, 0x0000000080d00000, 0x0000000080d00000|100%| O|  |TAMS 0x0000000080d00000, 0x0000000080c00000| Untracked 
|  13|0x0000000080d00000, 0x0000000080e00000, 0x0000000080e00000|100%| O|  |TAMS 0x0000000080e00000, 0x0000000080d00000| Untracked 
|  14|0x0000000080e00000, 0x0000000080f00000, 0x0000000080f00000|100%| O|  |TAMS 0x0000000080f00000, 0x0000000080e00000| Untracked 
|  15|0x0000000080f00000, 0x0000000081000000, 0x0000000081000000|100%| O|  |TAMS 0x0000000081000000, 0x0000000080f00000| Untracked 
|  16|0x0000000081000000, 0x0000000081100000, 0x0000000081100000|100%|HS|  |TAMS 0x0000000081100000, 0x0000000081000000| Complete 
|  17|0x0000000081100000, 0x0000000081200000, 0x0000000081200000|100%| O|  |TAMS 0x0000000081200000, 0x0000000081100000| Untracked 
|  18|0x0000000081200000, 0x0000000081300000, 0x0000000081300000|100%| O|  |TAMS 0x0000000081300000, 0x0000000081200000| Untracked 
|  19|0x0000000081300000, 0x0000000081400000, 0x0000000081400000|100%| O|  |TAMS 0x0000000081400000, 0x0000000081300000| Untracked 
|  20|0x0000000081400000, 0x0000000081500000, 0x0000000081500000|100%| O|  |TAMS 0x0000000081500000, 0x0000000081400000| Untracked 
|  21|0x0000000081500000, 0x0000000081600000, 0x0000000081600000|100%| O|  |TAMS 0x0000000081600000, 0x0000000081500000| Untracked 
|  22|0x0000000081600000, 0x0000000081700000, 0x0000000081700000|100%| O|  |TAMS 0x0000000081700000, 0x0000000081600000| Untracked 
|  23|0x0000000081700000, 0x0000000081800000, 0x0000000081800000|100%| O|  |TAMS 0x0000000081800000, 0x0000000081700000| Untracked 
|  24|0x0000000081800000, 0x0000000081900000, 0x0000000081900000|100%| O|  |TAMS 0x0000000081900000, 0x0000000081800000| Untracked 
|  25|0x0000000081900000, 0x0000000081a00000, 0x0000000081a00000|100%| O|  |TAMS 0x0000000081a00000, 0x0000000081900000| Untracked 
|  26|0x0000000081a00000, 0x0000000081b00000, 0x0000000081b00000|100%| O|  |TAMS 0x0000000081b00000, 0x0000000081a00000| Untracked 
|  27|0x0000000081b00000, 0x0000000081c00000, 0x0000000081c00000|100%|HS|  |TAMS 0x0000000081c00000, 0x0000000081b00000| Complete 
|  28|0x0000000081c00000, 0x0000000081d00000, 0x0000000081d00000|100%|HS|  |TAMS 0x0000000081d00000, 0x0000000081c00000| Complete 
|  29|0x0000000081d00000, 0x0000000081e00000, 0x0000000081e00000|100%|HC|  |TAMS 0x0000000081e00000, 0x0000000081d00000| Complete 
|  30|0x0000000081e00000, 0x0000000081f00000, 0x0000000081f00000|100%| O|  |TAMS 0x0000000081f00000, 0x0000000081e00000| Untracked 
|  31|0x0000000081f00000, 0x0000000082000000, 0x0000000082000000|100%| O|  |TAMS 0x0000000082000000, 0x0000000081f00000| Untracked 
|  32|0x0000000082000000, 0x0000000082100000, 0x0000000082100000|100%| O|  |TAMS 0x0000000082100000, 0x0000000082000000| Untracked 
|  33|0x0000000082100000, 0x0000000082200000, 0x0000000082200000|100%| O|  |TAMS 0x0000000082200000, 0x0000000082100000| Untracked 
|  34|0x0000000082200000, 0x0000000082300000, 0x0000000082300000|100%| O|  |TAMS 0x0000000082300000, 0x0000000082200000| Untracked 
|  35|0x0000000082300000, 0x0000000082400000, 0x0000000082400000|100%| O|  |TAMS 0x0000000082400000, 0x0000000082300000| Untracked 
|  36|0x0000000082400000, 0x0000000082500000, 0x0000000082500000|100%| O|  |TAMS 0x0000000082500000, 0x0000000082400000| Untracked 
|  37|0x0000000082500000, 0x0000000082600000, 0x0000000082600000|100%| O|  |TAMS 0x0000000082600000, 0x0000000082500000| Untracked 
|  38|0x0000000082600000, 0x0000000082700000, 0x0000000082700000|100%| O|  |TAMS 0x0000000082700000, 0x0000000082600000| Untracked 
|  39|0x0000000082700000, 0x0000000082800000, 0x0000000082800000|100%| O|  |TAMS 0x0000000082800000, 0x0000000082700000| Untracked 
|  40|0x0000000082800000, 0x0000000082900000, 0x0000000082900000|100%| O|  |TAMS 0x0000000082900000, 0x0000000082800000| Untracked 
|  41|0x0000000082900000, 0x0000000082a00000, 0x0000000082a00000|100%| O|  |TAMS 0x0000000082a00000, 0x0000000082900000| Untracked 
|  42|0x0000000082a00000, 0x0000000082b00000, 0x0000000082b00000|100%| O|  |TAMS 0x0000000082b00000, 0x0000000082a00000| Untracked 
|  43|0x0000000082b00000, 0x0000000082c00000, 0x0000000082c00000|100%| O|  |TAMS 0x0000000082c00000, 0x0000000082b00000| Untracked 
|  44|0x0000000082c00000, 0x0000000082d00000, 0x0000000082d00000|100%| O|  |TAMS 0x0000000082d00000, 0x0000000082c00000| Untracked 
|  45|0x0000000082d00000, 0x0000000082e00000, 0x0000000082e00000|100%| O|  |TAMS 0x0000000082e00000, 0x0000000082d00000| Untracked 
|  46|0x0000000082e00000, 0x0000000082f00000, 0x0000000082f00000|100%| O|  |TAMS 0x0000000082f00000, 0x0000000082e00000| Untracked 
|  47|0x0000000082f00000, 0x0000000083000000, 0x0000000083000000|100%| O|  |TAMS 0x0000000083000000, 0x0000000082f00000| Untracked 
|  48|0x0000000083000000, 0x0000000083100000, 0x0000000083100000|100%| O|  |TAMS 0x0000000083100000, 0x0000000083000000| Untracked 
|  49|0x0000000083100000, 0x0000000083200000, 0x0000000083200000|100%| O|  |TAMS 0x0000000083200000, 0x0000000083100000| Untracked 
|  50|0x0000000083200000, 0x0000000083300000, 0x0000000083300000|100%| O|  |TAMS 0x0000000083300000, 0x0000000083200000| Untracked 
|  51|0x0000000083300000, 0x0000000083400000, 0x0000000083400000|100%| O|  |TAMS 0x0000000083400000, 0x0000000083300000| Untracked 
|  52|0x0000000083400000, 0x0000000083500000, 0x0000000083500000|100%| O|  |TAMS 0x0000000083500000, 0x0000000083400000| Untracked 
|  53|0x0000000083500000, 0x0000000083600000, 0x0000000083600000|100%| O|  |TAMS 0x0000000083600000, 0x0000000083500000| Untracked 
|  54|0x0000000083600000, 0x0000000083700000, 0x0000000083700000|100%| O|  |TAMS 0x0000000083700000, 0x0000000083600000| Untracked 
|  55|0x0000000083700000, 0x0000000083800000, 0x0000000083800000|100%| O|  |TAMS 0x0000000083800000, 0x0000000083700000| Untracked 
|  56|0x0000000083800000, 0x0000000083900000, 0x0000000083900000|100%| O|  |TAMS 0x0000000083900000, 0x0000000083800000| Untracked 
|  57|0x0000000083900000, 0x0000000083a00000, 0x0000000083a00000|100%| O|  |TAMS 0x0000000083a00000, 0x0000000083900000| Untracked 
|  58|0x0000000083a00000, 0x0000000083b00000, 0x0000000083b00000|100%| O|  |TAMS 0x0000000083b00000, 0x0000000083a00000| Untracked 
|  59|0x0000000083b00000, 0x0000000083c00000, 0x0000000083c00000|100%| O|  |TAMS 0x0000000083c00000, 0x0000000083b00000| Untracked 
|  60|0x0000000083c00000, 0x0000000083d00000, 0x0000000083d00000|100%| O|  |TAMS 0x0000000083d00000, 0x0000000083c00000| Untracked 
|  61|0x0000000083d00000, 0x0000000083e00000, 0x0000000083e00000|100%| O|  |TAMS 0x0000000083e00000, 0x0000000083d00000| Untracked 
|  62|0x0000000083e00000, 0x0000000083f00000, 0x0000000083f00000|100%| O|  |TAMS 0x0000000083f00000, 0x0000000083e00000| Untracked 
|  63|0x0000000083f00000, 0x0000000084000000, 0x0000000084000000|100%| O|  |TAMS 0x0000000084000000, 0x0000000083f00000| Untracked 
|  64|0x0000000084000000, 0x0000000084100000, 0x0000000084100000|100%| O|  |TAMS 0x0000000084100000, 0x0000000084000000| Untracked 
|  65|0x0000000084100000, 0x0000000084200000, 0x0000000084200000|100%| O|  |TAMS 0x0000000084200000, 0x0000000084100000| Untracked 
|  66|0x0000000084200000, 0x0000000084300000, 0x0000000084300000|100%| O|  |TAMS 0x0000000084300000, 0x0000000084200000| Untracked 
|  67|0x0000000084300000, 0x0000000084400000, 0x0000000084400000|100%| O|  |TAMS 0x0000000084400000, 0x0000000084300000| Untracked 
|  68|0x0000000084400000, 0x0000000084500000, 0x0000000084500000|100%| O|  |TAMS 0x0000000084500000, 0x0000000084400000| Untracked 
|  69|0x0000000084500000, 0x0000000084600000, 0x0000000084600000|100%| O|  |TAMS 0x0000000084600000, 0x0000000084500000| Untracked 
|  70|0x0000000084600000, 0x0000000084700000, 0x0000000084700000|100%| O|  |TAMS 0x0000000084700000, 0x0000000084600000| Untracked 
|  71|0x0000000084700000, 0x0000000084800000, 0x0000000084800000|100%| O|  |TAMS 0x0000000084800000, 0x0000000084700000| Untracked 
|  72|0x0000000084800000, 0x0000000084900000, 0x0000000084900000|100%| O|  |TAMS 0x0000000084900000, 0x0000000084800000| Untracked 
|  73|0x0000000084900000, 0x0000000084a00000, 0x0000000084a00000|100%| O|  |TAMS 0x0000000084a00000, 0x0000000084900000| Untracked 
|  74|0x0000000084a00000, 0x0000000084b00000, 0x0000000084b00000|100%| O|  |TAMS 0x0000000084b00000, 0x0000000084a00000| Untracked 
|  75|0x0000000084b00000, 0x0000000084c00000, 0x0000000084c00000|100%| O|  |TAMS 0x0000000084c00000, 0x0000000084b00000| Untracked 
|  76|0x0000000084c00000, 0x0000000084d00000, 0x0000000084d00000|100%| O|  |TAMS 0x0000000084d00000, 0x0000000084c00000| Untracked 
|  77|0x0000000084d00000, 0x0000000084e00000, 0x0000000084e00000|100%| O|  |TAMS 0x0000000084e00000, 0x0000000084d00000| Untracked 
|  78|0x0000000084e00000, 0x0000000084f00000, 0x0000000084f00000|100%| O|  |TAMS 0x0000000084f00000, 0x0000000084e00000| Untracked 
|  79|0x0000000084f00000, 0x0000000085000000, 0x0000000085000000|100%| O|  |TAMS 0x0000000085000000, 0x0000000084f00000| Untracked 
|  80|0x0000000085000000, 0x0000000085100000, 0x0000000085100000|100%| O|  |TAMS 0x0000000085100000, 0x0000000085000000| Untracked 
|  81|0x0000000085100000, 0x0000000085200000, 0x0000000085200000|100%| O|  |TAMS 0x0000000085200000, 0x0000000085100000| Untracked 
|  82|0x0000000085200000, 0x0000000085300000, 0x0000000085300000|100%| O|  |TAMS 0x0000000085300000, 0x0000000085200000| Untracked 
|  83|0x0000000085300000, 0x0000000085400000, 0x0000000085400000|100%| O|  |TAMS 0x0000000085400000, 0x0000000085300000| Untracked 
|  84|0x0000000085400000, 0x0000000085500000, 0x0000000085500000|100%| O|  |TAMS 0x0000000085500000, 0x0000000085400000| Untracked 
|  85|0x0000000085500000, 0x0000000085600000, 0x0000000085600000|100%| O|  |TAMS 0x0000000085600000, 0x0000000085500000| Untracked 
|  86|0x0000000085600000, 0x0000000085700000, 0x0000000085700000|100%| O|  |TAMS 0x0000000085700000, 0x0000000085600000| Untracked 
|  87|0x0000000085700000, 0x0000000085800000, 0x0000000085800000|100%| O|  |TAMS 0x0000000085800000, 0x0000000085700000| Untracked 
|  88|0x0000000085800000, 0x0000000085900000, 0x0000000085900000|100%| O|  |TAMS 0x0000000085900000, 0x0000000085800000| Untracked 
|  89|0x0000000085900000, 0x0000000085a00000, 0x0000000085a00000|100%| O|  |TAMS 0x0000000085a00000, 0x0000000085900000| Untracked 
|  90|0x0000000085a00000, 0x0000000085b00000, 0x0000000085b00000|100%| O|  |TAMS 0x0000000085b00000, 0x0000000085a00000| Untracked 
|  91|0x0000000085b00000, 0x0000000085c00000, 0x0000000085c00000|100%| O|  |TAMS 0x0000000085c00000, 0x0000000085b00000| Untracked 
|  92|0x0000000085c00000, 0x0000000085d00000, 0x0000000085d00000|100%| O|  |TAMS 0x0000000085d00000, 0x0000000085c00000| Untracked 
|  93|0x0000000085d00000, 0x0000000085e00000, 0x0000000085e00000|100%| O|  |TAMS 0x0000000085e00000, 0x0000000085d00000| Untracked 
|  94|0x0000000085e00000, 0x0000000085f00000, 0x0000000085f00000|100%| O|  |TAMS 0x0000000085f00000, 0x0000000085e00000| Untracked 
|  95|0x0000000085f00000, 0x0000000086000000, 0x0000000086000000|100%| O|  |TAMS 0x0000000086000000, 0x0000000085f00000| Untracked 
|  96|0x0000000086000000, 0x0000000086100000, 0x0000000086100000|100%| O|  |TAMS 0x0000000086100000, 0x0000000086000000| Untracked 
|  97|0x0000000086100000, 0x0000000086200000, 0x0000000086200000|100%| O|  |TAMS 0x0000000086200000, 0x0000000086100000| Untracked 
|  98|0x0000000086200000, 0x0000000086300000, 0x0000000086300000|100%| O|  |TAMS 0x0000000086300000, 0x0000000086200000| Untracked 
|  99|0x0000000086300000, 0x0000000086400000, 0x0000000086400000|100%| O|  |TAMS 0x0000000086400000, 0x0000000086300000| Untracked 
| 100|0x0000000086400000, 0x0000000086500000, 0x0000000086500000|100%| O|  |TAMS 0x0000000086500000, 0x0000000086400000| Untracked 
| 101|0x0000000086500000, 0x0000000086600000, 0x0000000086600000|100%| O|  |TAMS 0x0000000086600000, 0x0000000086500000| Untracked 
| 102|0x0000000086600000, 0x0000000086700000, 0x0000000086700000|100%| O|  |TAMS 0x0000000086700000, 0x0000000086600000| Untracked 
| 103|0x0000000086700000, 0x0000000086800000, 0x0000000086800000|100%| O|  |TAMS 0x0000000086800000, 0x0000000086700000| Untracked 
| 104|0x0000000086800000, 0x0000000086900000, 0x0000000086900000|100%| O|  |TAMS 0x0000000086900000, 0x0000000086800000| Untracked 
| 105|0x0000000086900000, 0x0000000086a00000, 0x0000000086a00000|100%| O|  |TAMS 0x0000000086a00000, 0x0000000086900000| Untracked 
| 106|0x0000000086a00000, 0x0000000086b00000, 0x0000000086b00000|100%| O|  |TAMS 0x0000000086b00000, 0x0000000086a00000| Untracked 
| 107|0x0000000086b00000, 0x0000000086c00000, 0x0000000086c00000|100%| O|  |TAMS 0x0000000086c00000, 0x0000000086b00000| Untracked 
| 108|0x0000000086c00000, 0x0000000086d00000, 0x0000000086d00000|100%| O|  |TAMS 0x0000000086d00000, 0x0000000086c00000| Untracked 
| 109|0x0000000086d00000, 0x0000000086e00000, 0x0000000086e00000|100%| O|  |TAMS 0x0000000086e00000, 0x0000000086d00000| Untracked 
| 110|0x0000000086e00000, 0x0000000086f00000, 0x0000000086f00000|100%| O|  |TAMS 0x0000000086f00000, 0x0000000086e00000| Untracked 
| 111|0x0000000086f00000, 0x0000000087000000, 0x0000000087000000|100%| O|  |TAMS 0x0000000087000000, 0x0000000086f00000| Untracked 
| 112|0x0000000087000000, 0x0000000087100000, 0x0000000087100000|100%| O|  |TAMS 0x0000000087100000, 0x0000000087000000| Untracked 
| 113|0x0000000087100000, 0x0000000087200000, 0x0000000087200000|100%| O|  |TAMS 0x0000000087200000, 0x0000000087100000| Untracked 
| 114|0x0000000087200000, 0x0000000087300000, 0x0000000087300000|100%| O|  |TAMS 0x0000000087300000, 0x0000000087200000| Untracked 
| 115|0x0000000087300000, 0x0000000087400000, 0x0000000087400000|100%| O|  |TAMS 0x0000000087400000, 0x0000000087300000| Untracked 
| 116|0x0000000087400000, 0x0000000087500000, 0x0000000087500000|100%| O|  |TAMS 0x0000000087500000, 0x0000000087400000| Untracked 
| 117|0x0000000087500000, 0x0000000087600000, 0x0000000087600000|100%| O|  |TAMS 0x0000000087600000, 0x0000000087500000| Untracked 
| 118|0x0000000087600000, 0x0000000087700000, 0x0000000087700000|100%| O|  |TAMS 0x0000000087700000, 0x0000000087600000| Untracked 
| 119|0x0000000087700000, 0x0000000087800000, 0x0000000087800000|100%| O|  |TAMS 0x0000000087800000, 0x0000000087700000| Untracked 
| 120|0x0000000087800000, 0x0000000087900000, 0x0000000087900000|100%| O|  |TAMS 0x0000000087900000, 0x0000000087800000| Untracked 
| 121|0x0000000087900000, 0x0000000087a00000, 0x0000000087a00000|100%| O|  |TAMS 0x0000000087a00000, 0x0000000087900000| Untracked 
| 122|0x0000000087a00000, 0x0000000087b00000, 0x0000000087b00000|100%| O|  |TAMS 0x0000000087b00000, 0x0000000087a00000| Untracked 
| 123|0x0000000087b00000, 0x0000000087c00000, 0x0000000087c00000|100%| O|  |TAMS 0x0000000087c00000, 0x0000000087b00000| Untracked 
| 124|0x0000000087c00000, 0x0000000087d00000, 0x0000000087d00000|100%| O|  |TAMS 0x0000000087d00000, 0x0000000087c00000| Untracked 
| 125|0x0000000087d00000, 0x0000000087d22400, 0x0000000087e00000| 13%| O|  |TAMS 0x0000000087d22400, 0x0000000087d00000| Untracked 
| 126|0x0000000087e00000, 0x0000000087e00000, 0x0000000087f00000|  0%| F|  |TAMS 0x0000000087e00000, 0x0000000087e00000| Untracked 
| 127|0x0000000087f00000, 0x0000000087f00000, 0x0000000088000000|  0%| F|  |TAMS 0x0000000087f00000, 0x0000000087f00000| Untracked 
| 128|0x0000000088000000, 0x0000000088000000, 0x0000000088100000|  0%| F|  |TAMS 0x0000000088000000, 0x0000000088000000| Untracked 
| 129|0x0000000088100000, 0x0000000088100000, 0x0000000088200000|  0%| F|  |TAMS 0x0000000088100000, 0x0000000088100000| Untracked 
| 130|0x0000000088200000, 0x0000000088200000, 0x0000000088300000|  0%| F|  |TAMS 0x0000000088200000, 0x0000000088200000| Untracked 
| 131|0x0000000088300000, 0x0000000088300000, 0x0000000088400000|  0%| F|  |TAMS 0x0000000088300000, 0x0000000088300000| Untracked 
| 132|0x0000000088400000, 0x0000000088400000, 0x0000000088500000|  0%| F|  |TAMS 0x0000000088400000, 0x0000000088400000| Untracked 
| 133|0x0000000088500000, 0x0000000088500000, 0x0000000088600000|  0%| F|  |TAMS 0x0000000088500000, 0x0000000088500000| Untracked 
| 134|0x0000000088600000, 0x0000000088600000, 0x0000000088700000|  0%| F|  |TAMS 0x0000000088600000, 0x0000000088600000| Untracked 
| 135|0x0000000088700000, 0x0000000088700000, 0x0000000088800000|  0%| F|  |TAMS 0x0000000088700000, 0x0000000088700000| Untracked 
| 136|0x0000000088800000, 0x0000000088800000, 0x0000000088900000|  0%| F|  |TAMS 0x0000000088800000, 0x0000000088800000| Untracked 
| 137|0x0000000088900000, 0x0000000088900000, 0x0000000088a00000|  0%| F|  |TAMS 0x0000000088900000, 0x0000000088900000| Untracked 
| 138|0x0000000088a00000, 0x0000000088a00000, 0x0000000088b00000|  0%| F|  |TAMS 0x0000000088a00000, 0x0000000088a00000| Untracked 
| 139|0x0000000088b00000, 0x0000000088b00000, 0x0000000088c00000|  0%| F|  |TAMS 0x0000000088b00000, 0x0000000088b00000| Untracked 
| 140|0x0000000088c00000, 0x0000000088c00000, 0x0000000088d00000|  0%| F|  |TAMS 0x0000000088c00000, 0x0000000088c00000| Untracked 
| 141|0x0000000088d00000, 0x0000000088d00000, 0x0000000088e00000|  0%| F|  |TAMS 0x0000000088d00000, 0x0000000088d00000| Untracked 
| 142|0x0000000088e00000, 0x0000000088e00000, 0x0000000088f00000|  0%| F|  |TAMS 0x0000000088e00000, 0x0000000088e00000| Untracked 
| 143|0x0000000088f00000, 0x0000000088f00000, 0x0000000089000000|  0%| F|  |TAMS 0x0000000088f00000, 0x0000000088f00000| Untracked 
| 144|0x0000000089000000, 0x0000000089000000, 0x0000000089100000|  0%| F|  |TAMS 0x0000000089000000, 0x0000000089000000| Untracked 
| 145|0x0000000089100000, 0x0000000089100000, 0x0000000089200000|  0%| F|  |TAMS 0x0000000089100000, 0x0000000089100000| Untracked 
| 146|0x0000000089200000, 0x0000000089200000, 0x0000000089300000|  0%| F|  |TAMS 0x0000000089200000, 0x0000000089200000| Untracked 
| 147|0x0000000089300000, 0x0000000089300000, 0x0000000089400000|  0%| F|  |TAMS 0x0000000089300000, 0x0000000089300000| Untracked 
| 148|0x0000000089400000, 0x0000000089400000, 0x0000000089500000|  0%| F|  |TAMS 0x0000000089400000, 0x0000000089400000| Untracked 
| 149|0x0000000089500000, 0x0000000089500000, 0x0000000089600000|  0%| F|  |TAMS 0x0000000089500000, 0x0000000089500000| Untracked 
| 150|0x0000000089600000, 0x0000000089600000, 0x0000000089700000|  0%| F|  |TAMS 0x0000000089600000, 0x0000000089600000| Untracked 
| 151|0x0000000089700000, 0x0000000089700000, 0x0000000089800000|  0%| F|  |TAMS 0x0000000089700000, 0x0000000089700000| Untracked 
| 152|0x0000000089800000, 0x0000000089800000, 0x0000000089900000|  0%| F|  |TAMS 0x0000000089800000, 0x0000000089800000| Untracked 
| 153|0x0000000089900000, 0x0000000089900000, 0x0000000089a00000|  0%| F|  |TAMS 0x0000000089900000, 0x0000000089900000| Untracked 
| 154|0x0000000089a00000, 0x0000000089a00000, 0x0000000089b00000|  0%| F|  |TAMS 0x0000000089a00000, 0x0000000089a00000| Untracked 
| 155|0x0000000089b00000, 0x0000000089b00000, 0x0000000089c00000|  0%| F|  |TAMS 0x0000000089b00000, 0x0000000089b00000| Untracked 
| 156|0x0000000089c00000, 0x0000000089c00000, 0x0000000089d00000|  0%| F|  |TAMS 0x0000000089c00000, 0x0000000089c00000| Untracked 
| 157|0x0000000089d00000, 0x0000000089d00000, 0x0000000089e00000|  0%| F|  |TAMS 0x0000000089d00000, 0x0000000089d00000| Untracked 
| 158|0x0000000089e00000, 0x0000000089e00000, 0x0000000089f00000|  0%| F|  |TAMS 0x0000000089e00000, 0x0000000089e00000| Untracked 
| 159|0x0000000089f00000, 0x0000000089f00000, 0x000000008a000000|  0%| F|  |TAMS 0x0000000089f00000, 0x0000000089f00000| Untracked 
| 160|0x000000008a000000, 0x000000008a000000, 0x000000008a100000|  0%| F|  |TAMS 0x000000008a000000, 0x000000008a000000| Untracked 
| 161|0x000000008a100000, 0x000000008a100000, 0x000000008a200000|  0%| F|  |TAMS 0x000000008a100000, 0x000000008a100000| Untracked 
| 162|0x000000008a200000, 0x000000008a200000, 0x000000008a300000|  0%| F|  |TAMS 0x000000008a200000, 0x000000008a200000| Untracked 
| 163|0x000000008a300000, 0x000000008a300000, 0x000000008a400000|  0%| F|  |TAMS 0x000000008a300000, 0x000000008a300000| Untracked 
| 164|0x000000008a400000, 0x000000008a400000, 0x000000008a500000|  0%| F|  |TAMS 0x000000008a400000, 0x000000008a400000| Untracked 
| 165|0x000000008a500000, 0x000000008a500000, 0x000000008a600000|  0%| F|  |TAMS 0x000000008a500000, 0x000000008a500000| Untracked 
| 166|0x000000008a600000, 0x000000008a600000, 0x000000008a700000|  0%| F|  |TAMS 0x000000008a600000, 0x000000008a600000| Untracked 
| 167|0x000000008a700000, 0x000000008a700000, 0x000000008a800000|  0%| F|  |TAMS 0x000000008a700000, 0x000000008a700000| Untracked 
| 168|0x000000008a800000, 0x000000008a800000, 0x000000008a900000|  0%| F|  |TAMS 0x000000008a800000, 0x000000008a800000| Untracked 
| 169|0x000000008a900000, 0x000000008a900000, 0x000000008aa00000|  0%| F|  |TAMS 0x000000008a900000, 0x000000008a900000| Untracked 
| 170|0x000000008aa00000, 0x000000008aa00000, 0x000000008ab00000|  0%| F|  |TAMS 0x000000008aa00000, 0x000000008aa00000| Untracked 
| 171|0x000000008ab00000, 0x000000008ab00000, 0x000000008ac00000|  0%| F|  |TAMS 0x000000008ab00000, 0x000000008ab00000| Untracked 
| 172|0x000000008ac00000, 0x000000008ac00000, 0x000000008ad00000|  0%| F|  |TAMS 0x000000008ac00000, 0x000000008ac00000| Untracked 
| 173|0x000000008ad00000, 0x000000008ad00000, 0x000000008ae00000|  0%| F|  |TAMS 0x000000008ad00000, 0x000000008ad00000| Untracked 
| 174|0x000000008ae00000, 0x000000008ae00000, 0x000000008af00000|  0%| F|  |TAMS 0x000000008ae00000, 0x000000008ae00000| Untracked 
| 175|0x000000008af00000, 0x000000008af55ec0, 0x000000008b000000| 33%| S|CS|TAMS 0x000000008af00000, 0x000000008af00000| Complete 
| 176|0x000000008b000000, 0x000000008b100000, 0x000000008b100000|100%| S|CS|TAMS 0x000000008b000000, 0x000000008b000000| Complete 
| 177|0x000000008b100000, 0x000000008b200000, 0x000000008b200000|100%| S|CS|TAMS 0x000000008b100000, 0x000000008b100000| Complete 
| 178|0x000000008b200000, 0x000000008b300000, 0x000000008b300000|100%| S|CS|TAMS 0x000000008b200000, 0x000000008b200000| Complete 
| 179|0x000000008b300000, 0x000000008b400000, 0x000000008b400000|100%| S|CS|TAMS 0x000000008b300000, 0x000000008b300000| Complete 
| 180|0x000000008b400000, 0x000000008b500000, 0x000000008b500000|100%| S|CS|TAMS 0x000000008b400000, 0x000000008b400000| Complete 
| 181|0x000000008b500000, 0x000000008b500000, 0x000000008b600000|  0%| F|  |TAMS 0x000000008b500000, 0x000000008b500000| Untracked 
| 182|0x000000008b600000, 0x000000008b600000, 0x000000008b700000|  0%| F|  |TAMS 0x000000008b600000, 0x000000008b600000| Untracked 
| 183|0x000000008b700000, 0x000000008b700000, 0x000000008b800000|  0%| F|  |TAMS 0x000000008b700000, 0x000000008b700000| Untracked 
| 184|0x000000008b800000, 0x000000008b800000, 0x000000008b900000|  0%| F|  |TAMS 0x000000008b800000, 0x000000008b800000| Untracked 
| 185|0x000000008b900000, 0x000000008b900000, 0x000000008ba00000|  0%| F|  |TAMS 0x000000008b900000, 0x000000008b900000| Untracked 
| 186|0x000000008ba00000, 0x000000008ba00000, 0x000000008bb00000|  0%| F|  |TAMS 0x000000008ba00000, 0x000000008ba00000| Untracked 
| 187|0x000000008bb00000, 0x000000008bb00000, 0x000000008bc00000|  0%| F|  |TAMS 0x000000008bb00000, 0x000000008bb00000| Untracked 
| 188|0x000000008bc00000, 0x000000008bc00000, 0x000000008bd00000|  0%| F|  |TAMS 0x000000008bc00000, 0x000000008bc00000| Untracked 
| 189|0x000000008bd00000, 0x000000008bd00000, 0x000000008be00000|  0%| F|  |TAMS 0x000000008bd00000, 0x000000008bd00000| Untracked 
| 190|0x000000008be00000, 0x000000008be00000, 0x000000008bf00000|  0%| F|  |TAMS 0x000000008be00000, 0x000000008be00000| Untracked 
| 191|0x000000008bf00000, 0x000000008bf00000, 0x000000008c000000|  0%| F|  |TAMS 0x000000008bf00000, 0x000000008bf00000| Untracked 
| 192|0x000000008c000000, 0x000000008c000000, 0x000000008c100000|  0%| F|  |TAMS 0x000000008c000000, 0x000000008c000000| Untracked 
| 193|0x000000008c100000, 0x000000008c100000, 0x000000008c200000|  0%| F|  |TAMS 0x000000008c100000, 0x000000008c100000| Untracked 
| 194|0x000000008c200000, 0x000000008c200000, 0x000000008c300000|  0%| F|  |TAMS 0x000000008c200000, 0x000000008c200000| Untracked 
| 195|0x000000008c300000, 0x000000008c300000, 0x000000008c400000|  0%| F|  |TAMS 0x000000008c300000, 0x000000008c300000| Untracked 
| 196|0x000000008c400000, 0x000000008c400000, 0x000000008c500000|  0%| F|  |TAMS 0x000000008c400000, 0x000000008c400000| Untracked 
| 197|0x000000008c500000, 0x000000008c500000, 0x000000008c600000|  0%| F|  |TAMS 0x000000008c500000, 0x000000008c500000| Untracked 
| 198|0x000000008c600000, 0x000000008c600000, 0x000000008c700000|  0%| F|  |TAMS 0x000000008c600000, 0x000000008c600000| Untracked 
| 199|0x000000008c700000, 0x000000008c700000, 0x000000008c800000|  0%| F|  |TAMS 0x000000008c700000, 0x000000008c700000| Untracked 
| 200|0x000000008c800000, 0x000000008c800000, 0x000000008c900000|  0%| F|  |TAMS 0x000000008c800000, 0x000000008c800000| Untracked 
| 201|0x000000008c900000, 0x000000008c900000, 0x000000008ca00000|  0%| F|  |TAMS 0x000000008c900000, 0x000000008c900000| Untracked 
| 202|0x000000008ca00000, 0x000000008ca00000, 0x000000008cb00000|  0%| F|  |TAMS 0x000000008ca00000, 0x000000008ca00000| Untracked 
| 203|0x000000008cb00000, 0x000000008cb00000, 0x000000008cc00000|  0%| F|  |TAMS 0x000000008cb00000, 0x000000008cb00000| Untracked 
| 204|0x000000008cc00000, 0x000000008cc00000, 0x000000008cd00000|  0%| F|  |TAMS 0x000000008cc00000, 0x000000008cc00000| Untracked 
| 205|0x000000008cd00000, 0x000000008cd00000, 0x000000008ce00000|  0%| F|  |TAMS 0x000000008cd00000, 0x000000008cd00000| Untracked 
| 206|0x000000008ce00000, 0x000000008ce00000, 0x000000008cf00000|  0%| F|  |TAMS 0x000000008ce00000, 0x000000008ce00000| Untracked 
| 207|0x000000008cf00000, 0x000000008cf00000, 0x000000008d000000|  0%| F|  |TAMS 0x000000008cf00000, 0x000000008cf00000| Untracked 
| 208|0x000000008d000000, 0x000000008d000000, 0x000000008d100000|  0%| F|  |TAMS 0x000000008d000000, 0x000000008d000000| Untracked 
| 209|0x000000008d100000, 0x000000008d100000, 0x000000008d200000|  0%| F|  |TAMS 0x000000008d100000, 0x000000008d100000| Untracked 
| 210|0x000000008d200000, 0x000000008d200000, 0x000000008d300000|  0%| F|  |TAMS 0x000000008d200000, 0x000000008d200000| Untracked 
| 211|0x000000008d300000, 0x000000008d300000, 0x000000008d400000|  0%| F|  |TAMS 0x000000008d300000, 0x000000008d300000| Untracked 
| 212|0x000000008d400000, 0x000000008d400000, 0x000000008d500000|  0%| F|  |TAMS 0x000000008d400000, 0x000000008d400000| Untracked 
| 213|0x000000008d500000, 0x000000008d500000, 0x000000008d600000|  0%| F|  |TAMS 0x000000008d500000, 0x000000008d500000| Untracked 
| 214|0x000000008d600000, 0x000000008d600000, 0x000000008d700000|  0%| F|  |TAMS 0x000000008d600000, 0x000000008d600000| Untracked 
| 215|0x000000008d700000, 0x000000008d700000, 0x000000008d800000|  0%| F|  |TAMS 0x000000008d700000, 0x000000008d700000| Untracked 
| 216|0x000000008d800000, 0x000000008d800000, 0x000000008d900000|  0%| F|  |TAMS 0x000000008d800000, 0x000000008d800000| Untracked 
| 217|0x000000008d900000, 0x000000008d900000, 0x000000008da00000|  0%| F|  |TAMS 0x000000008d900000, 0x000000008d900000| Untracked 
| 218|0x000000008da00000, 0x000000008da00000, 0x000000008db00000|  0%| F|  |TAMS 0x000000008da00000, 0x000000008da00000| Untracked 
| 219|0x000000008db00000, 0x000000008db00000, 0x000000008dc00000|  0%| F|  |TAMS 0x000000008db00000, 0x000000008db00000| Untracked 
| 220|0x000000008dc00000, 0x000000008dc00000, 0x000000008dd00000|  0%| F|  |TAMS 0x000000008dc00000, 0x000000008dc00000| Untracked 
| 221|0x000000008dd00000, 0x000000008dd00000, 0x000000008de00000|  0%| F|  |TAMS 0x000000008dd00000, 0x000000008dd00000| Untracked 
| 222|0x000000008de00000, 0x000000008de00000, 0x000000008df00000|  0%| F|  |TAMS 0x000000008de00000, 0x000000008de00000| Untracked 
| 223|0x000000008df00000, 0x000000008df00000, 0x000000008e000000|  0%| F|  |TAMS 0x000000008df00000, 0x000000008df00000| Untracked 
| 224|0x000000008e000000, 0x000000008e000000, 0x000000008e100000|  0%| F|  |TAMS 0x000000008e000000, 0x000000008e000000| Untracked 
| 225|0x000000008e100000, 0x000000008e100000, 0x000000008e200000|  0%| F|  |TAMS 0x000000008e100000, 0x000000008e100000| Untracked 
| 226|0x000000008e200000, 0x000000008e200000, 0x000000008e300000|  0%| F|  |TAMS 0x000000008e200000, 0x000000008e200000| Untracked 
| 227|0x000000008e300000, 0x000000008e300000, 0x000000008e400000|  0%| F|  |TAMS 0x000000008e300000, 0x000000008e300000| Untracked 
| 228|0x000000008e400000, 0x000000008e400000, 0x000000008e500000|  0%| F|  |TAMS 0x000000008e400000, 0x000000008e400000| Untracked 
| 229|0x000000008e500000, 0x000000008e500000, 0x000000008e600000|  0%| F|  |TAMS 0x000000008e500000, 0x000000008e500000| Untracked 
| 230|0x000000008e600000, 0x000000008e600000, 0x000000008e700000|  0%| F|  |TAMS 0x000000008e600000, 0x000000008e600000| Untracked 
| 231|0x000000008e700000, 0x000000008e700000, 0x000000008e800000|  0%| F|  |TAMS 0x000000008e700000, 0x000000008e700000| Untracked 
| 232|0x000000008e800000, 0x000000008e800000, 0x000000008e900000|  0%| F|  |TAMS 0x000000008e800000, 0x000000008e800000| Untracked 
| 233|0x000000008e900000, 0x000000008e900000, 0x000000008ea00000|  0%| F|  |TAMS 0x000000008e900000, 0x000000008e900000| Untracked 
| 234|0x000000008ea00000, 0x000000008ea00000, 0x000000008eb00000|  0%| F|  |TAMS 0x000000008ea00000, 0x000000008ea00000| Untracked 
| 235|0x000000008eb00000, 0x000000008eb00000, 0x000000008ec00000|  0%| F|  |TAMS 0x000000008eb00000, 0x000000008eb00000| Untracked 
| 236|0x000000008ec00000, 0x000000008ec00000, 0x000000008ed00000|  0%| F|  |TAMS 0x000000008ec00000, 0x000000008ec00000| Untracked 
| 237|0x000000008ed00000, 0x000000008ed00000, 0x000000008ee00000|  0%| F|  |TAMS 0x000000008ed00000, 0x000000008ed00000| Untracked 
| 238|0x000000008ee00000, 0x000000008ee00000, 0x000000008ef00000|  0%| F|  |TAMS 0x000000008ee00000, 0x000000008ee00000| Untracked 
| 239|0x000000008ef00000, 0x000000008ef00000, 0x000000008f000000|  0%| F|  |TAMS 0x000000008ef00000, 0x000000008ef00000| Untracked 
| 240|0x000000008f000000, 0x000000008f000000, 0x000000008f100000|  0%| F|  |TAMS 0x000000008f000000, 0x000000008f000000| Untracked 
| 241|0x000000008f100000, 0x000000008f100000, 0x000000008f200000|  0%| F|  |TAMS 0x000000008f100000, 0x000000008f100000| Untracked 
| 242|0x000000008f200000, 0x000000008f200000, 0x000000008f300000|  0%| F|  |TAMS 0x000000008f200000, 0x000000008f200000| Untracked 
| 243|0x000000008f300000, 0x000000008f300000, 0x000000008f400000|  0%| F|  |TAMS 0x000000008f300000, 0x000000008f300000| Untracked 
| 244|0x000000008f400000, 0x000000008f400000, 0x000000008f500000|  0%| F|  |TAMS 0x000000008f400000, 0x000000008f400000| Untracked 
| 245|0x000000008f500000, 0x000000008f500000, 0x000000008f600000|  0%| F|  |TAMS 0x000000008f500000, 0x000000008f500000| Untracked 
| 246|0x000000008f600000, 0x000000008f600000, 0x000000008f700000|  0%| F|  |TAMS 0x000000008f600000, 0x000000008f600000| Untracked 
| 247|0x000000008f700000, 0x000000008f700000, 0x000000008f800000|  0%| F|  |TAMS 0x000000008f700000, 0x000000008f700000| Untracked 
| 248|0x000000008f800000, 0x000000008f800000, 0x000000008f900000|  0%| F|  |TAMS 0x000000008f800000, 0x000000008f800000| Untracked 
| 249|0x000000008f900000, 0x000000008f900000, 0x000000008fa00000|  0%| F|  |TAMS 0x000000008f900000, 0x000000008f900000| Untracked 
| 250|0x000000008fa00000, 0x000000008fa00000, 0x000000008fb00000|  0%| F|  |TAMS 0x000000008fa00000, 0x000000008fa00000| Untracked 
| 251|0x000000008fb00000, 0x000000008fb00000, 0x000000008fc00000|  0%| F|  |TAMS 0x000000008fb00000, 0x000000008fb00000| Untracked 
| 252|0x000000008fc00000, 0x000000008fc00000, 0x000000008fd00000|  0%| F|  |TAMS 0x000000008fc00000, 0x000000008fc00000| Untracked 
| 253|0x000000008fd00000, 0x000000008fd00000, 0x000000008fe00000|  0%| F|  |TAMS 0x000000008fd00000, 0x000000008fd00000| Untracked 
| 254|0x000000008fe00000, 0x000000008fe00000, 0x000000008ff00000|  0%| F|  |TAMS 0x000000008fe00000, 0x000000008fe00000| Untracked 
| 255|0x000000008ff00000, 0x000000008ff00000, 0x0000000090000000|  0%| F|  |TAMS 0x000000008ff00000, 0x000000008ff00000| Untracked 
| 256|0x0000000090000000, 0x0000000090000000, 0x0000000090100000|  0%| F|  |TAMS 0x0000000090000000, 0x0000000090000000| Untracked 
| 257|0x0000000090100000, 0x0000000090100000, 0x0000000090200000|  0%| F|  |TAMS 0x0000000090100000, 0x0000000090100000| Untracked 
| 258|0x0000000090200000, 0x0000000090200000, 0x0000000090300000|  0%| F|  |TAMS 0x0000000090200000, 0x0000000090200000| Untracked 
| 259|0x0000000090300000, 0x0000000090300000, 0x0000000090400000|  0%| F|  |TAMS 0x0000000090300000, 0x0000000090300000| Untracked 
| 260|0x0000000090400000, 0x0000000090400000, 0x0000000090500000|  0%| F|  |TAMS 0x0000000090400000, 0x0000000090400000| Untracked 
| 261|0x0000000090500000, 0x0000000090500000, 0x0000000090600000|  0%| F|  |TAMS 0x0000000090500000, 0x0000000090500000| Untracked 
| 262|0x0000000090600000, 0x0000000090600000, 0x0000000090700000|  0%| F|  |TAMS 0x0000000090600000, 0x0000000090600000| Untracked 
| 263|0x0000000090700000, 0x0000000090700000, 0x0000000090800000|  0%| F|  |TAMS 0x0000000090700000, 0x0000000090700000| Untracked 
| 264|0x0000000090800000, 0x0000000090800000, 0x0000000090900000|  0%| F|  |TAMS 0x0000000090800000, 0x0000000090800000| Untracked 
| 265|0x0000000090900000, 0x0000000090900000, 0x0000000090a00000|  0%| F|  |TAMS 0x0000000090900000, 0x0000000090900000| Untracked 
| 266|0x0000000090a00000, 0x0000000090a00000, 0x0000000090b00000|  0%| F|  |TAMS 0x0000000090a00000, 0x0000000090a00000| Untracked 
| 267|0x0000000090b00000, 0x0000000090b00000, 0x0000000090c00000|  0%| F|  |TAMS 0x0000000090b00000, 0x0000000090b00000| Untracked 
| 268|0x0000000090c00000, 0x0000000090c00000, 0x0000000090d00000|  0%| F|  |TAMS 0x0000000090c00000, 0x0000000090c00000| Untracked 
| 269|0x0000000090d00000, 0x0000000090d00000, 0x0000000090e00000|  0%| F|  |TAMS 0x0000000090d00000, 0x0000000090d00000| Untracked 
| 270|0x0000000090e00000, 0x0000000090e00000, 0x0000000090f00000|  0%| F|  |TAMS 0x0000000090e00000, 0x0000000090e00000| Untracked 
| 271|0x0000000090f00000, 0x0000000090f00000, 0x0000000091000000|  0%| F|  |TAMS 0x0000000090f00000, 0x0000000090f00000| Untracked 

Card table byte_map: [0x000002c472240000,0x000002c472640000] _byte_map_base: 0x000002c471e40000

Marking Bits (Prev, Next): (CMBitMap*) 0x000002c46e069350, (CMBitMap*) 0x000002c46e069318
 Prev Bits: [0x000002c474a40000, 0x000002c476a40000)
 Next Bits: [0x000002c472a40000, 0x000002c474a40000)

Polling page: 0x000002c46d800000

Metaspace:

Usage:
  Non-class:     85.58 MB capacity,    84.05 MB ( 98%) used,     1.22 MB (  1%) free+waste,   307.69 KB ( <1%) overhead. 
      Class:     13.46 MB capacity,    12.52 MB ( 93%) used,   817.34 KB (  6%) free+waste,   138.75 KB (  1%) overhead. 
       Both:     99.03 MB capacity,    96.57 MB ( 98%) used,     2.02 MB (  2%) free+waste,   446.44 KB ( <1%) overhead. 

Virtual space:
  Non-class space:       86.00 MB reserved,      85.75 MB (>99%) committed 
      Class space:        1.00 GB reserved,      13.57 MB (  1%) committed 
             Both:        1.08 GB reserved,      99.32 MB (  9%) committed 

Chunk freelists:
   Non-Class:  50.00 KB
       Class:  0 bytes
        Both:  50.00 KB

MaxMetaspaceSize: 17179869184.00 GB
CompressedClassSpaceSize: 1.00 GB

CodeHeap 'non-profiled nmethods': size=120000Kb used=6096Kb max_used=6096Kb free=113903Kb
 bounds [0x000002c407ad0000, 0x000002c4080d0000, 0x000002c40f000000]
CodeHeap 'profiled nmethods': size=120000Kb used=28260Kb max_used=28260Kb free=91739Kb
 bounds [0x000002c4005a0000, 0x000002c402140000, 0x000002c407ad0000]
CodeHeap 'non-nmethods': size=5760Kb used=2303Kb max_used=2356Kb free=3456Kb
 bounds [0x000002c400000000, 0x000002c400270000, 0x000002c4005a0000]
 total_blobs=13611 nmethods=12701 adapters=820
 compilation: enabled
              stopped_count=0, restarted_count=0
 full_count=0

Compilation events (20 events):
Event: 22.420 Thread 0x000002c479e3d800 nmethod 13121 0x000002c402137a90 code [0x000002c402137c40, 0x000002c402137d38]
Event: 22.420 Thread 0x000002c479e3d800 13116       2       com.android.tools.r8.code.N0::hashCode (28 bytes)
Event: 22.420 Thread 0x000002c479e3d800 nmethod 13116 0x000002c402137e10 code [0x000002c402137fc0, 0x000002c402138108]
Event: 22.420 Thread 0x000002c479e3d800 13190       1       com.android.tools.r8.code.l1::u (3 bytes)
Event: 22.421 Thread 0x000002c479e3d800 nmethod 13190 0x000002c4080c2f90 code [0x000002c4080c3140, 0x000002c4080c31f8]
Event: 22.421 Thread 0x000002c479e3d800 13199       1       com.android.tools.r8.code.Z0::u (3 bytes)
Event: 22.421 Thread 0x000002c479e3d800 nmethod 13199 0x000002c4080c3290 code [0x000002c4080c3440, 0x000002c4080c34f8]
Event: 22.421 Thread 0x000002c479e3d800 13194       1       com.android.tools.r8.code.Z::u (3 bytes)
Event: 22.421 Thread 0x000002c479e3d800 nmethod 13194 0x000002c4080c3590 code [0x000002c4080c3740, 0x000002c4080c37f8]
Event: 22.421 Thread 0x000002c479e3d800 13152       1       com.android.tools.r8.graph.f0$r::hashCode (3 bytes)
Event: 22.421 Thread 0x000002c479e3d800 nmethod 13152 0x000002c4080c3890 code [0x000002c4080c3a40, 0x000002c4080c3af8]
Event: 22.421 Thread 0x000002c479e3d800 13196       1       com.android.tools.r8.code.L::A (2 bytes)
Event: 22.421 Thread 0x000002c479e3d800 nmethod 13196 0x000002c4080c3b90 code [0x000002c4080c3d40, 0x000002c4080c3df8]
Event: 22.421 Thread 0x000002c479e3d800 13197       1       com.android.tools.r8.code.L::u (3 bytes)
Event: 22.421 Thread 0x000002c479e3d800 nmethod 13197 0x000002c4080c3e90 code [0x000002c4080c4040, 0x000002c4080c40f8]
Event: 22.429 Thread 0x000002c479e3d800 13222   !   2       sun.nio.fs.WindowsFileSystemProvider::newByteChannel (71 bytes)
Event: 22.430 Thread 0x000002c479e3d800 nmethod 13222 0x000002c402138190 code [0x000002c4021383c0, 0x000002c402138868]
Event: 22.430 Thread 0x000002c479e3d800 13223       2       com.android.tools.r8.ir.optimize.info.k::A (14 bytes)
Event: 22.430 Thread 0x000002c479e3d800 nmethod 13223 0x000002c402138d10 code [0x000002c402138ec0, 0x000002c402138fd8]
Event: 22.435 Thread 0x000002c479e3d800 13224       2       com.android.tools.r8.internal.u1::a (525 bytes)

GC Heap History (20 events):
Event: 19.249 GC heap after
{Heap after GC invocations=26 (full 0):
 garbage-first heap   total 187392K, used 117518K [0x0000000080000000, 0x0000000100000000)
  region size 1024K, 6 young (6144K), 6 survivors (6144K)
 Metaspace       used 92651K, capacity 94933K, committed 95564K, reserved 1132544K
  class space    used 12016K, capacity 12863K, committed 13132K, reserved 1048576K
}
Event: 19.315 GC heap before
{Heap before GC invocations=26 (full 0):
 garbage-first heap   total 187392K, used 152334K [0x0000000080000000, 0x0000000100000000)
  region size 1024K, 40 young (40960K), 6 survivors (6144K)
 Metaspace       used 93268K, capacity 95665K, committed 96204K, reserved 1132544K
  class space    used 12154K, capacity 13062K, committed 13260K, reserved 1048576K
}
Event: 19.328 GC heap after
{Heap after GC invocations=27 (full 0):
 garbage-first heap   total 187392K, used 123904K [0x0000000080000000, 0x0000000100000000)
  region size 1024K, 5 young (5120K), 5 survivors (5120K)
 Metaspace       used 93268K, capacity 95665K, committed 96204K, reserved 1132544K
  class space    used 12154K, capacity 13062K, committed 13260K, reserved 1048576K
}
Event: 19.516 GC heap before
{Heap before GC invocations=27 (full 0):
 garbage-first heap   total 187392K, used 153600K [0x0000000080000000, 0x0000000100000000)
  region size 1024K, 35 young (35840K), 5 survivors (5120K)
 Metaspace       used 95122K, capacity 97594K, committed 97740K, reserved 1134592K
  class space    used 12478K, capacity 13412K, committed 13516K, reserved 1048576K
}
Event: 19.531 GC heap after
{Heap after GC invocations=28 (full 0):
 garbage-first heap   total 225280K, used 128339K [0x0000000080000000, 0x0000000100000000)
  region size 1024K, 4 young (4096K), 4 survivors (4096K)
 Metaspace       used 95122K, capacity 97594K, committed 97740K, reserved 1134592K
  class space    used 12478K, capacity 13412K, committed 13516K, reserved 1048576K
}
Event: 19.857 GC heap before
{Heap before GC invocations=29 (full 0):
 garbage-first heap   total 225280K, used 171347K [0x0000000080000000, 0x0000000100000000)
  region size 1024K, 46 young (47104K), 4 survivors (4096K)
 Metaspace       used 95790K, capacity 98242K, committed 98636K, reserved 1134592K
  class space    used 12550K, capacity 13493K, committed 13644K, reserved 1048576K
}
Event: 19.868 GC heap after
{Heap after GC invocations=30 (full 0):
 garbage-first heap   total 225280K, used 130999K [0x0000000080000000, 0x0000000100000000)
  region size 1024K, 3 young (3072K), 3 survivors (3072K)
 Metaspace       used 95790K, capacity 98242K, committed 98636K, reserved 1134592K
  class space    used 12550K, capacity 13493K, committed 13644K, reserved 1048576K
}
Event: 20.079 GC heap before
{Heap before GC invocations=30 (full 0):
 garbage-first heap   total 225280K, used 174007K [0x0000000080000000, 0x0000000100000000)
  region size 1024K, 46 young (47104K), 3 survivors (3072K)
 Metaspace       used 96299K, capacity 98826K, committed 99148K, reserved 1134592K
  class space    used 12594K, capacity 13533K, committed 13644K, reserved 1048576K
}
Event: 20.087 GC heap after
{Heap after GC invocations=31 (full 0):
 garbage-first heap   total 225280K, used 131282K [0x0000000080000000, 0x0000000100000000)
  region size 1024K, 4 young (4096K), 4 survivors (4096K)
 Metaspace       used 96299K, capacity 98826K, committed 99148K, reserved 1134592K
  class space    used 12594K, capacity 13533K, committed 13644K, reserved 1048576K
}
Event: 20.418 GC heap before
{Heap before GC invocations=31 (full 0):
 garbage-first heap   total 225280K, used 177362K [0x0000000080000000, 0x0000000100000000)
  region size 1024K, 49 young (50176K), 4 survivors (4096K)
 Metaspace       used 96520K, capacity 98949K, committed 99404K, reserved 1134592K
  class space    used 12555K, capacity 13442K, committed 13644K, reserved 1048576K
}
Event: 20.427 GC heap after
{Heap after GC invocations=32 (full 0):
 garbage-first heap   total 225280K, used 131563K [0x0000000080000000, 0x0000000100000000)
  region size 1024K, 4 young (4096K), 4 survivors (4096K)
 Metaspace       used 96520K, capacity 98949K, committed 99404K, reserved 1134592K
  class space    used 12555K, capacity 13442K, committed 13644K, reserved 1048576K
}
Event: 20.606 GC heap before
{Heap before GC invocations=33 (full 0):
 garbage-first heap   total 225280K, used 179691K [0x0000000080000000, 0x0000000100000000)
  region size 1024K, 51 young (52224K), 4 survivors (4096K)
 Metaspace       used 96578K, capacity 99003K, committed 99404K, reserved 1134592K
  class space    used 12572K, capacity 13482K, committed 13644K, reserved 1048576K
}
Event: 20.616 GC heap after
{Heap after GC invocations=34 (full 0):
 garbage-first heap   total 278528K, used 131733K [0x0000000080000000, 0x0000000100000000)
  region size 1024K, 4 young (4096K), 4 survivors (4096K)
 Metaspace       used 96578K, capacity 99003K, committed 99404K, reserved 1134592K
  class space    used 12572K, capacity 13482K, committed 13644K, reserved 1048576K
}
Event: 20.950 GC heap before
{Heap before GC invocations=34 (full 0):
 garbage-first heap   total 278528K, used 201365K [0x0000000080000000, 0x0000000100000000)
  region size 1024K, 73 young (74752K), 4 survivors (4096K)
 Metaspace       used 96699K, capacity 99145K, committed 99660K, reserved 1134592K
  class space    used 12575K, capacity 13486K, committed 13644K, reserved 1048576K
}
Event: 20.958 GC heap after
{Heap after GC invocations=35 (full 0):
 garbage-first heap   total 278528K, used 131842K [0x0000000080000000, 0x0000000100000000)
  region size 1024K, 4 young (4096K), 4 survivors (4096K)
 Metaspace       used 96699K, capacity 99145K, committed 99660K, reserved 1134592K
  class space    used 12575K, capacity 13486K, committed 13644K, reserved 1048576K
}
Event: 21.459 GC heap before
{Heap before GC invocations=36 (full 0):
 garbage-first heap   total 278528K, used 207618K [0x0000000080000000, 0x0000000100000000)
  region size 1024K, 78 young (79872K), 4 survivors (4096K)
 Metaspace       used 97805K, capacity 100297K, committed 100556K, reserved 1136640K
  class space    used 12696K, capacity 13631K, committed 13772K, reserved 1048576K
}
Event: 21.472 GC heap after
{Heap after GC invocations=37 (full 0):
 garbage-first heap   total 278528K, used 132501K [0x0000000080000000, 0x0000000100000000)
  region size 1024K, 5 young (5120K), 5 survivors (5120K)
 Metaspace       used 97805K, capacity 100297K, committed 100556K, reserved 1136640K
  class space    used 12696K, capacity 13631K, committed 13772K, reserved 1048576K
}
Event: 21.819 GC heap before
{Heap before GC invocations=37 (full 0):
 garbage-first heap   total 278528K, used 212373K [0x0000000080000000, 0x0000000100000000)
  region size 1024K, 83 young (84992K), 5 survivors (5120K)
 Metaspace       used 98521K, capacity 101138K, committed 101324K, reserved 1136640K
  class space    used 12791K, capacity 13759K, committed 13772K, reserved 1048576K
}
Event: 21.837 GC heap after
{Heap after GC invocations=38 (full 0):
 garbage-first heap   total 278528K, used 134475K [0x0000000080000000, 0x0000000100000000)
  region size 1024K, 7 young (7168K), 7 survivors (7168K)
 Metaspace       used 98521K, capacity 101138K, committed 101324K, reserved 1136640K
  class space    used 12791K, capacity 13759K, committed 13772K, reserved 1048576K
}
Event: 22.437 GC heap before
{Heap before GC invocations=39 (full 0):
 garbage-first heap   total 278528K, used 219467K [0x0000000080000000, 0x0000000100000000)
  region size 1024K, 91 young (93184K), 7 survivors (7168K)
 Metaspace       used 98892K, capacity 101409K, committed 101708K, reserved 1136640K
  class space    used 12822K, capacity 13779K, committed 13900K, reserved 1048576K
}

Deoptimization events (20 events):
Event: 22.147 Thread 0x000002c47f61c000 DEOPT PACKING pc=0x000002c401de9aa3 sp=0x000000fcccff9190
Event: 22.147 Thread 0x000002c47f61c000 DEOPT UNPACKING pc=0x000002c4000276ce sp=0x000000fcccff8918 mode 0
Event: 22.189 Thread 0x000002c47f61c000 DEOPT PACKING pc=0x000002c401ee66c6 sp=0x000000fcccff98a0
Event: 22.189 Thread 0x000002c47f61c000 DEOPT UNPACKING pc=0x000002c4000276ce sp=0x000000fcccff8d18 mode 0
Event: 22.195 Thread 0x000002c47f619000 DEOPT PACKING pc=0x000002c4017f0f14 sp=0x000000fccd2fd320
Event: 22.195 Thread 0x000002c47f619000 DEOPT UNPACKING pc=0x000002c4000276ce sp=0x000000fccd2fc8c0 mode 0
Event: 22.234 Thread 0x000002c47f618000 DEOPT PACKING pc=0x000002c401ee66c6 sp=0x000000fccd1f9a50
Event: 22.234 Thread 0x000002c47f618000 DEOPT UNPACKING pc=0x000002c4000276ce sp=0x000000fccd1f8ec8 mode 0
Event: 22.266 Thread 0x000002c47f619800 Uncommon trap: trap_request=0xffffff76 fr.pc=0x000002c4080b2d04 relative=0x0000000000007544
Event: 22.266 Thread 0x000002c47f619800 Uncommon trap: reason=loop_limit_check action=maybe_recompile pc=0x000002c4080b2d04 method=com.android.tools.r8.internal.Ph.h(I)I @ 10 c2
Event: 22.266 Thread 0x000002c47f619800 DEOPT PACKING pc=0x000002c4080b2d04 sp=0x000000fccd3f98a0
Event: 22.266 Thread 0x000002c47f619800 DEOPT UNPACKING pc=0x000002c4000278af sp=0x000000fccd3f9768 mode 2
Event: 22.343 Thread 0x000002c47f618000 DEOPT PACKING pc=0x000002c401ef1201 sp=0x000000fccd1f95a0
Event: 22.343 Thread 0x000002c47f618000 DEOPT UNPACKING pc=0x000002c4000276ce sp=0x000000fccd1f8ca0 mode 0
Event: 22.372 Thread 0x000002c47f619000 Uncommon trap: trap_request=0xffffff4d fr.pc=0x000002c407ff4300 relative=0x00000000000001c0
Event: 22.372 Thread 0x000002c47f619000 Uncommon trap: reason=unstable_if action=reinterpret pc=0x000002c407ff4300 method=com.android.tools.r8.graph.Q.g(Ljava/lang/Object;)Z @ 23 c2
Event: 22.372 Thread 0x000002c47f619000 DEOPT PACKING pc=0x000002c407ff4300 sp=0x000000fccd2fa6f0
Event: 22.372 Thread 0x000002c47f619000 DEOPT UNPACKING pc=0x000002c4000278af sp=0x000000fccd2fa680 mode 2
Event: 22.411 Thread 0x000002c47f611800 DEOPT PACKING pc=0x000002c4017f0f14 sp=0x000000fcccdfcf10
Event: 22.411 Thread 0x000002c47f611800 DEOPT UNPACKING pc=0x000002c4000276ce sp=0x000000fcccdfc4b0 mode 0

Classes redefined (0 events):
No events

Internal exceptions (20 events):
Event: 19.421 Thread 0x000002c47f611800 Exception <a 'java/lang/NoSuchMethodError'{0x000000008a42e398}: 'java.lang.Object java.lang.invoke.DirectMethodHandle$Holder.newInvokeSpecial(java.lang.Object, int)'> (0x000000008a42e398) thrown at [./src/hotspot/share/interpreter/linkResolver.cpp, line 773]
Event: 19.421 Thread 0x000002c47f61c000 Exception <a 'java/lang/NoSuchMethodError'{0x000000008a6c9538}: 'java.lang.Object java.lang.invoke.DirectMethodHandle$Holder.newInvokeSpecial(java.lang.Object, int)'> (0x000000008a6c9538) thrown at [./src/hotspot/share/interpreter/linkResolver.cpp, line 773]
Event: 19.421 Thread 0x000002c47f619000 Exception <a 'java/lang/NoSuchMethodError'{0x000000008a32ba78}: 'java.lang.Object java.lang.invoke.DirectMethodHandle$Holder.newInvokeSpecial(java.lang.Object, int)'> (0x000000008a32ba78) thrown at [./src/hotspot/share/interpreter/linkResolver.cpp, line 773]
Event: 19.421 Thread 0x000002c47f61d000 Exception <a 'java/lang/NoSuchMethodError'{0x000000008a79efa0}: 'java.lang.Object java.lang.invoke.DirectMethodHandle$Holder.newInvokeSpecial(java.lang.Object, int)'> (0x000000008a79efa0) thrown at [./src/hotspot/share/interpreter/linkResolver.cpp, line 773]
Event: 19.421 Thread 0x000002c47f619800 Exception <a 'java/lang/NoSuchMethodError'{0x000000008a8da2f0}: 'java.lang.Object java.lang.invoke.DirectMethodHandle$Holder.newInvokeSpecial(java.lang.Object, int)'> (0x000000008a8da2f0) thrown at [./src/hotspot/share/interpreter/linkResolver.cpp, line 773]
Event: 19.422 Thread 0x000002c47f61a800 Exception <a 'java/lang/NoSuchMethodError'{0x000000008a4edb88}: 'java.lang.Object java.lang.invoke.DirectMethodHandle$Holder.newInvokeSpecial(java.lang.Object, int)'> (0x000000008a4edb88) thrown at [./src/hotspot/share/interpreter/linkResolver.cpp, line 773]
Event: 19.451 Thread 0x000002c47f61c000 Exception <a 'java/lang/NoSuchMethodError'{0x000000008a0749b8}: 'java.lang.Object java.lang.invoke.DirectMethodHandle$Holder.invokeInterface(java.lang.Object, java.lang.Object, int)'> (0x000000008a0749b8) thrown at [./src/hotspot/share/interpreter/linkResolver.cpp, line 773]
Event: 20.504 Thread 0x000002c47f61d000 Exception <a 'java/lang/NoSuchMethodError'{0x000000008cb65d08}: 'int java.lang.invoke.DirectMethodHandle$Holder.invokeInterface(java.lang.Object, java.lang.Object, int)'> (0x000000008cb65d08) thrown at [./src/hotspot/share/interpreter/linkResolver.cpp, line 773]
Event: 21.135 Thread 0x000002c47f619000 Exception <a 'java/lang/NoSuchMethodError'{0x000000008f1eb068}: 'void java.lang.invoke.DirectMethodHandle$Holder.invokeSpecial(java.lang.Object, java.lang.Object, int, java.lang.Object, java.lang.Object, java.lang.Object, java.lang.Object)'> (0x000000008f1eb068) thrown at [./src/hotspot/share/interpreter/linkResolver.cpp, line 773]
Event: 21.136 Thread 0x000002c47f619000 Exception <a 'java/lang/NoSuchMethodError'{0x000000008f06d498}: 'java.lang.Object java.lang.invoke.Invokers$Holder.linkToTargetMethod(java.lang.Object, int, java.lang.Object, java.lang.Object, java.lang.Object, java.lang.Object)'> (0x000000008f06d498) thrown at [./src/hotspot/share/interpreter/linkResolver.cpp, line 773]
Event: 21.137 Thread 0x000002c47f619000 Exception <a 'java/lang/NoSuchMethodError'{0x000000008f071948}: 'void java.lang.invoke.DirectMethodHandle$Holder.invokeSpecial(java.lang.Object, java.lang.Object, java.lang.Object, java.lang.Object, java.lang.Object, java.lang.Object, java.lang.Object, java.lang.Object, java.lang.Object)'> (0x000000008f071948) thrown at [./src/hotspot/share/interpreter/linkResolver.cpp, line 773]
Event: 21.147 Thread 0x000002c47f619000 Exception <a 'java/lang/NoSuchMethodError'{0x000000008ef03738}: 'void java.lang.invoke.DirectMethodHandle$Holder.invokeStatic(java.lang.Object, java.lang.Object, java.lang.Object, java.lang.Object, java.lang.Object, java.lang.Object, java.lang.Object, java.lang.Object)'> (0x000000008ef03738) thrown at [./src/hotspot/share/interpreter/linkResolver.cpp, line 773]
Event: 21.522 Thread 0x000002c47f619000 Exception <a 'java/lang/IncompatibleClassChangeError'{0x000000008ff5c070}: Found class java.lang.Object, but interface was expected> (0x000000008ff5c070) thrown at [./src/hotspot/share/interpreter/linkResolver.cpp, line 839]
Event: 21.736 Thread 0x000002c47f611800 Exception <a 'java/lang/NoSuchMethodError'{0x000000008d264f60}: 'void java.lang.invoke.DirectMethodHandle$Holder.invokeVirtual(java.lang.Object, java.lang.Object, int)'> (0x000000008d264f60) thrown at [./src/hotspot/share/interpreter/linkResolver.cpp, line 773]
Event: 21.736 Thread 0x000002c47f619000 Exception <a 'java/lang/NoSuchMethodError'{0x000000008d2865e8}: 'void java.lang.invoke.DirectMethodHandle$Holder.invokeVirtual(java.lang.Object, java.lang.Object, int)'> (0x000000008d2865e8) thrown at [./src/hotspot/share/interpreter/linkResolver.cpp, line 773]
Event: 21.937 Thread 0x000002c47f611800 Exception <a 'sun/nio/fs/WindowsException'{0x0000000090d82ee0}> (0x0000000090d82ee0) thrown at [./src/hotspot/share/prims/jni.cpp, line 615]
Event: 21.943 Thread 0x000002c47f619000 Exception <a 'sun/nio/fs/WindowsException'{0x0000000090d579c0}> (0x0000000090d579c0) thrown at [./src/hotspot/share/prims/jni.cpp, line 615]
Event: 22.102 Thread 0x000002c47f619000 Exception <a 'java/lang/NoSuchMethodError'{0x000000008ec67198}: 'void java.lang.invoke.DirectMethodHandle$Holder.invokeStatic(java.lang.Object, java.lang.Object, java.lang.Object, java.lang.Object, java.lang.Object, java.lang.Object, java.lang.Object)'> (0x000000008ec67198) thrown at [./src/hotspot/share/interpreter/linkResolver.cpp, line 773]
Event: 22.371 Thread 0x000002c47f619000 Exception <a 'sun/nio/fs/WindowsException'{0x000000008cc0a930}> (0x000000008cc0a930) thrown at [./src/hotspot/share/prims/jni.cpp, line 615]
Event: 22.408 Thread 0x000002c47f61c000 Exception <a 'sun/nio/fs/WindowsException'{0x000000008c49e6c8}> (0x000000008c49e6c8) thrown at [./src/hotspot/share/prims/jni.cpp, line 615]

Events (20 events):
Event: 22.119 loading class org/gradle/internal/execution/history/impl/DefaultOutputFilesRepository
Event: 22.119 loading class org/gradle/internal/execution/history/impl/DefaultOutputFilesRepository done
Event: 22.120 loading class org/gradle/internal/execution/history/impl/DefaultOutputFilesRepository$1
Event: 22.120 loading class org/gradle/internal/execution/history/impl/DefaultOutputFilesRepository$1 done
Event: 22.120 loading class org/gradle/internal/execution/history/impl/FileSystemSnapshotSerializer$1
Event: 22.120 loading class org/gradle/internal/execution/history/impl/FileSystemSnapshotSerializer$1 done
Event: 22.121 loading class org/gradle/internal/execution/history/impl/FileSystemSnapshotSerializer$1$1
Event: 22.121 loading class org/gradle/internal/execution/history/impl/FileSystemSnapshotSerializer$1$1 done
Event: 22.163 Executing VM operation: ICBufferFull
Event: 22.168 Executing VM operation: ICBufferFull done
Event: 22.170 Executing VM operation: CGC_Operation
Event: 22.183 Executing VM operation: CGC_Operation done
Event: 22.190 Loaded shared library D:\PC1\jre\bin\zip.dll
Event: 22.194 loading class org/gradle/internal/execution/steps/SkipUpToDateStep$2
Event: 22.194 loading class org/gradle/internal/execution/steps/SkipUpToDateStep$2 done
Event: 22.357 Executing VM operation: ICBufferFull
Event: 22.358 Executing VM operation: ICBufferFull done
Event: 22.365 Executing VM operation: CGC_Operation
Event: 22.367 Executing VM operation: CGC_Operation done
Event: 22.436 Executing VM operation: G1CollectForAllocation


Dynamic libraries:
0x00007ff6b8950000 - 0x00007ff6b895a000 	D:\PC1\jre\bin\java.exe
0x00007ffc34e40000 - 0x00007ffc35047000 	C:\WINDOWS\SYSTEM32\ntdll.dll
0x00007ffc1bb40000 - 0x00007ffc1bb56000 	C:\Program Files\AVG\Antivirus\aswhook.dll
0x00007ffc34740000 - 0x00007ffc347fd000 	C:\WINDOWS\System32\KERNEL32.DLL
0x00007ffc32320000 - 0x00007ffc32694000 	C:\WINDOWS\System32\KERNELBASE.dll
0x00007ffc32b80000 - 0x00007ffc32c91000 	C:\WINDOWS\System32\ucrtbase.dll
0x00007ffc230a0000 - 0x00007ffc230b7000 	D:\PC1\jre\bin\VCRUNTIME140.dll
0x00007ffc230c0000 - 0x00007ffc230d9000 	D:\PC1\jre\bin\jli.dll
0x00007ffc348c0000 - 0x00007ffc34a6c000 	C:\WINDOWS\System32\USER32.dll
0x00007ffc32ca0000 - 0x00007ffc32cc6000 	C:\WINDOWS\System32\win32u.dll
0x00007ffc1e580000 - 0x00007ffc1e825000 	C:\WINDOWS\WinSxS\amd64_microsoft.windows.common-controls_6595b64144ccf1df_6.0.22000.120_none_9d947278b86cc467\COMCTL32.dll
0x00007ffc33e50000 - 0x00007ffc33ef3000 	C:\WINDOWS\System32\msvcrt.dll
0x00007ffc34ca0000 - 0x00007ffc34cc9000 	C:\WINDOWS\System32\GDI32.dll
0x00007ffc32a60000 - 0x00007ffc32b72000 	C:\WINDOWS\System32\gdi32full.dll
0x00007ffc327d0000 - 0x00007ffc3286d000 	C:\WINDOWS\System32\msvcp_win.dll
0x00007ffc32db0000 - 0x00007ffc32de1000 	C:\WINDOWS\System32\IMM32.DLL
0x00007ffc23000000 - 0x00007ffc2309d000 	D:\PC1\jre\bin\msvcp140.dll
0x00007ffbb17b0000 - 0x00007ffbb227f000 	D:\PC1\jre\bin\server\jvm.dll
0x00007ffc34810000 - 0x00007ffc348bc000 	C:\WINDOWS\System32\ADVAPI32.dll
0x00007ffc32cf0000 - 0x00007ffc32d8d000 	C:\WINDOWS\System32\sechost.dll
0x00007ffc34cd0000 - 0x00007ffc34df1000 	C:\WINDOWS\System32\RPCRT4.dll
0x00007ffc32d90000 - 0x00007ffc32d98000 	C:\WINDOWS\System32\PSAPI.DLL
0x00007ffc25860000 - 0x00007ffc25869000 	C:\WINDOWS\SYSTEM32\WSOCK32.dll
0x00007ffc2a090000 - 0x00007ffc2a0c3000 	C:\WINDOWS\SYSTEM32\WINMM.dll
0x00007ffc29a20000 - 0x00007ffc29a2a000 	C:\WINDOWS\SYSTEM32\VERSION.dll
0x00007ffc34c30000 - 0x00007ffc34c9f000 	C:\WINDOWS\System32\WS2_32.dll
0x00007ffc314b0000 - 0x00007ffc314c8000 	C:\WINDOWS\SYSTEM32\kernel.appcore.dll
0x00007ffc28af0000 - 0x00007ffc28b01000 	D:\PC1\jre\bin\verify.dll
0x00007ffc2ff70000 - 0x00007ffc30191000 	C:\WINDOWS\SYSTEM32\DBGHELP.DLL
0x00007ffc288d0000 - 0x00007ffc28901000 	C:\WINDOWS\SYSTEM32\dbgcore.DLL
0x00007ffc329e0000 - 0x00007ffc32a5f000 	C:\WINDOWS\System32\bcryptPrimitives.dll
0x00007ffc24880000 - 0x00007ffc248a9000 	D:\PC1\jre\bin\java.dll
0x00007ffc2db00000 - 0x00007ffc2db0b000 	D:\PC1\jre\bin\jimage.dll
0x00007ffc27ee0000 - 0x00007ffc27ef8000 	D:\PC1\jre\bin\zip.dll
0x00007ffc33270000 - 0x00007ffc33a1e000 	C:\WINDOWS\System32\SHELL32.dll
0x00007ffc304c0000 - 0x00007ffc30d27000 	C:\WINDOWS\SYSTEM32\windows.storage.dll
0x00007ffc32e80000 - 0x00007ffc331f8000 	C:\WINDOWS\System32\combase.dll
0x00007ffc30350000 - 0x00007ffc304b6000 	C:\WINDOWS\SYSTEM32\wintypes.dll
0x00007ffc33ce0000 - 0x00007ffc33dca000 	C:\WINDOWS\System32\SHCORE.dll
0x00007ffc34bd0000 - 0x00007ffc34c2d000 	C:\WINDOWS\System32\shlwapi.dll
0x00007ffc32250000 - 0x00007ffc32271000 	C:\WINDOWS\SYSTEM32\profapi.dll
0x00007ffc26f20000 - 0x00007ffc26f3a000 	D:\PC1\jre\bin\net.dll
0x00007ffc297a0000 - 0x00007ffc298ac000 	C:\WINDOWS\SYSTEM32\WINHTTP.dll
0x00007ffc318c0000 - 0x00007ffc31927000 	C:\WINDOWS\system32\mswsock.dll
0x00007ffc20180000 - 0x00007ffc20194000 	D:\PC1\jre\bin\nio.dll
0x00007ffc1cd60000 - 0x00007ffc1cd87000 	D:\native\8bec1ad78214c89d9ad589b4d07fe93259594b29d510b10fafb7a158f7737e5d\windows-amd64\native-platform.dll
0x00007ffbe1c30000 - 0x00007ffbe1d6d000 	D:\native\53dbd7edfb1c66fb8903c78663c9afc45aea4f116125fa6feffd364cf09443e8\windows-amd64\native-platform-file-events.dll
0x00007ffc2d930000 - 0x00007ffc2d93a000 	D:\PC1\jre\bin\management.dll
0x00007ffc2cfa0000 - 0x00007ffc2cfac000 	D:\PC1\jre\bin\management_ext.dll
0x00007ffc31b90000 - 0x00007ffc31ba8000 	C:\WINDOWS\SYSTEM32\CRYPTSP.dll
0x00007ffc31410000 - 0x00007ffc31445000 	C:\WINDOWS\system32\rsaenh.dll
0x00007ffc319e0000 - 0x00007ffc31a09000 	C:\WINDOWS\SYSTEM32\USERENV.dll
0x00007ffc31d00000 - 0x00007ffc31d27000 	C:\WINDOWS\SYSTEM32\bcrypt.dll
0x00007ffc31b80000 - 0x00007ffc31b8c000 	C:\WINDOWS\SYSTEM32\CRYPTBASE.dll
0x00007ffc30f80000 - 0x00007ffc30fad000 	C:\WINDOWS\SYSTEM32\IPHLPAPI.DLL
0x00007ffc32da0000 - 0x00007ffc32da9000 	C:\WINDOWS\System32\NSI.dll
0x00007ffc29370000 - 0x00007ffc29389000 	C:\WINDOWS\SYSTEM32\dhcpcsvc6.DLL
0x00007ffc29d90000 - 0x00007ffc29dae000 	C:\WINDOWS\SYSTEM32\dhcpcsvc.DLL
0x00007ffc30ff0000 - 0x00007ffc310d7000 	C:\WINDOWS\SYSTEM32\DNSAPI.dll

dbghelp: loaded successfully - version: 4.0.5 - missing functions: none
symbol engine: initialized successfully - sym options: 0x614 - pdb path: .;D:\PC1\jre\bin;C:\WINDOWS\SYSTEM32;C:\Program Files\AVG\Antivirus;C:\WINDOWS\WinSxS\amd64_microsoft.windows.common-controls_6595b64144ccf1df_6.0.22000.120_none_9d947278b86cc467;D:\PC1\jre\bin\server;D:\native\8bec1ad78214c89d9ad589b4d07fe93259594b29d510b10fafb7a158f7737e5d\windows-amd64;D:\native\53dbd7edfb1c66fb8903c78663c9afc45aea4f116125fa6feffd364cf09443e8\windows-amd64

VM Arguments:
jvm_args: --add-opens=java.base/java.util=ALL-UNNAMED --add-opens=java.base/java.lang=ALL-UNNAMED --add-opens=java.base/java.lang.invoke=ALL-UNNAMED --add-opens=java.base/java.util=ALL-UNNAMED --add-opens=java.prefs/java.util.prefs=ALL-UNNAMED --add-opens=java.prefs/java.util.prefs=ALL-UNNAMED --add-opens=java.base/java.nio.charset=ALL-UNNAMED --add-opens=java.base/java.net=ALL-UNNAMED --add-opens=java.base/java.util.concurrent.atomic=ALL-UNNAMED -Xmx2048m -Dfile.encoding=UTF-8 -Duser.country=US -Duser.language=en -Duser.variant 
java_command: org.gradle.launcher.daemon.bootstrap.GradleDaemon 7.0.2
java_class_path (initial): D:\wrapper\dists\gradle-7.0.2-bin\857tjihv64xamwrf0h14cai3r\gradle-7.0.2\lib\gradle-launcher-7.0.2.jar
Launcher Type: SUN_STANDARD

[Global flags]
     intx CICompilerCount                          = 4                                         {product} {ergonomic}
     uint ConcGCThreads                            = 2                                         {product} {ergonomic}
     uint G1ConcRefinementThreads                  = 8                                         {product} {ergonomic}
   size_t G1HeapRegionSize                         = 1048576                                   {product} {ergonomic}
    uintx GCDrainStackTargetSize                   = 64                                        {product} {ergonomic}
   size_t InitialHeapSize                          = 132120576                                 {product} {ergonomic}
   size_t MarkStackSize                            = 4194304                                   {product} {ergonomic}
   size_t MaxHeapSize                              = 2147483648                                {product} {command line}
   size_t MaxNewSize                               = 1287651328                                {product} {ergonomic}
   size_t MinHeapDeltaBytes                        = 1048576                                   {product} {ergonomic}
    uintx NonNMethodCodeHeapSize                   = 5836300                                {pd product} {ergonomic}
    uintx NonProfiledCodeHeapSize                  = 122910970                              {pd product} {ergonomic}
    uintx ProfiledCodeHeapSize                     = 122910970                              {pd product} {ergonomic}
    uintx ReservedCodeCacheSize                    = 251658240                              {pd product} {ergonomic}
     bool SegmentedCodeCache                       = true                                      {product} {ergonomic}
     bool UseCompressedClassPointers               = true                                 {lp64_product} {ergonomic}
     bool UseCompressedOops                        = true                                 {lp64_product} {ergonomic}
     bool UseG1GC                                  = true                                      {product} {ergonomic}
     bool UseLargePagesIndividualAllocation        = false                                  {pd product} {ergonomic}

Logging:
Log output configuration:
 #0: stdout all=warning uptime,level,tags
 #1: stderr all=off uptime,level,tags

Environment Variables:
PATH=C:\Program Files\Common Files\Oracle\Java\javapath;C:\Program Files (x86)\Common Files\Oracle\Java\javapath;C:\WINDOWS\system32;C:\WINDOWS;C:\WINDOWS\System32\Wbem;C:\WINDOWS\System32\WindowsPowerShell\v1.0\;C:\WINDOWS\System32\OpenSSH\;C:\Program Files\Intel\WiFi\bin\;C:\Program Files\Common Files\Intel\WirelessCommon\;C:\Program Files\dotnet\;c:\Program Files (x86)\Microsoft SQL Server\110\Tools\Binn\;c:\Program Files\Microsoft SQL Server\110\Tools\Binn\;c:\Program Files\Microsoft SQL Server\110\DTS\Binn\;C:\Program Files (x86)\Microsoft SQL Server\110\Tools\Binn\ManagementStudio\;C:\Program Files (x86)\Microsoft Visual Studio 10.0\Common7\IDE\PrivateAssemblies\;C:\Program Files (x86)\Microsoft SQL Server\110\DTS\Binn\;C:\Program Files\Microsoft SQL Server\130\Tools\Binn\;C:\Program Files\Microsoft SQL Server\Client SDK\ODBC\170\Tools\Binn\;C:\Users\PC\Downloads eclipse.java.juno-SR2-win32\eclipsejre\bin\javaw.exe;C:\Program Files\nodejs\;C:\Program Files\Git\cmd;C:\Users\PC\AppData\Local\Programs\Python\Python38-32\Scripts\;C:\Users\PC\AppData\Local\Programs\Python\Python38-32\;C:\Users\PC\AppData\Local\Programs\Python\Python38\Scripts\;C:\Users\PC\AppData\Local\Programs\Python\Python38\;C:\Users\PC\AppData\Local\Microsoft\WindowsApps;C:\Users\PC\.dotnet\tools;C:\Users\PC\AppData\Roaming\npm
USERNAME=PC
OS=Windows_NT
PROCESSOR_IDENTIFIER=Intel64 Family 6 Model 142 Stepping 11, GenuineIntel



---------------  S Y S T E M  ---------------

OS: Windows 10 , 64 bit Build 22000 (10.0.22000.318)
OS uptime: 8 days 8:27 hours

CPU:total 8 (initial active 8) (4 cores per cpu, 2 threads per core) family 6 model 142 stepping 11 microcode 0xde, cmov, cx8, fxsr, mmx, sse, sse2, sse3, ssse3, sse4.1, sse4.2, popcnt, avx, avx2, aes, clmul, erms, 3dnowpref, lzcnt, ht, tsc, tscinvbit, bmi1, bmi2, adx, fma

Memory: 4k page, system-wide physical 8043M (288M free)
TotalPageFile size 17059M (AvailPageFile size 47M)
current process WorkingSet (physical memory assigned to process): 602M, peak: 604M
current process commit charge ("private bytes"): 669M, peak: 769M

vm_info: OpenJDK 64-Bit Server VM (11.0.10+0-b96-7249189) for windows-amd64 JRE (11.0.10+0-b96-7249189), built on Mar 31 2021 21:44:00 by "builder" with MS VC++ 14.0 (VS2015)

END.
