#
# There is insufficient memory for the Java Runtime Environment to continue.
# Native memory allocation (mmap) failed to map 38797312 bytes for Failed to commit area from 0x000000008b700000 to 0x000000008dc00000 of length 38797312.
# Possible reasons:
#   The system is out of physical RAM or swap space
#   The process is running with CompressedOops enabled, and the Java Heap may be blocking the growth of the native heap
# Possible solutions:
#   Reduce memory load on the system
#   Increase physical memory or swap space
#   Check if swap backing store is full
#   Decrease Java heap size (-Xmx/-Xms)
#   Decrease number of Java threads
#   Decrease Java thread stack sizes (-Xss)
#   Set larger code cache with -XX:ReservedCodeCacheSize=
#   JVM is running with Unscaled Compressed Oops mode in which the Java heap is
#     placed in the first 4GB address space. The Java Heap base address is the
#     maximum limit for the native heap growth. Please use -XX:HeapBaseMinAddress
#     to set the Java Heap base and to place the Java Heap above 4GB virtual address.
# This output file may be truncated or incomplete.
#
#  Out of Memory Error (./src/hotspot/os/windows/os_windows.cpp:3301), pid=10348, tid=15388
#
# JRE version: OpenJDK Runtime Environment (11.0.10) (build 11.0.10+0-b96-7249189)
# Java VM: OpenJDK 64-Bit Server VM (11.0.10+0-b96-7249189, mixed mode, tiered, compressed oops, g1 gc, windows-amd64)
# No core dump will be written. Minidumps are not enabled by default on client versions of Windows
#

---------------  S U M M A R Y ------------

Command Line: --add-opens=java.base/java.util=ALL-UNNAMED --add-opens=java.base/java.lang=ALL-UNNAMED --add-opens=java.base/java.lang.invoke=ALL-UNNAMED --add-opens=java.base/java.util=ALL-UNNAMED --add-opens=java.prefs/java.util.prefs=ALL-UNNAMED --add-opens=java.prefs/java.util.prefs=ALL-UNNAMED --add-opens=java.base/java.nio.charset=ALL-UNNAMED --add-opens=java.base/java.net=ALL-UNNAMED --add-opens=java.base/java.util.concurrent.atomic=ALL-UNNAMED -Xmx2048m -Dfile.encoding=UTF-8 -Duser.country=US -Duser.language=en -Duser.variant org.gradle.launcher.daemon.bootstrap.GradleDaemon 7.0.2

Host: Intel(R) Core(TM) i5-8265U CPU @ 1.60GHz, 8 cores, 7G,  Windows 10 , 64 bit Build 22000 (10.0.22000.318)
Time: Sun Dec 26 22:09:00 2021 SE Asia Standard Time elapsed time: 20.252382 seconds (0d 0h 0m 20s)

---------------  T H R E A D  ---------------

Current thread (0x0000015250489000):  VMThread "VM Thread" [stack: 0x00000026fc400000,0x00000026fc500000] [id=15388]

Stack: [0x00000026fc400000,0x00000026fc500000]
[error occurred during error reporting (printing stack bounds), id 0xc0000005, EXCEPTION_ACCESS_VIOLATION (0xc0000005) at pc=0x0000015239b10f2d]

Native frames: (J=compiled Java code, j=interpreted, Vv=VM code, C=native code)
V  [jvm.dll+0x5ecfaa]
V  [jvm.dll+0x722bd5]
V  [jvm.dll+0x72412d]
V  [jvm.dll+0x724745]
V  [jvm.dll+0x7246fb]
V  [jvm.dll+0x5ec348]
V  [jvm.dll+0x5ecad8]
C  [ntdll.dll+0xa82ff]
C  [ntdll.dll+0x35a0a]
C  [ntdll.dll+0xa730e]
C  0x0000015239b10f2d

VM_Operation (0x00000026ff5f8da0): G1CollectForAllocation, mode: safepoint, requested by thread 0x0000015257d73800


---------------  P R O C E S S  ---------------

Threads class SMR info:
_java_thread_list=0x0000015251fb4c60, length=64, elements={
0x0000015236026800, 0x000001525048a800, 0x000001525048d800, 0x0000015250e34800,
0x0000015250e36000, 0x0000015250e37000, 0x0000015250e42000, 0x00000152504a8800,
0x00000152504b6000, 0x0000015250f89800, 0x00000152531ca000, 0x00000152529a8000,
0x0000015252e89800, 0x0000015252e88800, 0x00000152531c5000, 0x00000152524fc800,
0x0000015253b89000, 0x0000015254286000, 0x0000015254287000, 0x0000015252df1800,
0x0000015252df2000, 0x0000015252ded800, 0x0000015252def000, 0x0000015252f0f800,
0x0000015252df3000, 0x0000015252def800, 0x0000015252df4000, 0x0000015252dee000,
0x0000015252df0800, 0x0000015254711800, 0x0000015254716800, 0x0000015254714800,
0x0000015254713000, 0x0000015254717000, 0x0000015254715800, 0x0000015257d72800,
0x0000015257d75000, 0x0000015257d71000, 0x0000015257d6f000, 0x0000015257d74000,
0x0000015257d73800, 0x0000015257d71800, 0x0000015257d75800, 0x0000015257d70000,
0x0000015257d78000, 0x0000015257d76800, 0x0000015257d79000, 0x0000015257d77800,
0x0000015257d7a000, 0x0000015257d7b800, 0x0000015257d7a800, 0x0000015257d7d000,
0x0000015257d7e000, 0x0000015253435800, 0x0000015253434800, 0x0000015253432000,
0x0000015253434000, 0x0000015253436800, 0x0000015253430800, 0x0000015253437000,
0x0000015253431800, 0x0000015253439000, 0x0000015253438000, 0x0000015253433000
}

Java Threads: ( => current thread )
  0x0000015236026800 JavaThread "main" [_thread_blocked, id=9996, stack(0x00000026fbe00000,0x00000026fbf00000)]
  0x000001525048a800 JavaThread "Reference Handler" daemon [_thread_blocked, id=11420, stack(0x00000026fc500000,0x00000026fc600000)]
  0x000001525048d800 JavaThread "Finalizer" daemon [_thread_blocked, id=2688, stack(0x00000026fc600000,0x00000026fc700000)]
  0x0000015250e34800 JavaThread "Signal Dispatcher" daemon [_thread_blocked, id=17648, stack(0x00000026fc700000,0x00000026fc800000)]
  0x0000015250e36000 JavaThread "Attach Listener" daemon [_thread_blocked, id=12360, stack(0x00000026fc800000,0x00000026fc900000)]
  0x0000015250e37000 JavaThread "Service Thread" daemon [_thread_blocked, id=22964, stack(0x00000026fc900000,0x00000026fca00000)]
  0x0000015250e42000 JavaThread "C2 CompilerThread0" daemon [_thread_blocked, id=12880, stack(0x00000026fca00000,0x00000026fcb00000)]
  0x00000152504a8800 JavaThread "C1 CompilerThread0" daemon [_thread_blocked, id=6076, stack(0x00000026fcb00000,0x00000026fcc00000)]
  0x00000152504b6000 JavaThread "Sweeper thread" daemon [_thread_blocked, id=20192, stack(0x00000026fcc00000,0x00000026fcd00000)]
  0x0000015250f89800 JavaThread "Common-Cleaner" daemon [_thread_blocked, id=22452, stack(0x00000026fcd00000,0x00000026fce00000)]
  0x00000152531ca000 JavaThread "Daemon health stats" [_thread_blocked, id=15256, stack(0x00000026fd200000,0x00000026fd300000)]
  0x00000152529a8000 JavaThread "Incoming local TCP Connector on port 63661" [_thread_in_native, id=13216, stack(0x00000026fcf00000,0x00000026fd000000)]
  0x0000015252e89800 JavaThread "Daemon periodic checks" [_thread_blocked, id=18004, stack(0x00000026fd300000,0x00000026fd400000)]
  0x0000015252e88800 JavaThread "Daemon" [_thread_blocked, id=4640, stack(0x00000026fd400000,0x00000026fd500000)]
  0x00000152531c5000 JavaThread "Handler for socket connection from /127.0.0.1:63661 to /127.0.0.1:63662" [_thread_in_native, id=16096, stack(0x00000026fd500000,0x00000026fd600000)]
  0x00000152524fc800 JavaThread "Cancel handler" [_thread_blocked, id=10732, stack(0x00000026fd600000,0x00000026fd700000)]
  0x0000015253b89000 JavaThread "Daemon worker" [_thread_blocked, id=15892, stack(0x00000026fd700000,0x00000026fd800000)]
  0x0000015254286000 JavaThread "Asynchronous log dispatcher for DefaultDaemonConnection: socket connection from /127.0.0.1:63661 to /127.0.0.1:63662" [_thread_blocked, id=19312, stack(0x00000026fd800000,0x00000026fd900000)]
  0x0000015254287000 JavaThread "Stdin handler" [_thread_blocked, id=14412, stack(0x00000026fd900000,0x00000026fda00000)]
  0x0000015252df1800 JavaThread "Daemon client event forwarder" [_thread_blocked, id=17404, stack(0x00000026fda00000,0x00000026fdb00000)]
  0x0000015252df2000 JavaThread "Cache worker for file hash cache (D:\caches\7.0.2\fileHashes)" [_thread_blocked, id=18560, stack(0x00000026fe000000,0x00000026fe100000)]
  0x0000015252ded800 JavaThread "File lock request listener" [_thread_in_native, id=20248, stack(0x00000026fe100000,0x00000026fe200000)]
  0x0000015252def000 JavaThread "Cache worker for journal cache (D:\caches\journal-1)" [_thread_blocked, id=18720, stack(0x00000026fe300000,0x00000026fe400000)]
  0x0000015252f0f800 JavaThread "C2 CompilerThread1" daemon [_thread_blocked, id=2276, stack(0x00000026fe400000,0x00000026fe500000)]
  0x0000015252df3000 JavaThread "Cache worker for file hash cache (C:\Users\PC\AndroidStudioProjects\MyApplication5\.gradle\7.0.2\fileHashes)" [_thread_blocked, id=14144, stack(0x00000026fe500000,0x00000026fe600000)]
  0x0000015252def800 JavaThread "File watcher server" daemon [_thread_blocked, id=8324, stack(0x00000026fe600000,0x00000026fe700000)]
  0x0000015252df4000 JavaThread "File watcher consumer" daemon [_thread_blocked, id=21068, stack(0x00000026fe700000,0x00000026fe800000)]
  0x0000015252dee000 JavaThread "Cache worker for checksums cache (C:\Users\PC\AndroidStudioProjects\MyApplication5\.gradle\checksums)" [_thread_blocked, id=21892, stack(0x00000026fe800000,0x00000026fe900000)]
  0x0000015252df0800 JavaThread "Cache worker for cache directory md-supplier (D:\caches\7.0.2\md-supplier)" [_thread_blocked, id=12120, stack(0x00000026fe900000,0x00000026fea00000)]
  0x0000015254711800 JavaThread "Cache worker for cache directory md-rule (D:\caches\7.0.2\md-rule)" [_thread_blocked, id=20016, stack(0x00000026fea00000,0x00000026feb00000)]
  0x0000015254716800 JavaThread "Cache worker for execution history cache (D:\caches\7.0.2\executionHistory)" [_thread_blocked, id=12324, stack(0x00000026feb00000,0x00000026fec00000)]
  0x0000015254714800 JavaThread "jar transforms" [_thread_blocked, id=19332, stack(0x00000026fec00000,0x00000026fed00000)]
  0x0000015254713000 JavaThread "jar transforms Thread 2" [_thread_blocked, id=14316, stack(0x00000026fed00000,0x00000026fee00000)]
  0x0000015254717000 JavaThread "Cache worker for file content cache (D:\caches\7.0.2\fileContent)" [_thread_blocked, id=23176, stack(0x00000026fee00000,0x00000026fef00000)]
  0x0000015254715800 JavaThread "Cache worker for dependencies-accessors (C:\Users\PC\AndroidStudioProjects\MyApplication5\.gradle\7.0.2\dependencies-accessors)" [_thread_blocked, id=21416, stack(0x00000026fef00000,0x00000026ff000000)]
  0x0000015257d72800 JavaThread "jar transforms Thread 3" [_thread_blocked, id=13808, stack(0x00000026ff000000,0x00000026ff100000)]
  0x0000015257d75000 JavaThread "Cache worker for Build Output Cleanup Cache (C:\Users\PC\AndroidStudioProjects\MyApplication5\.gradle\buildOutputCleanup)" [_thread_blocked, id=12056, stack(0x00000026ff100000,0x00000026ff200000)]
  0x0000015257d71000 JavaThread "Build operations" [_thread_blocked, id=2360, stack(0x00000026ff200000,0x00000026ff300000)]
  0x0000015257d6f000 JavaThread "Build operations Thread 2" [_thread_blocked, id=5500, stack(0x00000026ff300000,0x00000026ff400000)]
  0x0000015257d74000 JavaThread "Build operations Thread 3" [_thread_blocked, id=5104, stack(0x00000026ff400000,0x00000026ff500000)]
  0x0000015257d73800 JavaThread "Build operations Thread 4" [_thread_blocked, id=16956, stack(0x00000026ff500000,0x00000026ff600000)]
  0x0000015257d71800 JavaThread "Build operations Thread 5" [_thread_blocked, id=23244, stack(0x00000026ff600000,0x00000026ff700000)]
  0x0000015257d75800 JavaThread "Build operations Thread 6" [_thread_blocked, id=3492, stack(0x00000026ff700000,0x00000026ff800000)]
  0x0000015257d70000 JavaThread "Build operations Thread 7" [_thread_blocked, id=14912, stack(0x00000026ff800000,0x00000026ff900000)]
  0x0000015257d78000 JavaThread "Build operations Thread 8" [_thread_blocked, id=16756, stack(0x00000026ff900000,0x00000026ffa00000)]
  0x0000015257d76800 JavaThread "jar transforms Thread 4" [_thread_blocked, id=15216, stack(0x00000026ffa00000,0x00000026ffb00000)]
  0x0000015257d79000 JavaThread "jar transforms Thread 5" [_thread_blocked, id=22972, stack(0x00000026ffb00000,0x00000026ffc00000)]
  0x0000015257d77800 JavaThread "jar transforms Thread 6" [_thread_blocked, id=6912, stack(0x00000026ffc00000,0x00000026ffd00000)]
  0x0000015257d7a000 JavaThread "jar transforms Thread 7" [_thread_blocked, id=7396, stack(0x00000026ffd00000,0x00000026ffe00000)]
  0x0000015257d7b800 JavaThread "jar transforms Thread 8" [_thread_blocked, id=4876, stack(0x00000026ffe00000,0x00000026fff00000)]
  0x0000015257d7a800 JavaThread "Memory manager" [_thread_blocked, id=15112, stack(0x00000026fff00000,0x0000002700000000)]
  0x0000015257d7d000 JavaThread "build event listener" [_thread_blocked, id=8024, stack(0x0000002680000000,0x0000002680100000)]
  0x0000015257d7e000 JavaThread "pool-3-thread-1" [_thread_blocked, id=13388, stack(0x0000002680100000,0x0000002680200000)]
  0x0000015253435800 JavaThread "build event listener" [_thread_blocked, id=8788, stack(0x0000002680200000,0x0000002680300000)]
  0x0000015253434800 JavaThread "Execution worker for ':'" [_thread_blocked, id=23508, stack(0x0000002680300000,0x0000002680400000)]
  0x0000015253432000 JavaThread "Execution worker for ':' Thread 2" [_thread_blocked, id=23272, stack(0x0000002680400000,0x0000002680500000)]
  0x0000015253434000 JavaThread "Execution worker for ':' Thread 3" [_thread_blocked, id=5620, stack(0x0000002680500000,0x0000002680600000)]
  0x0000015253436800 JavaThread "Execution worker for ':' Thread 4" [_thread_blocked, id=9324, stack(0x0000002680600000,0x0000002680700000)]
  0x0000015253430800 JavaThread "Execution worker for ':' Thread 5" [_thread_blocked, id=14372, stack(0x0000002680700000,0x0000002680800000)]
  0x0000015253437000 JavaThread "Execution worker for ':' Thread 6" [_thread_blocked, id=6476, stack(0x0000002680800000,0x0000002680900000)]
  0x0000015253431800 JavaThread "Execution worker for ':' Thread 7" [_thread_blocked, id=23032, stack(0x0000002680900000,0x0000002680a00000)]
  0x0000015253439000 JavaThread "Cache worker for execution history cache (C:\Users\PC\AndroidStudioProjects\MyApplication5\.gradle\7.0.2\executionHistory)" [_thread_blocked, id=18468, stack(0x0000002680a00000,0x0000002680b00000)]
  0x0000015253438000 JavaThread "WorkerExecutor Queue" [_thread_blocked, id=20384, stack(0x0000002680b00000,0x0000002680c00000)]
  0x0000015253433000 JavaThread "WorkerExecutor Queue Thread 2" [_thread_blocked, id=22548, stack(0x0000002680c00000,0x0000002680d00000)]

Other Threads:
=>0x0000015250489000 VMThread "VM Thread" [stack: 0x00000026fc400000,0x00000026fc500000] [id=15388]
  0x0000015250fac800 WatcherThread [stack: 0x00000026fce00000,0x00000026fcf00000] [id=15412]
  0x000001523603f000 GCTaskThread "GC Thread#0" [stack: 0x00000026fbf00000,0x00000026fc000000] [id=11944]
  0x0000015251acf000 GCTaskThread "GC Thread#1" [stack: 0x00000026fd000000,0x00000026fd100000] [id=14276]
  0x0000015251ad1800 GCTaskThread "GC Thread#2" [stack: 0x00000026fd100000,0x00000026fd200000] [id=21992]
  0x0000015251acd800 GCTaskThread "GC Thread#3" [stack: 0x00000026fdb00000,0x00000026fdc00000] [id=21176]
  0x0000015251ad0000 GCTaskThread "GC Thread#4" [stack: 0x00000026fdc00000,0x00000026fdd00000] [id=16092]
  0x0000015251acb800 GCTaskThread "GC Thread#5" [stack: 0x00000026fdd00000,0x00000026fde00000] [id=18744]
  0x0000015251acb000 GCTaskThread "GC Thread#6" [stack: 0x00000026fde00000,0x00000026fdf00000] [id=23444]
  0x0000015251ad0800 GCTaskThread "GC Thread#7" [stack: 0x00000026fdf00000,0x00000026fe000000] [id=10992]
  0x0000015236072800 ConcurrentGCThread "G1 Main Marker" [stack: 0x00000026fc000000,0x00000026fc100000] [id=21484]
  0x0000015236073800 ConcurrentGCThread "G1 Conc#0" [stack: 0x00000026fc100000,0x00000026fc200000] [id=10404]
  0x0000015251ad2000 ConcurrentGCThread "G1 Conc#1" [stack: 0x00000026fe200000,0x00000026fe300000] [id=11704]
  0x00000152502d6800 ConcurrentGCThread "G1 Refine#0" [stack: 0x00000026fc200000,0x00000026fc300000] [id=22388]
  0x00000152502d8000 ConcurrentGCThread "G1 Young RemSet Sampling" [stack: 0x00000026fc300000,0x00000026fc400000] [id=15900]

Threads with active compile tasks:
C2 CompilerThread0  20291 10922       4       com.android.tools.r8.graph.G0::a (138 bytes)
C1 CompilerThread0  20291 10965       2       java.lang.StrictMath::floorOrCeil (128 bytes)
C2 CompilerThread1  20291 10936  s!   4       jdk.internal.loader.URLClassPath::getLoader (194 bytes)

VM state:at safepoint (normal execution)

VM Mutex/Monitor currently owned by a thread:  ([mutex/lock_event])
[0x0000015236021e00] Threads_lock - owner thread: 0x0000015250489000
[0x0000015236021f20] Heap_lock - owner thread: 0x0000015257d73800

Heap address: 0x0000000080000000, size: 2048 MB, Compressed Oops mode: 32-bit
Narrow klass base: 0x0000000000000000, Narrow klass shift: 3
Compressed class space size: 1073741824 Address: 0x0000000100000000

Heap:
 garbage-first heap   total 225280K, used 119808K [0x0000000080000000, 0x0000000100000000)
  region size 1024K, 6 young (6144K), 6 survivors (6144K)
 Metaspace       used 95707K, capacity 98151K, committed 98892K, reserved 1134592K
  class space    used 12393K, capacity 13327K, committed 13644K, reserved 1048576K
Heap Regions: E=young(eden), S=young(survivor), O=old, HS=humongous(starts), HC=humongous(continues), CS=collection set, F=free, A=archive, TAMS=top-at-mark-start (previous, next)
|   0|0x0000000080000000, 0x0000000080100000, 0x0000000080100000|100%| O|  |TAMS 0x0000000080100000, 0x0000000080000000| Updating 
|   1|0x0000000080100000, 0x0000000080200000, 0x0000000080200000|100%| O|  |TAMS 0x0000000080200000, 0x0000000080100000| Updating 
|   2|0x0000000080200000, 0x0000000080300000, 0x0000000080300000|100%| O|  |TAMS 0x0000000080300000, 0x0000000080200000| Updating 
|   3|0x0000000080300000, 0x0000000080400000, 0x0000000080400000|100%|HS|  |TAMS 0x0000000080400000, 0x0000000080300000| Complete 
|   4|0x0000000080400000, 0x0000000080500000, 0x0000000080500000|100%|HC|  |TAMS 0x0000000080500000, 0x0000000080400000| Complete 
|   5|0x0000000080500000, 0x0000000080600000, 0x0000000080600000|100%|HC|  |TAMS 0x0000000080600000, 0x0000000080500000| Complete 
|   6|0x0000000080600000, 0x0000000080700000, 0x0000000080700000|100%| O|  |TAMS 0x0000000080700000, 0x0000000080600000| Updating 
|   7|0x0000000080700000, 0x0000000080800000, 0x0000000080800000|100%| O|  |TAMS 0x0000000080800000, 0x0000000080700000| Updating 
|   8|0x0000000080800000, 0x0000000080900000, 0x0000000080900000|100%| O|  |TAMS 0x0000000080900000, 0x0000000080800000| Updating 
|   9|0x0000000080900000, 0x0000000080a00000, 0x0000000080a00000|100%| O|  |TAMS 0x0000000080a00000, 0x0000000080900000| Updating 
|  10|0x0000000080a00000, 0x0000000080b00000, 0x0000000080b00000|100%| O|  |TAMS 0x0000000080b00000, 0x0000000080a00000| Updating 
|  11|0x0000000080b00000, 0x0000000080c00000, 0x0000000080c00000|100%| O|  |TAMS 0x0000000080c00000, 0x0000000080b00000| Updating 
|  12|0x0000000080c00000, 0x0000000080d00000, 0x0000000080d00000|100%| O|  |TAMS 0x0000000080d00000, 0x0000000080c00000| Updating 
|  13|0x0000000080d00000, 0x0000000080e00000, 0x0000000080e00000|100%| O|  |TAMS 0x0000000080e00000, 0x0000000080d00000| Updating 
|  14|0x0000000080e00000, 0x0000000080f00000, 0x0000000080f00000|100%| O|  |TAMS 0x0000000080f00000, 0x0000000080e00000| Updating 
|  15|0x0000000080f00000, 0x0000000081000000, 0x0000000081000000|100%| O|  |TAMS 0x0000000081000000, 0x0000000080f00000| Updating 
|  16|0x0000000081000000, 0x0000000081100000, 0x0000000081100000|100%| O|  |TAMS 0x0000000081100000, 0x0000000081000000| Updating 
|  17|0x0000000081100000, 0x0000000081200000, 0x0000000081200000|100%|HS|  |TAMS 0x0000000081200000, 0x0000000081100000| Complete 
|  18|0x0000000081200000, 0x0000000081300000, 0x0000000081300000|100%| O|  |TAMS 0x0000000081300000, 0x0000000081200000| Updating 
|  19|0x0000000081300000, 0x0000000081400000, 0x0000000081400000|100%| O|  |TAMS 0x0000000081400000, 0x0000000081300000| Updating 
|  20|0x0000000081400000, 0x0000000081500000, 0x0000000081500000|100%| O|  |TAMS 0x0000000081500000, 0x0000000081400000| Updating 
|  21|0x0000000081500000, 0x0000000081600000, 0x0000000081600000|100%| O|  |TAMS 0x0000000081600000, 0x0000000081500000| Updating 
|  22|0x0000000081600000, 0x0000000081700000, 0x0000000081700000|100%| O|  |TAMS 0x0000000081700000, 0x0000000081600000| Updating 
|  23|0x0000000081700000, 0x0000000081800000, 0x0000000081800000|100%| O|  |TAMS 0x0000000081800000, 0x0000000081700000| Updating 
|  24|0x0000000081800000, 0x0000000081900000, 0x0000000081900000|100%|HS|  |TAMS 0x0000000081900000, 0x0000000081800000| Complete 
|  25|0x0000000081900000, 0x0000000081a00000, 0x0000000081a00000|100%|HS|  |TAMS 0x0000000081a00000, 0x0000000081900000| Complete 
|  26|0x0000000081a00000, 0x0000000081b00000, 0x0000000081b00000|100%|HC|  |TAMS 0x0000000081b00000, 0x0000000081a00000| Complete 
|  27|0x0000000081b00000, 0x0000000081c00000, 0x0000000081c00000|100%| O|  |TAMS 0x0000000081c00000, 0x0000000081b00000| Updating 
|  28|0x0000000081c00000, 0x0000000081d00000, 0x0000000081d00000|100%| O|  |TAMS 0x0000000081d00000, 0x0000000081c00000| Updating 
|  29|0x0000000081d00000, 0x0000000081e00000, 0x0000000081e00000|100%| O|  |TAMS 0x0000000081e00000, 0x0000000081d00000| Updating 
|  30|0x0000000081e00000, 0x0000000081f00000, 0x0000000081f00000|100%| O|  |TAMS 0x0000000081f00000, 0x0000000081e00000| Updating 
|  31|0x0000000081f00000, 0x0000000082000000, 0x0000000082000000|100%| O|  |TAMS 0x0000000082000000, 0x0000000081f00000| Updating 
|  32|0x0000000082000000, 0x0000000082100000, 0x0000000082100000|100%| O|  |TAMS 0x0000000082100000, 0x0000000082000000| Updating 
|  33|0x0000000082100000, 0x0000000082200000, 0x0000000082200000|100%| O|  |TAMS 0x0000000082200000, 0x0000000082100000| Updating 
|  34|0x0000000082200000, 0x0000000082300000, 0x0000000082300000|100%| O|  |TAMS 0x0000000082300000, 0x0000000082200000| Updating 
|  35|0x0000000082300000, 0x0000000082400000, 0x0000000082400000|100%| O|  |TAMS 0x0000000082400000, 0x0000000082300000| Updating 
|  36|0x0000000082400000, 0x0000000082500000, 0x0000000082500000|100%| O|  |TAMS 0x0000000082500000, 0x0000000082400000| Updating 
|  37|0x0000000082500000, 0x0000000082600000, 0x0000000082600000|100%| O|  |TAMS 0x0000000082600000, 0x0000000082500000| Updating 
|  38|0x0000000082600000, 0x0000000082700000, 0x0000000082700000|100%| O|  |TAMS 0x0000000082700000, 0x0000000082600000| Updating 
|  39|0x0000000082700000, 0x0000000082800000, 0x0000000082800000|100%| O|  |TAMS 0x0000000082800000, 0x0000000082700000| Updating 
|  40|0x0000000082800000, 0x0000000082900000, 0x0000000082900000|100%| O|  |TAMS 0x0000000082900000, 0x0000000082800000| Updating 
|  41|0x0000000082900000, 0x0000000082a00000, 0x0000000082a00000|100%| O|  |TAMS 0x0000000082a00000, 0x0000000082900000| Updating 
|  42|0x0000000082a00000, 0x0000000082b00000, 0x0000000082b00000|100%| O|  |TAMS 0x0000000082b00000, 0x0000000082a00000| Updating 
|  43|0x0000000082b00000, 0x0000000082c00000, 0x0000000082c00000|100%| O|  |TAMS 0x0000000082c00000, 0x0000000082b00000| Updating 
|  44|0x0000000082c00000, 0x0000000082d00000, 0x0000000082d00000|100%| O|  |TAMS 0x0000000082d00000, 0x0000000082c00000| Updating 
|  45|0x0000000082d00000, 0x0000000082e00000, 0x0000000082e00000|100%| O|  |TAMS 0x0000000082e00000, 0x0000000082d00000| Updating 
|  46|0x0000000082e00000, 0x0000000082f00000, 0x0000000082f00000|100%| O|  |TAMS 0x0000000082f00000, 0x0000000082e00000| Updating 
|  47|0x0000000082f00000, 0x0000000083000000, 0x0000000083000000|100%| O|  |TAMS 0x0000000083000000, 0x0000000082f00000| Updating 
|  48|0x0000000083000000, 0x0000000083100000, 0x0000000083100000|100%| O|  |TAMS 0x0000000083100000, 0x0000000083000000| Updating 
|  49|0x0000000083100000, 0x0000000083200000, 0x0000000083200000|100%| O|  |TAMS 0x0000000083200000, 0x0000000083100000| Updating 
|  50|0x0000000083200000, 0x0000000083300000, 0x0000000083300000|100%| O|  |TAMS 0x0000000083300000, 0x0000000083200000| Updating 
|  51|0x0000000083300000, 0x0000000083400000, 0x0000000083400000|100%| O|  |TAMS 0x0000000083400000, 0x0000000083300000| Updating 
|  52|0x0000000083400000, 0x0000000083500000, 0x0000000083500000|100%| O|  |TAMS 0x0000000083500000, 0x0000000083400000| Updating 
|  53|0x0000000083500000, 0x0000000083600000, 0x0000000083600000|100%| O|  |TAMS 0x0000000083600000, 0x0000000083500000| Updating 
|  54|0x0000000083600000, 0x0000000083700000, 0x0000000083700000|100%| O|  |TAMS 0x0000000083700000, 0x0000000083600000| Updating 
|  55|0x0000000083700000, 0x0000000083800000, 0x0000000083800000|100%| O|  |TAMS 0x0000000083800000, 0x0000000083700000| Updating 
|  56|0x0000000083800000, 0x0000000083900000, 0x0000000083900000|100%| O|  |TAMS 0x0000000083900000, 0x0000000083800000| Updating 
|  57|0x0000000083900000, 0x0000000083a00000, 0x0000000083a00000|100%| O|  |TAMS 0x0000000083a00000, 0x0000000083900000| Updating 
|  58|0x0000000083a00000, 0x0000000083b00000, 0x0000000083b00000|100%| O|  |TAMS 0x0000000083b00000, 0x0000000083a00000| Updating 
|  59|0x0000000083b00000, 0x0000000083c00000, 0x0000000083c00000|100%| O|  |TAMS 0x0000000083c00000, 0x0000000083b00000| Updating 
|  60|0x0000000083c00000, 0x0000000083d00000, 0x0000000083d00000|100%| O|  |TAMS 0x0000000083d00000, 0x0000000083c00000| Updating 
|  61|0x0000000083d00000, 0x0000000083e00000, 0x0000000083e00000|100%| O|  |TAMS 0x0000000083e00000, 0x0000000083d00000| Updating 
|  62|0x0000000083e00000, 0x0000000083f00000, 0x0000000083f00000|100%| O|  |TAMS 0x0000000083f00000, 0x0000000083e00000| Updating 
|  63|0x0000000083f00000, 0x0000000084000000, 0x0000000084000000|100%| O|  |TAMS 0x0000000084000000, 0x0000000083f00000| Updating 
|  64|0x0000000084000000, 0x0000000084100000, 0x0000000084100000|100%| O|  |TAMS 0x0000000084100000, 0x0000000084000000| Updating 
|  65|0x0000000084100000, 0x0000000084200000, 0x0000000084200000|100%| O|  |TAMS 0x0000000084200000, 0x0000000084100000| Updating 
|  66|0x0000000084200000, 0x0000000084300000, 0x0000000084300000|100%| O|  |TAMS 0x0000000084300000, 0x0000000084200000| Updating 
|  67|0x0000000084300000, 0x0000000084400000, 0x0000000084400000|100%| O|  |TAMS 0x0000000084400000, 0x0000000084300000| Updating 
|  68|0x0000000084400000, 0x0000000084500000, 0x0000000084500000|100%| O|  |TAMS 0x0000000084500000, 0x0000000084400000| Updating 
|  69|0x0000000084500000, 0x0000000084600000, 0x0000000084600000|100%| O|  |TAMS 0x0000000084600000, 0x0000000084500000| Updating 
|  70|0x0000000084600000, 0x0000000084700000, 0x0000000084700000|100%| O|  |TAMS 0x0000000084700000, 0x0000000084600000| Updating 
|  71|0x0000000084700000, 0x0000000084800000, 0x0000000084800000|100%| O|  |TAMS 0x0000000084800000, 0x0000000084700000| Updating 
|  72|0x0000000084800000, 0x0000000084900000, 0x0000000084900000|100%| O|  |TAMS 0x0000000084900000, 0x0000000084800000| Updating 
|  73|0x0000000084900000, 0x0000000084a00000, 0x0000000084a00000|100%| O|  |TAMS 0x0000000084a00000, 0x0000000084900000| Updating 
|  74|0x0000000084a00000, 0x0000000084b00000, 0x0000000084b00000|100%| O|  |TAMS 0x0000000084b00000, 0x0000000084a00000| Updating 
|  75|0x0000000084b00000, 0x0000000084c00000, 0x0000000084c00000|100%| O|  |TAMS 0x0000000084c00000, 0x0000000084b00000| Updating 
|  76|0x0000000084c00000, 0x0000000084d00000, 0x0000000084d00000|100%| O|  |TAMS 0x0000000084d00000, 0x0000000084c00000| Updating 
|  77|0x0000000084d00000, 0x0000000084e00000, 0x0000000084e00000|100%| O|  |TAMS 0x0000000084e00000, 0x0000000084d00000| Updating 
|  78|0x0000000084e00000, 0x0000000084f00000, 0x0000000084f00000|100%| O|  |TAMS 0x0000000084f00000, 0x0000000084e00000| Updating 
|  79|0x0000000084f00000, 0x0000000085000000, 0x0000000085000000|100%| O|  |TAMS 0x0000000085000000, 0x0000000084f00000| Updating 
|  80|0x0000000085000000, 0x0000000085100000, 0x0000000085100000|100%| O|  |TAMS 0x0000000085100000, 0x0000000085000000| Updating 
|  81|0x0000000085100000, 0x0000000085200000, 0x0000000085200000|100%| O|  |TAMS 0x0000000085200000, 0x0000000085100000| Updating 
|  82|0x0000000085200000, 0x0000000085300000, 0x0000000085300000|100%| O|  |TAMS 0x0000000085300000, 0x0000000085200000| Updating 
|  83|0x0000000085300000, 0x0000000085400000, 0x0000000085400000|100%| O|  |TAMS 0x0000000085400000, 0x0000000085300000| Updating 
|  84|0x0000000085400000, 0x0000000085500000, 0x0000000085500000|100%| O|  |TAMS 0x0000000085500000, 0x0000000085400000| Updating 
|  85|0x0000000085500000, 0x0000000085600000, 0x0000000085600000|100%| O|  |TAMS 0x0000000085600000, 0x0000000085500000| Updating 
|  86|0x0000000085600000, 0x0000000085700000, 0x0000000085700000|100%| O|  |TAMS 0x0000000085700000, 0x0000000085600000| Updating 
|  87|0x0000000085700000, 0x0000000085800000, 0x0000000085800000|100%| O|  |TAMS 0x0000000085800000, 0x0000000085700000| Updating 
|  88|0x0000000085800000, 0x0000000085900000, 0x0000000085900000|100%| O|  |TAMS 0x0000000085900000, 0x0000000085800000| Updating 
|  89|0x0000000085900000, 0x0000000085a00000, 0x0000000085a00000|100%| O|  |TAMS 0x0000000085a00000, 0x0000000085900000| Updating 
|  90|0x0000000085a00000, 0x0000000085b00000, 0x0000000085b00000|100%| O|  |TAMS 0x0000000085b00000, 0x0000000085a00000| Updating 
|  91|0x0000000085b00000, 0x0000000085c00000, 0x0000000085c00000|100%| O|  |TAMS 0x0000000085c00000, 0x0000000085b00000| Updating 
|  92|0x0000000085c00000, 0x0000000085d00000, 0x0000000085d00000|100%| O|  |TAMS 0x0000000085d00000, 0x0000000085c00000| Updating 
|  93|0x0000000085d00000, 0x0000000085e00000, 0x0000000085e00000|100%| O|  |TAMS 0x0000000085dc9800, 0x0000000085d00000| Updating 
|  94|0x0000000085e00000, 0x0000000085f00000, 0x0000000085f00000|100%| O|  |TAMS 0x0000000085e00000, 0x0000000085e00000| Untracked 
|  95|0x0000000085f00000, 0x0000000086000000, 0x0000000086000000|100%| O|  |TAMS 0x0000000085f00000, 0x0000000085f00000| Untracked 
|  96|0x0000000086000000, 0x0000000086100000, 0x0000000086100000|100%| O|  |TAMS 0x0000000086000000, 0x0000000086000000| Untracked 
|  97|0x0000000086100000, 0x0000000086200000, 0x0000000086200000|100%| O|  |TAMS 0x0000000086100000, 0x0000000086100000| Untracked 
|  98|0x0000000086200000, 0x0000000086300000, 0x0000000086300000|100%| O|  |TAMS 0x0000000086200000, 0x0000000086200000| Untracked 
|  99|0x0000000086300000, 0x0000000086400000, 0x0000000086400000|100%| O|  |TAMS 0x0000000086300000, 0x0000000086300000| Untracked 
| 100|0x0000000086400000, 0x0000000086500000, 0x0000000086500000|100%| O|  |TAMS 0x0000000086400000, 0x0000000086400000| Untracked 
| 101|0x0000000086500000, 0x0000000086600000, 0x0000000086600000|100%| O|  |TAMS 0x0000000086500000, 0x0000000086500000| Untracked 
| 102|0x0000000086600000, 0x0000000086700000, 0x0000000086700000|100%| O|  |TAMS 0x0000000086600000, 0x0000000086600000| Untracked 
| 103|0x0000000086700000, 0x0000000086800000, 0x0000000086800000|100%| O|  |TAMS 0x0000000086700000, 0x0000000086700000| Untracked 
| 104|0x0000000086800000, 0x0000000086900000, 0x0000000086900000|100%| O|  |TAMS 0x0000000086800000, 0x0000000086800000| Untracked 
| 105|0x0000000086900000, 0x0000000086a00000, 0x0000000086a00000|100%| O|  |TAMS 0x0000000086900000, 0x0000000086900000| Untracked 
| 106|0x0000000086a00000, 0x0000000086b00000, 0x0000000086b00000|100%| O|  |TAMS 0x0000000086a00000, 0x0000000086a00000| Untracked 
| 107|0x0000000086b00000, 0x0000000086c00000, 0x0000000086c00000|100%| O|  |TAMS 0x0000000086b00000, 0x0000000086b00000| Untracked 
| 108|0x0000000086c00000, 0x0000000086d00000, 0x0000000086d00000|100%| O|  |TAMS 0x0000000086c00000, 0x0000000086c00000| Untracked 
| 109|0x0000000086d00000, 0x0000000086e00000, 0x0000000086e00000|100%| O|  |TAMS 0x0000000086d00000, 0x0000000086d00000| Untracked 
| 110|0x0000000086e00000, 0x0000000086f00000, 0x0000000086f00000|100%| O|  |TAMS 0x0000000086e00000, 0x0000000086e00000| Untracked 
| 111|0x0000000086f00000, 0x0000000086f00000, 0x0000000087000000|  0%| F|  |TAMS 0x0000000086f00000, 0x0000000086f00000| Untracked 
| 112|0x0000000087000000, 0x0000000087000000, 0x0000000087100000|  0%| F|  |TAMS 0x0000000087000000, 0x0000000087000000| Untracked 
| 113|0x0000000087100000, 0x0000000087100000, 0x0000000087200000|  0%| F|  |TAMS 0x0000000087100000, 0x0000000087100000| Untracked 
| 114|0x0000000087200000, 0x0000000087200000, 0x0000000087300000|  0%| F|  |TAMS 0x0000000087200000, 0x0000000087200000| Untracked 
| 115|0x0000000087300000, 0x0000000087300000, 0x0000000087400000|  0%| F|  |TAMS 0x0000000087300000, 0x0000000087300000| Untracked 
| 116|0x0000000087400000, 0x0000000087400000, 0x0000000087500000|  0%| F|  |TAMS 0x0000000087400000, 0x0000000087400000| Untracked 
| 117|0x0000000087500000, 0x0000000087500000, 0x0000000087600000|  0%| F|  |TAMS 0x0000000087500000, 0x0000000087500000| Untracked 
| 118|0x0000000087600000, 0x0000000087600000, 0x0000000087700000|  0%| F|  |TAMS 0x0000000087600000, 0x0000000087600000| Untracked 
| 119|0x0000000087700000, 0x0000000087700000, 0x0000000087800000|  0%| F|  |TAMS 0x0000000087700000, 0x0000000087700000| Untracked 
| 120|0x0000000087800000, 0x0000000087800000, 0x0000000087900000|  0%| F|  |TAMS 0x0000000087800000, 0x0000000087800000| Untracked 
| 121|0x0000000087900000, 0x0000000087900000, 0x0000000087a00000|  0%| F|  |TAMS 0x0000000087900000, 0x0000000087900000| Untracked 
| 122|0x0000000087a00000, 0x0000000087a00000, 0x0000000087b00000|  0%| F|  |TAMS 0x0000000087a00000, 0x0000000087a00000| Untracked 
| 123|0x0000000087b00000, 0x0000000087b00000, 0x0000000087c00000|  0%| F|  |TAMS 0x0000000087b00000, 0x0000000087b00000| Untracked 
| 124|0x0000000087c00000, 0x0000000087c00000, 0x0000000087d00000|  0%| F|  |TAMS 0x0000000087c00000, 0x0000000087c00000| Untracked 
| 125|0x0000000087d00000, 0x0000000087d00000, 0x0000000087e00000|  0%| F|  |TAMS 0x0000000087d00000, 0x0000000087d00000| Untracked 
| 126|0x0000000087e00000, 0x0000000087e00000, 0x0000000087f00000|  0%| F|  |TAMS 0x0000000087e00000, 0x0000000087e00000| Untracked 
| 127|0x0000000087f00000, 0x0000000087f00000, 0x0000000088000000|  0%| F|  |TAMS 0x0000000087f00000, 0x0000000087f00000| Untracked 
| 128|0x0000000088000000, 0x0000000088000000, 0x0000000088100000|  0%| F|  |TAMS 0x0000000088000000, 0x0000000088000000| Untracked 
| 129|0x0000000088100000, 0x0000000088100000, 0x0000000088200000|  0%| F|  |TAMS 0x0000000088100000, 0x0000000088100000| Untracked 
| 130|0x0000000088200000, 0x0000000088200000, 0x0000000088300000|  0%| F|  |TAMS 0x0000000088200000, 0x0000000088200000| Untracked 
| 131|0x0000000088300000, 0x0000000088300000, 0x0000000088400000|  0%| F|  |TAMS 0x0000000088300000, 0x0000000088300000| Untracked 
| 132|0x0000000088400000, 0x0000000088400000, 0x0000000088500000|  0%| F|  |TAMS 0x0000000088400000, 0x0000000088400000| Untracked 
| 133|0x0000000088500000, 0x0000000088600000, 0x0000000088600000|100%| S|CS|TAMS 0x0000000088500000, 0x0000000088500000| Complete 
| 134|0x0000000088600000, 0x0000000088600000, 0x0000000088700000|  0%| F|  |TAMS 0x0000000088600000, 0x0000000088600000| Untracked 
| 135|0x0000000088700000, 0x0000000088700000, 0x0000000088800000|  0%| F|  |TAMS 0x0000000088700000, 0x0000000088700000| Untracked 
| 136|0x0000000088800000, 0x0000000088800000, 0x0000000088900000|  0%| F|  |TAMS 0x0000000088800000, 0x0000000088800000| Untracked 
| 137|0x0000000088900000, 0x0000000088900000, 0x0000000088a00000|  0%| F|  |TAMS 0x0000000088900000, 0x0000000088900000| Untracked 
| 138|0x0000000088a00000, 0x0000000088a00000, 0x0000000088b00000|  0%| F|  |TAMS 0x0000000088a00000, 0x0000000088a00000| Untracked 
| 139|0x0000000088b00000, 0x0000000088b00000, 0x0000000088c00000|  0%| F|  |TAMS 0x0000000088b00000, 0x0000000088b00000| Untracked 
| 140|0x0000000088c00000, 0x0000000088c00000, 0x0000000088d00000|  0%| F|  |TAMS 0x0000000088c00000, 0x0000000088c00000| Untracked 
| 141|0x0000000088d00000, 0x0000000088e00000, 0x0000000088e00000|100%| S|CS|TAMS 0x0000000088d00000, 0x0000000088d00000| Complete 
| 142|0x0000000088e00000, 0x0000000088f00000, 0x0000000088f00000|100%| S|CS|TAMS 0x0000000088e00000, 0x0000000088e00000| Complete 
| 143|0x0000000088f00000, 0x0000000089000000, 0x0000000089000000|100%| S|CS|TAMS 0x0000000088f00000, 0x0000000088f00000| Complete 
| 144|0x0000000089000000, 0x0000000089100000, 0x0000000089100000|100%| S|CS|TAMS 0x0000000089000000, 0x0000000089000000| Complete 
| 145|0x0000000089100000, 0x0000000089200000, 0x0000000089200000|100%| S|CS|TAMS 0x0000000089100000, 0x0000000089100000| Complete 
| 146|0x0000000089200000, 0x0000000089200000, 0x0000000089300000|  0%| F|  |TAMS 0x0000000089200000, 0x0000000089200000| Untracked 
| 147|0x0000000089300000, 0x0000000089300000, 0x0000000089400000|  0%| F|  |TAMS 0x0000000089300000, 0x0000000089300000| Untracked 
| 148|0x0000000089400000, 0x0000000089400000, 0x0000000089500000|  0%| F|  |TAMS 0x0000000089400000, 0x0000000089400000| Untracked 
| 149|0x0000000089500000, 0x0000000089500000, 0x0000000089600000|  0%| F|  |TAMS 0x0000000089500000, 0x0000000089500000| Untracked 
| 150|0x0000000089600000, 0x0000000089600000, 0x0000000089700000|  0%| F|  |TAMS 0x0000000089600000, 0x0000000089600000| Untracked 
| 151|0x0000000089700000, 0x0000000089700000, 0x0000000089800000|  0%| F|  |TAMS 0x0000000089700000, 0x0000000089700000| Untracked 
| 152|0x0000000089800000, 0x0000000089800000, 0x0000000089900000|  0%| F|  |TAMS 0x0000000089800000, 0x0000000089800000| Untracked 
| 153|0x0000000089900000, 0x0000000089900000, 0x0000000089a00000|  0%| F|  |TAMS 0x0000000089900000, 0x0000000089900000| Untracked 
| 154|0x0000000089a00000, 0x0000000089a00000, 0x0000000089b00000|  0%| F|  |TAMS 0x0000000089a00000, 0x0000000089a00000| Untracked 
| 155|0x0000000089b00000, 0x0000000089b00000, 0x0000000089c00000|  0%| F|  |TAMS 0x0000000089b00000, 0x0000000089b00000| Untracked 
| 156|0x0000000089c00000, 0x0000000089c00000, 0x0000000089d00000|  0%| F|  |TAMS 0x0000000089c00000, 0x0000000089c00000| Untracked 
| 157|0x0000000089d00000, 0x0000000089d00000, 0x0000000089e00000|  0%| F|  |TAMS 0x0000000089d00000, 0x0000000089d00000| Untracked 
| 158|0x0000000089e00000, 0x0000000089e00000, 0x0000000089f00000|  0%| F|  |TAMS 0x0000000089e00000, 0x0000000089e00000| Untracked 
| 159|0x0000000089f00000, 0x0000000089f00000, 0x000000008a000000|  0%| F|  |TAMS 0x0000000089f00000, 0x0000000089f00000| Untracked 
| 160|0x000000008a000000, 0x000000008a000000, 0x000000008a100000|  0%| F|  |TAMS 0x000000008a000000, 0x000000008a000000| Untracked 
| 161|0x000000008a100000, 0x000000008a100000, 0x000000008a200000|  0%| F|  |TAMS 0x000000008a100000, 0x000000008a100000| Untracked 
| 162|0x000000008a200000, 0x000000008a200000, 0x000000008a300000|  0%| F|  |TAMS 0x000000008a200000, 0x000000008a200000| Untracked 
| 163|0x000000008a300000, 0x000000008a300000, 0x000000008a400000|  0%| F|  |TAMS 0x000000008a300000, 0x000000008a300000| Untracked 
| 164|0x000000008a400000, 0x000000008a400000, 0x000000008a500000|  0%| F|  |TAMS 0x000000008a400000, 0x000000008a400000| Untracked 
| 165|0x000000008a500000, 0x000000008a500000, 0x000000008a600000|  0%| F|  |TAMS 0x000000008a500000, 0x000000008a500000| Untracked 
| 166|0x000000008a600000, 0x000000008a600000, 0x000000008a700000|  0%| F|  |TAMS 0x000000008a600000, 0x000000008a600000| Untracked 
| 167|0x000000008a700000, 0x000000008a700000, 0x000000008a800000|  0%| F|  |TAMS 0x000000008a700000, 0x000000008a700000| Untracked 
| 168|0x000000008a800000, 0x000000008a800000, 0x000000008a900000|  0%| F|  |TAMS 0x000000008a800000, 0x000000008a800000| Untracked 
| 169|0x000000008a900000, 0x000000008a900000, 0x000000008aa00000|  0%| F|  |TAMS 0x000000008a900000, 0x000000008a900000| Untracked 
| 170|0x000000008aa00000, 0x000000008aa00000, 0x000000008ab00000|  0%| F|  |TAMS 0x000000008aa00000, 0x000000008aa00000| Untracked 
| 171|0x000000008ab00000, 0x000000008ab00000, 0x000000008ac00000|  0%| F|  |TAMS 0x000000008ab00000, 0x000000008ab00000| Untracked 
| 172|0x000000008ac00000, 0x000000008ac00000, 0x000000008ad00000|  0%| F|  |TAMS 0x000000008ac00000, 0x000000008ac00000| Untracked 
| 173|0x000000008ad00000, 0x000000008ad00000, 0x000000008ae00000|  0%| F|  |TAMS 0x000000008ad00000, 0x000000008ad00000| Untracked 
| 174|0x000000008ae00000, 0x000000008ae00000, 0x000000008af00000|  0%| F|  |TAMS 0x000000008ae00000, 0x000000008ae00000| Untracked 
| 175|0x000000008af00000, 0x000000008af00000, 0x000000008b000000|  0%| F|  |TAMS 0x000000008af00000, 0x000000008af00000| Untracked 
| 176|0x000000008b000000, 0x000000008b000000, 0x000000008b100000|  0%| F|  |TAMS 0x000000008b000000, 0x000000008b000000| Untracked 
| 177|0x000000008b100000, 0x000000008b100000, 0x000000008b200000|  0%| F|  |TAMS 0x000000008b100000, 0x000000008b100000| Untracked 
| 178|0x000000008b200000, 0x000000008b200000, 0x000000008b300000|  0%| F|  |TAMS 0x000000008b200000, 0x000000008b200000| Untracked 
| 179|0x000000008b300000, 0x000000008b300000, 0x000000008b400000|  0%| F|  |TAMS 0x000000008b300000, 0x000000008b300000| Untracked 
| 180|0x000000008b400000, 0x000000008b400000, 0x000000008b500000|  0%| F|  |TAMS 0x000000008b400000, 0x000000008b400000| Untracked 
| 181|0x000000008b500000, 0x000000008b500000, 0x000000008b600000|  0%| F|  |TAMS 0x000000008b500000, 0x000000008b500000| Untracked 
| 182|0x000000008b600000, 0x000000008b600000, 0x000000008b700000|  0%| F|  |TAMS 0x000000008b600000, 0x000000008b600000| Untracked 

Card table byte_map: [0x0000015249240000,0x0000015249640000] _byte_map_base: 0x0000015248e40000

Marking Bits (Prev, Next): (CMBitMap*) 0x0000015236069a38, (CMBitMap*) 0x0000015236069a70
 Prev Bits: [0x0000015249a40000, 0x000001524ba40000)
 Next Bits: [0x000001524ba40000, 0x000001524da40000)

Polling page: 0x0000015235800000

Metaspace:

Usage:
  Non-class:     82.84 MB capacity,    81.36 MB ( 98%) used,     1.20 MB (  1%) free+waste,   275.94 KB ( <1%) overhead. 
      Class:     13.01 MB capacity,    12.10 MB ( 93%) used,   803.66 KB (  6%) free+waste,   129.88 KB ( <1%) overhead. 
       Both:     95.85 MB capacity,    93.46 MB ( 98%) used,     1.99 MB (  2%) free+waste,   405.81 KB ( <1%) overhead. 

Virtual space:
  Non-class space:       84.00 MB reserved,      83.25 MB (>99%) committed 
      Class space:        1.00 GB reserved,      13.32 MB (  1%) committed 
             Both:        1.08 GB reserved,      96.57 MB (  9%) committed 

Chunk freelists:
   Non-Class:  424.00 KB
       Class:  241.00 KB
        Both:  665.00 KB

MaxMetaspaceSize: 17179869184.00 GB
CompressedClassSpaceSize: 1.00 GB

CodeHeap 'non-profiled nmethods': size=120000Kb used=5658Kb max_used=5658Kb free=114341Kb
 bounds [0x00000152415e0000, 0x0000015241b70000, 0x0000015248b10000]
CodeHeap 'profiled nmethods': size=120000Kb used=23271Kb max_used=23271Kb free=96728Kb
 bounds [0x000001523a0b0000, 0x000001523b770000, 0x00000152415e0000]
CodeHeap 'non-nmethods': size=5760Kb used=2300Kb max_used=2377Kb free=3459Kb
 bounds [0x0000015239b10000, 0x0000015239d80000, 0x000001523a0b0000]
 total_blobs=11551 nmethods=10642 adapters=820
 compilation: enabled
              stopped_count=0, restarted_count=0
 full_count=0

Compilation events (20 events):
Event: 20.205 Thread 0x00000152504a8800 nmethod 10952 0x000001523b765090 code [0x000001523b765240, 0x000001523b765378]
Event: 20.205 Thread 0x00000152504a8800 10945       2       com.android.tools.r8.internal.N9::a (13 bytes)
Event: 20.205 Thread 0x00000152504a8800 nmethod 10945 0x000001523b765410 code [0x000001523b7655c0, 0x000001523b765708]
Event: 20.205 Thread 0x00000152504a8800 10946       2       com.android.tools.r8.internal.b2$c::<init> (11 bytes)
Event: 20.205 Thread 0x00000152504a8800 nmethod 10946 0x000001523b765810 code [0x000001523b7659c0, 0x000001523b765b58]
Event: 20.206 Thread 0x00000152504a8800 10957       2       com.android.tools.r8.internal.tE::a (130 bytes)
Event: 20.208 Thread 0x00000152504a8800 nmethod 10957 0x000001523b765c10 code [0x000001523b765ea0, 0x000001523b7668c8]
Event: 20.208 Thread 0x00000152504a8800 10958       2       com.android.tools.r8.graph.d0::q0 (8 bytes)
Event: 20.208 Thread 0x00000152504a8800 nmethod 10958 0x000001523b766d90 code [0x000001523b766f80, 0x000001523b7672f8]
Event: 20.211 Thread 0x00000152504a8800 10959       2       com.android.tools.r8.graph.T::a (53 bytes)
Event: 20.212 Thread 0x00000152504a8800 nmethod 10959 0x000001523b767590 code [0x000001523b767820, 0x000001523b768128]
Event: 20.213 Thread 0x00000152504a8800 10960       2       com.android.tools.r8.graph.G0::a (69 bytes)
Event: 20.214 Thread 0x00000152504a8800 nmethod 10960 0x000001523b768690 code [0x000001523b7688a0, 0x000001523b768dd8]
Event: 20.214 Thread 0x00000152504a8800 10961       2       com.android.tools.r8.internal.n5::<init> (37 bytes)
Event: 20.214 Thread 0x00000152504a8800 nmethod 10961 0x000001523b769090 code [0x000001523b769240, 0x000001523b7694b8]
Event: 20.218 Thread 0x00000152504a8800 10962       2       com.android.tools.r8.graph.D0::<init> (38 bytes)
Event: 20.218 Thread 0x00000152504a8800 nmethod 10962 0x000001523b769590 code [0x000001523b769760, 0x000001523b769ac8]
Event: 20.222 Thread 0x00000152504a8800 10964       2       java.lang.Math::ceil (5 bytes)
Event: 20.223 Thread 0x00000152504a8800 nmethod 10964 0x000001523b769c10 code [0x000001523b769e00, 0x000001523b769f08]
Event: 20.223 Thread 0x00000152504a8800 10965       2       java.lang.StrictMath::floorOrCeil (128 bytes)

GC Heap History (20 events):
Event: 12.364 GC heap after
{Heap after GC invocations=15 (full 0):
 garbage-first heap   total 187392K, used 49729K [0x0000000080000000, 0x0000000100000000)
  region size 1024K, 7 young (7168K), 7 survivors (7168K)
 Metaspace       used 64210K, capacity 65798K, committed 66124K, reserved 1105920K
  class space    used 8130K, capacity 8687K, committed 8780K, reserved 1048576K
}
Event: 13.702 GC heap before
{Heap before GC invocations=15 (full 0):
 garbage-first heap   total 187392K, used 127553K [0x0000000080000000, 0x0000000100000000)
  region size 1024K, 83 young (84992K), 7 survivors (7168K)
 Metaspace       used 71036K, capacity 72771K, committed 73036K, reserved 1112064K
  class space    used 9175K, capacity 9788K, committed 9804K, reserved 1048576K
}
Event: 13.714 GC heap after
{Heap after GC invocations=16 (full 0):
 garbage-first heap   total 187392K, used 55647K [0x0000000080000000, 0x0000000100000000)
  region size 1024K, 11 young (11264K), 11 survivors (11264K)
 Metaspace       used 71036K, capacity 72771K, committed 73036K, reserved 1112064K
  class space    used 9175K, capacity 9788K, committed 9804K, reserved 1048576K
}
Event: 14.976 GC heap before
{Heap before GC invocations=16 (full 0):
 garbage-first heap   total 187392K, used 132447K [0x0000000080000000, 0x0000000100000000)
  region size 1024K, 86 young (88064K), 11 survivors (11264K)
 Metaspace       used 79223K, capacity 81101K, committed 81356K, reserved 1120256K
  class space    used 10218K, capacity 10911K, committed 10956K, reserved 1048576K
}
Event: 14.996 GC heap after
{Heap after GC invocations=17 (full 0):
 garbage-first heap   total 187392K, used 61547K [0x0000000080000000, 0x0000000100000000)
  region size 1024K, 11 young (11264K), 11 survivors (11264K)
 Metaspace       used 79223K, capacity 81101K, committed 81356K, reserved 1120256K
  class space    used 10218K, capacity 10911K, committed 10956K, reserved 1048576K
}
Event: 16.557 GC heap before
{Heap before GC invocations=17 (full 0):
 garbage-first heap   total 187392K, used 138347K [0x0000000080000000, 0x0000000100000000)
  region size 1024K, 85 young (87040K), 11 survivors (11264K)
 Metaspace       used 82336K, capacity 84508K, committed 84812K, reserved 1122304K
  class space    used 10680K, capacity 11473K, committed 11596K, reserved 1048576K
}
Event: 16.572 GC heap after
{Heap after GC invocations=18 (full 0):
 garbage-first heap   total 187392K, used 71517K [0x0000000080000000, 0x0000000100000000)
  region size 1024K, 10 young (10240K), 10 survivors (10240K)
 Metaspace       used 82336K, capacity 84508K, committed 84812K, reserved 1122304K
  class space    used 10680K, capacity 11473K, committed 11596K, reserved 1048576K
}
Event: 17.445 GC heap before
{Heap before GC invocations=18 (full 0):
 garbage-first heap   total 187392K, used 154461K [0x0000000080000000, 0x0000000100000000)
  region size 1024K, 77 young (78848K), 10 survivors (10240K)
 Metaspace       used 84700K, capacity 86922K, committed 87116K, reserved 1124352K
  class space    used 10905K, capacity 11755K, committed 11852K, reserved 1048576K
}
Event: 17.453 GC heap after
{Heap after GC invocations=19 (full 0):
 garbage-first heap   total 187392K, used 68527K [0x0000000080000000, 0x0000000100000000)
  region size 1024K, 2 young (2048K), 2 survivors (2048K)
 Metaspace       used 84700K, capacity 86922K, committed 87116K, reserved 1124352K
  class space    used 10905K, capacity 11755K, committed 11852K, reserved 1048576K
}
Event: 18.728 GC heap before
{Heap before GC invocations=19 (full 0):
 garbage-first heap   total 187392K, used 142255K [0x0000000080000000, 0x0000000100000000)
  region size 1024K, 75 young (76800K), 2 survivors (2048K)
 Metaspace       used 88861K, capacity 91191K, committed 91468K, reserved 1128448K
  class space    used 11416K, capacity 12288K, committed 12364K, reserved 1048576K
}
Event: 18.739 GC heap after
{Heap after GC invocations=20 (full 0):
 garbage-first heap   total 187392K, used 71414K [0x0000000080000000, 0x0000000100000000)
  region size 1024K, 5 young (5120K), 5 survivors (5120K)
 Metaspace       used 88861K, capacity 91191K, committed 91468K, reserved 1128448K
  class space    used 11416K, capacity 12288K, committed 12364K, reserved 1048576K
}
Event: 19.493 GC heap before
{Heap before GC invocations=20 (full 0):
 garbage-first heap   total 187392K, used 145142K [0x0000000080000000, 0x0000000100000000)
  region size 1024K, 78 young (79872K), 5 survivors (5120K)
 Metaspace       used 92216K, capacity 94620K, committed 94796K, reserved 1130496K
  class space    used 11893K, capacity 12796K, committed 12876K, reserved 1048576K
}
Event: 19.504 GC heap after
{Heap after GC invocations=21 (full 0):
 garbage-first heap   total 187392K, used 85404K [0x0000000080000000, 0x0000000100000000)
  region size 1024K, 10 young (10240K), 10 survivors (10240K)
 Metaspace       used 92216K, capacity 94620K, committed 94796K, reserved 1130496K
  class space    used 11893K, capacity 12796K, committed 12876K, reserved 1048576K
}
Event: 19.791 GC heap before
{Heap before GC invocations=21 (full 0):
 garbage-first heap   total 187392K, used 142748K [0x0000000080000000, 0x0000000100000000)
  region size 1024K, 67 young (68608K), 10 survivors (10240K)
 Metaspace       used 93792K, capacity 96217K, committed 96332K, reserved 1132544K
  class space    used 12106K, capacity 13029K, committed 13132K, reserved 1048576K
}
Event: 19.808 GC heap after
{Heap after GC invocations=22 (full 0):
 garbage-first heap   total 187392K, used 94718K [0x0000000080000000, 0x0000000100000000)
  region size 1024K, 9 young (9216K), 9 survivors (9216K)
 Metaspace       used 93792K, capacity 96217K, committed 96332K, reserved 1132544K
  class space    used 12106K, capacity 13029K, committed 13132K, reserved 1048576K
}
Event: 19.957 GC heap before
{Heap before GC invocations=22 (full 0):
 garbage-first heap   total 187392K, used 143870K [0x0000000080000000, 0x0000000100000000)
  region size 1024K, 58 young (59392K), 9 survivors (9216K)
 Metaspace       used 95314K, capacity 97966K, committed 98124K, reserved 1134592K
  class space    used 12360K, capacity 13386K, committed 13388K, reserved 1048576K
}
Event: 19.987 GC heap after
{Heap after GC invocations=23 (full 0):
 garbage-first heap   total 187392K, used 104230K [0x0000000080000000, 0x0000000100000000)
  region size 1024K, 8 young (8192K), 8 survivors (8192K)
 Metaspace       used 95314K, capacity 97966K, committed 98124K, reserved 1134592K
  class space    used 12360K, capacity 13386K, committed 13388K, reserved 1048576K
}
Event: 20.093 GC heap before
{Heap before GC invocations=23 (full 0):
 garbage-first heap   total 187392K, used 147238K [0x0000000080000000, 0x0000000100000000)
  region size 1024K, 50 young (51200K), 8 survivors (8192K)
 Metaspace       used 95621K, capacity 98268K, committed 98508K, reserved 1134592K
  class space    used 12407K, capacity 13440K, committed 13516K, reserved 1048576K
}
Event: 20.114 GC heap after
{Heap after GC invocations=24 (full 0):
 garbage-first heap   total 187392K, used 112546K [0x0000000080000000, 0x0000000100000000)
  region size 1024K, 7 young (7168K), 7 survivors (7168K)
 Metaspace       used 95621K, capacity 98268K, committed 98508K, reserved 1134592K
  class space    used 12407K, capacity 13440K, committed 13516K, reserved 1048576K
}
Event: 20.223 GC heap before
{Heap before GC invocations=24 (full 0):
 garbage-first heap   total 187392K, used 149410K [0x0000000080000000, 0x0000000100000000)
  region size 1024K, 44 young (45056K), 7 survivors (7168K)
 Metaspace       used 95707K, capacity 98151K, committed 98892K, reserved 1134592K
  class space    used 12393K, capacity 13327K, committed 13644K, reserved 1048576K
}

Deoptimization events (20 events):
Event: 19.770 Thread 0x0000015257d73800 DEOPT PACKING pc=0x000001523b6368f7 sp=0x00000026ff5f9b60
Event: 19.770 Thread 0x0000015257d73800 DEOPT UNPACKING pc=0x0000015239b376ce sp=0x00000026ff5f90d8 mode 0
Event: 19.779 Thread 0x0000015257d73800 DEOPT PACKING pc=0x000001523b6368f7 sp=0x00000026ff5f9b60
Event: 19.779 Thread 0x0000015257d73800 DEOPT UNPACKING pc=0x0000015239b376ce sp=0x00000026ff5f90d8 mode 0
Event: 19.786 Thread 0x0000015257d73800 DEOPT PACKING pc=0x000001523b5f0d64 sp=0x00000026ff5fa080
Event: 19.786 Thread 0x0000015257d73800 DEOPT UNPACKING pc=0x0000015239b376ce sp=0x00000026ff5f9550 mode 0
Event: 19.940 Thread 0x0000015257d73800 DEOPT PACKING pc=0x000001523b688607 sp=0x00000026ff5f98e0
Event: 19.940 Thread 0x0000015257d73800 DEOPT UNPACKING pc=0x0000015239b376ce sp=0x00000026ff5f8e00 mode 0
Event: 20.117 Thread 0x0000015257d73800 DEOPT PACKING pc=0x000001523b605fab sp=0x00000026ff5f9e60
Event: 20.117 Thread 0x0000015257d73800 DEOPT UNPACKING pc=0x0000015239b376ce sp=0x00000026ff5f9768 mode 0
Event: 20.134 Thread 0x0000015257d73800 DEOPT PACKING pc=0x000001523b626a9b sp=0x00000026ff5fa2a0
Event: 20.134 Thread 0x0000015257d73800 DEOPT UNPACKING pc=0x0000015239b376ce sp=0x00000026ff5f97d0 mode 0
Event: 20.145 Thread 0x0000015257d74000 DEOPT PACKING pc=0x000001523b626a9b sp=0x00000026ff4f9b70
Event: 20.145 Thread 0x0000015257d74000 DEOPT UNPACKING pc=0x0000015239b376ce sp=0x00000026ff4f90a0 mode 0
Event: 20.159 Thread 0x0000015257d78000 DEOPT PACKING pc=0x000001523b626a9b sp=0x00000026ff9f9840
Event: 20.159 Thread 0x0000015257d78000 DEOPT UNPACKING pc=0x0000015239b376ce sp=0x00000026ff9f8d70 mode 0
Event: 20.202 Thread 0x0000015257d74000 DEOPT PACKING pc=0x000001523b626a9b sp=0x00000026ff4f9b70
Event: 20.202 Thread 0x0000015257d74000 DEOPT UNPACKING pc=0x0000015239b376ce sp=0x00000026ff4f90a0 mode 0
Event: 20.219 Thread 0x0000015257d73800 DEOPT PACKING pc=0x000001523b626a9b sp=0x00000026ff5f9c50
Event: 20.219 Thread 0x0000015257d73800 DEOPT UNPACKING pc=0x0000015239b376ce sp=0x00000026ff5f9180 mode 0

Classes redefined (0 events):
No events

Internal exceptions (20 events):
Event: 19.369 Thread 0x0000015257d71800 Exception <a 'java/lang/NoSuchMethodError'{0x000000008724a2f8}: 'java.lang.Object java.lang.invoke.DirectMethodHandle$Holder.invokeStatic(java.lang.Object, java.lang.Object, java.lang.Object, java.lang.Object, java.lang.Object, java.lang.Object, java.lang.Object, java.lang.Object, java.lang.Object, java.lang.Object, java.lang.Object, java.lang.Object, java.lang.Object, java.lang.Object, java.lang.Object, java.lang.Object, java.lang.Object, java.lang.Object, int, java.lang.Object)'> (0x000000008724a2f8) thr
Event: 19.369 Thread 0x0000015257d71800 Exception <a 'java/lang/NoSuchMethodError'{0x00000000872505c0}: 'java.lang.Object java.lang.invoke.DirectMethodHandle$Holder.invokeStaticInit(java.lang.Object, java.lang.Object, java.lang.Object, java.lang.Object, java.lang.Object, java.lang.Object, java.lang.Object, java.lang.Object, java.lang.Object, java.lang.Object, java.lang.Object, java.lang.Object, java.lang.Object, java.lang.Object, java.lang.Object, java.lang.Object, java.lang.Object, java.lang.Object, int, java.lang.Object)'> (0x00000000872505c0)
Event: 19.417 Thread 0x0000015257d74000 Exception <a 'java/lang/IncompatibleClassChangeError'{0x00000000872cca90}: Found class java.lang.Object, but interface was expected> (0x00000000872cca90) thrown at [./src/hotspot/share/interpreter/linkResolver.cpp, line 839]
Event: 19.417 Thread 0x0000015257d73800 Exception <a 'java/lang/IncompatibleClassChangeError'{0x0000000087166ae0}: Found class java.lang.Object, but interface was expected> (0x0000000087166ae0) thrown at [./src/hotspot/share/interpreter/linkResolver.cpp, line 839]
Event: 19.420 Thread 0x0000015257d78000 Exception <a 'java/lang/IncompatibleClassChangeError'{0x000000008710ad58}: Found class java.lang.Object, but interface was expected> (0x000000008710ad58) thrown at [./src/hotspot/share/interpreter/linkResolver.cpp, line 839]
Event: 19.477 Thread 0x0000015257d78000 Exception <a 'java/lang/NoSuchMethodError'{0x0000000086fbf6e0}: 'long java.lang.invoke.DirectMethodHandle$Holder.invokeStatic(java.lang.Object, long, java.lang.Object)'> (0x0000000086fbf6e0) thrown at [./src/hotspot/share/interpreter/linkResolver.cpp, line 773]
Event: 19.478 Thread 0x0000015257d71800 Exception <a 'java/lang/NoSuchMethodError'{0x0000000086fbe560}: 'java.lang.Object java.lang.invoke.DirectMethodHandle$Holder.invokeStatic(java.lang.Object, long)'> (0x0000000086fbe560) thrown at [./src/hotspot/share/interpreter/linkResolver.cpp, line 773]
Event: 19.479 Thread 0x0000015257d74000 Exception <a 'java/lang/NoSuchMethodError'{0x0000000086fcb670}: 'java.lang.Object java.lang.invoke.DirectMethodHandle$Holder.invokeStatic(java.lang.Object, long)'> (0x0000000086fcb670) thrown at [./src/hotspot/share/interpreter/linkResolver.cpp, line 773]
Event: 19.591 Thread 0x0000015257d71800 Exception <a 'java/lang/NoSuchMethodError'{0x000000008a99fef0}: 'int java.lang.invoke.DirectMethodHandle$Holder.invokeVirtual(java.lang.Object, java.lang.Object, java.lang.Object, java.lang.Object)'> (0x000000008a99fef0) thrown at [./src/hotspot/share/interpreter/linkResolver.cpp, line 773]
Event: 19.594 Thread 0x0000015257d70000 Exception <a 'java/lang/NoSuchMethodError'{0x000000008a9e5868}: 'int java.lang.invoke.DirectMethodHandle$Holder.invokeVirtual(java.lang.Object, java.lang.Object, java.lang.Object, java.lang.Object)'> (0x000000008a9e5868) thrown at [./src/hotspot/share/interpreter/linkResolver.cpp, line 773]
Event: 19.623 Thread 0x0000015257d70000 Exception <a 'java/lang/NoSuchMethodError'{0x000000008a2f9a30}: 'void java.lang.invoke.DirectMethodHandle$Holder.invokeStatic(java.lang.Object, java.lang.Object, java.lang.Object, int)'> (0x000000008a2f9a30) thrown at [./src/hotspot/share/interpreter/linkResolver.cpp, line 773]
Event: 19.623 Thread 0x0000015257d71800 Exception <a 'java/lang/NoSuchMethodError'{0x000000008a158768}: 'void java.lang.invoke.DirectMethodHandle$Holder.invokeStatic(java.lang.Object, java.lang.Object, java.lang.Object, int)'> (0x000000008a158768) thrown at [./src/hotspot/share/interpreter/linkResolver.cpp, line 773]
Event: 19.624 Thread 0x0000015257d71800 Exception <a 'java/lang/IncompatibleClassChangeError'{0x000000008a1c54b8}: Found class java.lang.Object, but interface was expected> (0x000000008a1c54b8) thrown at [./src/hotspot/share/interpreter/linkResolver.cpp, line 839]
Event: 19.638 Thread 0x0000015257d70000 Exception <a 'java/lang/NoSuchMethodError'{0x0000000089e7d5e0}: 'int java.lang.invoke.DirectMethodHandle$Holder.invokeVirtual(java.lang.Object, java.lang.Object, java.lang.Object)'> (0x0000000089e7d5e0) thrown at [./src/hotspot/share/interpreter/linkResolver.cpp, line 773]
Event: 19.925 Thread 0x0000015257d74000 Exception <a 'java/lang/NoSuchMethodError'{0x0000000089185de0}: 'java.lang.Object java.lang.invoke.DirectMethodHandle$Holder.invokeStatic(java.lang.Object, int, java.lang.Object, java.lang.Object)'> (0x0000000089185de0) thrown at [./src/hotspot/share/interpreter/linkResolver.cpp, line 773]
Event: 19.925 Thread 0x0000015257d78000 Exception <a 'java/lang/NoSuchMethodError'{0x0000000088e9aa60}: 'java.lang.Object java.lang.invoke.DirectMethodHandle$Holder.invokeStatic(java.lang.Object, int, java.lang.Object, java.lang.Object)'> (0x0000000088e9aa60) thrown at [./src/hotspot/share/interpreter/linkResolver.cpp, line 773]
Event: 19.925 Thread 0x0000015257d71800 Exception <a 'java/lang/NoSuchMethodError'{0x0000000088d37be0}: 'java.lang.Object java.lang.invoke.DirectMethodHandle$Holder.invokeStatic(java.lang.Object, int, java.lang.Object, java.lang.Object)'> (0x0000000088d37be0) thrown at [./src/hotspot/share/interpreter/linkResolver.cpp, line 773]
Event: 19.925 Thread 0x0000015257d70000 Exception <a 'java/lang/NoSuchMethodError'{0x0000000088edd320}: 'java.lang.Object java.lang.invoke.DirectMethodHandle$Holder.invokeStatic(java.lang.Object, int, java.lang.Object, java.lang.Object)'> (0x0000000088edd320) thrown at [./src/hotspot/share/interpreter/linkResolver.cpp, line 773]
Event: 20.074 Thread 0x0000015257d70000 Exception <a 'java/lang/NoSuchMethodError'{0x000000008979d988}: 'java.lang.Object java.lang.invoke.Invokers$Holder.linkToTargetMethod(java.lang.Object, java.lang.Object, java.lang.Object, java.lang.Object, java.lang.Object, java.lang.Object, java.lang.Object)'> (0x000000008979d988) thrown at [./src/hotspot/share/interpreter/linkResolver.cpp, line 773]
Event: 20.078 Thread 0x0000015257d71800 Exception <a 'java/lang/NoSuchMethodError'{0x0000000089e88ed8}: 'java.lang.Object java.lang.invoke.Invokers$Holder.linkToTargetMethod(java.lang.Object, java.lang.Object, java.lang.Object, java.lang.Object, java.lang.Object, java.lang.Object, java.lang.Object)'> (0x0000000089e88ed8) thrown at [./src/hotspot/share/interpreter/linkResolver.cpp, line 773]

Events (20 events):
Event: 20.205 loading class com/android/tools/r8/internal/l9 done
Event: 20.206 loading class com/android/tools/r8/internal/i9
Event: 20.206 loading class com/android/tools/r8/internal/i9 done
Event: 20.207 loading class com/android/tools/r8/internal/z8
Event: 20.207 loading class com/android/tools/r8/internal/z8 done
Event: 20.208 loading class com/android/tools/r8/internal/y8
Event: 20.208 loading class com/android/tools/r8/internal/y8 done
Event: 20.209 loading class com/android/tools/r8/internal/D7
Event: 20.209 loading class com/android/tools/r8/internal/D7 done
Event: 20.214 loading class com/android/tools/r8/internal/z1
Event: 20.214 loading class com/android/tools/r8/internal/z1 done
Event: 20.218 loading class com/android/tools/r8/internal/HE
Event: 20.218 loading class com/android/tools/r8/internal/HE done
Event: 20.219 loading class com/android/tools/r8/internal/nC
Event: 20.219 loading class com/android/tools/r8/internal/nC done
Event: 20.222 loading class com/android/tools/r8/internal/Ht
Event: 20.222 loading class com/android/tools/r8/internal/Ht done
Event: 20.222 Executing VM operation: G1CollectForAllocation
Event: 20.222 loading class com/android/tools/r8/internal/Re
Event: 20.222 loading class com/android/tools/r8/internal/Re done


Dynamic libraries:
0x00007ff6b8950000 - 0x00007ff6b895a000 	D:\PC1\jre\bin\java.exe
0x00007ffc34e40000 - 0x00007ffc35047000 	C:\WINDOWS\SYSTEM32\ntdll.dll
0x00007ffc1bb40000 - 0x00007ffc1bb56000 	C:\Program Files\AVG\Antivirus\aswhook.dll
0x00007ffc34740000 - 0x00007ffc347fd000 	C:\WINDOWS\System32\KERNEL32.DLL
0x00007ffc32320000 - 0x00007ffc32694000 	C:\WINDOWS\System32\KERNELBASE.dll
0x00007ffc32b80000 - 0x00007ffc32c91000 	C:\WINDOWS\System32\ucrtbase.dll
0x00007ffc230a0000 - 0x00007ffc230b7000 	D:\PC1\jre\bin\VCRUNTIME140.dll
0x00007ffc230c0000 - 0x00007ffc230d9000 	D:\PC1\jre\bin\jli.dll
0x00007ffc348c0000 - 0x00007ffc34a6c000 	C:\WINDOWS\System32\USER32.dll
0x00007ffc32ca0000 - 0x00007ffc32cc6000 	C:\WINDOWS\System32\win32u.dll
0x00007ffc1e580000 - 0x00007ffc1e825000 	C:\WINDOWS\WinSxS\amd64_microsoft.windows.common-controls_6595b64144ccf1df_6.0.22000.120_none_9d947278b86cc467\COMCTL32.dll
0x00007ffc34ca0000 - 0x00007ffc34cc9000 	C:\WINDOWS\System32\GDI32.dll
0x00007ffc33e50000 - 0x00007ffc33ef3000 	C:\WINDOWS\System32\msvcrt.dll
0x00007ffc32a60000 - 0x00007ffc32b72000 	C:\WINDOWS\System32\gdi32full.dll
0x00007ffc327d0000 - 0x00007ffc3286d000 	C:\WINDOWS\System32\msvcp_win.dll
0x00007ffc32db0000 - 0x00007ffc32de1000 	C:\WINDOWS\System32\IMM32.DLL
0x00007ffc23000000 - 0x00007ffc2309d000 	D:\PC1\jre\bin\msvcp140.dll
0x00007ffbb17b0000 - 0x00007ffbb227f000 	D:\PC1\jre\bin\server\jvm.dll
0x00007ffc34810000 - 0x00007ffc348bc000 	C:\WINDOWS\System32\ADVAPI32.dll
0x00007ffc32cf0000 - 0x00007ffc32d8d000 	C:\WINDOWS\System32\sechost.dll
0x00007ffc34cd0000 - 0x00007ffc34df1000 	C:\WINDOWS\System32\RPCRT4.dll
0x00007ffc32d90000 - 0x00007ffc32d98000 	C:\WINDOWS\System32\PSAPI.DLL
0x00007ffc25860000 - 0x00007ffc25869000 	C:\WINDOWS\SYSTEM32\WSOCK32.dll
0x00007ffc29a20000 - 0x00007ffc29a2a000 	C:\WINDOWS\SYSTEM32\VERSION.dll
0x00007ffc34c30000 - 0x00007ffc34c9f000 	C:\WINDOWS\System32\WS2_32.dll
0x00007ffc2a090000 - 0x00007ffc2a0c3000 	C:\WINDOWS\SYSTEM32\WINMM.dll
0x00007ffc314b0000 - 0x00007ffc314c8000 	C:\WINDOWS\SYSTEM32\kernel.appcore.dll
0x00007ffc28af0000 - 0x00007ffc28b01000 	D:\PC1\jre\bin\verify.dll
0x00007ffc2ff70000 - 0x00007ffc30191000 	C:\WINDOWS\SYSTEM32\DBGHELP.DLL
0x00007ffc288d0000 - 0x00007ffc28901000 	C:\WINDOWS\SYSTEM32\dbgcore.DLL
0x00007ffc329e0000 - 0x00007ffc32a5f000 	C:\WINDOWS\System32\bcryptPrimitives.dll
0x00007ffc24880000 - 0x00007ffc248a9000 	D:\PC1\jre\bin\java.dll
0x00007ffc2db00000 - 0x00007ffc2db0b000 	D:\PC1\jre\bin\jimage.dll
0x00007ffc27ee0000 - 0x00007ffc27ef8000 	D:\PC1\jre\bin\zip.dll
0x00007ffc33270000 - 0x00007ffc33a1e000 	C:\WINDOWS\System32\SHELL32.dll
0x00007ffc304c0000 - 0x00007ffc30d27000 	C:\WINDOWS\SYSTEM32\windows.storage.dll
0x00007ffc32e80000 - 0x00007ffc331f8000 	C:\WINDOWS\System32\combase.dll
0x00007ffc30350000 - 0x00007ffc304b6000 	C:\WINDOWS\SYSTEM32\wintypes.dll
0x00007ffc33ce0000 - 0x00007ffc33dca000 	C:\WINDOWS\System32\SHCORE.dll
0x00007ffc34bd0000 - 0x00007ffc34c2d000 	C:\WINDOWS\System32\shlwapi.dll
0x00007ffc32250000 - 0x00007ffc32271000 	C:\WINDOWS\SYSTEM32\profapi.dll
0x00007ffc26f20000 - 0x00007ffc26f3a000 	D:\PC1\jre\bin\net.dll
0x00007ffc297a0000 - 0x00007ffc298ac000 	C:\WINDOWS\SYSTEM32\WINHTTP.dll
0x00007ffc318c0000 - 0x00007ffc31927000 	C:\WINDOWS\system32\mswsock.dll
0x00007ffc20180000 - 0x00007ffc20194000 	D:\PC1\jre\bin\nio.dll
0x00007ffc1d0b0000 - 0x00007ffc1d0d7000 	D:\native\8bec1ad78214c89d9ad589b4d07fe93259594b29d510b10fafb7a158f7737e5d\windows-amd64\native-platform.dll
0x00007ffbf51a0000 - 0x00007ffbf52dd000 	D:\native\53dbd7edfb1c66fb8903c78663c9afc45aea4f116125fa6feffd364cf09443e8\windows-amd64\native-platform-file-events.dll
0x00007ffc2d930000 - 0x00007ffc2d93a000 	D:\PC1\jre\bin\management.dll
0x00007ffc2cfa0000 - 0x00007ffc2cfac000 	D:\PC1\jre\bin\management_ext.dll
0x00007ffc31b90000 - 0x00007ffc31ba8000 	C:\WINDOWS\SYSTEM32\CRYPTSP.dll
0x00007ffc31410000 - 0x00007ffc31445000 	C:\WINDOWS\system32\rsaenh.dll
0x00007ffc319e0000 - 0x00007ffc31a09000 	C:\WINDOWS\SYSTEM32\USERENV.dll
0x00007ffc31d00000 - 0x00007ffc31d27000 	C:\WINDOWS\SYSTEM32\bcrypt.dll
0x00007ffc31b80000 - 0x00007ffc31b8c000 	C:\WINDOWS\SYSTEM32\CRYPTBASE.dll
0x00007ffc30f80000 - 0x00007ffc30fad000 	C:\WINDOWS\SYSTEM32\IPHLPAPI.DLL
0x00007ffc32da0000 - 0x00007ffc32da9000 	C:\WINDOWS\System32\NSI.dll
0x00007ffc29370000 - 0x00007ffc29389000 	C:\WINDOWS\SYSTEM32\dhcpcsvc6.DLL
0x00007ffc29d90000 - 0x00007ffc29dae000 	C:\WINDOWS\SYSTEM32\dhcpcsvc.DLL
0x00007ffc30ff0000 - 0x00007ffc310d7000 	C:\WINDOWS\SYSTEM32\DNSAPI.dll

dbghelp: loaded successfully - version: 4.0.5 - missing functions: none
symbol engine: initialized successfully - sym options: 0x614 - pdb path: .;D:\PC1\jre\bin;C:\WINDOWS\SYSTEM32;C:\Program Files\AVG\Antivirus;C:\WINDOWS\WinSxS\amd64_microsoft.windows.common-controls_6595b64144ccf1df_6.0.22000.120_none_9d947278b86cc467;D:\PC1\jre\bin\server;D:\native\8bec1ad78214c89d9ad589b4d07fe93259594b29d510b10fafb7a158f7737e5d\windows-amd64;D:\native\53dbd7edfb1c66fb8903c78663c9afc45aea4f116125fa6feffd364cf09443e8\windows-amd64

VM Arguments:
jvm_args: --add-opens=java.base/java.util=ALL-UNNAMED --add-opens=java.base/java.lang=ALL-UNNAMED --add-opens=java.base/java.lang.invoke=ALL-UNNAMED --add-opens=java.base/java.util=ALL-UNNAMED --add-opens=java.prefs/java.util.prefs=ALL-UNNAMED --add-opens=java.prefs/java.util.prefs=ALL-UNNAMED --add-opens=java.base/java.nio.charset=ALL-UNNAMED --add-opens=java.base/java.net=ALL-UNNAMED --add-opens=java.base/java.util.concurrent.atomic=ALL-UNNAMED -Xmx2048m -Dfile.encoding=UTF-8 -Duser.country=US -Duser.language=en -Duser.variant 
java_command: org.gradle.launcher.daemon.bootstrap.GradleDaemon 7.0.2
java_class_path (initial): D:\wrapper\dists\gradle-7.0.2-bin\857tjihv64xamwrf0h14cai3r\gradle-7.0.2\lib\gradle-launcher-7.0.2.jar
Launcher Type: SUN_STANDARD

[Global flags]
     intx CICompilerCount                          = 4                                         {product} {ergonomic}
     uint ConcGCThreads                            = 2                                         {product} {ergonomic}
     uint G1ConcRefinementThreads                  = 8                                         {product} {ergonomic}
   size_t G1HeapRegionSize                         = 1048576                                   {product} {ergonomic}
    uintx GCDrainStackTargetSize                   = 64                                        {product} {ergonomic}
   size_t InitialHeapSize                          = 132120576                                 {product} {ergonomic}
   size_t MarkStackSize                            = 4194304                                   {product} {ergonomic}
   size_t MaxHeapSize                              = 2147483648                                {product} {command line}
   size_t MaxNewSize                               = 1287651328                                {product} {ergonomic}
   size_t MinHeapDeltaBytes                        = 1048576                                   {product} {ergonomic}
    uintx NonNMethodCodeHeapSize                   = 5836300                                {pd product} {ergonomic}
    uintx NonProfiledCodeHeapSize                  = 122910970                              {pd product} {ergonomic}
    uintx ProfiledCodeHeapSize                     = 122910970                              {pd product} {ergonomic}
    uintx ReservedCodeCacheSize                    = 251658240                              {pd product} {ergonomic}
     bool SegmentedCodeCache                       = true                                      {product} {ergonomic}
     bool UseCompressedClassPointers               = true                                 {lp64_product} {ergonomic}
     bool UseCompressedOops                        = true                                 {lp64_product} {ergonomic}
     bool UseG1GC                                  = true                                      {product} {ergonomic}
     bool UseLargePagesIndividualAllocation        = false                                  {pd product} {ergonomic}

Logging:
Log output configuration:
 #0: stdout all=warning uptime,level,tags
 #1: stderr all=off uptime,level,tags

Environment Variables:
PATH=C:\Program Files\Common Files\Oracle\Java\javapath;C:\Program Files (x86)\Common Files\Oracle\Java\javapath;C:\WINDOWS\system32;C:\WINDOWS;C:\WINDOWS\System32\Wbem;C:\WINDOWS\System32\WindowsPowerShell\v1.0\;C:\WINDOWS\System32\OpenSSH\;C:\Program Files\Intel\WiFi\bin\;C:\Program Files\Common Files\Intel\WirelessCommon\;C:\Program Files\dotnet\;c:\Program Files (x86)\Microsoft SQL Server\110\Tools\Binn\;c:\Program Files\Microsoft SQL Server\110\Tools\Binn\;c:\Program Files\Microsoft SQL Server\110\DTS\Binn\;C:\Program Files (x86)\Microsoft SQL Server\110\Tools\Binn\ManagementStudio\;C:\Program Files (x86)\Microsoft Visual Studio 10.0\Common7\IDE\PrivateAssemblies\;C:\Program Files (x86)\Microsoft SQL Server\110\DTS\Binn\;C:\Program Files\Microsoft SQL Server\130\Tools\Binn\;C:\Program Files\Microsoft SQL Server\Client SDK\ODBC\170\Tools\Binn\;C:\Users\PC\Downloads eclipse.java.juno-SR2-win32\eclipsejre\bin\javaw.exe;C:\Program Files\nodejs\;C:\Program Files\Git\cmd;C:\Users\PC\AppData\Local\Programs\Python\Python38-32\Scripts\;C:\Users\PC\AppData\Local\Programs\Python\Python38-32\;C:\Users\PC\AppData\Local\Programs\Python\Python38\Scripts\;C:\Users\PC\AppData\Local\Programs\Python\Python38\;C:\Users\PC\AppData\Local\Microsoft\WindowsApps;C:\Users\PC\.dotnet\tools;C:\Users\PC\AppData\Roaming\npm
USERNAME=PC
OS=Windows_NT
PROCESSOR_IDENTIFIER=Intel64 Family 6 Model 142 Stepping 11, GenuineIntel



---------------  S Y S T E M  ---------------

OS: Windows 10 , 64 bit Build 22000 (10.0.22000.318)
OS uptime: 8 days 8:43 hours

CPU:total 8 (initial active 8) (4 cores per cpu, 2 threads per core) family 6 model 142 stepping 11 microcode 0xde, cmov, cx8, fxsr, mmx, sse, sse2, sse3, ssse3, sse4.1, sse4.2, popcnt, avx, avx2, aes, clmul, erms, 3dnowpref, lzcnt, ht, tsc, tscinvbit, bmi1, bmi2, adx, fma

Memory: 4k page, system-wide physical 8043M (287M free)
TotalPageFile size 17059M (AvailPageFile size 4M)
current process WorkingSet (physical memory assigned to process): 480M, peak: 480M
current process commit charge ("private bytes"): 544M, peak: 581M

vm_info: OpenJDK 64-Bit Server VM (11.0.10+0-b96-7249189) for windows-amd64 JRE (11.0.10+0-b96-7249189), built on Mar 31 2021 21:44:00 by "builder" with MS VC++ 14.0 (VS2015)

END.
